#
# There is insufficient memory for the Java Runtime Environment to continue.
# Native memory allocation (mmap) failed to map 245366784 bytes for committing reserved memory.
# Possible reasons:
#   The system is out of physical RAM or swap space
#   In 32 bit mode, the process size limit was hit
# Possible solutions:
#   Reduce memory load on the system
#   Increase physical memory or swap space
#   Check if swap backing store is full
#   Use 64 bit Java on a 64 bit OS
#   Decrease Java heap size (-Xmx/-Xms)
#   Decrease number of Java threads
#   Decrease Java thread stack sizes (-Xss)
#   Set larger code cache with -XX:ReservedCodeCacheSize=
# This output file may be truncated or incomplete.
#
#  Out of Memory Error (os_linux.cpp:2743), pid=8646, tid=0x00007fbbc028f700
#
# JRE version: Java(TM) SE Runtime Environment (8.0_191-b12) (build 1.8.0_191-b12)
# Java VM: Java HotSpot(TM) 64-Bit Server VM (25.191-b12 mixed mode linux-amd64 compressed oops)
# Failed to write core dump. Core dumps have been disabled. To enable core dumping, try "ulimit -c unlimited" before starting Java again
#

---------------  T H R E A D  ---------------

Current thread (0x00007fbbd0081800):  VMThread [stack: 0x00007fbbc0190000,0x00007fbbc0290000] [id=8667]

Stack: [0x00007fbbc0190000,0x00007fbbc0290000],  sp=0x00007fbbc028e430,  free space=1017k
Native frames: (J=compiled Java code, j=interpreted, Vv=VM code, C=native code)
V  [libjvm.so+0xace425]  VMError::report_and_die()+0x2c5
V  [libjvm.so+0x4deb77]  report_vm_out_of_memory(char const*, int, unsigned long, VMErrorType, char const*)+0x67
V  [libjvm.so+0x90c570]  os::pd_commit_memory(char*, unsigned long, unsigned long, bool)+0x100
V  [libjvm.so+0x903eaf]  os::commit_memory(char*, unsigned long, unsigned long, bool)+0x1f
V  [libjvm.so+0x988346]  PSVirtualSpace::expand_by(unsigned long)+0x56
V  [libjvm.so+0x9895d8]  PSYoungGen::resize(unsigned long, unsigned long)+0xd8
V  [libjvm.so+0x985d66]  PSScavenge::invoke_no_policy()+0x1356
V  [libjvm.so+0x98610c]  PSScavenge::invoke()+0x4c
V  [libjvm.so+0x935fb8]  ParallelScavengeHeap::failed_mem_allocate(unsigned long)+0x68
V  [libjvm.so+0xacff53]  VM_ParallelGCFailedAllocation::doit()+0x93
V  [libjvm.so+0xad50f6]  VM_Operation::evaluate()+0x46
V  [libjvm.so+0xad347d]  VMThread::evaluate_operation(VM_Operation*) [clone .constprop.44]+0xcd
V  [libjvm.so+0xad3a3b]  VMThread::loop()+0x37b
V  [libjvm.so+0xad3de8]  VMThread::run()+0x78
V  [libjvm.so+0x909c92]  java_start(Thread*)+0x102

VM_Operation (0x00007fbb997a0110): ParallelGCFailedAllocation, mode: safepoint, requested by thread 0x00007fbbd026a000


---------------  P R O C E S S  ---------------

Java Threads: ( => current thread )
  0x00007fbbd026d800 JavaThread "JavaFX-Launcher" [_thread_blocked, id=8723, stack(0x00007fbb995a1000,0x00007fbb996a2000)]
  0x00007fbbd026a000 JavaThread "JavaFX Application Thread" [_thread_blocked, id=8711, stack(0x00007fbb996a2000,0x00007fbb997a3000)]
  0x00007fbbd0267000 JavaThread "Thread-1" daemon [_thread_blocked, id=8705, stack(0x00007fbb997a3000,0x00007fbb998a4000)]
  0x00007fbbd0182000 JavaThread "QuantumRenderer-0" daemon [_thread_blocked, id=8697, stack(0x00007fbbb302b000,0x00007fbbb312c000)]
  0x00007fbbd00cc800 JavaThread "Service Thread" daemon [_thread_blocked, id=8685, stack(0x00007fbbb322d000,0x00007fbbb332e000)]
  0x00007fbbd00c9800 JavaThread "C1 CompilerThread3" daemon [_thread_blocked, id=8683, stack(0x00007fbbb332f000,0x00007fbbb342f000)]
  0x00007fbbd00c7800 JavaThread "C2 CompilerThread2" daemon [_thread_blocked, id=8682, stack(0x00007fbbb3430000,0x00007fbbb3530000)]
  0x00007fbbd00c6000 JavaThread "C2 CompilerThread1" daemon [_thread_blocked, id=8681, stack(0x00007fbbb3531000,0x00007fbbb3631000)]
  0x00007fbbd00c3000 JavaThread "C2 CompilerThread0" daemon [_thread_blocked, id=8680, stack(0x00007fbbb80ce000,0x00007fbbb81ce000)]
  0x00007fbbd00c1800 JavaThread "Signal Dispatcher" daemon [_thread_blocked, id=8679, stack(0x00007fbbb81ce000,0x00007fbbb82cf000)]
  0x00007fbbd008d800 JavaThread "Finalizer" daemon [_thread_blocked, id=8673, stack(0x00007fbbb82cf000,0x00007fbbb83d0000)]
  0x00007fbbd008b000 JavaThread "Reference Handler" daemon [_thread_blocked, id=8671, stack(0x00007fbbc008e000,0x00007fbbc018f000)]
  0x00007fbbd000b000 JavaThread "main" [_thread_blocked, id=8648, stack(0x00007fbbd9e9b000,0x00007fbbd9f9b000)]

Other Threads:
=>0x00007fbbd0081800 VMThread [stack: 0x00007fbbc0190000,0x00007fbbc0290000] [id=8667]
  0x00007fbbd00d1800 WatcherThread [stack: 0x00007fbbb312d000,0x00007fbbb322d000] [id=8687]

VM state:at safepoint (normal execution)

VM Mutex/Monitor currently owned by a thread:  ([mutex/lock_event])
[0x00007fbbd00079b0] Threads_lock - owner thread: 0x00007fbbd0081800
[0x00007fbbd0007eb0] Heap_lock - owner thread: 0x00007fbbd026a000

Heap:
 PSYoungGen      total 403968K, used 0K [0x00000000d7e00000, 0x00000000f0d00000, 0x0000000100000000)
  eden space 399360K, 0% used [0x00000000d7e00000,0x00000000d7e00000,0x00000000f0400000)
  from space 4608K, 0% used [0x00000000f0400000,0x00000000f0400000,0x00000000f0880000)
  to   space 4608K, 0% used [0x00000000f0880000,0x00000000f0880000,0x00000000f0d00000)
 ParOldGen       total 83456K, used 2931K [0x0000000087a00000, 0x000000008cb80000, 0x00000000d7e00000)
  object space 83456K, 3% used [0x0000000087a00000,0x0000000087cdcfe0,0x000000008cb80000)
 Metaspace       used 9195K, capacity 9626K, committed 9984K, reserved 1058816K
  class space    used 1262K, capacity 1410K, committed 1536K, reserved 1048576K

Card table byte_map: [0x00007fbbd67b4000,0x00007fbbd6b78000] byte_map_base: 0x00007fbbd6377000

Marking Bits: (ParMarkBitMap*) 0x00007fbbd9340d40
 Begin Bits: [0x00007fbbb83d0000, 0x00007fbbba1e8000)
 End Bits:   [0x00007fbbba1e8000, 0x00007fbbbc000000)

Polling page: 0x00007fbbd9fb0000

CodeCache: size=245760Kb used=2920Kb max_used=2920Kb free=242839Kb
 bounds [0x00007fbbc1000000, 0x00007fbbc12e0000, 0x00007fbbd0000000]
 total_blobs=1218 nmethods=752 adapters=380
 compilation: enabled

Compilation events (10 events):
Event: 2,379 Thread 0x00007fbbd00c9800  748   !   3       java.lang.ref.Finalizer::runFinalizer (62 bytes)
Event: 2,380 Thread 0x00007fbbd00c9800 nmethod 748 0x00007fbbc12d9f90 code [0x00007fbbc12da140, 0x00007fbbc12da9b8]
Event: 2,380 Thread 0x00007fbbd00c9800  749       3       java.lang.ref.Finalizer::hasBeenFinalized (14 bytes)
Event: 2,380 Thread 0x00007fbbd00c9800 nmethod 749 0x00007fbbc12d5f50 code [0x00007fbbc12d60c0, 0x00007fbbc12d6270]
Event: 2,380 Thread 0x00007fbbd00c9800  750   !   3       java.lang.ref.Finalizer::remove (94 bytes)
Event: 2,380 Thread 0x00007fbbd00c9800 nmethod 750 0x00007fbbc12d0e90 code [0x00007fbbc12d1020, 0x00007fbbc12d14f0]
Event: 2,380 Thread 0x00007fbbd00c9800  751       3       java.lang.System$2::invokeFinalize (5 bytes)
Event: 2,381 Thread 0x00007fbbd00c9800 nmethod 751 0x00007fbbc12dac50 code [0x00007fbbc12dadc0, 0x00007fbbc12dafe8]
Event: 2,381 Thread 0x00007fbbd00c9800  752       3       java.lang.ref.Reference::clear (6 bytes)
Event: 2,381 Thread 0x00007fbbd00c9800 nmethod 752 0x00007fbbc12db090 code [0x00007fbbc12db1e0, 0x00007fbbc12db350]

GC Heap History (10 events):
Event: 3,121 GC heap after
Heap after GC invocations=6 (full 0):
 PSYoungGen      total 128512K, used 2963K [0x00000000d7e00000, 0x00000000dff00000, 0x0000000100000000)
  eden space 124928K, 0% used [0x00000000d7e00000,0x00000000d7e00000,0x00000000df800000)
  from space 3584K, 82% used [0x00000000dfb80000,0x00000000dfe64ec8,0x00000000dff00000)
  to   space 3584K, 0% used [0x00000000df800000,0x00000000df800000,0x00000000dfb80000)
 ParOldGen       total 83456K, used 16K [0x0000000087a00000, 0x000000008cb80000, 0x00000000d7e00000)
  object space 83456K, 0% used [0x0000000087a00000,0x0000000087a04000,0x000000008cb80000)
 Metaspace       used 9195K, capacity 9626K, committed 9984K, reserved 1058816K
  class space    used 1262K, capacity 1410K, committed 1536K, reserved 1048576K
}
Event: 4,059 GC heap before
{Heap before GC invocations=7 (full 0):
 PSYoungGen      total 128512K, used 127891K [0x00000000d7e00000, 0x00000000dff00000, 0x0000000100000000)
  eden space 124928K, 100% used [0x00000000d7e00000,0x00000000df800000,0x00000000df800000)
  from space 3584K, 82% used [0x00000000dfb80000,0x00000000dfe64ec8,0x00000000dff00000)
  to   space 3584K, 0% used [0x00000000df800000,0x00000000df800000,0x00000000dfb80000)
 ParOldGen       total 83456K, used 16K [0x0000000087a00000, 0x000000008cb80000, 0x00000000d7e00000)
  object space 83456K, 0% used [0x0000000087a00000,0x0000000087a04000,0x000000008cb80000)
 Metaspace       used 9195K, capacity 9626K, committed 9984K, reserved 1058816K
  class space    used 1262K, capacity 1410K, committed 1536K, reserved 1048576K
Event: 4,344 GC heap after
Heap after GC invocations=7 (full 0):
 PSYoungGen      total 128512K, used 0K [0x00000000d7e00000, 0x00000000e7a00000, 0x0000000100000000)
  eden space 124928K, 0% used [0x00000000d7e00000,0x00000000d7e00000,0x00000000df800000)
  from space 3584K, 0% used [0x00000000df800000,0x00000000df800000,0x00000000dfb80000)
  to   space 4096K, 0% used [0x00000000e7600000,0x00000000e7600000,0x00000000e7a00000)
 ParOldGen       total 83456K, used 2931K [0x0000000087a00000, 0x000000008cb80000, 0x00000000d7e00000)
  object space 83456K, 3% used [0x0000000087a00000,0x0000000087cdcfe0,0x000000008cb80000)
 Metaspace       used 9195K, capacity 9626K, committed 9984K, reserved 1058816K
  class space    used 1262K, capacity 1410K, committed 1536K, reserved 1048576K
}
Event: 4,898 GC heap before
{Heap before GC invocations=8 (full 0):
 PSYoungGen      total 128512K, used 124928K [0x00000000d7e00000, 0x00000000e7a00000, 0x0000000100000000)
  eden space 124928K, 100% used [0x00000000d7e00000,0x00000000df800000,0x00000000df800000)
  from space 3584K, 0% used [0x00000000df800000,0x00000000df800000,0x00000000dfb80000)
  to   space 4096K, 0% used [0x00000000e7600000,0x00000000e7600000,0x00000000e7a00000)
 ParOldGen       total 83456K, used 2931K [0x0000000087a00000, 0x000000008cb80000, 0x00000000d7e00000)
  object space 83456K, 3% used [0x0000000087a00000,0x0000000087cdcfe0,0x000000008cb80000)
 Metaspace       used 9195K, capacity 9626K, committed 9984K, reserved 1058816K
  class space    used 1262K, capacity 1410K, committed 1536K, reserved 1048576K
Event: 4,992 GC heap after
Heap after GC invocations=8 (full 0):
 PSYoungGen      total 253440K, used 0K [0x00000000d7e00000, 0x00000000e7b00000, 0x0000000100000000)
  eden space 249344K, 0% used [0x00000000d7e00000,0x00000000d7e00000,0x00000000e7180000)
  from space 4096K, 0% used [0x00000000e7600000,0x00000000e7600000,0x00000000e7a00000)
  to   space 4608K, 0% used [0x00000000e7180000,0x00000000e7180000,0x00000000e7600000)
 ParOldGen       total 83456K, used 2931K [0x0000000087a00000, 0x000000008cb80000, 0x00000000d7e00000)
  object space 83456K, 3% used [0x0000000087a00000,0x0000000087cdcfe0,0x000000008cb80000)
 Metaspace       used 9195K, capacity 9626K, committed 9984K, reserved 1058816K
  class space    used 1262K, capacity 1410K, committed 1536K, reserved 1048576K
}
Event: 6,228 GC heap before
{Heap before GC invocations=9 (full 0):
 PSYoungGen      total 253440K, used 249344K [0x00000000d7e00000, 0x00000000e7b00000, 0x0000000100000000)
  eden space 249344K, 100% used [0x00000000d7e00000,0x00000000e7180000,0x00000000e7180000)
  from space 4096K, 0% used [0x00000000e7600000,0x00000000e7600000,0x00000000e7a00000)
  to   space 4608K, 0% used [0x00000000e7180000,0x00000000e7180000,0x00000000e7600000)
 ParOldGen       total 83456K, used 2931K [0x0000000087a00000, 0x000000008cb80000, 0x00000000d7e00000)
  object space 83456K, 3% used [0x0000000087a00000,0x0000000087cdcfe0,0x000000008cb80000)
 Metaspace       used 9195K, capacity 9626K, committed 9984K, reserved 1058816K
  class space    used 1262K, capacity 1410K, committed 1536K, reserved 1048576K
Event: 6,232 GC heap after
Heap after GC invocations=9 (full 0):
 PSYoungGen      total 253952K, used 0K [0x00000000d7e00000, 0x00000000f0d00000, 0x0000000100000000)
  eden space 249344K, 0% used [0x00000000d7e00000,0x00000000d7e00000,0x00000000e7180000)
  from space 4608K, 0% used [0x00000000e7180000,0x00000000e7180000,0x00000000e7600000)
  to   space 4608K, 0% used [0x00000000f0880000,0x00000000f0880000,0x00000000f0d00000)
 ParOldGen       total 83456K, used 2931K [0x0000000087a00000, 0x000000008cb80000, 0x00000000d7e00000)
  object space 83456K, 3% used [0x0000000087a00000,0x0000000087cdcfe0,0x000000008cb80000)
 Metaspace       used 9195K, capacity 9626K, committed 9984K, reserved 1058816K
  class space    used 1262K, capacity 1410K, committed 1536K, reserved 1048576K
}
Event: 8,004 GC heap before
{Heap before GC invocations=10 (full 0):
 PSYoungGen      total 253952K, used 249344K [0x00000000d7e00000, 0x00000000f0d00000, 0x0000000100000000)
  eden space 249344K, 100% used [0x00000000d7e00000,0x00000000e7180000,0x00000000e7180000)
  from space 4608K, 0% used [0x00000000e7180000,0x00000000e7180000,0x00000000e7600000)
  to   space 4608K, 0% used [0x00000000f0880000,0x00000000f0880000,0x00000000f0d00000)
 ParOldGen       total 83456K, used 2931K [0x0000000087a00000, 0x000000008cb80000, 0x00000000d7e00000)
  object space 83456K, 3% used [0x0000000087a00000,0x0000000087cdcfe0,0x000000008cb80000)
 Metaspace       used 9195K, capacity 9626K, committed 9984K, reserved 1058816K
  class space    used 1262K, capacity 1410K, committed 1536K, reserved 1048576K
Event: 8,009 GC heap after
Heap after GC invocations=10 (full 0):
 PSYoungGen      total 403968K, used 0K [0x00000000d7e00000, 0x00000000f0d00000, 0x0000000100000000)
  eden space 399360K, 0% used [0x00000000d7e00000,0x00000000d7e00000,0x00000000f0400000)
  from space 4608K, 0% used [0x00000000f0880000,0x00000000f0880000,0x00000000f0d00000)
  to   space 4608K, 0% used [0x00000000f0400000,0x00000000f0400000,0x00000000f0880000)
 ParOldGen       total 83456K, used 2931K [0x0000000087a00000, 0x000000008cb80000, 0x00000000d7e00000)
  object space 83456K, 3% used [0x0000000087a00000,0x0000000087cdcfe0,0x000000008cb80000)
 Metaspace       used 9195K, capacity 9626K, committed 9984K, reserved 1058816K
  class space    used 1262K, capacity 1410K, committed 1536K, reserved 1048576K
}
Event: 12,595 GC heap before
{Heap before GC invocations=11 (full 0):
 PSYoungGen      total 403968K, used 399360K [0x00000000d7e00000, 0x00000000f0d00000, 0x0000000100000000)
  eden space 399360K, 100% used [0x00000000d7e00000,0x00000000f0400000,0x00000000f0400000)
  from space 4608K, 0% used [0x00000000f0880000,0x00000000f0880000,0x00000000f0d00000)
  to   space 4608K, 0% used [0x00000000f0400000,0x00000000f0400000,0x00000000f0880000)
 ParOldGen       total 83456K, used 2931K [0x0000000087a00000, 0x000000008cb80000, 0x00000000d7e00000)
  object space 83456K, 3% used [0x0000000087a00000,0x0000000087cdcfe0,0x000000008cb80000)
 Metaspace       used 9195K, capacity 9626K, committed 9984K, reserved 1058816K
  class space    used 1262K, capacity 1410K, committed 1536K, reserved 1048576K

Deoptimization events (2 events):
Event: 1,334 Thread 0x00007fbbd026a000 Uncommon trap: reason=unstable_if action=reinterpret pc=0x00007fbbc11a9c84 method=java.lang.String.replace(CC)Ljava/lang/String; @ 2
Event: 1,678 Thread 0x00007fbbd026a000 Uncommon trap: reason=unstable_if action=reinterpret pc=0x00007fbbc125d130 method=java.io.BufferedInputStream.read()I @ 8

Classes redefined (0 events):
No events

Internal exceptions (10 events):
Event: 0,204 Thread 0x00007fbbd000b000 Exception <a 'java/lang/NoSuchMethodError': Method sun.misc.Unsafe.prefetchRead(Ljava/lang/Object;J)V name or signature does not match> (0x00000000d7e07f98) thrown at [/HUDSON/workspace/8-2-build-linux-amd64/jdk8u191/11894/hotspot/src/share/vm/prims/jni.c
Event: 0,570 Thread 0x00007fbbd000b000 Exception <a 'java/lang/NoSuchFieldError': method resolution failed> (0x00000000d8002430) thrown at [/HUDSON/workspace/8-2-build-linux-amd64/jdk8u191/11894/hotspot/src/share/vm/prims/methodHandles.cpp, line 1167]
Event: 0,572 Thread 0x00007fbbd000b000 Exception <a 'java/lang/NoSuchFieldError': method resolution failed> (0x00000000d800f7b0) thrown at [/HUDSON/workspace/8-2-build-linux-amd64/jdk8u191/11894/hotspot/src/share/vm/prims/methodHandles.cpp, line 1167]
Event: 0,646 Thread 0x00007fbbd000b000 Exception <a 'java/security/PrivilegedActionException'> (0x00000000d8098eb8) thrown at [/HUDSON/workspace/8-2-build-linux-amd64/jdk8u191/11894/hotspot/src/share/vm/prims/jvm.cpp, line 1435]
Event: 0,646 Thread 0x00007fbbd000b000 Exception <a 'java/security/PrivilegedActionException'> (0x00000000d80990c8) thrown at [/HUDSON/workspace/8-2-build-linux-amd64/jdk8u191/11894/hotspot/src/share/vm/prims/jvm.cpp, line 1435]
Event: 0,646 Thread 0x00007fbbd000b000 Exception <a 'java/security/PrivilegedActionException'> (0x00000000d809b530) thrown at [/HUDSON/workspace/8-2-build-linux-amd64/jdk8u191/11894/hotspot/src/share/vm/prims/jvm.cpp, line 1435]
Event: 0,646 Thread 0x00007fbbd000b000 Exception <a 'java/security/PrivilegedActionException'> (0x00000000d809b740) thrown at [/HUDSON/workspace/8-2-build-linux-amd64/jdk8u191/11894/hotspot/src/share/vm/prims/jvm.cpp, line 1435]
Event: 0,647 Thread 0x00007fbbd000b000 Exception <a 'java/lang/NullPointerException'> (0x00000000d809bd18) thrown at [/HUDSON/workspace/8-2-build-linux-amd64/jdk8u191/11894/hotspot/src/share/vm/interpreter/linkResolver.cpp, line 1185]
Event: 1,531 Thread 0x00007fbbd026a000 Exception <a 'java/lang/NullPointerException'> (0x00000000d88f7c40) thrown at [/HUDSON/workspace/8-2-build-linux-amd64/jdk8u191/11894/hotspot/src/share/vm/interpreter/linkResolver.cpp, line 1185]
Event: 1,531 Thread 0x00007fbbd026a000 Exception <a 'java/lang/NullPointerException'> (0x00000000d88f7c40) thrown at [/HUDSON/workspace/8-2-build-linux-amd64/jdk8u191/11894/hotspot/src/share/vm/prims/jvm.cpp, line 1439]

Events (10 events):
Event: 4,344 Executing VM operation: ParallelGCFailedAllocation done
Event: 4,431 Executing VM operation: EnableBiasedLocking
Event: 4,464 Executing VM operation: EnableBiasedLocking done
Event: 4,886 Executing VM operation: ParallelGCFailedAllocation
Event: 4,997 Executing VM operation: ParallelGCFailedAllocation done
Event: 6,228 Executing VM operation: ParallelGCFailedAllocation
Event: 6,232 Executing VM operation: ParallelGCFailedAllocation done
Event: 8,004 Executing VM operation: ParallelGCFailedAllocation
Event: 8,009 Executing VM operation: ParallelGCFailedAllocation done
Event: 12,594 Executing VM operation: ParallelGCFailedAllocation


Dynamic libraries:
00400000-00401000 r-xp 00000000 103:05 2225208                           /usr/lib/jvm/java-8-oracle/bin/java
00600000-00601000 r--p 00000000 103:05 2225208                           /usr/lib/jvm/java-8-oracle/bin/java
00601000-00602000 rw-p 00001000 103:05 2225208                           /usr/lib/jvm/java-8-oracle/bin/java
01f6b000-01f8c000 rw-p 00000000 00:00 0                                  [heap]
87a00000-8cb80000 rw-p 00000000 00:00 0 
8cb80000-d7e00000 ---p 00000000 00:00 0 
d7e00000-f0d00000 rw-p 00000000 00:00 0 
ff700000-100000000 ---p 00000000 00:00 0 
100000000-100180000 rw-p 00000000 00:00 0 
100180000-140000000 ---p 00000000 00:00 0 
7fbb54000000-7fbb540fb000 rw-p 00000000 00:00 0 
7fbb540fb000-7fbb58000000 ---p 00000000 00:00 0 
7fbb58000000-7fbb58021000 rw-p 00000000 00:00 0 
7fbb58021000-7fbb5c000000 ---p 00000000 00:00 0 
7fbb5c000000-7fbb5d88b000 rw-p 00000000 00:00 0 
7fbb5d88b000-7fbb60000000 ---p 00000000 00:00 0 
7fbb60000000-7fbb60021000 rw-p 00000000 00:00 0 
7fbb60021000-7fbb64000000 ---p 00000000 00:00 0 
7fbb64000000-7fbb64021000 rw-p 00000000 00:00 0 
7fbb64021000-7fbb68000000 ---p 00000000 00:00 0 
7fbb68000000-7fbb68021000 rw-p 00000000 00:00 0 
7fbb68021000-7fbb6c000000 ---p 00000000 00:00 0 
7fbb6c000000-7fbb6c070000 rw-p 00000000 00:00 0 
7fbb6c070000-7fbb70000000 ---p 00000000 00:00 0 
7fbb70000000-7fbb702a4000 rw-p 00000000 00:00 0 
7fbb702a4000-7fbb74000000 ---p 00000000 00:00 0 
7fbb74000000-7fbb74156000 rw-p 00000000 00:00 0 
7fbb74156000-7fbb78000000 ---p 00000000 00:00 0 
7fbb78000000-7fbb78096000 rw-p 00000000 00:00 0 
7fbb78096000-7fbb7c000000 ---p 00000000 00:00 0 
7fbb7c000000-7fbb7c021000 rw-p 00000000 00:00 0 
7fbb7c021000-7fbb80000000 ---p 00000000 00:00 0 
7fbb80000000-7fbb80021000 rw-p 00000000 00:00 0 
7fbb80021000-7fbb84000000 ---p 00000000 00:00 0 
7fbb84000000-7fbb8429a000 rw-p 00000000 00:00 0 
7fbb8429a000-7fbb88000000 ---p 00000000 00:00 0 
7fbb88000000-7fbb88021000 rw-p 00000000 00:00 0 
7fbb88021000-7fbb8c000000 ---p 00000000 00:00 0 
7fbb8c000000-7fbb8c021000 rw-p 00000000 00:00 0 
7fbb8c021000-7fbb90000000 ---p 00000000 00:00 0 
7fbb90000000-7fbb90021000 rw-p 00000000 00:00 0 
7fbb90021000-7fbb94000000 ---p 00000000 00:00 0 
7fbb94000000-7fbb94021000 rw-p 00000000 00:00 0 
7fbb94021000-7fbb98000000 ---p 00000000 00:00 0 
7fbb98f5e000-7fbb98f9e000 rw-p 00000000 00:00 0 
7fbb98f9e000-7fbb9915e000 ---p 00000000 00:00 0 
7fbb9915e000-7fbb99161000 r-xp 00000000 103:05 2359792                   /usr/lib/jvm/java-8-oracle/jre/lib/amd64/libjavafx_font.so
7fbb99161000-7fbb99360000 ---p 00003000 103:05 2359792                   /usr/lib/jvm/java-8-oracle/jre/lib/amd64/libjavafx_font.so
7fbb99360000-7fbb99361000 r--p 00002000 103:05 2359792                   /usr/lib/jvm/java-8-oracle/jre/lib/amd64/libjavafx_font.so
7fbb99361000-7fbb99362000 rw-p 00003000 103:05 2359792                   /usr/lib/jvm/java-8-oracle/jre/lib/amd64/libjavafx_font.so
7fbb99362000-7fbb9939e000 r-xp 00000000 103:05 1837158                   /lib/x86_64-linux-gnu/libnss_systemd.so.2
7fbb9939e000-7fbb9959d000 ---p 0003c000 103:05 1837158                   /lib/x86_64-linux-gnu/libnss_systemd.so.2
7fbb9959d000-7fbb995a0000 r--p 0003b000 103:05 1837158                   /lib/x86_64-linux-gnu/libnss_systemd.so.2
7fbb995a0000-7fbb995a1000 rw-p 0003e000 103:05 1837158                   /lib/x86_64-linux-gnu/libnss_systemd.so.2
7fbb995a1000-7fbb995a4000 ---p 00000000 00:00 0 
7fbb995a4000-7fbb996a2000 rw-p 00000000 00:00 0 
7fbb996a2000-7fbb996a5000 ---p 00000000 00:00 0 
7fbb996a5000-7fbb997a3000 rw-p 00000000 00:00 0 
7fbb997a3000-7fbb997a6000 ---p 00000000 00:00 0 
7fbb997a6000-7fbb998a4000 rw-p 00000000 00:00 0 
7fbb998a4000-7fbb998ab000 r-xp 00000000 103:05 2234446                   /usr/lib/x86_64-linux-gnu/libogg.so.0.8.2
7fbb998ab000-7fbb99aab000 ---p 00007000 103:05 2234446                   /usr/lib/x86_64-linux-gnu/libogg.so.0.8.2
7fbb99aab000-7fbb99aac000 r--p 00007000 103:05 2234446                   /usr/lib/x86_64-linux-gnu/libogg.so.0.8.2
7fbb99aac000-7fbb99aad000 rw-p 00008000 103:05 2234446                   /usr/lib/x86_64-linux-gnu/libogg.so.0.8.2
7fbb99aad000-7fbb99ad7000 r-xp 00000000 103:05 2234754                   /usr/lib/x86_64-linux-gnu/libvorbis.so.0.4.8
7fbb99ad7000-7fbb99cd6000 ---p 0002a000 103:05 2234754                   /usr/lib/x86_64-linux-gnu/libvorbis.so.0.4.8
7fbb99cd6000-7fbb99cd7000 r--p 00029000 103:05 2234754                   /usr/lib/x86_64-linux-gnu/libvorbis.so.0.4.8
7fbb99cd7000-7fbb99cd8000 rw-p 0002a000 103:05 2234754                   /usr/lib/x86_64-linux-gnu/libvorbis.so.0.4.8
7fbb99cd8000-7fbb99ce1000 r-xp 00000000 103:05 2234345                   /usr/lib/x86_64-linux-gnu/libltdl.so.7.3.1
7fbb99ce1000-7fbb99ee0000 ---p 00009000 103:05 2234345                   /usr/lib/x86_64-linux-gnu/libltdl.so.7.3.1
7fbb99ee0000-7fbb99ee1000 r--p 00008000 103:05 2234345                   /usr/lib/x86_64-linux-gnu/libltdl.so.7.3.1
7fbb99ee1000-7fbb99ee2000 rw-p 00009000 103:05 2234345                   /usr/lib/x86_64-linux-gnu/libltdl.so.7.3.1
7fbb99ee2000-7fbb99ef7000 r-xp 00000000 103:05 2234679                   /usr/lib/x86_64-linux-gnu/libtdb.so.1.3.15
7fbb99ef7000-7fbb9a0f6000 ---p 00015000 103:05 2234679                   /usr/lib/x86_64-linux-gnu/libtdb.so.1.3.15
7fbb9a0f6000-7fbb9a0f7000 r--p 00014000 103:05 2234679                   /usr/lib/x86_64-linux-gnu/libtdb.so.1.3.15
7fbb9a0f7000-7fbb9a0f8000 rw-p 00015000 103:05 2234679                   /usr/lib/x86_64-linux-gnu/libtdb.so.1.3.15
7fbb9a0f8000-7fbb9a0ff000 r-xp 00000000 103:05 2234758                   /usr/lib/x86_64-linux-gnu/libvorbisfile.so.3.3.7
7fbb9a0ff000-7fbb9a2fe000 ---p 00007000 103:05 2234758                   /usr/lib/x86_64-linux-gnu/libvorbisfile.so.3.3.7
7fbb9a2fe000-7fbb9a2ff000 r--p 00006000 103:05 2234758                   /usr/lib/x86_64-linux-gnu/libvorbisfile.so.3.3.7
7fbb9a2ff000-7fbb9a300000 rw-p 00007000 103:05 2234758                   /usr/lib/x86_64-linux-gnu/libvorbisfile.so.3.3.7
7fbb9a300000-7fbb9a310000 r-xp 00000000 103:05 2233802                   /usr/lib/x86_64-linux-gnu/libcanberra.so.0.2.5
7fbb9a310000-7fbb9a510000 ---p 00010000 103:05 2233802                   /usr/lib/x86_64-linux-gnu/libcanberra.so.0.2.5
7fbb9a510000-7fbb9a511000 r--p 00010000 103:05 2233802                   /usr/lib/x86_64-linux-gnu/libcanberra.so.0.2.5
7fbb9a511000-7fbb9a512000 rw-p 00011000 103:05 2233802                   /usr/lib/x86_64-linux-gnu/libcanberra.so.0.2.5
7fbb9a512000-7fbb9a516000 r-xp 00000000 103:05 2224812                   /usr/lib/x86_64-linux-gnu/libcanberra-gtk.so.0.1.9
7fbb9a516000-7fbb9a715000 ---p 00004000 103:05 2224812                   /usr/lib/x86_64-linux-gnu/libcanberra-gtk.so.0.1.9
7fbb9a715000-7fbb9a716000 r--p 00003000 103:05 2224812                   /usr/lib/x86_64-linux-gnu/libcanberra-gtk.so.0.1.9
7fbb9a716000-7fbb9a717000 rw-p 00004000 103:05 2224812                   /usr/lib/x86_64-linux-gnu/libcanberra-gtk.so.0.1.9
7fbb9a717000-7fbb9a71c000 r-xp 00000000 103:05 2499481                   /usr/lib/x86_64-linux-gnu/gtk-2.0/modules/libcanberra-gtk-module.so
7fbb9a71c000-7fbb9a91c000 ---p 00005000 103:05 2499481                   /usr/lib/x86_64-linux-gnu/gtk-2.0/modules/libcanberra-gtk-module.so
7fbb9a91c000-7fbb9a91d000 r--p 00005000 103:05 2499481                   /usr/lib/x86_64-linux-gnu/gtk-2.0/modules/libcanberra-gtk-module.so
7fbb9a91d000-7fbb9a91e000 rw-p 00006000 103:05 2499481                   /usr/lib/x86_64-linux-gnu/gtk-2.0/modules/libcanberra-gtk-module.so
7fbb9a91e000-7fbb9a958000 r-xp 00000000 103:05 2486368                   /usr/lib/x86_64-linux-gnu/gtk-2.0/2.10.0/engines/libmurrine.so
7fbb9a958000-7fbb9ab58000 ---p 0003a000 103:05 2486368                   /usr/lib/x86_64-linux-gnu/gtk-2.0/2.10.0/engines/libmurrine.so
7fbb9ab58000-7fbb9ab59000 r--p 0003a000 103:05 2486368                   /usr/lib/x86_64-linux-gnu/gtk-2.0/2.10.0/engines/libmurrine.so
7fbb9ab59000-7fbb9ab5a000 rw-p 0003b000 103:05 2486368                   /usr/lib/x86_64-linux-gnu/gtk-2.0/2.10.0/engines/libmurrine.so
7fbb9ab5a000-7fbb9ab6e000 r-xp 00000000 103:05 1837094                   /lib/x86_64-linux-gnu/libgpg-error.so.0.22.0
7fbb9ab6e000-7fbb9ad6d000 ---p 00014000 103:05 1837094                   /lib/x86_64-linux-gnu/libgpg-error.so.0.22.0
7fbb9ad6d000-7fbb9ad6e000 r--p 00013000 103:05 1837094                   /lib/x86_64-linux-gnu/libgpg-error.so.0.22.0
7fbb9ad6e000-7fbb9ad6f000 rw-p 00014000 103:05 1837094                   /lib/x86_64-linux-gnu/libgpg-error.so.0.22.0
7fbb9ad6f000-7fbb9ae83000 r-xp 00000000 103:05 1837092                   /lib/x86_64-linux-gnu/libgcrypt.so.20.2.1
7fbb9ae83000-7fbb9b082000 ---p 00114000 103:05 1837092                   /lib/x86_64-linux-gnu/libgcrypt.so.20.2.1
7fbb9b082000-7fbb9b084000 r--p 00113000 103:05 1837092                   /lib/x86_64-linux-gnu/libgcrypt.so.20.2.1
7fbb9b084000-7fbb9b089000 rw-p 00115000 103:05 1837092                   /lib/x86_64-linux-gnu/libgcrypt.so.20.2.1
7fbb9b089000-7fbb9b08a000 rw-p 00000000 00:00 0 
7fbb9b08a000-7fbb9b0a5000 r-xp 00000000 103:05 2234353                   /usr/lib/x86_64-linux-gnu/liblz4.so.1.7.1
7fbb9b0a5000-7fbb9b2a4000 ---p 0001b000 103:05 2234353                   /usr/lib/x86_64-linux-gnu/liblz4.so.1.7.1
7fbb9b2a4000-7fbb9b2a5000 r--p 0001a000 103:05 2234353                   /usr/lib/x86_64-linux-gnu/liblz4.so.1.7.1
7fbb9b2a5000-7fbb9b2a6000 rw-p 0001b000 103:05 2234353                   /usr/lib/x86_64-linux-gnu/liblz4.so.1.7.1
7fbb9b2a6000-7fbb9b2ca000 r-xp 00000000 103:05 1837113                   /lib/x86_64-linux-gnu/liblzma.so.5.2.2
7fbb9b2ca000-7fbb9b4ca000 ---p 00024000 103:05 1837113                   /lib/x86_64-linux-gnu/liblzma.so.5.2.2
7fbb9b4ca000-7fbb9b4cb000 r--p 00024000 103:05 1837113                   /lib/x86_64-linux-gnu/liblzma.so.5.2.2
7fbb9b4cb000-7fbb9b4cc000 rw-p 00025000 103:05 1837113                   /lib/x86_64-linux-gnu/liblzma.so.5.2.2
7fbb9b4cc000-7fbb9b54c000 r-xp 00000000 103:05 1837207                   /lib/x86_64-linux-gnu/libsystemd.so.0.21.0
7fbb9b54c000-7fbb9b74b000 ---p 00080000 103:05 1837207                   /lib/x86_64-linux-gnu/libsystemd.so.0.21.0
7fbb9b74b000-7fbb9b74e000 r--p 0007f000 103:05 1837207                   /lib/x86_64-linux-gnu/libsystemd.so.0.21.0
7fbb9b74e000-7fbb9b74f000 rw-p 00082000 103:05 1837207                   /lib/x86_64-linux-gnu/libsystemd.so.0.21.0
7fbb9b74f000-7fbb9b750000 rw-p 00000000 00:00 0 
7fbb9b750000-7fbb9b77c000 r-xp 00000000 103:05 2233735                   /usr/lib/x86_64-linux-gnu/libatspi.so.0.0.1
7fbb9b77c000-7fbb9b97c000 ---p 0002c000 103:05 2233735                   /usr/lib/x86_64-linux-gnu/libatspi.so.0.0.1
7fbb9b97c000-7fbb9b97f000 r--p 0002c000 103:05 2233735                   /usr/lib/x86_64-linux-gnu/libatspi.so.0.0.1
7fbb9b97f000-7fbb9b980000 rw-p 0002f000 103:05 2233735                   /usr/lib/x86_64-linux-gnu/libatspi.so.0.0.1
7fbb9b980000-7fbb9b9cb000 r-xp 00000000 103:05 1837068                   /lib/x86_64-linux-gnu/libdbus-1.so.3.19.4
7fbb9b9cb000-7fbb9bbcb000 ---p 0004b000 103:05 1837068                   /lib/x86_64-linux-gnu/libdbus-1.so.3.19.4
7fbb9bbcb000-7fbb9bbcc000 r--p 0004b000 103:05 1837068                   /lib/x86_64-linux-gnu/libdbus-1.so.3.19.4
7fbb9bbcc000-7fbb9bbcd000 rw-p 0004c000 103:05 1837068                   /lib/x86_64-linux-gnu/libdbus-1.so.3.19.4
7fbb9bbcd000-7fbb9bbfb000 r-xp 00000000 103:05 2233733                   /usr/lib/x86_64-linux-gnu/libatk-bridge-2.0.so.0.0.0
7fbb9bbfb000-7fbb9bdfb000 ---p 0002e000 103:05 2233733                   /usr/lib/x86_64-linux-gnu/libatk-bridge-2.0.so.0.0.0
7fbb9bdfb000-7fbb9bdfc000 r--p 0002e000 103:05 2233733                   /usr/lib/x86_64-linux-gnu/libatk-bridge-2.0.so.0.0.0
7fbb9bdfc000-7fbb9bdfd000 rw-p 0002f000 103:05 2233733                   /usr/lib/x86_64-linux-gnu/libatk-bridge-2.0.so.0.0.0
7fbb9bdfd000-7fbb9bdfe000 rw-p 00000000 00:00 0 
7fbb9bdfe000-7fbb9bdff000 r-xp 00000000 103:05 2486386                   /usr/lib/x86_64-linux-gnu/gtk-2.0/modules/libatk-bridge.so
7fbb9bdff000-7fbb9bffe000 ---p 00001000 103:05 2486386                   /usr/lib/x86_64-linux-gnu/gtk-2.0/modules/libatk-bridge.so
7fbb9bffe000-7fbb9bfff000 r--p 00000000 103:05 2486386                   /usr/lib/x86_64-linux-gnu/gtk-2.0/modules/libatk-bridge.so
7fbb9bfff000-7fbb9c000000 rw-p 00001000 103:05 2486386                   /usr/lib/x86_64-linux-gnu/gtk-2.0/modules/libatk-bridge.so
7fbb9c000000-7fbb9c021000 rw-p 00000000 00:00 0 
7fbb9c021000-7fbba0000000 ---p 00000000 00:00 0 
7fbba00e7000-7fbba00ee000 r-xp 00000000 103:05 2234029                   /usr/lib/x86_64-linux-gnu/libgailutil.so.18.0.1
7fbba00ee000-7fbba02ed000 ---p 00007000 103:05 2234029                   /usr/lib/x86_64-linux-gnu/libgailutil.so.18.0.1
7fbba02ed000-7fbba02ee000 r--p 00006000 103:05 2234029                   /usr/lib/x86_64-linux-gnu/libgailutil.so.18.0.1
7fbba02ee000-7fbba02ef000 rw-p 00007000 103:05 2234029                   /usr/lib/x86_64-linux-gnu/libgailutil.so.18.0.1
7fbba02ef000-7fbba033c000 r-xp 00000000 103:05 2486388                   /usr/lib/x86_64-linux-gnu/gtk-2.0/modules/libgail.so
7fbba033c000-7fbba053c000 ---p 0004d000 103:05 2486388                   /usr/lib/x86_64-linux-gnu/gtk-2.0/modules/libgail.so
7fbba053c000-7fbba053d000 r--p 0004d000 103:05 2486388                   /usr/lib/x86_64-linux-gnu/gtk-2.0/modules/libgail.so
7fbba053d000-7fbba053f000 rw-p 0004e000 103:05 2486388                   /usr/lib/x86_64-linux-gnu/gtk-2.0/modules/libgail.so
7fbba053f000-7fbba0582000 r-xp 00000000 103:05 2359766                   /usr/lib/jvm/java-8-oracle/jre/lib/amd64/libglass.so
7fbba0582000-7fbba0782000 ---p 00043000 103:05 2359766                   /usr/lib/jvm/java-8-oracle/jre/lib/amd64/libglass.so
7fbba0782000-7fbba0784000 r--p 00043000 103:05 2359766                   /usr/lib/jvm/java-8-oracle/jre/lib/amd64/libglass.so
7fbba0784000-7fbba0785000 rw-p 00045000 103:05 2359766                   /usr/lib/jvm/java-8-oracle/jre/lib/amd64/libglass.so
7fbba0785000-7fbba0786000 rw-p 00000000 00:00 0 
7fbba0786000-7fbba078e000 r-xp 00000000 103:05 2234485                   /usr/lib/x86_64-linux-gnu/libpciaccess.so.0.11.1
7fbba078e000-7fbba098d000 ---p 00008000 103:05 2234485                   /usr/lib/x86_64-linux-gnu/libpciaccess.so.0.11.1
7fbba098d000-7fbba098e000 r--p 00007000 103:05 2234485                   /usr/lib/x86_64-linux-gnu/libpciaccess.so.0.11.1
7fbba098e000-7fbba098f000 rw-p 00008000 103:05 2234485                   /usr/lib/x86_64-linux-gnu/libpciaccess.so.0.11.1
7fbba098f000-7fbba09a6000 r-xp 00000000 103:05 1837090                   /lib/x86_64-linux-gnu/libgcc_s.so.1
7fbba09a6000-7fbba0ba5000 ---p 00017000 103:05 1837090                   /lib/x86_64-linux-gnu/libgcc_s.so.1
7fbba0ba5000-7fbba0ba6000 r--p 00016000 103:05 1837090                   /lib/x86_64-linux-gnu/libgcc_s.so.1
7fbba0ba6000-7fbba0ba7000 rw-p 00017000 103:05 1837090                   /lib/x86_64-linux-gnu/libgcc_s.so.1
7fbba0ba7000-7fbba0d25000 r-xp 00000000 103:05 2234666                   /usr/lib/x86_64-linux-gnu/libstdc++.so.6.0.25
7fbba0d25000-7fbba0f25000 ---p 0017e000 103:05 2234666                   /usr/lib/x86_64-linux-gnu/libstdc++.so.6.0.25
7fbba0f25000-7fbba0f2f000 r--p 0017e000 103:05 2234666                   /usr/lib/x86_64-linux-gnu/libstdc++.so.6.0.25
7fbba0f2f000-7fbba0f31000 rw-p 00188000 103:05 2234666                   /usr/lib/x86_64-linux-gnu/libstdc++.so.6.0.25
7fbba0f31000-7fbba0f35000 rw-p 00000000 00:00 0 
7fbba0f35000-7fbba0f40000 r-xp 00000000 103:05 2233919                   /usr/lib/x86_64-linux-gnu/libdrm_radeon.so.1.0.1
7fbba0f40000-7fbba113f000 ---p 0000b000 103:05 2233919                   /usr/lib/x86_64-linux-gnu/libdrm_radeon.so.1.0.1
7fbba113f000-7fbba1140000 r--p 0000a000 103:05 2233919                   /usr/lib/x86_64-linux-gnu/libdrm_radeon.so.1.0.1
7fbba1140000-7fbba1141000 rw-p 0000b000 103:05 2233919                   /usr/lib/x86_64-linux-gnu/libdrm_radeon.so.1.0.1
7fbba1141000-7fbba1148000 r-xp 00000000 103:05 2233917                   /usr/lib/x86_64-linux-gnu/libdrm_nouveau.so.2.0.0
7fbba1148000-7fbba1347000 ---p 00007000 103:05 2233917                   /usr/lib/x86_64-linux-gnu/libdrm_nouveau.so.2.0.0
7fbba1347000-7fbba1348000 r--p 00006000 103:05 2233917                   /usr/lib/x86_64-linux-gnu/libdrm_nouveau.so.2.0.0
7fbba1348000-7fbba1349000 rw-p 00007000 103:05 2233917                   /usr/lib/x86_64-linux-gnu/libdrm_nouveau.so.2.0.0
7fbba1349000-7fbba136b000 r-xp 00000000 103:05 2233915                   /usr/lib/x86_64-linux-gnu/libdrm_intel.so.1.0.0
7fbba136b000-7fbba156a000 ---p 00022000 103:05 2233915                   /usr/lib/x86_64-linux-gnu/libdrm_intel.so.1.0.0
7fbba156a000-7fbba156b000 r--p 00021000 103:05 2233915                   /usr/lib/x86_64-linux-gnu/libdrm_intel.so.1.0.0
7fbba156b000-7fbba156c000 rw-p 00022000 103:05 2233915                   /usr/lib/x86_64-linux-gnu/libdrm_intel.so.1.0.0
7fbba156c000-7fbba1deb000 r-xp 00000000 103:05 2359968                   /usr/lib/x86_64-linux-gnu/dri/i965_dri.so
7fbba1deb000-7fbba1feb000 ---p 0087f000 103:05 2359968                   /usr/lib/x86_64-linux-gnu/dri/i965_dri.so
7fbba1feb000-7fbba203b000 r--p 0087f000 103:05 2359968                   /usr/lib/x86_64-linux-gnu/dri/i965_dri.so
7fbba203b000-7fbba2046000 rw-p 008cf000 103:05 2359968                   /usr/lib/x86_64-linux-gnu/dri/i965_dri.so
7fbba2046000-7fbba20eb000 rw-p 00000000 00:00 0 
7fbba20eb000-7fbba20fb000 r-xp 00000000 103:05 2233911                   /usr/lib/x86_64-linux-gnu/libdrm.so.2.4.0
7fbba20fb000-7fbba22fa000 ---p 00010000 103:05 2233911                   /usr/lib/x86_64-linux-gnu/libdrm.so.2.4.0
7fbba22fa000-7fbba22fb000 r--p 0000f000 103:05 2233911                   /usr/lib/x86_64-linux-gnu/libdrm.so.2.4.0
7fbba22fb000-7fbba22fc000 rw-p 00010000 103:05 2233911                   /usr/lib/x86_64-linux-gnu/libdrm.so.2.4.0
7fbba22fc000-7fbba2300000 r-xp 00000000 103:05 2234813                   /usr/lib/x86_64-linux-gnu/libxcb-dri2.so.0.0.0
7fbba2300000-7fbba24ff000 ---p 00004000 103:05 2234813                   /usr/lib/x86_64-linux-gnu/libxcb-dri2.so.0.0.0
7fbba24ff000-7fbba2500000 r--p 00003000 103:05 2234813                   /usr/lib/x86_64-linux-gnu/libxcb-dri2.so.0.0.0
7fbba2500000-7fbba2501000 rw-p 00004000 103:05 2234813                   /usr/lib/x86_64-linux-gnu/libxcb-dri2.so.0.0.0
7fbba2501000-7fbba2519000 r-xp 00000000 103:05 2234817                   /usr/lib/x86_64-linux-gnu/libxcb-glx.so.0.0.0
7fbba2519000-7fbba2719000 ---p 00018000 103:05 2234817                   /usr/lib/x86_64-linux-gnu/libxcb-glx.so.0.0.0
7fbba2719000-7fbba271b000 r--p 00018000 103:05 2234817                   /usr/lib/x86_64-linux-gnu/libxcb-glx.so.0.0.0
7fbba271b000-7fbba271c000 rw-p 0001a000 103:05 2234817                   /usr/lib/x86_64-linux-gnu/libxcb-glx.so.0.0.0
7fbba271c000-7fbba271d000 r-xp 00000000 103:05 2233639                   /usr/lib/x86_64-linux-gnu/libX11-xcb.so.1.0.0
7fbba271d000-7fbba291c000 ---p 00001000 103:05 2233639                   /usr/lib/x86_64-linux-gnu/libX11-xcb.so.1.0.0
7fbba291c000-7fbba291d000 r--p 00000000 103:05 2233639                   /usr/lib/x86_64-linux-gnu/libX11-xcb.so.1.0.0
7fbba291d000-7fbba291e000 rw-p 00001000 103:05 2233639                   /usr/lib/x86_64-linux-gnu/libX11-xcb.so.1.0.0
7fbba291e000-7fbba294a000 r-xp 00000000 103:05 2234079                   /usr/lib/x86_64-linux-gnu/libglapi.so.0.0.0
7fbba294a000-7fbba2b49000 ---p 0002c000 103:05 2234079                   /usr/lib/x86_64-linux-gnu/libglapi.so.0.0.0
7fbba2b49000-7fbba2b4d000 r--p 0002b000 103:05 2234079                   /usr/lib/x86_64-linux-gnu/libglapi.so.0.0.0
7fbba2b4d000-7fbba2b4e000 rw-p 0002f000 103:05 2234079                   /usr/lib/x86_64-linux-gnu/libglapi.so.0.0.0
7fbba2b4e000-7fbba2b4f000 rw-p 00000000 00:00 0 
7fbba2b4f000-7fbba2b50000 r-xp 00000000 103:05 2234865                   /usr/lib/x86_64-linux-gnu/libxshmfence.so.1.0.0
7fbba2b50000-7fbba2d4f000 ---p 00001000 103:05 2234865                   /usr/lib/x86_64-linux-gnu/libxshmfence.so.1.0.0
7fbba2d4f000-7fbba2d50000 r--p 00000000 103:05 2234865                   /usr/lib/x86_64-linux-gnu/libxshmfence.so.1.0.0
7fbba2d50000-7fbba2d51000 rw-p 00001000 103:05 2234865                   /usr/lib/x86_64-linux-gnu/libxshmfence.so.1.0.0
7fbba2d51000-7fbba2d56000 r-xp 00000000 103:05 2234839                   /usr/lib/x86_64-linux-gnu/libxcb-sync.so.1.0.0
7fbba2d56000-7fbba2f56000 ---p 00005000 103:05 2234839                   /usr/lib/x86_64-linux-gnu/libxcb-sync.so.1.0.0
7fbba2f56000-7fbba2f57000 r--p 00005000 103:05 2234839                   /usr/lib/x86_64-linux-gnu/libxcb-sync.so.1.0.0
7fbba2f57000-7fbba2f58000 rw-p 00006000 103:05 2234839                   /usr/lib/x86_64-linux-gnu/libxcb-sync.so.1.0.0
7fbba2f58000-7fbba2f5a000 r-xp 00000000 103:05 2234825                   /usr/lib/x86_64-linux-gnu/libxcb-present.so.0.0.0
7fbba2f5a000-7fbba3159000 ---p 00002000 103:05 2234825                   /usr/lib/x86_64-linux-gnu/libxcb-present.so.0.0.0
7fbba3159000-7fbba315a000 r--p 00001000 103:05 2234825                   /usr/lib/x86_64-linux-gnu/libxcb-present.so.0.0.0
7fbba315a000-7fbba315b000 rw-p 00002000 103:05 2234825                   /usr/lib/x86_64-linux-gnu/libxcb-present.so.0.0.0
7fbba315b000-7fbba315e000 r-xp 00000000 103:05 2234815                   /usr/lib/x86_64-linux-gnu/libxcb-dri3.so.0.0.0
7fbba315e000-7fbba335d000 ---p 00003000 103:05 2234815                   /usr/lib/x86_64-linux-gnu/libxcb-dri3.so.0.0.0
7fbba335d000-7fbba335e000 r--p 00002000 103:05 2234815                   /usr/lib/x86_64-linux-gnu/libxcb-dri3.so.0.0.0
7fbba335e000-7fbba335f000 rw-p 00003000 103:05 2234815                   /usr/lib/x86_64-linux-gnu/libxcb-dri3.so.0.0.0
7fbba335f000-7fbba33cf000 r-xp 00000000 103:05 2233605                   /usr/lib/x86_64-linux-gnu/libGLX_mesa.so.0.0.0
7fbba33cf000-7fbba35ce000 ---p 00070000 103:05 2233605                   /usr/lib/x86_64-linux-gnu/libGLX_mesa.so.0.0.0
7fbba35ce000-7fbba35d1000 r--p 0006f000 103:05 2233605                   /usr/lib/x86_64-linux-gnu/libGLX_mesa.so.0.0.0
7fbba35d1000-7fbba35d2000 rw-p 00072000 103:05 2233605                   /usr/lib/x86_64-linux-gnu/libGLX_mesa.so.0.0.0
7fbba35d2000-7fbba35d3000 rw-p 00000000 00:00 0 
7fbba35d3000-7fbba35e6000 r-xp 00000000 103:05 1837049                   /lib/x86_64-linux-gnu/libbsd.so.0.8.7
7fbba35e6000-7fbba37e5000 ---p 00013000 103:05 1837049                   /lib/x86_64-linux-gnu/libbsd.so.0.8.7
7fbba37e5000-7fbba37e6000 r--p 00012000 103:05 1837049                   /lib/x86_64-linux-gnu/libbsd.so.0.8.7
7fbba37e6000-7fbba37e7000 rw-p 00013000 103:05 1837049                   /lib/x86_64-linux-gnu/libbsd.so.0.8.7
7fbba37e7000-7fbba37e8000 rw-p 00000000 00:00 0 
7fbba37e8000-7fbba37ee000 r-xp 00000000 103:05 1837221                   /lib/x86_64-linux-gnu/libuuid.so.1.3.0
7fbba37ee000-7fbba39ed000 ---p 00006000 103:05 1837221                   /lib/x86_64-linux-gnu/libuuid.so.1.3.0
7fbba39ed000-7fbba39ee000 r--p 00005000 103:05 1837221                   /lib/x86_64-linux-gnu/libuuid.so.1.3.0
7fbba39ee000-7fbba39ef000 rw-p 00006000 103:05 1837221                   /lib/x86_64-linux-gnu/libuuid.so.1.3.0
7fbba39ef000-7fbba39f5000 r-xp 00000000 103:05 2233873                   /usr/lib/x86_64-linux-gnu/libdatrie.so.1.3.3
7fbba39f5000-7fbba3bf4000 ---p 00006000 103:05 2233873                   /usr/lib/x86_64-linux-gnu/libdatrie.so.1.3.3
7fbba3bf4000-7fbba3bf5000 r--p 00005000 103:05 2233873                   /usr/lib/x86_64-linux-gnu/libdatrie.so.1.3.3
7fbba3bf5000-7fbba3bf6000 rw-p 00006000 103:05 2233873                   /usr/lib/x86_64-linux-gnu/libdatrie.so.1.3.3
7fbba3bf6000-7fbba3bfb000 r-xp 00000000 103:05 2233656                   /usr/lib/x86_64-linux-gnu/libXdmcp.so.6.0.0
7fbba3bfb000-7fbba3dfa000 ---p 00005000 103:05 2233656                   /usr/lib/x86_64-linux-gnu/libXdmcp.so.6.0.0
7fbba3dfa000-7fbba3dfb000 r--p 00004000 103:05 2233656                   /usr/lib/x86_64-linux-gnu/libXdmcp.so.6.0.0
7fbba3dfb000-7fbba3dfc000 rw-p 00005000 103:05 2233656                   /usr/lib/x86_64-linux-gnu/libXdmcp.so.6.0.0
7fbba3dfc000-7fbba3dfe000 r-xp 00000000 103:05 2233645                   /usr/lib/x86_64-linux-gnu/libXau.so.6.0.0
7fbba3dfe000-7fbba3ffe000 ---p 00002000 103:05 2233645                   /usr/lib/x86_64-linux-gnu/libXau.so.6.0.0
7fbba3ffe000-7fbba3fff000 r--p 00002000 103:05 2233645                   /usr/lib/x86_64-linux-gnu/libXau.so.6.0.0
7fbba3fff000-7fbba4000000 rw-p 00003000 103:05 2233645                   /usr/lib/x86_64-linux-gnu/libXau.so.6.0.0
7fbba4000000-7fbba4021000 rw-p 00000000 00:00 0 
7fbba4021000-7fbba8000000 ---p 00000000 00:00 0 
7fbba80a7000-7fbba80d2000 r-xp 00000000 103:05 2234130                   /usr/lib/x86_64-linux-gnu/libgraphite2.so.3.0.1
7fbba80d2000-7fbba82d1000 ---p 0002b000 103:05 2234130                   /usr/lib/x86_64-linux-gnu/libgraphite2.so.3.0.1
7fbba82d1000-7fbba82d3000 r--p 0002a000 103:05 2234130                   /usr/lib/x86_64-linux-gnu/libgraphite2.so.3.0.1
7fbba82d3000-7fbba82d4000 rw-p 0002c000 103:05 2234130                   /usr/lib/x86_64-linux-gnu/libgraphite2.so.3.0.1
7fbba82d4000-7fbba831b000 r-xp 00000000 103:05 1837045                   /lib/x86_64-linux-gnu/libblkid.so.1.1.0
7fbba831b000-7fbba851b000 ---p 00047000 103:05 1837045                   /lib/x86_64-linux-gnu/libblkid.so.1.1.0
7fbba851b000-7fbba851f000 r--p 00047000 103:05 1837045                   /lib/x86_64-linux-gnu/libblkid.so.1.1.0
7fbba851f000-7fbba8520000 rw-p 0004b000 103:05 1837045                   /lib/x86_64-linux-gnu/libblkid.so.1.1.0
7fbba8520000-7fbba8521000 rw-p 00000000 00:00 0 
7fbba8521000-7fbba858f000 r-xp 00000000 103:05 2233607                   /usr/lib/x86_64-linux-gnu/libGLdispatch.so.0.0.0
7fbba858f000-7fbba878e000 ---p 0006e000 103:05 2233607                   /usr/lib/x86_64-linux-gnu/libGLdispatch.so.0.0.0
7fbba878e000-7fbba87b6000 r--p 0006d000 103:05 2233607                   /usr/lib/x86_64-linux-gnu/libGLdispatch.so.0.0.0
7fbba87b6000-7fbba87b7000 rw-p 00095000 103:05 2233607                   /usr/lib/x86_64-linux-gnu/libGLdispatch.so.0.0.0
7fbba87b7000-7fbba87d7000 rw-p 00000000 00:00 0 
7fbba87d7000-7fbba87e7000 r-xp 00000000 103:05 2233602                   /usr/lib/x86_64-linux-gnu/libGLX.so.0.0.0
7fbba87e7000-7fbba89e6000 ---p 00010000 103:05 2233602                   /usr/lib/x86_64-linux-gnu/libGLX.so.0.0.0
7fbba89e6000-7fbba89e7000 r--p 0000f000 103:05 2233602                   /usr/lib/x86_64-linux-gnu/libGLX.so.0.0.0
7fbba89e7000-7fbba89e8000 rw-p 00010000 103:05 2233602                   /usr/lib/x86_64-linux-gnu/libGLX.so.0.0.0
7fbba89e8000-7fbba8a08000 rw-p 00000000 00:00 0 
7fbba8a08000-7fbba8a78000 r-xp 00000000 103:05 1837175                   /lib/x86_64-linux-gnu/libpcre.so.3.13.3
7fbba8a78000-7fbba8c78000 ---p 00070000 103:05 1837175                   /lib/x86_64-linux-gnu/libpcre.so.3.13.3
7fbba8c78000-7fbba8c79000 r--p 00070000 103:05 1837175                   /lib/x86_64-linux-gnu/libpcre.so.3.13.3
7fbba8c79000-7fbba8c7a000 rw-p 00071000 103:05 1837175                   /lib/x86_64-linux-gnu/libpcre.so.3.13.3
7fbba8c7a000-7fbba8c81000 r-xp 00000000 103:05 2233987                   /usr/lib/x86_64-linux-gnu/libffi.so.6.0.4
7fbba8c81000-7fbba8e80000 ---p 00007000 103:05 2233987                   /usr/lib/x86_64-linux-gnu/libffi.so.6.0.4
7fbba8e80000-7fbba8e81000 r--p 00006000 103:05 2233987                   /usr/lib/x86_64-linux-gnu/libffi.so.6.0.4
7fbba8e81000-7fbba8e82000 rw-p 00007000 103:05 2233987                   /usr/lib/x86_64-linux-gnu/libffi.so.6.0.4
7fbba8e82000-7fbba8eb1000 r-xp 00000000 103:05 1837083                   /lib/x86_64-linux-gnu/libexpat.so.1.6.7
7fbba8eb1000-7fbba90b1000 ---p 0002f000 103:05 1837083                   /lib/x86_64-linux-gnu/libexpat.so.1.6.7
7fbba90b1000-7fbba90b3000 r--p 0002f000 103:05 1837083                   /lib/x86_64-linux-gnu/libexpat.so.1.6.7
7fbba90b3000-7fbba90b4000 rw-p 00031000 103:05 1837083                   /lib/x86_64-linux-gnu/libexpat.so.1.6.7
7fbba90b4000-7fbba90bc000 r-xp 00000000 103:05 2234687                   /usr/lib/x86_64-linux-gnu/libthai.so.0.3.0
7fbba90bc000-7fbba92bb000 ---p 00008000 103:05 2234687                   /usr/lib/x86_64-linux-gnu/libthai.so.0.3.0
7fbba92bb000-7fbba92bc000 r--p 00007000 103:05 2234687                   /usr/lib/x86_64-linux-gnu/libthai.so.0.3.0
7fbba92bc000-7fbba92bd000 rw-p 00008000 103:05 2234687                   /usr/lib/x86_64-linux-gnu/libthai.so.0.3.0
7fbba92bd000-7fbba92c9000 r-xp 00000000 103:05 2234831                   /usr/lib/x86_64-linux-gnu/libxcb-render.so.0.0.0
7fbba92c9000-7fbba94c8000 ---p 0000c000 103:05 2234831                   /usr/lib/x86_64-linux-gnu/libxcb-render.so.0.0.0
7fbba94c8000-7fbba94c9000 r--p 0000b000 103:05 2234831                   /usr/lib/x86_64-linux-gnu/libxcb-render.so.0.0.0
7fbba94c9000-7fbba94ca000 rw-p 0000c000 103:05 2234831                   /usr/lib/x86_64-linux-gnu/libxcb-render.so.0.0.0
7fbba94ca000-7fbba94f0000 r-xp 00000000 103:05 2234849                   /usr/lib/x86_64-linux-gnu/libxcb.so.1.1.0
7fbba94f0000-7fbba96f0000 ---p 00026000 103:05 2234849                   /usr/lib/x86_64-linux-gnu/libxcb.so.1.1.0
7fbba96f0000-7fbba96f1000 r--p 00026000 103:05 2234849                   /usr/lib/x86_64-linux-gnu/libxcb.so.1.1.0
7fbba96f1000-7fbba96f2000 rw-p 00027000 103:05 2234849                   /usr/lib/x86_64-linux-gnu/libxcb.so.1.1.0
7fbba96f2000-7fbba96f4000 r-xp 00000000 103:05 2234837                   /usr/lib/x86_64-linux-gnu/libxcb-shm.so.0.0.0
7fbba96f4000-7fbba98f3000 ---p 00002000 103:05 2234837                   /usr/lib/x86_64-linux-gnu/libxcb-shm.so.0.0.0
7fbba98f3000-7fbba98f4000 r--p 00001000 103:05 2234837                   /usr/lib/x86_64-linux-gnu/libxcb-shm.so.0.0.0
7fbba98f4000-7fbba98f5000 rw-p 00002000 103:05 2234837                   /usr/lib/x86_64-linux-gnu/libxcb-shm.so.0.0.0
7fbba98f5000-7fbba9926000 r-xp 00000000 103:05 2234509                   /usr/lib/x86_64-linux-gnu/libpng16.so.16.34.0
7fbba9926000-7fbba9b25000 ---p 00031000 103:05 2234509                   /usr/lib/x86_64-linux-gnu/libpng16.so.16.34.0
7fbba9b25000-7fbba9b26000 r--p 00030000 103:05 2234509                   /usr/lib/x86_64-linux-gnu/libpng16.so.16.34.0
7fbba9b26000-7fbba9b27000 rw-p 00031000 103:05 2234509                   /usr/lib/x86_64-linux-gnu/libpng16.so.16.34.0
7fbba9b27000-7fbba9bc4000 r-xp 00000000 103:05 2234503                   /usr/lib/x86_64-linux-gnu/libpixman-1.so.0.34.0
7fbba9bc4000-7fbba9dc3000 ---p 0009d000 103:05 2234503                   /usr/lib/x86_64-linux-gnu/libpixman-1.so.0.34.0
7fbba9dc3000-7fbba9dcb000 r--p 0009c000 103:05 2234503                   /usr/lib/x86_64-linux-gnu/libpixman-1.so.0.34.0
7fbba9dcb000-7fbba9dcc000 rw-p 000a4000 103:05 2234503                   /usr/lib/x86_64-linux-gnu/libpixman-1.so.0.34.0
7fbba9dcc000-7fbba9e68000 r-xp 00000000 103:05 2234213                   /usr/lib/x86_64-linux-gnu/libharfbuzz.so.0.10702.0
7fbba9e68000-7fbbaa068000 ---p 0009c000 103:05 2234213                   /usr/lib/x86_64-linux-gnu/libharfbuzz.so.0.10702.0
7fbbaa068000-7fbbaa069000 r--p 0009c000 103:05 2234213                   /usr/lib/x86_64-linux-gnu/libharfbuzz.so.0.10702.0
7fbbaa069000-7fbbaa06a000 rw-p 0009d000 103:05 2234213                   /usr/lib/x86_64-linux-gnu/libharfbuzz.so.0.10702.0
7fbbaa06a000-7fbbaa0bb000 r-xp 00000000 103:05 1837122                   /lib/x86_64-linux-gnu/libmount.so.1.1.0
7fbbaa0bb000-7fbbaa2ba000 ---p 00051000 103:05 1837122                   /lib/x86_64-linux-gnu/libmount.so.1.1.0
7fbbaa2ba000-7fbbaa2bc000 r--p 00050000 103:05 1837122                   /lib/x86_64-linux-gnu/libmount.so.1.1.0
7fbbaa2bc000-7fbbaa2bd000 rw-p 00052000 103:05 1837122                   /lib/x86_64-linux-gnu/libmount.so.1.1.0
7fbbaa2bd000-7fbbaa2be000 rw-p 00000000 00:00 0 
7fbbaa2be000-7fbbaa2d5000 r-xp 00000000 103:05 1837192                   /lib/x86_64-linux-gnu/libresolv-2.27.so
7fbbaa2d5000-7fbbaa4d5000 ---p 00017000 103:05 1837192                   /lib/x86_64-linux-gnu/libresolv-2.27.so
7fbbaa4d5000-7fbbaa4d6000 r--p 00017000 103:05 1837192                   /lib/x86_64-linux-gnu/libresolv-2.27.so
7fbbaa4d6000-7fbbaa4d7000 rw-p 00018000 103:05 1837192                   /lib/x86_64-linux-gnu/libresolv-2.27.so
7fbbaa4d7000-7fbbaa4d9000 rw-p 00000000 00:00 0 
7fbbaa4d9000-7fbbaa4fe000 r-xp 00000000 103:05 1837198                   /lib/x86_64-linux-gnu/libselinux.so.1
7fbbaa4fe000-7fbbaa6fd000 ---p 00025000 103:05 1837198                   /lib/x86_64-linux-gnu/libselinux.so.1
7fbbaa6fd000-7fbbaa6fe000 r--p 00024000 103:05 1837198                   /lib/x86_64-linux-gnu/libselinux.so.1
7fbbaa6fe000-7fbbaa6ff000 rw-p 00025000 103:05 1837198                   /lib/x86_64-linux-gnu/libselinux.so.1
7fbbaa6ff000-7fbbaa701000 rw-p 00000000 00:00 0 
7fbbaa701000-7fbbaa71d000 r-xp 00000000 103:05 1837225                   /lib/x86_64-linux-gnu/libz.so.1.2.11
7fbbaa71d000-7fbbaa91c000 ---p 0001c000 103:05 1837225                   /lib/x86_64-linux-gnu/libz.so.1.2.11
7fbbaa91c000-7fbbaa91d000 r--p 0001b000 103:05 1837225                   /lib/x86_64-linux-gnu/libz.so.1.2.11
7fbbaa91d000-7fbbaa91e000 rw-p 0001c000 103:05 1837225                   /lib/x86_64-linux-gnu/libz.so.1.2.11
7fbbaa91e000-7fbbaa92f000 r-xp 00000000 103:05 2233658                   /usr/lib/x86_64-linux-gnu/libXext.so.6.4.0
7fbbaa92f000-7fbbaab2e000 ---p 00011000 103:05 2233658                   /usr/lib/x86_64-linux-gnu/libXext.so.6.4.0
7fbbaab2e000-7fbbaab2f000 r--p 00010000 103:05 2233658                   /usr/lib/x86_64-linux-gnu/libXext.so.6.4.0
7fbbaab2f000-7fbbaab30000 rw-p 00011000 103:05 2233658                   /usr/lib/x86_64-linux-gnu/libXext.so.6.4.0
7fbbaab30000-7fbbaab32000 r-xp 00000000 103:05 2233654                   /usr/lib/x86_64-linux-gnu/libXdamage.so.1.1.0
7fbbaab32000-7fbbaad31000 ---p 00002000 103:05 2233654                   /usr/lib/x86_64-linux-gnu/libXdamage.so.1.1.0
7fbbaad31000-7fbbaad32000 r--p 00001000 103:05 2233654                   /usr/lib/x86_64-linux-gnu/libXdamage.so.1.1.0
7fbbaad32000-7fbbaad33000 rw-p 00002000 103:05 2233654                   /usr/lib/x86_64-linux-gnu/libXdamage.so.1.1.0
7fbbaad33000-7fbbaad35000 r-xp 00000000 103:05 2233650                   /usr/lib/x86_64-linux-gnu/libXcomposite.so.1.0.0
7fbbaad35000-7fbbaaf34000 ---p 00002000 103:05 2233650                   /usr/lib/x86_64-linux-gnu/libXcomposite.so.1.0.0
7fbbaaf34000-7fbbaaf35000 r--p 00001000 103:05 2233650                   /usr/lib/x86_64-linux-gnu/libXcomposite.so.1.0.0
7fbbaaf35000-7fbbaaf36000 rw-p 00002000 103:05 2233650                   /usr/lib/x86_64-linux-gnu/libXcomposite.so.1.0.0
7fbbaaf36000-7fbbaaf3f000 r-xp 00000000 103:05 2233652                   /usr/lib/x86_64-linux-gnu/libXcursor.so.1.0.2
7fbbaaf3f000-7fbbab13e000 ---p 00009000 103:05 2233652                   /usr/lib/x86_64-linux-gnu/libXcursor.so.1.0.2
7fbbab13e000-7fbbab13f000 r--p 00008000 103:05 2233652                   /usr/lib/x86_64-linux-gnu/libXcursor.so.1.0.2
7fbbab13f000-7fbbab140000 rw-p 00009000 103:05 2233652                   /usr/lib/x86_64-linux-gnu/libXcursor.so.1.0.2
7fbbab140000-7fbbab14a000 r-xp 00000000 103:05 2233676                   /usr/lib/x86_64-linux-gnu/libXrandr.so.2.2.0
7fbbab14a000-7fbbab349000 ---p 0000a000 103:05 2233676                   /usr/lib/x86_64-linux-gnu/libXrandr.so.2.2.0
7fbbab349000-7fbbab34a000 r--p 00009000 103:05 2233676                   /usr/lib/x86_64-linux-gnu/libXrandr.so.2.2.0
7fbbab34a000-7fbbab34b000 rw-p 0000a000 103:05 2233676                   /usr/lib/x86_64-linux-gnu/libXrandr.so.2.2.0
7fbbab34b000-7fbbab35a000 r-xp 00000000 103:05 2233666                   /usr/lib/x86_64-linux-gnu/libXi.so.6.1.0
7fbbab35a000-7fbbab559000 ---p 0000f000 103:05 2233666                   /usr/lib/x86_64-linux-gnu/libXi.so.6.1.0
7fbbab559000-7fbbab55a000 r--p 0000e000 103:05 2233666                   /usr/lib/x86_64-linux-gnu/libXi.so.6.1.0
7fbbab55a000-7fbbab55b000 rw-p 0000f000 103:05 2233666                   /usr/lib/x86_64-linux-gnu/libXi.so.6.1.0
7fbbab55b000-7fbbab55d000 r-xp 00000000 103:05 2233668                   /usr/lib/x86_64-linux-gnu/libXinerama.so.1.0.0
7fbbab55d000-7fbbab75c000 ---p 00002000 103:05 2233668                   /usr/lib/x86_64-linux-gnu/libXinerama.so.1.0.0
7fbbab75c000-7fbbab75d000 r--p 00001000 103:05 2233668                   /usr/lib/x86_64-linux-gnu/libXinerama.so.1.0.0
7fbbab75d000-7fbbab75e000 rw-p 00002000 103:05 2233668                   /usr/lib/x86_64-linux-gnu/libXinerama.so.1.0.0
7fbbab75e000-7fbbab767000 r-xp 00000000 103:05 2233678                   /usr/lib/x86_64-linux-gnu/libXrender.so.1.3.0
7fbbab767000-7fbbab966000 ---p 00009000 103:05 2233678                   /usr/lib/x86_64-linux-gnu/libXrender.so.1.3.0
7fbbab966000-7fbbab967000 r--p 00008000 103:05 2233678                   /usr/lib/x86_64-linux-gnu/libXrender.so.1.3.0
7fbbab967000-7fbbab968000 rw-p 00009000 103:05 2233678                   /usr/lib/x86_64-linux-gnu/libXrender.so.1.3.0
7fbbab968000-7fbbab96d000 r-xp 00000000 103:05 2233660                   /usr/lib/x86_64-linux-gnu/libXfixes.so.3.1.0
7fbbab96d000-7fbbabb6c000 ---p 00005000 103:05 2233660                   /usr/lib/x86_64-linux-gnu/libXfixes.so.3.1.0
7fbbabb6c000-7fbbabb6d000 r--p 00004000 103:05 2233660                   /usr/lib/x86_64-linux-gnu/libXfixes.so.3.1.0
7fbbabb6d000-7fbbabb6e000 rw-p 00005000 103:05 2233660                   /usr/lib/x86_64-linux-gnu/libXfixes.so.3.1.0
7fbbabb6e000-7fbbabbdf000 r-xp 00000000 103:05 2233596                   /usr/lib/x86_64-linux-gnu/libGL.so.1.0.0
7fbbabbdf000-7fbbabdde000 ---p 00071000 103:05 2233596                   /usr/lib/x86_64-linux-gnu/libGL.so.1.0.0
7fbbabdde000-7fbbabdf8000 r--p 00070000 103:05 2233596                   /usr/lib/x86_64-linux-gnu/libGL.so.1.0.0
7fbbabdf8000-7fbbabdf9000 rw-p 0008a000 103:05 2233596                   /usr/lib/x86_64-linux-gnu/libGL.so.1.0.0
7fbbabdf9000-7fbbabdfa000 rw-p 00000000 00:00 0 
7fbbabdfa000-7fbbabdff000 r-xp 00000000 103:05 2233694                   /usr/lib/x86_64-linux-gnu/libXxf86vm.so.1.0.0
7fbbabdff000-7fbbabffe000 ---p 00005000 103:05 2233694                   /usr/lib/x86_64-linux-gnu/libXxf86vm.so.1.0.0
7fbbabffe000-7fbbabfff000 r--p 00004000 103:05 2233694                   /usr/lib/x86_64-linux-gnu/libXxf86vm.so.1.0.0
7fbbabfff000-7fbbac000000 rw-p 00005000 103:05 2233694                   /usr/lib/x86_64-linux-gnu/libXxf86vm.so.1.0.0
7fbbac000000-7fbbac021000 rw-p 00000000 00:00 0 
7fbbac021000-7fbbb0000000 ---p 00000000 00:00 0 
7fbbb000a000-7fbbb013e000 r-xp 00000000 103:05 2233641                   /usr/lib/x86_64-linux-gnu/libX11.so.6.3.0
7fbbb013e000-7fbbb033e000 ---p 00134000 103:05 2233641                   /usr/lib/x86_64-linux-gnu/libX11.so.6.3.0
7fbbb033e000-7fbbb033f000 r--p 00134000 103:05 2233641                   /usr/lib/x86_64-linux-gnu/libX11.so.6.3.0
7fbbb033f000-7fbbb0343000 rw-p 00135000 103:05 2233641                   /usr/lib/x86_64-linux-gnu/libX11.so.6.3.0
7fbbb0343000-7fbbb0348000 r-xp 00000000 103:05 2233684                   /usr/lib/x86_64-linux-gnu/libXtst.so.6.1.0
7fbbb0348000-7fbbb0547000 ---p 00005000 103:05 2233684                   /usr/lib/x86_64-linux-gnu/libXtst.so.6.1.0
7fbbb0547000-7fbbb0548000 r--p 00004000 103:05 2233684                   /usr/lib/x86_64-linux-gnu/libXtst.so.6.1.0
7fbbb0548000-7fbbb0549000 rw-p 00005000 103:05 2233684                   /usr/lib/x86_64-linux-gnu/libXtst.so.6.1.0
7fbbb0549000-7fbbb065c000 r-xp 00000000 103:05 2234081                   /usr/lib/x86_64-linux-gnu/libglib-2.0.so.0.5600.1
7fbbb065c000-7fbbb085c000 ---p 00113000 103:05 2234081                   /usr/lib/x86_64-linux-gnu/libglib-2.0.so.0.5600.1
7fbbb085c000-7fbbb085d000 r--p 00113000 103:05 2234081                   /usr/lib/x86_64-linux-gnu/libglib-2.0.so.0.5600.1
7fbbb085d000-7fbbb085e000 rw-p 00114000 103:05 2234081                   /usr/lib/x86_64-linux-gnu/libglib-2.0.so.0.5600.1
7fbbb085e000-7fbbb085f000 rw-p 00000000 00:00 0 
7fbbb085f000-7fbbb0860000 r-xp 00000000 103:05 2234184                   /usr/lib/x86_64-linux-gnu/libgthread-2.0.so.0.5600.1
7fbbb0860000-7fbbb0a5f000 ---p 00001000 103:05 2234184                   /usr/lib/x86_64-linux-gnu/libgthread-2.0.so.0.5600.1
7fbbb0a5f000-7fbbb0a60000 r--p 00000000 103:05 2234184                   /usr/lib/x86_64-linux-gnu/libgthread-2.0.so.0.5600.1
7fbbb0a60000-7fbbb0a61000 rw-p 00001000 103:05 2234184                   /usr/lib/x86_64-linux-gnu/libgthread-2.0.so.0.5600.1
7fbbb0a61000-7fbbb0a64000 r-xp 00000000 103:05 2234085                   /usr/lib/x86_64-linux-gnu/libgmodule-2.0.so.0.5600.1
7fbbb0a64000-7fbbb0c63000 ---p 00003000 103:05 2234085                   /usr/lib/x86_64-linux-gnu/libgmodule-2.0.so.0.5600.1
7fbbb0c63000-7fbbb0c64000 r--p 00002000 103:05 2234085                   /usr/lib/x86_64-linux-gnu/libgmodule-2.0.so.0.5600.1
7fbbb0c64000-7fbbb0c65000 rw-p 00003000 103:05 2234085                   /usr/lib/x86_64-linux-gnu/libgmodule-2.0.so.0.5600.1
7fbbb0c65000-7fbbb0cb7000 r-xp 00000000 103:05 2234109                   /usr/lib/x86_64-linux-gnu/libgobject-2.0.so.0.5600.1
7fbbb0cb7000-7fbbb0eb7000 ---p 00052000 103:05 2234109                   /usr/lib/x86_64-linux-gnu/libgobject-2.0.so.0.5600.1
7fbbb0eb7000-7fbbb0eb8000 r--p 00052000 103:05 2234109                   /usr/lib/x86_64-linux-gnu/libgobject-2.0.so.0.5600.1
7fbbb0eb8000-7fbbb0eb9000 rw-p 00053000 103:05 2234109                   /usr/lib/x86_64-linux-gnu/libgobject-2.0.so.0.5600.1
7fbbb0eb9000-7fbbb0ef7000 r-xp 00000000 103:05 2234001                   /usr/lib/x86_64-linux-gnu/libfontconfig.so.1.10.1
7fbbb0ef7000-7fbbb10f7000 ---p 0003e000 103:05 2234001                   /usr/lib/x86_64-linux-gnu/libfontconfig.so.1.10.1
7fbbb10f7000-7fbbb10f9000 r--p 0003e000 103:05 2234001                   /usr/lib/x86_64-linux-gnu/libfontconfig.so.1.10.1
7fbbb10f9000-7fbbb10fe000 rw-p 00040000 103:05 2234001                   /usr/lib/x86_64-linux-gnu/libfontconfig.so.1.10.1
7fbbb10fe000-7fbbb11ab000 r-xp 00000000 103:05 2234019                   /usr/lib/x86_64-linux-gnu/libfreetype.so.6.15.0
7fbbb11ab000-7fbbb13aa000 ---p 000ad000 103:05 2234019                   /usr/lib/x86_64-linux-gnu/libfreetype.so.6.15.0
7fbbb13aa000-7fbbb13b1000 r--p 000ac000 103:05 2234019                   /usr/lib/x86_64-linux-gnu/libfreetype.so.6.15.0
7fbbb13b1000-7fbbb13b2000 rw-p 000b3000 103:05 2234019                   /usr/lib/x86_64-linux-gnu/libfreetype.so.6.15.0
7fbbb13b2000-7fbbb13fc000 r-xp 00000000 103:05 2234471                   /usr/lib/x86_64-linux-gnu/libpango-1.0.so.0.4000.14
7fbbb13fc000-7fbbb15fb000 ---p 0004a000 103:05 2234471                   /usr/lib/x86_64-linux-gnu/libpango-1.0.so.0.4000.14
7fbbb15fb000-7fbbb15fe000 r--p 00049000 103:05 2234471                   /usr/lib/x86_64-linux-gnu/libpango-1.0.so.0.4000.14
7fbbb15fe000-7fbbb15ff000 rw-p 0004c000 103:05 2234471                   /usr/lib/x86_64-linux-gnu/libpango-1.0.so.0.4000.14
7fbbb15ff000-7fbbb1717000 r-xp 00000000 103:05 2233796                   /usr/lib/x86_64-linux-gnu/libcairo.so.2.11510.0
7fbbb1717000-7fbbb1916000 ---p 00118000 103:05 2233796                   /usr/lib/x86_64-linux-gnu/libcairo.so.2.11510.0
7fbbb1916000-7fbbb1919000 r--p 00117000 103:05 2233796                   /usr/lib/x86_64-linux-gnu/libcairo.so.2.11510.0
7fbbb1919000-7fbbb191b000 rw-p 0011a000 103:05 2233796                   /usr/lib/x86_64-linux-gnu/libcairo.so.2.11510.0
7fbbb191b000-7fbbb191c000 rw-p 00000000 00:00 0 
7fbbb191c000-7fbbb1928000 r-xp 00000000 103:05 2234473                   /usr/lib/x86_64-linux-gnu/libpangocairo-1.0.so.0.4000.14
7fbbb1928000-7fbbb1b27000 ---p 0000c000 103:05 2234473                   /usr/lib/x86_64-linux-gnu/libpangocairo-1.0.so.0.4000.14
7fbbb1b27000-7fbbb1b28000 r--p 0000b000 103:05 2234473                   /usr/lib/x86_64-linux-gnu/libpangocairo-1.0.so.0.4000.14
7fbbb1b28000-7fbbb1b29000 rw-p 0000c000 103:05 2234473                   /usr/lib/x86_64-linux-gnu/libpangocairo-1.0.so.0.4000.14
7fbbb1b29000-7fbbb1b4b000 r-xp 00000000 103:05 2234057                   /usr/lib/x86_64-linux-gnu/libgdk_pixbuf-2.0.so.0.3611.0
7fbbb1b4b000-7fbbb1d4b000 ---p 00022000 103:05 2234057                   /usr/lib/x86_64-linux-gnu/libgdk_pixbuf-2.0.so.0.3611.0
7fbbb1d4b000-7fbbb1d4c000 r--p 00022000 103:05 2234057                   /usr/lib/x86_64-linux-gnu/libgdk_pixbuf-2.0.so.0.3611.0
7fbbb1d4c000-7fbbb1d4d000 rw-p 00023000 103:05 2234057                   /usr/lib/x86_64-linux-gnu/libgdk_pixbuf-2.0.so.0.3611.0
7fbbb1d4d000-7fbbb1d61000 r-xp 00000000 103:05 2234475                   /usr/lib/x86_64-linux-gnu/libpangoft2-1.0.so.0.4000.14
7fbbb1d61000-7fbbb1f61000 ---p 00014000 103:05 2234475                   /usr/lib/x86_64-linux-gnu/libpangoft2-1.0.so.0.4000.14
7fbbb1f61000-7fbbb1f62000 r--p 00014000 103:05 2234475                   /usr/lib/x86_64-linux-gnu/libpangoft2-1.0.so.0.4000.14
7fbbb1f62000-7fbbb1f63000 rw-p 00015000 103:05 2234475                   /usr/lib/x86_64-linux-gnu/libpangoft2-1.0.so.0.4000.14
7fbbb1f63000-7fbbb20f7000 r-xp 00000000 103:05 2234075                   /usr/lib/x86_64-linux-gnu/libgio-2.0.so.0.5600.1
7fbbb20f7000-7fbbb22f7000 ---p 00194000 103:05 2234075                   /usr/lib/x86_64-linux-gnu/libgio-2.0.so.0.5600.1
7fbbb22f7000-7fbbb22fe000 r--p 00194000 103:05 2234075                   /usr/lib/x86_64-linux-gnu/libgio-2.0.so.0.5600.1
7fbbb22fe000-7fbbb22ff000 rw-p 0019b000 103:05 2234075                   /usr/lib/x86_64-linux-gnu/libgio-2.0.so.0.5600.1
7fbbb22ff000-7fbbb2301000 rw-p 00000000 00:00 0 
7fbbb2301000-7fbbb2323000 r-xp 00000000 103:05 2233731                   /usr/lib/x86_64-linux-gnu/libatk-1.0.so.0.22810.1
7fbbb2323000-7fbbb2523000 ---p 00022000 103:05 2233731                   /usr/lib/x86_64-linux-gnu/libatk-1.0.so.0.22810.1
7fbbb2523000-7fbbb2526000 r--p 00022000 103:05 2233731                   /usr/lib/x86_64-linux-gnu/libatk-1.0.so.0.22810.1
7fbbb2526000-7fbbb2527000 rw-p 00025000 103:05 2233731                   /usr/lib/x86_64-linux-gnu/libatk-1.0.so.0.22810.1
7fbbb2527000-7fbbb25d7000 r-xp 00000000 103:05 2234055                   /usr/lib/x86_64-linux-gnu/libgdk-x11-2.0.so.0.2400.32
7fbbb25d7000-7fbbb27d6000 ---p 000b0000 103:05 2234055                   /usr/lib/x86_64-linux-gnu/libgdk-x11-2.0.so.0.2400.32
7fbbb27d6000-7fbbb27da000 r--p 000af000 103:05 2234055                   /usr/lib/x86_64-linux-gnu/libgdk-x11-2.0.so.0.2400.32
7fbbb27da000-7fbbb27dc000 rw-p 000b3000 103:05 2234055                   /usr/lib/x86_64-linux-gnu/libgdk-x11-2.0.so.0.2400.32
7fbbb27dc000-7fbbb2c11000 r-xp 00000000 103:05 2234188                   /usr/lib/x86_64-linux-gnu/libgtk-x11-2.0.so.0.2400.32
7fbbb2c11000-7fbbb2e10000 ---p 00435000 103:05 2234188                   /usr/lib/x86_64-linux-gnu/libgtk-x11-2.0.so.0.2400.32
7fbbb2e10000-7fbbb2e17000 r--p 00434000 103:05 2234188                   /usr/lib/x86_64-linux-gnu/libgtk-x11-2.0.so.0.2400.32
7fbbb2e17000-7fbbb2e1b000 rw-p 0043b000 103:05 2234188                   /usr/lib/x86_64-linux-gnu/libgtk-x11-2.0.so.0.2400.32
7fbbb2e1b000-7fbbb2e1e000 rw-p 00000000 00:00 0 
7fbbb2e1e000-7fbbb2e2a000 r-xp 00000000 103:05 2359795                   /usr/lib/jvm/java-8-oracle/jre/lib/amd64/libprism_es2.so
7fbbb2e2a000-7fbbb3029000 ---p 0000c000 103:05 2359795                   /usr/lib/jvm/java-8-oracle/jre/lib/amd64/libprism_es2.so
7fbbb3029000-7fbbb302a000 r--p 0000b000 103:05 2359795                   /usr/lib/jvm/java-8-oracle/jre/lib/amd64/libprism_es2.so
7fbbb302a000-7fbbb302b000 rw-p 0000c000 103:05 2359795                   /usr/lib/jvm/java-8-oracle/jre/lib/amd64/libprism_es2.so
7fbbb302b000-7fbbb302e000 ---p 00000000 00:00 0 
7fbbb302e000-7fbbb312c000 rw-p 00000000 00:00 0 
7fbbb312c000-7fbbb312d000 ---p 00000000 00:00 0 
7fbbb312d000-7fbbb322d000 rw-p 00000000 00:00 0 
7fbbb322d000-7fbbb3230000 ---p 00000000 00:00 0 
7fbbb3230000-7fbbb332e000 rw-p 00000000 00:00 0 
7fbbb332e000-7fbbb332f000 ---p 00000000 00:00 0 
7fbbb332f000-7fbbb3332000 ---p 00000000 00:00 0 
7fbbb3332000-7fbbb342f000 rw-p 00000000 00:00 0 
7fbbb342f000-7fbbb3430000 ---p 00000000 00:00 0 
7fbbb3430000-7fbbb3433000 ---p 00000000 00:00 0 
7fbbb3433000-7fbbb3530000 rw-p 00000000 00:00 0 
7fbbb3530000-7fbbb3531000 ---p 00000000 00:00 0 
7fbbb3531000-7fbbb3534000 ---p 00000000 00:00 0 
7fbbb3534000-7fbbb3631000 rw-p 00000000 00:00 0 
7fbbb3631000-7fbbb4000000 r--p 00000000 103:05 2230922                   /usr/lib/locale/locale-archive
7fbbb4000000-7fbbb4021000 rw-p 00000000 00:00 0 
7fbbb4021000-7fbbb8000000 ---p 00000000 00:00 0 
7fbbb8037000-7fbbb80cd000 r--s 0110e000 103:05 2499247                   /usr/lib/jvm/java-8-oracle/jre/lib/ext/jfxrt.jar
7fbbb80cd000-7fbbb80ce000 ---p 00000000 00:00 0 
7fbbb80ce000-7fbbb80d1000 ---p 00000000 00:00 0 
7fbbb80d1000-7fbbb81ce000 rw-p 00000000 00:00 0 
7fbbb81ce000-7fbbb81d1000 ---p 00000000 00:00 0 
7fbbb81d1000-7fbbb82cf000 rw-p 00000000 00:00 0 
7fbbb82cf000-7fbbb82d2000 ---p 00000000 00:00 0 
7fbbb82d2000-7fbbbc000000 rw-p 00000000 00:00 0 
7fbbbc000000-7fbbbc021000 rw-p 00000000 00:00 0 
7fbbbc021000-7fbbc0000000 ---p 00000000 00:00 0 
7fbbc008e000-7fbbc0091000 ---p 00000000 00:00 0 
7fbbc0091000-7fbbc018f000 rw-p 00000000 00:00 0 
7fbbc018f000-7fbbc0190000 ---p 00000000 00:00 0 
7fbbc0190000-7fbbc1000000 rw-p 00000000 00:00 0 
7fbbc1000000-7fbbc12e0000 rwxp 00000000 00:00 0 
7fbbc12e0000-7fbbd0000000 ---p 00000000 00:00 0 
7fbbd0000000-7fbbd03da000 rw-p 00000000 00:00 0 
7fbbd03da000-7fbbd4000000 ---p 00000000 00:00 0 
7fbbd4015000-7fbbd4f17000 rw-p 00000000 00:00 0 
7fbbd4f17000-7fbbd50f1000 r--s 03d6c000 103:05 2359722                   /usr/lib/jvm/java-8-oracle/jre/lib/rt.jar
7fbbd50f1000-7fbbd5d2a000 rw-p 00000000 00:00 0 
7fbbd5d2a000-7fbbd5d2b000 ---p 00000000 00:00 0 
7fbbd5d2b000-7fbbd5e2b000 rw-p 00000000 00:00 0 
7fbbd5e2b000-7fbbd5e2c000 ---p 00000000 00:00 0 
7fbbd5e2c000-7fbbd5f2c000 rw-p 00000000 00:00 0 
7fbbd5f2c000-7fbbd5f2d000 ---p 00000000 00:00 0 
7fbbd5f2d000-7fbbd602d000 rw-p 00000000 00:00 0 
7fbbd602d000-7fbbd602e000 ---p 00000000 00:00 0 
7fbbd602e000-7fbbd612e000 rw-p 00000000 00:00 0 
7fbbd612e000-7fbbd612f000 ---p 00000000 00:00 0 
7fbbd612f000-7fbbd622f000 rw-p 00000000 00:00 0 
7fbbd622f000-7fbbd6230000 ---p 00000000 00:00 0 
7fbbd6230000-7fbbd6330000 rw-p 00000000 00:00 0 
7fbbd6330000-7fbbd6331000 ---p 00000000 00:00 0 
7fbbd6331000-7fbbd6431000 rw-p 00000000 00:00 0 
7fbbd6431000-7fbbd6432000 ---p 00000000 00:00 0 
7fbbd6432000-7fbbd655b000 rw-p 00000000 00:00 0 
7fbbd655b000-7fbbd67b4000 ---p 00000000 00:00 0 
7fbbd67b4000-7fbbd67dd000 rw-p 00000000 00:00 0 
7fbbd67dd000-7fbbd6a36000 ---p 00000000 00:00 0 
7fbbd6a36000-7fbbd6afe000 rw-p 00000000 00:00 0 
7fbbd6afe000-7fbbd6b77000 ---p 00000000 00:00 0 
7fbbd6b77000-7fbbd6b84000 rw-p 00000000 00:00 0 
7fbbd6b84000-7fbbd6f38000 ---p 00000000 00:00 0 
7fbbd6f38000-7fbbd6f52000 r-xp 00000000 103:05 2359787                   /usr/lib/jvm/java-8-oracle/jre/lib/amd64/libzip.so
7fbbd6f52000-7fbbd7152000 ---p 0001a000 103:05 2359787                   /usr/lib/jvm/java-8-oracle/jre/lib/amd64/libzip.so
7fbbd7152000-7fbbd7153000 r--p 0001a000 103:05 2359787                   /usr/lib/jvm/java-8-oracle/jre/lib/amd64/libzip.so
7fbbd7153000-7fbbd7154000 rw-p 0001b000 103:05 2359787                   /usr/lib/jvm/java-8-oracle/jre/lib/amd64/libzip.so
7fbbd7154000-7fbbd715f000 r-xp 00000000 103:05 1837143                   /lib/x86_64-linux-gnu/libnss_files-2.27.so
7fbbd715f000-7fbbd735e000 ---p 0000b000 103:05 1837143                   /lib/x86_64-linux-gnu/libnss_files-2.27.so
7fbbd735e000-7fbbd735f000 r--p 0000a000 103:05 1837143                   /lib/x86_64-linux-gnu/libnss_files-2.27.so
7fbbd735f000-7fbbd7360000 rw-p 0000b000 103:05 1837143                   /lib/x86_64-linux-gnu/libnss_files-2.27.so
7fbbd7360000-7fbbd7366000 rw-p 00000000 00:00 0 
7fbbd7366000-7fbbd737d000 r-xp 00000000 103:05 1837137                   /lib/x86_64-linux-gnu/libnsl-2.27.so
7fbbd737d000-7fbbd757c000 ---p 00017000 103:05 1837137                   /lib/x86_64-linux-gnu/libnsl-2.27.so
7fbbd757c000-7fbbd757d000 r--p 00016000 103:05 1837137                   /lib/x86_64-linux-gnu/libnsl-2.27.so
7fbbd757d000-7fbbd757e000 rw-p 00017000 103:05 1837137                   /lib/x86_64-linux-gnu/libnsl-2.27.so
7fbbd757e000-7fbbd7580000 rw-p 00000000 00:00 0 
7fbbd7580000-7fbbd758b000 r-xp 00000000 103:05 1837154                   /lib/x86_64-linux-gnu/libnss_nis-2.27.so
7fbbd758b000-7fbbd778a000 ---p 0000b000 103:05 1837154                   /lib/x86_64-linux-gnu/libnss_nis-2.27.so
7fbbd778a000-7fbbd778b000 r--p 0000a000 103:05 1837154                   /lib/x86_64-linux-gnu/libnss_nis-2.27.so
7fbbd778b000-7fbbd778c000 rw-p 0000b000 103:05 1837154                   /lib/x86_64-linux-gnu/libnss_nis-2.27.so
7fbbd778c000-7fbbd7794000 r-xp 00000000 103:05 1837139                   /lib/x86_64-linux-gnu/libnss_compat-2.27.so
7fbbd7794000-7fbbd7994000 ---p 00008000 103:05 1837139                   /lib/x86_64-linux-gnu/libnss_compat-2.27.so
7fbbd7994000-7fbbd7995000 r--p 00008000 103:05 1837139                   /lib/x86_64-linux-gnu/libnss_compat-2.27.so
7fbbd7995000-7fbbd7996000 rw-p 00009000 103:05 1837139                   /lib/x86_64-linux-gnu/libnss_compat-2.27.so
7fbbd7996000-7fbbd79c3000 r-xp 00000000 103:05 2359781                   /usr/lib/jvm/java-8-oracle/jre/lib/amd64/libjava.so
7fbbd79c3000-7fbbd7bc2000 ---p 0002d000 103:05 2359781                   /usr/lib/jvm/java-8-oracle/jre/lib/amd64/libjava.so
7fbbd7bc2000-7fbbd7bc3000 r--p 0002c000 103:05 2359781                   /usr/lib/jvm/java-8-oracle/jre/lib/amd64/libjava.so
7fbbd7bc3000-7fbbd7bc5000 rw-p 0002d000 103:05 2359781                   /usr/lib/jvm/java-8-oracle/jre/lib/amd64/libjava.so
7fbbd7bc5000-7fbbd7bd2000 r-xp 00000000 103:05 2359786                   /usr/lib/jvm/java-8-oracle/jre/lib/amd64/libverify.so
7fbbd7bd2000-7fbbd7dd1000 ---p 0000d000 103:05 2359786                   /usr/lib/jvm/java-8-oracle/jre/lib/amd64/libverify.so
7fbbd7dd1000-7fbbd7dd3000 r--p 0000c000 103:05 2359786                   /usr/lib/jvm/java-8-oracle/jre/lib/amd64/libverify.so
7fbbd7dd3000-7fbbd7dd4000 rw-p 0000e000 103:05 2359786                   /usr/lib/jvm/java-8-oracle/jre/lib/amd64/libverify.so
7fbbd7dd4000-7fbbd7ddb000 r-xp 00000000 103:05 1837194                   /lib/x86_64-linux-gnu/librt-2.27.so
7fbbd7ddb000-7fbbd7fda000 ---p 00007000 103:05 1837194                   /lib/x86_64-linux-gnu/librt-2.27.so
7fbbd7fda000-7fbbd7fdb000 r--p 00006000 103:05 1837194                   /lib/x86_64-linux-gnu/librt-2.27.so
7fbbd7fdb000-7fbbd7fdc000 rw-p 00007000 103:05 1837194                   /lib/x86_64-linux-gnu/librt-2.27.so
7fbbd7fdc000-7fbbd8179000 r-xp 00000000 103:05 1837116                   /lib/x86_64-linux-gnu/libm-2.27.so
7fbbd8179000-7fbbd8378000 ---p 0019d000 103:05 1837116                   /lib/x86_64-linux-gnu/libm-2.27.so
7fbbd8378000-7fbbd8379000 r--p 0019c000 103:05 1837116                   /lib/x86_64-linux-gnu/libm-2.27.so
7fbbd8379000-7fbbd837a000 rw-p 0019d000 103:05 1837116                   /lib/x86_64-linux-gnu/libm-2.27.so
7fbbd837a000-7fbbd905c000 r-xp 00000000 103:05 393024                    /usr/lib/jvm/java-8-oracle/jre/lib/amd64/server/libjvm.so
7fbbd905c000-7fbbd925c000 ---p 00ce2000 103:05 393024                    /usr/lib/jvm/java-8-oracle/jre/lib/amd64/server/libjvm.so
7fbbd925c000-7fbbd92f2000 r--p 00ce2000 103:05 393024                    /usr/lib/jvm/java-8-oracle/jre/lib/amd64/server/libjvm.so
7fbbd92f2000-7fbbd9323000 rw-p 00d78000 103:05 393024                    /usr/lib/jvm/java-8-oracle/jre/lib/amd64/server/libjvm.so
7fbbd9323000-7fbbd935e000 rw-p 00000000 00:00 0 
7fbbd935e000-7fbbd9545000 r-xp 00000000 103:05 1837053                   /lib/x86_64-linux-gnu/libc-2.27.so
7fbbd9545000-7fbbd9745000 ---p 001e7000 103:05 1837053                   /lib/x86_64-linux-gnu/libc-2.27.so
7fbbd9745000-7fbbd9749000 r--p 001e7000 103:05 1837053                   /lib/x86_64-linux-gnu/libc-2.27.so
7fbbd9749000-7fbbd974b000 rw-p 001eb000 103:05 1837053                   /lib/x86_64-linux-gnu/libc-2.27.so
7fbbd974b000-7fbbd974f000 rw-p 00000000 00:00 0 
7fbbd974f000-7fbbd9752000 r-xp 00000000 103:05 1837076                   /lib/x86_64-linux-gnu/libdl-2.27.so
7fbbd9752000-7fbbd9951000 ---p 00003000 103:05 1837076                   /lib/x86_64-linux-gnu/libdl-2.27.so
7fbbd9951000-7fbbd9952000 r--p 00002000 103:05 1837076                   /lib/x86_64-linux-gnu/libdl-2.27.so
7fbbd9952000-7fbbd9953000 rw-p 00003000 103:05 1837076                   /lib/x86_64-linux-gnu/libdl-2.27.so
7fbbd9953000-7fbbd996a000 r-xp 00000000 103:05 2354770                   /usr/lib/jvm/java-8-oracle/lib/amd64/jli/libjli.so
7fbbd996a000-7fbbd9b69000 ---p 00017000 103:05 2354770                   /usr/lib/jvm/java-8-oracle/lib/amd64/jli/libjli.so
7fbbd9b69000-7fbbd9b6a000 r--p 00016000 103:05 2354770                   /usr/lib/jvm/java-8-oracle/lib/amd64/jli/libjli.so
7fbbd9b6a000-7fbbd9b6b000 rw-p 00017000 103:05 2354770                   /usr/lib/jvm/java-8-oracle/lib/amd64/jli/libjli.so
7fbbd9b6b000-7fbbd9b85000 r-xp 00000000 103:05 1837186                   /lib/x86_64-linux-gnu/libpthread-2.27.so
7fbbd9b85000-7fbbd9d84000 ---p 0001a000 103:05 1837186                   /lib/x86_64-linux-gnu/libpthread-2.27.so
7fbbd9d84000-7fbbd9d85000 r--p 00019000 103:05 1837186                   /lib/x86_64-linux-gnu/libpthread-2.27.so
7fbbd9d85000-7fbbd9d86000 rw-p 0001a000 103:05 1837186                   /lib/x86_64-linux-gnu/libpthread-2.27.so
7fbbd9d86000-7fbbd9d8a000 rw-p 00000000 00:00 0 
7fbbd9d8a000-7fbbd9db1000 r-xp 00000000 103:05 1837025                   /lib/x86_64-linux-gnu/ld-2.27.so
7fbbd9db1000-7fbbd9db6000 rw-s 00000000 00:19 1719                       /i915 (deleted)
7fbbd9db6000-7fbbd9dba000 rw-s 00000000 00:19 1672                       /i915 (deleted)
7fbbd9dba000-7fbbd9dbe000 rw-s 00000000 00:19 1720                       /i915 (deleted)
7fbbd9dbe000-7fbbd9dc3000 rw-s 00000000 00:19 782                        /i915 (deleted)
7fbbd9dc3000-7fbbd9dc8000 rw-s 00000000 00:19 1570                       /i915 (deleted)
7fbbd9dc8000-7fbbd9dcc000 rw-s 00000000 00:19 701                        /i915 (deleted)
7fbbd9dcc000-7fbbd9dd0000 rw-s 00000000 00:19 639                        /i915 (deleted)
7fbbd9dd0000-7fbbd9e9a000 rw-p 00000000 00:00 0 
7fbbd9e9a000-7fbbd9e9b000 ---p 00000000 00:00 0 
7fbbd9e9b000-7fbbd9e9e000 ---p 00000000 00:00 0 
7fbbd9e9e000-7fbbd9f9f000 rw-p 00000000 00:00 0 
7fbbd9fa0000-7fbbd9fa1000 rw-s 00000000 00:05 70415                      /memfd:xshmfence (deleted)
7fbbd9fa1000-7fbbd9fa2000 rwxp 00000000 00:00 0 
7fbbd9fa2000-7fbbd9fa7000 rw-s 00000000 00:19 267                        /i915 (deleted)
7fbbd9fa7000-7fbbd9faf000 rw-s 00000000 103:05 1182718                   /tmp/hsperfdata_scp/8646
7fbbd9faf000-7fbbd9fb0000 rw-p 00000000 00:00 0 
7fbbd9fb0000-7fbbd9fb1000 ---p 00000000 00:00 0 
7fbbd9fb1000-7fbbd9fb2000 r--p 00027000 103:05 1837025                   /lib/x86_64-linux-gnu/ld-2.27.so
7fbbd9fb2000-7fbbd9fb3000 rw-p 00028000 103:05 1837025                   /lib/x86_64-linux-gnu/ld-2.27.so
7fbbd9fb3000-7fbbd9fb4000 rw-p 00000000 00:00 0 
7ffe08bb7000-7ffe08bd8000 rw-p 00000000 00:00 0                          [stack]
7ffe08bf5000-7ffe08bf8000 r--p 00000000 00:00 0                          [vvar]
7ffe08bf8000-7ffe08bfa000 r-xp 00000000 00:00 0                          [vdso]
ffffffffff600000-ffffffffff601000 r-xp 00000000 00:00 0                  [vsyscall]

VM Arguments:
jvm_args: -Dfile.encoding=UTF-8 
java_command: game.frontend.GameApp
java_class_path (initial): /home/scp/candyCrush/bin
Launcher Type: SUN_STANDARD

Environment Variables:
JAVA_HOME=/usr/lib/jvm/java-8-oracle
PATH=/usr/local/sbin:/usr/local/bin:/usr/sbin:/usr/bin:/sbin:/bin:/usr/games:/usr/local/games:/snap/bin:/usr/lib/jvm/java-8-oracle/bin:/usr/lib/jvm/java-8-oracle/db/bin:/usr/lib/jvm/java-8-oracle/jre/bin
USERNAME=scp
SHELL=/bin/bash
DISPLAY=:0

Signal Handlers:
SIGSEGV: [libjvm.so+0xaced60], sa_mask[0]=11111111011111111101111111111110, sa_flags=SA_RESTART|SA_SIGINFO
SIGBUS: [libjvm.so+0xaced60], sa_mask[0]=11111111011111111101111111111110, sa_flags=SA_RESTART|SA_SIGINFO
SIGFPE: [libjvm.so+0x907ca0], sa_mask[0]=11111111011111111101111111111110, sa_flags=SA_RESTART|SA_SIGINFO
SIGPIPE: SIG_IGN, sa_mask[0]=00000000000010000000000000000000, sa_flags=SA_RESTART
SIGXFSZ: [libjvm.so+0x907ca0], sa_mask[0]=11111111011111111101111111111110, sa_flags=SA_RESTART|SA_SIGINFO
SIGILL: [libjvm.so+0x907ca0], sa_mask[0]=11111111011111111101111111111110, sa_flags=SA_RESTART|SA_SIGINFO
SIGUSR1: SIG_DFL, sa_mask[0]=00000000000000000000000000000000, sa_flags=none
SIGUSR2: [libjvm.so+0x907b70], sa_mask[0]=00100000000000000000000000000000, sa_flags=SA_RESTART|SA_SIGINFO
SIGHUP: [libjvm.so+0x908190], sa_mask[0]=11111111011111111101111111111110, sa_flags=SA_RESTART|SA_SIGINFO
SIGINT: [libjvm.so+0x908190], sa_mask[0]=11111111011111111101111111111110, sa_flags=SA_RESTART|SA_SIGINFO
SIGTERM: [libjvm.so+0x908190], sa_mask[0]=11111111011111111101111111111110, sa_flags=SA_RESTART|SA_SIGINFO
SIGQUIT: [libjvm.so+0x908190], sa_mask[0]=11111111011111111101111111111110, sa_flags=SA_RESTART|SA_SIGINFO


---------------  S Y S T E M  ---------------

OS:DISTRIB_ID=Ubuntu
DISTRIB_RELEASE=18.04
DISTRIB_CODENAME=bionic
DISTRIB_DESCRIPTION="Ubuntu 18.04.1 LTS"

uname:Linux 4.15.0-42-generic #45-Ubuntu SMP Thu Nov 15 19:32:57 UTC 2018 x86_64
libc:glibc 2.27 NPTL 2.27 
rlimit: STACK 8192k, CORE 0k, NPROC 30329, NOFILE 4096, AS infinity
load average:14,52 4,35 1,84

/proc/meminfo:
MemTotal:        7884860 kB
MemFree:          116580 kB
MemAvailable:      36692 kB
Buffers:            2628 kB
Cached:           200704 kB
SwapCached:        25392 kB
Active:          6632004 kB
Inactive:         866992 kB
Active(anon):    6585488 kB
Inactive(anon):   822484 kB
Active(file):      46516 kB
Inactive(file):    44508 kB
Unevictable:          96 kB
Mlocked:              96 kB
SwapTotal:       2036796 kB
SwapFree:              4 kB
Dirty:                 0 kB
Writeback:            12 kB
AnonPages:       7272064 kB
Mapped:            79448 kB
Shmem:            112124 kB
Slab:             108116 kB
SReclaimable:      39656 kB
SUnreclaim:        68460 kB
KernelStack:       22832 kB
PageTables:        68860 kB
NFS_Unstable:          0 kB
Bounce:                0 kB
WritebackTmp:          0 kB
CommitLimit:     5979224 kB
Committed_AS:   19318100 kB
VmallocTotal:   34359738367 kB
VmallocUsed:           0 kB
VmallocChunk:          0 kB
HardwareCorrupted:     0 kB
AnonHugePages:         0 kB
ShmemHugePages:        0 kB
ShmemPmdMapped:        0 kB
CmaTotal:              0 kB
CmaFree:               0 kB
HugePages_Total:       0
HugePages_Free:        0
HugePages_Rsvd:        0
HugePages_Surp:        0
Hugepagesize:       2048 kB
DirectMap4k:      221980 kB
DirectMap2M:     5785600 kB
DirectMap1G:     3145728 kB

container (cgroup) information:
container_type: cgroupv1
cpu_cpuset_cpus: 0-7
cpu_memory_nodes: 0
active_processor_count: 8
cpu_quota: -1
cpu_period: 100000
cpu_shares: -1
memory_limit_in_bytes: -1
memory_and_swap_limit_in_bytes: -2
memory_soft_limit_in_bytes: -1
memory_usage_in_bytes: 7680024576
memory_max_usage_in_bytes: 0


CPU:total 8 (initial active 8) (4 cores per cpu, 2 threads per core) family 6 model 142 stepping 10, cmov, cx8, fxsr, mmx, sse, sse2, sse3, ssse3, sse4.1, sse4.2, popcnt, avx, avx2, aes, clmul, erms, 3dnowpref, lzcnt, ht, tsc, tscinvbit, bmi1, bmi2, adx

/proc/cpuinfo:
processor	: 0
vendor_id	: GenuineIntel
cpu family	: 6
model		: 142
model name	: Intel(R) Core(TM) i5-8250U CPU @ 1.60GHz
stepping	: 10
microcode	: 0x84
cpu MHz		: 2783.898
cache size	: 6144 KB
physical id	: 0
siblings	: 8
core id		: 0
cpu cores	: 4
apicid		: 0
initial apicid	: 0
fpu		: yes
fpu_exception	: yes
cpuid level	: 22
wp		: yes
flags		: fpu vme de pse tsc msr pae mce cx8 apic sep mtrr pge mca cmov pat pse36 clflush dts acpi mmx fxsr sse sse2 ss ht tm pbe syscall nx pdpe1gb rdtscp lm constant_tsc art arch_perfmon pebs bts rep_good nopl xtopology nonstop_tsc cpuid aperfmperf tsc_known_freq pni pclmulqdq dtes64 monitor ds_cpl vmx est tm2 ssse3 sdbg fma cx16 xtpr pdcm pcid sse4_1 sse4_2 x2apic movbe popcnt tsc_deadline_timer aes xsave avx f16c rdrand lahf_lm abm 3dnowprefetch cpuid_fault epb invpcid_single pti ibrs ibpb stibp tpr_shadow vnmi flexpriority ept vpid fsgsbase tsc_adjust bmi1 avx2 smep bmi2 erms invpcid mpx rdseed adx smap clflushopt intel_pt xsaveopt xsavec xgetbv1 xsaves dtherm ida arat pln pts hwp hwp_notify hwp_act_window hwp_epp
bugs		: cpu_meltdown spectre_v1 spectre_v2 spec_store_bypass l1tf
bogomips	: 3600.00
clflush size	: 64
cache_alignment	: 64
address sizes	: 39 bits physical, 48 bits virtual
power management:

processor	: 1
vendor_id	: GenuineIntel
cpu family	: 6
model		: 142
model name	: Intel(R) Core(TM) i5-8250U CPU @ 1.60GHz
stepping	: 10
microcode	: 0x84
cpu MHz		: 2783.972
cache size	: 6144 KB
physical id	: 0
siblings	: 8
core id		: 1
cpu cores	: 4
apicid		: 2
initial apicid	: 2
fpu		: yes
fpu_exception	: yes
cpuid level	: 22
wp		: yes
flags		: fpu vme de pse tsc msr pae mce cx8 apic sep mtrr pge mca cmov pat pse36 clflush dts acpi mmx fxsr sse sse2 ss ht tm pbe syscall nx pdpe1gb rdtscp lm constant_tsc art arch_perfmon pebs bts rep_good nopl xtopology nonstop_tsc cpuid aperfmperf tsc_known_freq pni pclmulqdq dtes64 monitor ds_cpl vmx est tm2 ssse3 sdbg fma cx16 xtpr pdcm pcid sse4_1 sse4_2 x2apic movbe popcnt tsc_deadline_timer aes xsave avx f16c rdrand lahf_lm abm 3dnowprefetch cpuid_fault epb invpcid_single pti ibrs ibpb stibp tpr_shadow vnmi flexpriority ept vpid fsgsbase tsc_adjust bmi1 avx2 smep bmi2 erms invpcid mpx rdseed adx smap clflushopt intel_pt xsaveopt xsavec xgetbv1 xsaves dtherm ida arat pln pts hwp hwp_notify hwp_act_window hwp_epp
bugs		: cpu_meltdown spectre_v1 spectre_v2 spec_store_bypass l1tf
bogomips	: 3600.00
clflush size	: 64
cache_alignment	: 64
address sizes	: 39 bits physical, 48 bits virtual
power management:

processor	: 2
vendor_id	: GenuineIntel
cpu family	: 6
model		: 142
model name	: Intel(R) Core(TM) i5-8250U CPU @ 1.60GHz
stepping	: 10
microcode	: 0x84
cpu MHz		: 2784.134
cache size	: 6144 KB
physical id	: 0
siblings	: 8
core id		: 2
cpu cores	: 4
apicid		: 4
initial apicid	: 4
fpu		: yes
fpu_exception	: yes
cpuid level	: 22
wp		: yes
flags		: fpu vme de pse tsc msr pae mce cx8 apic sep mtrr pge mca cmov pat pse36 clflush dts acpi mmx fxsr sse sse2 ss ht tm pbe syscall nx pdpe1gb rdtscp lm constant_tsc art arch_perfmon pebs bts rep_good nopl xtopology nonstop_tsc cpuid aperfmperf tsc_known_freq pni pclmulqdq dtes64 monitor ds_cpl vmx est tm2 ssse3 sdbg fma cx16 xtpr pdcm pcid sse4_1 sse4_2 x2apic movbe popcnt tsc_deadline_timer aes xsave avx f16c rdrand lahf_lm abm 3dnowprefetch cpuid_fault epb invpcid_single pti ibrs ibpb stibp tpr_shadow vnmi flexpriority ept vpid fsgsbase tsc_adjust bmi1 avx2 smep bmi2 erms invpcid mpx rdseed adx smap clflushopt intel_pt xsaveopt xsavec xgetbv1 xsaves dtherm ida arat pln pts hwp hwp_notify hwp_act_window hwp_epp
bugs		: cpu_meltdown spectre_v1 spectre_v2 spec_store_bypass l1tf
bogomips	: 3600.00
clflush size	: 64
cache_alignment	: 64
address sizes	: 39 bits physical, 48 bits virtual
power management:

processor	: 3
vendor_id	: GenuineIntel
cpu family	: 6
model		: 142
model name	: Intel(R) Core(TM) i5-8250U CPU @ 1.60GHz
stepping	: 10
microcode	: 0x84
cpu MHz		: 2784.252
cache size	: 6144 KB
physical id	: 0
siblings	: 8
core id		: 3
cpu cores	: 4
apicid		: 6
initial apicid	: 6
fpu		: yes
fpu_exception	: yes
cpuid level	: 22
wp		: yes
flags		: fpu vme de pse tsc msr pae mce cx8 apic sep mtrr pge mca cmov pat pse36 clflush dts acpi mmx fxsr sse sse2 ss ht tm pbe syscall nx pdpe1gb rdtscp lm constant_tsc art arch_perfmon pebs bts rep_good nopl xtopology nonstop_tsc cpuid aperfmperf tsc_known_freq pni pclmulqdq dtes64 monitor ds_cpl vmx est tm2 ssse3 sdbg fma cx16 xtpr pdcm pcid sse4_1 sse4_2 x2apic movbe popcnt tsc_deadline_timer aes xsave avx f16c rdrand lahf_lm abm 3dnowprefetch cpuid_fault epb invpcid_single pti ibrs ibpb stibp tpr_shadow vnmi flexpriority ept vpid fsgsbase tsc_adjust bmi1 avx2 smep bmi2 erms invpcid mpx rdseed adx smap clflushopt intel_pt xsaveopt xsavec xgetbv1 xsaves dtherm ida arat pln pts hwp hwp_notify hwp_act_window hwp_epp
bugs		: cpu_meltdown spectre_v1 spectre_v2 spec_store_bypass l1tf
bogomips	: 3600.00
clflush size	: 64
cache_alignment	: 64
address sizes	: 39 bits physical, 48 bits virtual
power management:

processor	: 4
vendor_id	: GenuineIntel
cpu family	: 6
model		: 142
model name	: Intel(R) Core(TM) i5-8250U CPU @ 1.60GHz
stepping	: 10
microcode	: 0x84
cpu MHz		: 2784.349
cache size	: 6144 KB
physical id	: 0
siblings	: 8
core id		: 0
cpu cores	: 4
apicid		: 1
initial apicid	: 1
fpu		: yes
fpu_exception	: yes
cpuid level	: 22
wp		: yes
flags		: fpu vme de pse tsc msr pae mce cx8 apic sep mtrr pge mca cmov pat pse36 clflush dts acpi mmx fxsr sse sse2 ss ht tm pbe syscall nx pdpe1gb rdtscp lm constant_tsc art arch_perfmon pebs bts rep_good nopl xtopology nonstop_tsc cpuid aperfmperf tsc_known_freq pni pclmulqdq dtes64 monitor ds_cpl vmx est tm2 ssse3 sdbg fma cx16 xtpr pdcm pcid sse4_1 sse4_2 x2apic movbe popcnt tsc_deadline_timer aes xsave avx f16c rdrand lahf_lm abm 3dnowprefetch cpuid_fault epb invpcid_single pti ibrs ibpb stibp tpr_shadow vnmi flexpriority ept vpid fsgsbase tsc_adjust bmi1 avx2 smep bmi2 erms invpcid mpx rdseed adx smap clflushopt intel_pt xsaveopt xsavec xgetbv1 xsaves dtherm ida arat pln pts hwp hwp_notify hwp_act_window hwp_epp
bugs		: cpu_meltdown spectre_v1 spectre_v2 spec_store_bypass l1tf
bogomips	: 3600.00
clflush size	: 64
cache_alignment	: 64
address sizes	: 39 bits physical, 48 bits virtual
power management:

processor	: 5
vendor_id	: GenuineIntel
cpu family	: 6
model		: 142
model name	: Intel(R) Core(TM) i5-8250U CPU @ 1.60GHz
stepping	: 10
microcode	: 0x84
cpu MHz		: 2784.452
cache size	: 6144 KB
physical id	: 0
siblings	: 8
core id		: 1
cpu cores	: 4
apicid		: 3
initial apicid	: 3
fpu		: yes
fpu_exception	: yes
cpuid level	: 22
wp		: yes
flags		: fpu vme de pse tsc msr pae mce cx8 apic sep mtrr pge mca cmov pat pse36 clflush dts acpi mmx fxsr sse sse2 ss ht tm pbe syscall nx pdpe1gb rdtscp lm constant_tsc art arch_perfmon pebs bts rep_good nopl xtopology nonstop_tsc cpuid aperfmperf tsc_known_freq pni pclmulqdq dtes64 monitor ds_cpl vmx est tm2 ssse3 sdbg fma cx16 xtpr pdcm pcid sse4_1 sse4_2 x2apic movbe popcnt tsc_deadline_timer aes xsave avx f16c rdrand lahf_lm abm 3dnowprefetch cpuid_fault epb invpcid_single pti ibrs ibpb stibp tpr_shadow vnmi flexpriority ept vpid fsgsbase tsc_adjust bmi1 avx2 smep bmi2 erms invpcid mpx rdseed adx smap clflushopt intel_pt xsaveopt xsavec xgetbv1 xsaves dtherm ida arat pln pts hwp hwp_notify hwp_act_window hwp_epp
bugs		: cpu_meltdown spectre_v1 spectre_v2 spec_store_bypass l1tf
bogomips	: 3600.00
clflush size	: 64
cache_alignment	: 64
address sizes	: 39 bits physical, 48 bits virtual
power management:

processor	: 6
vendor_id	: GenuineIntel
cpu family	: 6
model		: 142
model name	: Intel(R) Core(TM) i5-8250U CPU @ 1.60GHz
stepping	: 10
microcode	: 0x84
cpu MHz		: 2784.558
cache size	: 6144 KB
physical id	: 0
siblings	: 8
core id		: 2
cpu cores	: 4
apicid		: 5
initial apicid	: 5
fpu		: yes
fpu_exception	: yes
cpuid level	: 22
wp		: yes
flags		: fpu vme de pse tsc msr pae mce cx8 apic sep mtrr pge mca cmov pat pse36 clflush dts acpi mmx fxsr sse sse2 ss ht tm pbe syscall nx pdpe1gb rdtscp lm constant_tsc art arch_perfmon pebs bts rep_good nopl xtopology nonstop_tsc cpuid aperfmperf tsc_known_freq pni pclmulqdq dtes64 monitor ds_cpl vmx est tm2 ssse3 sdbg fma cx16 xtpr pdcm pcid sse4_1 sse4_2 x2apic movbe popcnt tsc_deadline_timer aes xsave avx f16c rdrand lahf_lm abm 3dnowprefetch cpuid_fault epb invpcid_single pti ibrs ibpb stibp tpr_shadow vnmi flexpriority ept vpid fsgsbase tsc_adjust bmi1 avx2 smep bmi2 erms invpcid mpx rdseed adx smap clflushopt intel_pt xsaveopt xsavec xgetbv1 xsaves dtherm ida arat pln pts hwp hwp_notify hwp_act_window hwp_epp
bugs		: cpu_meltdown spectre_v1 spectre_v2 spec_store_bypass l1tf
bogomips	: 3600.00
clflush size	: 64
cache_alignment	: 64
address sizes	: 39 bits physical, 48 bits virtual
power management:

processor	: 7
vendor_id	: GenuineIntel
cpu family	: 6
model		: 142
model name	: Intel(R) Core(TM) i5-8250U CPU @ 1.60GHz
stepping	: 10
microcode	: 0x84
cpu MHz		: 2784.661
cache size	: 6144 KB
physical id	: 0
siblings	: 8
core id		: 3
cpu cores	: 4
apicid		: 7
initial apicid	: 7
fpu		: yes
fpu_exception	: yes
cpuid level	: 22
wp		: yes
flags		: fpu vme de pse tsc msr pae mce cx8 apic sep mtrr pge mca cmov pat pse36 clflush dts acpi mmx fxsr sse sse2 ss ht tm pbe syscall nx pdpe1gb rdtscp lm constant_tsc art arch_perfmon pebs bts rep_good nopl xtopology nonstop_tsc cpuid aperfmperf tsc_known_freq pni pclmulqdq dtes64 monitor ds_cpl vmx est tm2 ssse3 sdbg fma cx16 xtpr pdcm pcid sse4_1 sse4_2 x2apic movbe popcnt tsc_deadline_timer aes xsave avx f16c rdrand lahf_lm abm 3dnowprefetch cpuid_fault epb invpcid_single pti ibrs ibpb stibp tpr_shadow vnmi flexpriority ept vpid fsgsbase tsc_adjust bmi1 avx2 smep bmi2 erms invpcid mpx rdseed adx smap clflushopt intel_pt xsaveopt xsavec xgetbv1 xsaves dtherm ida arat pln pts hwp hwp_notify hwp_act_window hwp_epp
bugs		: cpu_meltdown spectre_v1 spectre_v2 spec_store_bypass l1tf
bogomips	: 3600.00
clflush size	: 64
cache_alignment	: 64
address sizes	: 39 bits physical, 48 bits virtual
power management:



Memory: 4k page, physical 7884860k(112568k free), swap 2036796k(0k free)

vm_info: Java HotSpot(TM) 64-Bit Server VM (25.191-b12) for linux-amd64 JRE (1.8.0_191-b12), built on Oct  6 2018 05:43:09 by "java_re" with gcc 7.3.0

time: Sat Dec  8 15:26:22 2018
elapsed time: 12 seconds (0d 0h 0m 12s)

