#
# There is insufficient memory for the Java Runtime Environment to continue.
# Native memory allocation (mmap) failed to map 245366784 bytes for committing reserved memory.
# Possible reasons:
#   The system is out of physical RAM or swap space
#   In 32 bit mode, the process size limit was hit
# Possible solutions:
#   Reduce memory load on the system
#   Increase physical memory or swap space
#   Check if swap backing store is full
#   Use 64 bit Java on a 64 bit OS
#   Decrease Java heap size (-Xmx/-Xms)
#   Decrease number of Java threads
#   Decrease Java thread stack sizes (-Xss)
#   Set larger code cache with -XX:ReservedCodeCacheSize=
# This output file may be truncated or incomplete.
#
#  Out of Memory Error (os_linux.cpp:2743), pid=8870, tid=0x00007f66f4d24700
#
# JRE version: Java(TM) SE Runtime Environment (8.0_191-b12) (build 1.8.0_191-b12)
# Java VM: Java HotSpot(TM) 64-Bit Server VM (25.191-b12 mixed mode linux-amd64 compressed oops)
# Failed to write core dump. Core dumps have been disabled. To enable core dumping, try "ulimit -c unlimited" before starting Java again
#

---------------  T H R E A D  ---------------

Current thread (0x00007f6708081800):  VMThread [stack: 0x00007f66f4c25000,0x00007f66f4d25000] [id=9016]

Stack: [0x00007f66f4c25000,0x00007f66f4d25000],  sp=0x00007f66f4d23430,  free space=1017k
Native frames: (J=compiled Java code, j=interpreted, Vv=VM code, C=native code)
V  [libjvm.so+0xace425]  VMError::report_and_die()+0x2c5
V  [libjvm.so+0x4deb77]  report_vm_out_of_memory(char const*, int, unsigned long, VMErrorType, char const*)+0x67
V  [libjvm.so+0x90c570]  os::pd_commit_memory(char*, unsigned long, unsigned long, bool)+0x100
V  [libjvm.so+0x903eaf]  os::commit_memory(char*, unsigned long, unsigned long, bool)+0x1f
V  [libjvm.so+0x988346]  PSVirtualSpace::expand_by(unsigned long)+0x56
V  [libjvm.so+0x9895d8]  PSYoungGen::resize(unsigned long, unsigned long)+0xd8
V  [libjvm.so+0x985d66]  PSScavenge::invoke_no_policy()+0x1356
V  [libjvm.so+0x98610c]  PSScavenge::invoke()+0x4c
V  [libjvm.so+0x935fb8]  ParallelScavengeHeap::failed_mem_allocate(unsigned long)+0x68
V  [libjvm.so+0xacff53]  VM_ParallelGCFailedAllocation::doit()+0x93
V  [libjvm.so+0xad50f6]  VM_Operation::evaluate()+0x46
V  [libjvm.so+0xad347d]  VMThread::evaluate_operation(VM_Operation*) [clone .constprop.44]+0xcd
V  [libjvm.so+0xad3a3b]  VMThread::loop()+0x37b
V  [libjvm.so+0xad3de8]  VMThread::run()+0x78
V  [libjvm.so+0x909c92]  java_start(Thread*)+0x102

VM_Operation (0x00007f66963b5100): ParallelGCFailedAllocation, mode: safepoint, requested by thread 0x00007f6708292800


---------------  P R O C E S S  ---------------

Java Threads: ( => current thread )
  0x00007f6708295800 JavaThread "JavaFX-Launcher" [_thread_blocked, id=9304, stack(0x00007f6695f77000,0x00007f6696078000)]
  0x00007f6708292800 JavaThread "JavaFX Application Thread" [_thread_blocked, id=9287, stack(0x00007f66962b7000,0x00007f66963b8000)]
  0x00007f670828f000 JavaThread "Thread-1" daemon [_thread_blocked, id=9285, stack(0x00007f66a001e000,0x00007f66a011f000)]
  0x00007f67081aa000 JavaThread "QuantumRenderer-0" daemon [_thread_blocked, id=9229, stack(0x00007f66bfafb000,0x00007f66bfbfc000)]
  0x00007f67080cc800 JavaThread "Service Thread" daemon [_thread_blocked, id=9156, stack(0x00007f66bfcfd000,0x00007f66bfdfe000)]
  0x00007f67080c9800 JavaThread "C1 CompilerThread3" daemon [_thread_blocked, id=9149, stack(0x00007f66bfdff000,0x00007f66bfeff000)]
  0x00007f67080c7800 JavaThread "C2 CompilerThread2" daemon [_thread_blocked, id=9139, stack(0x00007f66bff00000,0x00007f66c0000000)]
  0x00007f67080c6000 JavaThread "C2 CompilerThread1" daemon [_thread_blocked, id=9124, stack(0x00007f66d80ce000,0x00007f66d81ce000)]
  0x00007f67080c3000 JavaThread "C2 CompilerThread0" daemon [_thread_blocked, id=9115, stack(0x00007f66d81cf000,0x00007f66d82cf000)]
  0x00007f67080c1800 JavaThread "Signal Dispatcher" daemon [_thread_blocked, id=9106, stack(0x00007f66d82cf000,0x00007f66d83d0000)]
  0x00007f670808d800 JavaThread "Finalizer" daemon [_thread_blocked, id=9059, stack(0x00007f66f4a22000,0x00007f66f4b23000)]
  0x00007f670808b000 JavaThread "Reference Handler" daemon [_thread_blocked, id=9032, stack(0x00007f66f4b23000,0x00007f66f4c24000)]
  0x00007f670800b000 JavaThread "main" [_thread_blocked, id=8890, stack(0x00007f670e92e000,0x00007f670ea2e000)]

Other Threads:
=>0x00007f6708081800 VMThread [stack: 0x00007f66f4c25000,0x00007f66f4d25000] [id=9016]
  0x00007f67080d1800 WatcherThread [stack: 0x00007f66bfbfd000,0x00007f66bfcfd000] [id=9162]

VM state:at safepoint (normal execution)

VM Mutex/Monitor currently owned by a thread:  ([mutex/lock_event])
[0x00007f67080079b0] Threads_lock - owner thread: 0x00007f6708081800
[0x00007f6708007eb0] Heap_lock - owner thread: 0x00007f6708292800

Heap:
 PSYoungGen      total 403968K, used 0K [0x00000000d7e00000, 0x00000000f0d00000, 0x0000000100000000)
  eden space 399360K, 0% used [0x00000000d7e00000,0x00000000d7e00000,0x00000000f0400000)
  from space 4608K, 0% used [0x00000000f0400000,0x00000000f0400000,0x00000000f0880000)
  to   space 4608K, 0% used [0x00000000f0880000,0x00000000f0880000,0x00000000f0d00000)
 ParOldGen       total 83456K, used 2909K [0x0000000087a00000, 0x000000008cb80000, 0x00000000d7e00000)
  object space 83456K, 3% used [0x0000000087a00000,0x0000000087cd77d8,0x000000008cb80000)
 Metaspace       used 9231K, capacity 9626K, committed 9984K, reserved 1058816K
  class space    used 1263K, capacity 1410K, committed 1536K, reserved 1048576K

Card table byte_map: [0x00007f66f8234000,0x00007f66f85f8000] byte_map_base: 0x00007f66f7df7000

Marking Bits: (ParMarkBitMap*) 0x00007f670ddd3d40
 Begin Bits: [0x00007f66d83d0000, 0x00007f66da1e8000)
 End Bits:   [0x00007f66da1e8000, 0x00007f66dc000000)

Polling page: 0x00007f670ea43000

CodeCache: size=245760Kb used=3004Kb max_used=3004Kb free=242755Kb
 bounds [0x00007f66f89b8000, 0x00007f66f8cb8000, 0x00007f67079b8000]
 total_blobs=1229 nmethods=763 adapters=380
 compilation: enabled

Compilation events (10 events):
Event: 10,100 Thread 0x00007f67080c9800  761   !   3       java.lang.ref.Finalizer::runFinalizer (62 bytes)
Event: 10,101 Thread 0x00007f67080c9800 nmethod 761 0x00007f66f8c9b950 code [0x00007f66f8c9bb20, 0x00007f66f8c9c398]
Event: 10,101 Thread 0x00007f67080c9800  762       3       java.lang.ref.Finalizer::hasBeenFinalized (14 bytes)
Event: 10,101 Thread 0x00007f67080c9800 nmethod 762 0x00007f66f8c9b5d0 code [0x00007f66f8c9b740, 0x00007f66f8c9b8f0]
Event: 10,101 Thread 0x00007f67080c9800  763   !   3       java.lang.ref.Finalizer::remove (94 bytes)
Event: 10,101 Thread 0x00007f67080c9800 nmethod 763 0x00007f66f8ca68d0 code [0x00007f66f8ca6a60, 0x00007f66f8ca6f30]
Event: 10,112 Thread 0x00007f67080c9800  765       3       java.util.zip.ZipFile$ZipFileInputStream::finalize (5 bytes)
Event: 10,112 Thread 0x00007f67080c9800 nmethod 765 0x00007f66f8ca7090 code [0x00007f66f8ca7200, 0x00007f66f8ca7388]
Event: 10,112 Thread 0x00007f67080c9800  764   !   3       java.lang.ref.ReferenceQueue::remove (125 bytes)
Event: 10,113 Thread 0x00007f67080c9800 nmethod 764 0x00007f66f8ca7410 code [0x00007f66f8ca7600, 0x00007f66f8ca7eb8]

GC Heap History (10 events):
Event: 12,148 GC heap after
Heap after GC invocations=6 (full 0):
 PSYoungGen      total 128512K, used 3123K [0x00000000d7e00000, 0x00000000dff00000, 0x0000000100000000)
  eden space 124928K, 0% used [0x00000000d7e00000,0x00000000d7e00000,0x00000000df800000)
  from space 3584K, 87% used [0x00000000dfb80000,0x00000000dfe8ccc0,0x00000000dff00000)
  to   space 3584K, 0% used [0x00000000df800000,0x00000000df800000,0x00000000dfb80000)
 ParOldGen       total 83456K, used 24K [0x0000000087a00000, 0x000000008cb80000, 0x00000000d7e00000)
  object space 83456K, 0% used [0x0000000087a00000,0x0000000087a06000,0x000000008cb80000)
 Metaspace       used 9231K, capacity 9626K, committed 9984K, reserved 1058816K
  class space    used 1263K, capacity 1410K, committed 1536K, reserved 1048576K
}
Event: 13,215 GC heap before
{Heap before GC invocations=7 (full 0):
 PSYoungGen      total 128512K, used 128051K [0x00000000d7e00000, 0x00000000dff00000, 0x0000000100000000)
  eden space 124928K, 100% used [0x00000000d7e00000,0x00000000df800000,0x00000000df800000)
  from space 3584K, 87% used [0x00000000dfb80000,0x00000000dfe8ccc0,0x00000000dff00000)
  to   space 3584K, 0% used [0x00000000df800000,0x00000000df800000,0x00000000dfb80000)
 ParOldGen       total 83456K, used 24K [0x0000000087a00000, 0x000000008cb80000, 0x00000000d7e00000)
  object space 83456K, 0% used [0x0000000087a00000,0x0000000087a06000,0x000000008cb80000)
 Metaspace       used 9231K, capacity 9626K, committed 9984K, reserved 1058816K
  class space    used 1263K, capacity 1410K, committed 1536K, reserved 1048576K
Event: 13,227 GC heap after
Heap after GC invocations=7 (full 0):
 PSYoungGen      total 128512K, used 0K [0x00000000d7e00000, 0x00000000e7a00000, 0x0000000100000000)
  eden space 124928K, 0% used [0x00000000d7e00000,0x00000000d7e00000,0x00000000df800000)
  from space 3584K, 0% used [0x00000000df800000,0x00000000df800000,0x00000000dfb80000)
  to   space 4096K, 0% used [0x00000000e7600000,0x00000000e7600000,0x00000000e7a00000)
 ParOldGen       total 83456K, used 2909K [0x0000000087a00000, 0x000000008cb80000, 0x00000000d7e00000)
  object space 83456K, 3% used [0x0000000087a00000,0x0000000087cd77d8,0x000000008cb80000)
 Metaspace       used 9231K, capacity 9626K, committed 9984K, reserved 1058816K
  class space    used 1263K, capacity 1410K, committed 1536K, reserved 1048576K
}
Event: 13,978 GC heap before
{Heap before GC invocations=8 (full 0):
 PSYoungGen      total 128512K, used 124928K [0x00000000d7e00000, 0x00000000e7a00000, 0x0000000100000000)
  eden space 124928K, 100% used [0x00000000d7e00000,0x00000000df800000,0x00000000df800000)
  from space 3584K, 0% used [0x00000000df800000,0x00000000df800000,0x00000000dfb80000)
  to   space 4096K, 0% used [0x00000000e7600000,0x00000000e7600000,0x00000000e7a00000)
 ParOldGen       total 83456K, used 2909K [0x0000000087a00000, 0x000000008cb80000, 0x00000000d7e00000)
  object space 83456K, 3% used [0x0000000087a00000,0x0000000087cd77d8,0x000000008cb80000)
 Metaspace       used 9231K, capacity 9626K, committed 9984K, reserved 1058816K
  class space    used 1263K, capacity 1410K, committed 1536K, reserved 1048576K
Event: 13,983 GC heap after
Heap after GC invocations=8 (full 0):
 PSYoungGen      total 253440K, used 0K [0x00000000d7e00000, 0x00000000e7b00000, 0x0000000100000000)
  eden space 249344K, 0% used [0x00000000d7e00000,0x00000000d7e00000,0x00000000e7180000)
  from space 4096K, 0% used [0x00000000e7600000,0x00000000e7600000,0x00000000e7a00000)
  to   space 4608K, 0% used [0x00000000e7180000,0x00000000e7180000,0x00000000e7600000)
 ParOldGen       total 83456K, used 2909K [0x0000000087a00000, 0x000000008cb80000, 0x00000000d7e00000)
  object space 83456K, 3% used [0x0000000087a00000,0x0000000087cd77d8,0x000000008cb80000)
 Metaspace       used 9231K, capacity 9626K, committed 9984K, reserved 1058816K
  class space    used 1263K, capacity 1410K, committed 1536K, reserved 1048576K
}
Event: 15,263 GC heap before
{Heap before GC invocations=9 (full 0):
 PSYoungGen      total 253440K, used 249344K [0x00000000d7e00000, 0x00000000e7b00000, 0x0000000100000000)
  eden space 249344K, 100% used [0x00000000d7e00000,0x00000000e7180000,0x00000000e7180000)
  from space 4096K, 0% used [0x00000000e7600000,0x00000000e7600000,0x00000000e7a00000)
  to   space 4608K, 0% used [0x00000000e7180000,0x00000000e7180000,0x00000000e7600000)
 ParOldGen       total 83456K, used 2909K [0x0000000087a00000, 0x000000008cb80000, 0x00000000d7e00000)
  object space 83456K, 3% used [0x0000000087a00000,0x0000000087cd77d8,0x000000008cb80000)
 Metaspace       used 9231K, capacity 9626K, committed 9984K, reserved 1058816K
  class space    used 1263K, capacity 1410K, committed 1536K, reserved 1048576K
Event: 15,270 GC heap after
Heap after GC invocations=9 (full 0):
 PSYoungGen      total 253952K, used 0K [0x00000000d7e00000, 0x00000000f0d00000, 0x0000000100000000)
  eden space 249344K, 0% used [0x00000000d7e00000,0x00000000d7e00000,0x00000000e7180000)
  from space 4608K, 0% used [0x00000000e7180000,0x00000000e7180000,0x00000000e7600000)
  to   space 4608K, 0% used [0x00000000f0880000,0x00000000f0880000,0x00000000f0d00000)
 ParOldGen       total 83456K, used 2909K [0x0000000087a00000, 0x000000008cb80000, 0x00000000d7e00000)
  object space 83456K, 3% used [0x0000000087a00000,0x0000000087cd77d8,0x000000008cb80000)
 Metaspace       used 9231K, capacity 9626K, committed 9984K, reserved 1058816K
  class space    used 1263K, capacity 1410K, committed 1536K, reserved 1048576K
}
Event: 16,265 GC heap before
{Heap before GC invocations=10 (full 0):
 PSYoungGen      total 253952K, used 249344K [0x00000000d7e00000, 0x00000000f0d00000, 0x0000000100000000)
  eden space 249344K, 100% used [0x00000000d7e00000,0x00000000e7180000,0x00000000e7180000)
  from space 4608K, 0% used [0x00000000e7180000,0x00000000e7180000,0x00000000e7600000)
  to   space 4608K, 0% used [0x00000000f0880000,0x00000000f0880000,0x00000000f0d00000)
 ParOldGen       total 83456K, used 2909K [0x0000000087a00000, 0x000000008cb80000, 0x00000000d7e00000)
  object space 83456K, 3% used [0x0000000087a00000,0x0000000087cd77d8,0x000000008cb80000)
 Metaspace       used 9231K, capacity 9626K, committed 9984K, reserved 1058816K
  class space    used 1263K, capacity 1410K, committed 1536K, reserved 1048576K
Event: 16,271 GC heap after
Heap after GC invocations=10 (full 0):
 PSYoungGen      total 403968K, used 0K [0x00000000d7e00000, 0x00000000f0d00000, 0x0000000100000000)
  eden space 399360K, 0% used [0x00000000d7e00000,0x00000000d7e00000,0x00000000f0400000)
  from space 4608K, 0% used [0x00000000f0880000,0x00000000f0880000,0x00000000f0d00000)
  to   space 4608K, 0% used [0x00000000f0400000,0x00000000f0400000,0x00000000f0880000)
 ParOldGen       total 83456K, used 2909K [0x0000000087a00000, 0x000000008cb80000, 0x00000000d7e00000)
  object space 83456K, 3% used [0x0000000087a00000,0x0000000087cd77d8,0x000000008cb80000)
 Metaspace       used 9231K, capacity 9626K, committed 9984K, reserved 1058816K
  class space    used 1263K, capacity 1410K, committed 1536K, reserved 1048576K
}
Event: 18,778 GC heap before
{Heap before GC invocations=11 (full 0):
 PSYoungGen      total 403968K, used 399360K [0x00000000d7e00000, 0x00000000f0d00000, 0x0000000100000000)
  eden space 399360K, 100% used [0x00000000d7e00000,0x00000000f0400000,0x00000000f0400000)
  from space 4608K, 0% used [0x00000000f0880000,0x00000000f0880000,0x00000000f0d00000)
  to   space 4608K, 0% used [0x00000000f0400000,0x00000000f0400000,0x00000000f0880000)
 ParOldGen       total 83456K, used 2909K [0x0000000087a00000, 0x000000008cb80000, 0x00000000d7e00000)
  object space 83456K, 3% used [0x0000000087a00000,0x0000000087cd77d8,0x000000008cb80000)
 Metaspace       used 9231K, capacity 9626K, committed 9984K, reserved 1058816K
  class space    used 1263K, capacity 1410K, committed 1536K, reserved 1048576K

Deoptimization events (3 events):
Event: 6,342 Thread 0x00007f6708292800 Uncommon trap: reason=unstable_if action=reinterpret pc=0x00007f66f8b6ba44 method=java.lang.String.replace(CC)Ljava/lang/String; @ 2
Event: 7,417 Thread 0x00007f6708292800 Uncommon trap: reason=unstable_if action=reinterpret pc=0x00007f66f8c226f0 method=java.io.BufferedInputStream.read()I @ 8
Event: 7,516 Thread 0x00007f6708292800 Uncommon trap: reason=unstable_if action=reinterpret pc=0x00007f66f8c3efa8 method=java.util.HashMap.getNode(ILjava/lang/Object;)Ljava/util/HashMap$Node; @ 84

Classes redefined (0 events):
No events

Internal exceptions (10 events):
Event: 0,349 Thread 0x00007f670800b000 Exception <a 'java/lang/NoSuchMethodError': Method sun.misc.Unsafe.prefetchRead(Ljava/lang/Object;J)V name or signature does not match> (0x00000000d7e07f98) thrown at [/HUDSON/workspace/8-2-build-linux-amd64/jdk8u191/11894/hotspot/src/share/vm/prims/jni.c
Event: 1,144 Thread 0x00007f670800b000 Exception <a 'java/lang/NoSuchFieldError': method resolution failed> (0x00000000d8002430) thrown at [/HUDSON/workspace/8-2-build-linux-amd64/jdk8u191/11894/hotspot/src/share/vm/prims/methodHandles.cpp, line 1167]
Event: 1,161 Thread 0x00007f670800b000 Exception <a 'java/lang/NoSuchFieldError': method resolution failed> (0x00000000d800f780) thrown at [/HUDSON/workspace/8-2-build-linux-amd64/jdk8u191/11894/hotspot/src/share/vm/prims/methodHandles.cpp, line 1167]
Event: 4,653 Thread 0x00007f670800b000 Exception <a 'java/security/PrivilegedActionException'> (0x00000000d8098eb8) thrown at [/HUDSON/workspace/8-2-build-linux-amd64/jdk8u191/11894/hotspot/src/share/vm/prims/jvm.cpp, line 1435]
Event: 4,656 Thread 0x00007f670800b000 Exception <a 'java/security/PrivilegedActionException'> (0x00000000d80990c8) thrown at [/HUDSON/workspace/8-2-build-linux-amd64/jdk8u191/11894/hotspot/src/share/vm/prims/jvm.cpp, line 1435]
Event: 4,658 Thread 0x00007f670800b000 Exception <a 'java/security/PrivilegedActionException'> (0x00000000d809b530) thrown at [/HUDSON/workspace/8-2-build-linux-amd64/jdk8u191/11894/hotspot/src/share/vm/prims/jvm.cpp, line 1435]
Event: 4,659 Thread 0x00007f670800b000 Exception <a 'java/security/PrivilegedActionException'> (0x00000000d809b740) thrown at [/HUDSON/workspace/8-2-build-linux-amd64/jdk8u191/11894/hotspot/src/share/vm/prims/jvm.cpp, line 1435]
Event: 4,783 Thread 0x00007f670800b000 Exception <a 'java/lang/NullPointerException'> (0x00000000d809bd18) thrown at [/HUDSON/workspace/8-2-build-linux-amd64/jdk8u191/11894/hotspot/src/share/vm/interpreter/linkResolver.cpp, line 1185]
Event: 6,839 Thread 0x00007f6708292800 Exception <a 'java/lang/NullPointerException'> (0x00000000d88f7c40) thrown at [/HUDSON/workspace/8-2-build-linux-amd64/jdk8u191/11894/hotspot/src/share/vm/interpreter/linkResolver.cpp, line 1185]
Event: 6,839 Thread 0x00007f6708292800 Exception <a 'java/lang/NullPointerException'> (0x00000000d88f7c40) thrown at [/HUDSON/workspace/8-2-build-linux-amd64/jdk8u191/11894/hotspot/src/share/vm/prims/jvm.cpp, line 1439]

Events (10 events):
Event: 12,181 Executing VM operation: ParallelGCFailedAllocation done
Event: 13,215 Executing VM operation: ParallelGCFailedAllocation
Event: 13,227 Executing VM operation: ParallelGCFailedAllocation done
Event: 13,976 Executing VM operation: ParallelGCFailedAllocation
Event: 13,983 Executing VM operation: ParallelGCFailedAllocation done
Event: 15,263 Executing VM operation: ParallelGCFailedAllocation
Event: 15,270 Executing VM operation: ParallelGCFailedAllocation done
Event: 16,265 Executing VM operation: ParallelGCFailedAllocation
Event: 16,271 Executing VM operation: ParallelGCFailedAllocation done
Event: 18,772 Executing VM operation: ParallelGCFailedAllocation


Dynamic libraries:
00400000-00401000 r-xp 00000000 103:05 2225208                           /usr/lib/jvm/java-8-oracle/bin/java
00600000-00601000 r--p 00000000 103:05 2225208                           /usr/lib/jvm/java-8-oracle/bin/java
00601000-00602000 rw-p 00001000 103:05 2225208                           /usr/lib/jvm/java-8-oracle/bin/java
01b73000-01b94000 rw-p 00000000 00:00 0                                  [heap]
87a00000-8cb80000 rw-p 00000000 00:00 0 
8cb80000-d7e00000 ---p 00000000 00:00 0 
d7e00000-f0d00000 rw-p 00000000 00:00 0 
ff700000-100000000 ---p 00000000 00:00 0 
100000000-100180000 rw-p 00000000 00:00 0 
100180000-140000000 ---p 00000000 00:00 0 
7f6688000000-7f66880fa000 rw-p 00000000 00:00 0 
7f66880fa000-7f668c000000 ---p 00000000 00:00 0 
7f668c000000-7f668c021000 rw-p 00000000 00:00 0 
7f668c021000-7f6690000000 ---p 00000000 00:00 0 
7f6690000000-7f6690021000 rw-p 00000000 00:00 0 
7f6690021000-7f6694000000 ---p 00000000 00:00 0 
7f6695b73000-7f6695bb3000 rw-p 00000000 00:00 0 
7f6695bb3000-7f6695d73000 ---p 00000000 00:00 0 
7f6695d73000-7f6695d76000 r-xp 00000000 103:05 2359792                   /usr/lib/jvm/java-8-oracle/jre/lib/amd64/libjavafx_font.so
7f6695d76000-7f6695f75000 ---p 00003000 103:05 2359792                   /usr/lib/jvm/java-8-oracle/jre/lib/amd64/libjavafx_font.so
7f6695f75000-7f6695f76000 r--p 00002000 103:05 2359792                   /usr/lib/jvm/java-8-oracle/jre/lib/amd64/libjavafx_font.so
7f6695f76000-7f6695f77000 rw-p 00003000 103:05 2359792                   /usr/lib/jvm/java-8-oracle/jre/lib/amd64/libjavafx_font.so
7f6695f77000-7f6695f7a000 ---p 00000000 00:00 0 
7f6695f7a000-7f6696078000 rw-p 00000000 00:00 0 
7f6696078000-7f66960b4000 r-xp 00000000 103:05 1837158                   /lib/x86_64-linux-gnu/libnss_systemd.so.2
7f66960b4000-7f66962b3000 ---p 0003c000 103:05 1837158                   /lib/x86_64-linux-gnu/libnss_systemd.so.2
7f66962b3000-7f66962b6000 r--p 0003b000 103:05 1837158                   /lib/x86_64-linux-gnu/libnss_systemd.so.2
7f66962b6000-7f66962b7000 rw-p 0003e000 103:05 1837158                   /lib/x86_64-linux-gnu/libnss_systemd.so.2
7f66962b7000-7f66962ba000 ---p 00000000 00:00 0 
7f66962ba000-7f66963b8000 rw-p 00000000 00:00 0 
7f66963b8000-7f66963bf000 r-xp 00000000 103:05 2234446                   /usr/lib/x86_64-linux-gnu/libogg.so.0.8.2
7f66963bf000-7f66965bf000 ---p 00007000 103:05 2234446                   /usr/lib/x86_64-linux-gnu/libogg.so.0.8.2
7f66965bf000-7f66965c0000 r--p 00007000 103:05 2234446                   /usr/lib/x86_64-linux-gnu/libogg.so.0.8.2
7f66965c0000-7f66965c1000 rw-p 00008000 103:05 2234446                   /usr/lib/x86_64-linux-gnu/libogg.so.0.8.2
7f66965c1000-7f66965eb000 r-xp 00000000 103:05 2234754                   /usr/lib/x86_64-linux-gnu/libvorbis.so.0.4.8
7f66965eb000-7f66967ea000 ---p 0002a000 103:05 2234754                   /usr/lib/x86_64-linux-gnu/libvorbis.so.0.4.8
7f66967ea000-7f66967eb000 r--p 00029000 103:05 2234754                   /usr/lib/x86_64-linux-gnu/libvorbis.so.0.4.8
7f66967eb000-7f66967ec000 rw-p 0002a000 103:05 2234754                   /usr/lib/x86_64-linux-gnu/libvorbis.so.0.4.8
7f66967ec000-7f66967f5000 r-xp 00000000 103:05 2234345                   /usr/lib/x86_64-linux-gnu/libltdl.so.7.3.1
7f66967f5000-7f66969f4000 ---p 00009000 103:05 2234345                   /usr/lib/x86_64-linux-gnu/libltdl.so.7.3.1
7f66969f4000-7f66969f5000 r--p 00008000 103:05 2234345                   /usr/lib/x86_64-linux-gnu/libltdl.so.7.3.1
7f66969f5000-7f66969f6000 rw-p 00009000 103:05 2234345                   /usr/lib/x86_64-linux-gnu/libltdl.so.7.3.1
7f66969f6000-7f6696a0b000 r-xp 00000000 103:05 2234679                   /usr/lib/x86_64-linux-gnu/libtdb.so.1.3.15
7f6696a0b000-7f6696c0a000 ---p 00015000 103:05 2234679                   /usr/lib/x86_64-linux-gnu/libtdb.so.1.3.15
7f6696c0a000-7f6696c0b000 r--p 00014000 103:05 2234679                   /usr/lib/x86_64-linux-gnu/libtdb.so.1.3.15
7f6696c0b000-7f6696c0c000 rw-p 00015000 103:05 2234679                   /usr/lib/x86_64-linux-gnu/libtdb.so.1.3.15
7f6696c0c000-7f6696c13000 r-xp 00000000 103:05 2234758                   /usr/lib/x86_64-linux-gnu/libvorbisfile.so.3.3.7
7f6696c13000-7f6696e12000 ---p 00007000 103:05 2234758                   /usr/lib/x86_64-linux-gnu/libvorbisfile.so.3.3.7
7f6696e12000-7f6696e13000 r--p 00006000 103:05 2234758                   /usr/lib/x86_64-linux-gnu/libvorbisfile.so.3.3.7
7f6696e13000-7f6696e14000 rw-p 00007000 103:05 2234758                   /usr/lib/x86_64-linux-gnu/libvorbisfile.so.3.3.7
7f6696e14000-7f6696e24000 r-xp 00000000 103:05 2233802                   /usr/lib/x86_64-linux-gnu/libcanberra.so.0.2.5
7f6696e24000-7f6697024000 ---p 00010000 103:05 2233802                   /usr/lib/x86_64-linux-gnu/libcanberra.so.0.2.5
7f6697024000-7f6697025000 r--p 00010000 103:05 2233802                   /usr/lib/x86_64-linux-gnu/libcanberra.so.0.2.5
7f6697025000-7f6697026000 rw-p 00011000 103:05 2233802                   /usr/lib/x86_64-linux-gnu/libcanberra.so.0.2.5
7f6697026000-7f669702a000 r-xp 00000000 103:05 2224812                   /usr/lib/x86_64-linux-gnu/libcanberra-gtk.so.0.1.9
7f669702a000-7f6697229000 ---p 00004000 103:05 2224812                   /usr/lib/x86_64-linux-gnu/libcanberra-gtk.so.0.1.9
7f6697229000-7f669722a000 r--p 00003000 103:05 2224812                   /usr/lib/x86_64-linux-gnu/libcanberra-gtk.so.0.1.9
7f669722a000-7f669722b000 rw-p 00004000 103:05 2224812                   /usr/lib/x86_64-linux-gnu/libcanberra-gtk.so.0.1.9
7f669722b000-7f6697230000 r-xp 00000000 103:05 2499481                   /usr/lib/x86_64-linux-gnu/gtk-2.0/modules/libcanberra-gtk-module.so
7f6697230000-7f6697430000 ---p 00005000 103:05 2499481                   /usr/lib/x86_64-linux-gnu/gtk-2.0/modules/libcanberra-gtk-module.so
7f6697430000-7f6697431000 r--p 00005000 103:05 2499481                   /usr/lib/x86_64-linux-gnu/gtk-2.0/modules/libcanberra-gtk-module.so
7f6697431000-7f6697432000 rw-p 00006000 103:05 2499481                   /usr/lib/x86_64-linux-gnu/gtk-2.0/modules/libcanberra-gtk-module.so
7f6697432000-7f669746c000 r-xp 00000000 103:05 2486368                   /usr/lib/x86_64-linux-gnu/gtk-2.0/2.10.0/engines/libmurrine.so
7f669746c000-7f669766c000 ---p 0003a000 103:05 2486368                   /usr/lib/x86_64-linux-gnu/gtk-2.0/2.10.0/engines/libmurrine.so
7f669766c000-7f669766d000 r--p 0003a000 103:05 2486368                   /usr/lib/x86_64-linux-gnu/gtk-2.0/2.10.0/engines/libmurrine.so
7f669766d000-7f669766e000 rw-p 0003b000 103:05 2486368                   /usr/lib/x86_64-linux-gnu/gtk-2.0/2.10.0/engines/libmurrine.so
7f669766e000-7f6697682000 r-xp 00000000 103:05 1837094                   /lib/x86_64-linux-gnu/libgpg-error.so.0.22.0
7f6697682000-7f6697881000 ---p 00014000 103:05 1837094                   /lib/x86_64-linux-gnu/libgpg-error.so.0.22.0
7f6697881000-7f6697882000 r--p 00013000 103:05 1837094                   /lib/x86_64-linux-gnu/libgpg-error.so.0.22.0
7f6697882000-7f6697883000 rw-p 00014000 103:05 1837094                   /lib/x86_64-linux-gnu/libgpg-error.so.0.22.0
7f6697883000-7f6697997000 r-xp 00000000 103:05 1837092                   /lib/x86_64-linux-gnu/libgcrypt.so.20.2.1
7f6697997000-7f6697b96000 ---p 00114000 103:05 1837092                   /lib/x86_64-linux-gnu/libgcrypt.so.20.2.1
7f6697b96000-7f6697b98000 r--p 00113000 103:05 1837092                   /lib/x86_64-linux-gnu/libgcrypt.so.20.2.1
7f6697b98000-7f6697b9d000 rw-p 00115000 103:05 1837092                   /lib/x86_64-linux-gnu/libgcrypt.so.20.2.1
7f6697b9d000-7f6697b9e000 rw-p 00000000 00:00 0 
7f6697b9e000-7f6697bb9000 r-xp 00000000 103:05 2234353                   /usr/lib/x86_64-linux-gnu/liblz4.so.1.7.1
7f6697bb9000-7f6697db8000 ---p 0001b000 103:05 2234353                   /usr/lib/x86_64-linux-gnu/liblz4.so.1.7.1
7f6697db8000-7f6697db9000 r--p 0001a000 103:05 2234353                   /usr/lib/x86_64-linux-gnu/liblz4.so.1.7.1
7f6697db9000-7f6697dba000 rw-p 0001b000 103:05 2234353                   /usr/lib/x86_64-linux-gnu/liblz4.so.1.7.1
7f6697dba000-7f6697dde000 r-xp 00000000 103:05 1837113                   /lib/x86_64-linux-gnu/liblzma.so.5.2.2
7f6697dde000-7f6697fde000 ---p 00024000 103:05 1837113                   /lib/x86_64-linux-gnu/liblzma.so.5.2.2
7f6697fde000-7f6697fdf000 r--p 00024000 103:05 1837113                   /lib/x86_64-linux-gnu/liblzma.so.5.2.2
7f6697fdf000-7f6697fe0000 rw-p 00025000 103:05 1837113                   /lib/x86_64-linux-gnu/liblzma.so.5.2.2
7f6697fe0000-7f6698060000 r-xp 00000000 103:05 1837207                   /lib/x86_64-linux-gnu/libsystemd.so.0.21.0
7f6698060000-7f669825f000 ---p 00080000 103:05 1837207                   /lib/x86_64-linux-gnu/libsystemd.so.0.21.0
7f669825f000-7f6698262000 r--p 0007f000 103:05 1837207                   /lib/x86_64-linux-gnu/libsystemd.so.0.21.0
7f6698262000-7f6698263000 rw-p 00082000 103:05 1837207                   /lib/x86_64-linux-gnu/libsystemd.so.0.21.0
7f6698263000-7f6698264000 rw-p 00000000 00:00 0 
7f6698264000-7f6698290000 r-xp 00000000 103:05 2233735                   /usr/lib/x86_64-linux-gnu/libatspi.so.0.0.1
7f6698290000-7f6698490000 ---p 0002c000 103:05 2233735                   /usr/lib/x86_64-linux-gnu/libatspi.so.0.0.1
7f6698490000-7f6698493000 r--p 0002c000 103:05 2233735                   /usr/lib/x86_64-linux-gnu/libatspi.so.0.0.1
7f6698493000-7f6698494000 rw-p 0002f000 103:05 2233735                   /usr/lib/x86_64-linux-gnu/libatspi.so.0.0.1
7f6698494000-7f66984df000 r-xp 00000000 103:05 1837068                   /lib/x86_64-linux-gnu/libdbus-1.so.3.19.4
7f66984df000-7f66986df000 ---p 0004b000 103:05 1837068                   /lib/x86_64-linux-gnu/libdbus-1.so.3.19.4
7f66986df000-7f66986e0000 r--p 0004b000 103:05 1837068                   /lib/x86_64-linux-gnu/libdbus-1.so.3.19.4
7f66986e0000-7f66986e1000 rw-p 0004c000 103:05 1837068                   /lib/x86_64-linux-gnu/libdbus-1.so.3.19.4
7f66986e1000-7f669870f000 r-xp 00000000 103:05 2233733                   /usr/lib/x86_64-linux-gnu/libatk-bridge-2.0.so.0.0.0
7f669870f000-7f669890f000 ---p 0002e000 103:05 2233733                   /usr/lib/x86_64-linux-gnu/libatk-bridge-2.0.so.0.0.0
7f669890f000-7f6698910000 r--p 0002e000 103:05 2233733                   /usr/lib/x86_64-linux-gnu/libatk-bridge-2.0.so.0.0.0
7f6698910000-7f6698911000 rw-p 0002f000 103:05 2233733                   /usr/lib/x86_64-linux-gnu/libatk-bridge-2.0.so.0.0.0
7f6698911000-7f6698912000 rw-p 00000000 00:00 0 
7f6698912000-7f6698913000 r-xp 00000000 103:05 2486386                   /usr/lib/x86_64-linux-gnu/gtk-2.0/modules/libatk-bridge.so
7f6698913000-7f6698b12000 ---p 00001000 103:05 2486386                   /usr/lib/x86_64-linux-gnu/gtk-2.0/modules/libatk-bridge.so
7f6698b12000-7f6698b13000 r--p 00000000 103:05 2486386                   /usr/lib/x86_64-linux-gnu/gtk-2.0/modules/libatk-bridge.so
7f6698b13000-7f6698b14000 rw-p 00001000 103:05 2486386                   /usr/lib/x86_64-linux-gnu/gtk-2.0/modules/libatk-bridge.so
7f6698b14000-7f6698b1b000 r-xp 00000000 103:05 2234029                   /usr/lib/x86_64-linux-gnu/libgailutil.so.18.0.1
7f6698b1b000-7f6698d1a000 ---p 00007000 103:05 2234029                   /usr/lib/x86_64-linux-gnu/libgailutil.so.18.0.1
7f6698d1a000-7f6698d1b000 r--p 00006000 103:05 2234029                   /usr/lib/x86_64-linux-gnu/libgailutil.so.18.0.1
7f6698d1b000-7f6698d1c000 rw-p 00007000 103:05 2234029                   /usr/lib/x86_64-linux-gnu/libgailutil.so.18.0.1
7f6698d1c000-7f6698d69000 r-xp 00000000 103:05 2486388                   /usr/lib/x86_64-linux-gnu/gtk-2.0/modules/libgail.so
7f6698d69000-7f6698f69000 ---p 0004d000 103:05 2486388                   /usr/lib/x86_64-linux-gnu/gtk-2.0/modules/libgail.so
7f6698f69000-7f6698f6a000 r--p 0004d000 103:05 2486388                   /usr/lib/x86_64-linux-gnu/gtk-2.0/modules/libgail.so
7f6698f6a000-7f6698f6c000 rw-p 0004e000 103:05 2486388                   /usr/lib/x86_64-linux-gnu/gtk-2.0/modules/libgail.so
7f6698f6c000-7f6698faf000 r-xp 00000000 103:05 2359766                   /usr/lib/jvm/java-8-oracle/jre/lib/amd64/libglass.so
7f6698faf000-7f66991af000 ---p 00043000 103:05 2359766                   /usr/lib/jvm/java-8-oracle/jre/lib/amd64/libglass.so
7f66991af000-7f66991b1000 r--p 00043000 103:05 2359766                   /usr/lib/jvm/java-8-oracle/jre/lib/amd64/libglass.so
7f66991b1000-7f66991b2000 rw-p 00045000 103:05 2359766                   /usr/lib/jvm/java-8-oracle/jre/lib/amd64/libglass.so
7f66991b2000-7f66991b3000 rw-p 00000000 00:00 0 
7f66991b3000-7f66991bb000 r-xp 00000000 103:05 2234485                   /usr/lib/x86_64-linux-gnu/libpciaccess.so.0.11.1
7f66991bb000-7f66993ba000 ---p 00008000 103:05 2234485                   /usr/lib/x86_64-linux-gnu/libpciaccess.so.0.11.1
7f66993ba000-7f66993bb000 r--p 00007000 103:05 2234485                   /usr/lib/x86_64-linux-gnu/libpciaccess.so.0.11.1
7f66993bb000-7f66993bc000 rw-p 00008000 103:05 2234485                   /usr/lib/x86_64-linux-gnu/libpciaccess.so.0.11.1
7f66993bc000-7f66993d3000 r-xp 00000000 103:05 1837090                   /lib/x86_64-linux-gnu/libgcc_s.so.1
7f66993d3000-7f66995d2000 ---p 00017000 103:05 1837090                   /lib/x86_64-linux-gnu/libgcc_s.so.1
7f66995d2000-7f66995d3000 r--p 00016000 103:05 1837090                   /lib/x86_64-linux-gnu/libgcc_s.so.1
7f66995d3000-7f66995d4000 rw-p 00017000 103:05 1837090                   /lib/x86_64-linux-gnu/libgcc_s.so.1
7f66995d4000-7f6699752000 r-xp 00000000 103:05 2234666                   /usr/lib/x86_64-linux-gnu/libstdc++.so.6.0.25
7f6699752000-7f6699952000 ---p 0017e000 103:05 2234666                   /usr/lib/x86_64-linux-gnu/libstdc++.so.6.0.25
7f6699952000-7f669995c000 r--p 0017e000 103:05 2234666                   /usr/lib/x86_64-linux-gnu/libstdc++.so.6.0.25
7f669995c000-7f669995e000 rw-p 00188000 103:05 2234666                   /usr/lib/x86_64-linux-gnu/libstdc++.so.6.0.25
7f669995e000-7f6699962000 rw-p 00000000 00:00 0 
7f6699962000-7f669996d000 r-xp 00000000 103:05 2233919                   /usr/lib/x86_64-linux-gnu/libdrm_radeon.so.1.0.1
7f669996d000-7f6699b6c000 ---p 0000b000 103:05 2233919                   /usr/lib/x86_64-linux-gnu/libdrm_radeon.so.1.0.1
7f6699b6c000-7f6699b6d000 r--p 0000a000 103:05 2233919                   /usr/lib/x86_64-linux-gnu/libdrm_radeon.so.1.0.1
7f6699b6d000-7f6699b6e000 rw-p 0000b000 103:05 2233919                   /usr/lib/x86_64-linux-gnu/libdrm_radeon.so.1.0.1
7f6699b6e000-7f6699b75000 r-xp 00000000 103:05 2233917                   /usr/lib/x86_64-linux-gnu/libdrm_nouveau.so.2.0.0
7f6699b75000-7f6699d74000 ---p 00007000 103:05 2233917                   /usr/lib/x86_64-linux-gnu/libdrm_nouveau.so.2.0.0
7f6699d74000-7f6699d75000 r--p 00006000 103:05 2233917                   /usr/lib/x86_64-linux-gnu/libdrm_nouveau.so.2.0.0
7f6699d75000-7f6699d76000 rw-p 00007000 103:05 2233917                   /usr/lib/x86_64-linux-gnu/libdrm_nouveau.so.2.0.0
7f6699d76000-7f6699d98000 r-xp 00000000 103:05 2233915                   /usr/lib/x86_64-linux-gnu/libdrm_intel.so.1.0.0
7f6699d98000-7f6699f97000 ---p 00022000 103:05 2233915                   /usr/lib/x86_64-linux-gnu/libdrm_intel.so.1.0.0
7f6699f97000-7f6699f98000 r--p 00021000 103:05 2233915                   /usr/lib/x86_64-linux-gnu/libdrm_intel.so.1.0.0
7f6699f98000-7f6699f99000 rw-p 00022000 103:05 2233915                   /usr/lib/x86_64-linux-gnu/libdrm_intel.so.1.0.0
7f6699f99000-7f669a818000 r-xp 00000000 103:05 2359968                   /usr/lib/x86_64-linux-gnu/dri/i965_dri.so
7f669a818000-7f669aa18000 ---p 0087f000 103:05 2359968                   /usr/lib/x86_64-linux-gnu/dri/i965_dri.so
7f669aa18000-7f669aa68000 r--p 0087f000 103:05 2359968                   /usr/lib/x86_64-linux-gnu/dri/i965_dri.so
7f669aa68000-7f669aa73000 rw-p 008cf000 103:05 2359968                   /usr/lib/x86_64-linux-gnu/dri/i965_dri.so
7f669aa73000-7f669ab18000 rw-p 00000000 00:00 0 
7f669ab18000-7f669ab28000 r-xp 00000000 103:05 2233911                   /usr/lib/x86_64-linux-gnu/libdrm.so.2.4.0
7f669ab28000-7f669ad27000 ---p 00010000 103:05 2233911                   /usr/lib/x86_64-linux-gnu/libdrm.so.2.4.0
7f669ad27000-7f669ad28000 r--p 0000f000 103:05 2233911                   /usr/lib/x86_64-linux-gnu/libdrm.so.2.4.0
7f669ad28000-7f669ad29000 rw-p 00010000 103:05 2233911                   /usr/lib/x86_64-linux-gnu/libdrm.so.2.4.0
7f669ad29000-7f669ad2d000 r-xp 00000000 103:05 2234813                   /usr/lib/x86_64-linux-gnu/libxcb-dri2.so.0.0.0
7f669ad2d000-7f669af2c000 ---p 00004000 103:05 2234813                   /usr/lib/x86_64-linux-gnu/libxcb-dri2.so.0.0.0
7f669af2c000-7f669af2d000 r--p 00003000 103:05 2234813                   /usr/lib/x86_64-linux-gnu/libxcb-dri2.so.0.0.0
7f669af2d000-7f669af2e000 rw-p 00004000 103:05 2234813                   /usr/lib/x86_64-linux-gnu/libxcb-dri2.so.0.0.0
7f669af2e000-7f669af46000 r-xp 00000000 103:05 2234817                   /usr/lib/x86_64-linux-gnu/libxcb-glx.so.0.0.0
7f669af46000-7f669b146000 ---p 00018000 103:05 2234817                   /usr/lib/x86_64-linux-gnu/libxcb-glx.so.0.0.0
7f669b146000-7f669b148000 r--p 00018000 103:05 2234817                   /usr/lib/x86_64-linux-gnu/libxcb-glx.so.0.0.0
7f669b148000-7f669b149000 rw-p 0001a000 103:05 2234817                   /usr/lib/x86_64-linux-gnu/libxcb-glx.so.0.0.0
7f669b149000-7f669b14a000 r-xp 00000000 103:05 2233639                   /usr/lib/x86_64-linux-gnu/libX11-xcb.so.1.0.0
7f669b14a000-7f669b349000 ---p 00001000 103:05 2233639                   /usr/lib/x86_64-linux-gnu/libX11-xcb.so.1.0.0
7f669b349000-7f669b34a000 r--p 00000000 103:05 2233639                   /usr/lib/x86_64-linux-gnu/libX11-xcb.so.1.0.0
7f669b34a000-7f669b34b000 rw-p 00001000 103:05 2233639                   /usr/lib/x86_64-linux-gnu/libX11-xcb.so.1.0.0
7f669b34b000-7f669b377000 r-xp 00000000 103:05 2234079                   /usr/lib/x86_64-linux-gnu/libglapi.so.0.0.0
7f669b377000-7f669b576000 ---p 0002c000 103:05 2234079                   /usr/lib/x86_64-linux-gnu/libglapi.so.0.0.0
7f669b576000-7f669b57a000 r--p 0002b000 103:05 2234079                   /usr/lib/x86_64-linux-gnu/libglapi.so.0.0.0
7f669b57a000-7f669b57b000 rw-p 0002f000 103:05 2234079                   /usr/lib/x86_64-linux-gnu/libglapi.so.0.0.0
7f669b57b000-7f669b57c000 rw-p 00000000 00:00 0 
7f669b57c000-7f669b57d000 r-xp 00000000 103:05 2234865                   /usr/lib/x86_64-linux-gnu/libxshmfence.so.1.0.0
7f669b57d000-7f669b77c000 ---p 00001000 103:05 2234865                   /usr/lib/x86_64-linux-gnu/libxshmfence.so.1.0.0
7f669b77c000-7f669b77d000 r--p 00000000 103:05 2234865                   /usr/lib/x86_64-linux-gnu/libxshmfence.so.1.0.0
7f669b77d000-7f669b77e000 rw-p 00001000 103:05 2234865                   /usr/lib/x86_64-linux-gnu/libxshmfence.so.1.0.0
7f669b77e000-7f669b783000 r-xp 00000000 103:05 2234839                   /usr/lib/x86_64-linux-gnu/libxcb-sync.so.1.0.0
7f669b783000-7f669b983000 ---p 00005000 103:05 2234839                   /usr/lib/x86_64-linux-gnu/libxcb-sync.so.1.0.0
7f669b983000-7f669b984000 r--p 00005000 103:05 2234839                   /usr/lib/x86_64-linux-gnu/libxcb-sync.so.1.0.0
7f669b984000-7f669b985000 rw-p 00006000 103:05 2234839                   /usr/lib/x86_64-linux-gnu/libxcb-sync.so.1.0.0
7f669b985000-7f669b987000 r-xp 00000000 103:05 2234825                   /usr/lib/x86_64-linux-gnu/libxcb-present.so.0.0.0
7f669b987000-7f669bb86000 ---p 00002000 103:05 2234825                   /usr/lib/x86_64-linux-gnu/libxcb-present.so.0.0.0
7f669bb86000-7f669bb87000 r--p 00001000 103:05 2234825                   /usr/lib/x86_64-linux-gnu/libxcb-present.so.0.0.0
7f669bb87000-7f669bb88000 rw-p 00002000 103:05 2234825                   /usr/lib/x86_64-linux-gnu/libxcb-present.so.0.0.0
7f669bb88000-7f669bb8b000 r-xp 00000000 103:05 2234815                   /usr/lib/x86_64-linux-gnu/libxcb-dri3.so.0.0.0
7f669bb8b000-7f669bd8a000 ---p 00003000 103:05 2234815                   /usr/lib/x86_64-linux-gnu/libxcb-dri3.so.0.0.0
7f669bd8a000-7f669bd8b000 r--p 00002000 103:05 2234815                   /usr/lib/x86_64-linux-gnu/libxcb-dri3.so.0.0.0
7f669bd8b000-7f669bd8c000 rw-p 00003000 103:05 2234815                   /usr/lib/x86_64-linux-gnu/libxcb-dri3.so.0.0.0
7f669bd8c000-7f669bdfc000 r-xp 00000000 103:05 2233605                   /usr/lib/x86_64-linux-gnu/libGLX_mesa.so.0.0.0
7f669bdfc000-7f669bffb000 ---p 00070000 103:05 2233605                   /usr/lib/x86_64-linux-gnu/libGLX_mesa.so.0.0.0
7f669bffb000-7f669bffe000 r--p 0006f000 103:05 2233605                   /usr/lib/x86_64-linux-gnu/libGLX_mesa.so.0.0.0
7f669bffe000-7f669bfff000 rw-p 00072000 103:05 2233605                   /usr/lib/x86_64-linux-gnu/libGLX_mesa.so.0.0.0
7f669bfff000-7f669c000000 rw-p 00000000 00:00 0 
7f669c000000-7f669d88b000 rw-p 00000000 00:00 0 
7f669d88b000-7f66a0000000 ---p 00000000 00:00 0 
7f66a001e000-7f66a0021000 ---p 00000000 00:00 0 
7f66a0021000-7f66a011f000 rw-p 00000000 00:00 0 
7f66a011f000-7f66a0132000 r-xp 00000000 103:05 1837049                   /lib/x86_64-linux-gnu/libbsd.so.0.8.7
7f66a0132000-7f66a0331000 ---p 00013000 103:05 1837049                   /lib/x86_64-linux-gnu/libbsd.so.0.8.7
7f66a0331000-7f66a0332000 r--p 00012000 103:05 1837049                   /lib/x86_64-linux-gnu/libbsd.so.0.8.7
7f66a0332000-7f66a0333000 rw-p 00013000 103:05 1837049                   /lib/x86_64-linux-gnu/libbsd.so.0.8.7
7f66a0333000-7f66a0334000 rw-p 00000000 00:00 0 
7f66a0334000-7f66a033a000 r-xp 00000000 103:05 1837221                   /lib/x86_64-linux-gnu/libuuid.so.1.3.0
7f66a033a000-7f66a0539000 ---p 00006000 103:05 1837221                   /lib/x86_64-linux-gnu/libuuid.so.1.3.0
7f66a0539000-7f66a053a000 r--p 00005000 103:05 1837221                   /lib/x86_64-linux-gnu/libuuid.so.1.3.0
7f66a053a000-7f66a053b000 rw-p 00006000 103:05 1837221                   /lib/x86_64-linux-gnu/libuuid.so.1.3.0
7f66a053b000-7f66a0541000 r-xp 00000000 103:05 2233873                   /usr/lib/x86_64-linux-gnu/libdatrie.so.1.3.3
7f66a0541000-7f66a0740000 ---p 00006000 103:05 2233873                   /usr/lib/x86_64-linux-gnu/libdatrie.so.1.3.3
7f66a0740000-7f66a0741000 r--p 00005000 103:05 2233873                   /usr/lib/x86_64-linux-gnu/libdatrie.so.1.3.3
7f66a0741000-7f66a0742000 rw-p 00006000 103:05 2233873                   /usr/lib/x86_64-linux-gnu/libdatrie.so.1.3.3
7f66a0742000-7f66a0747000 r-xp 00000000 103:05 2233656                   /usr/lib/x86_64-linux-gnu/libXdmcp.so.6.0.0
7f66a0747000-7f66a0946000 ---p 00005000 103:05 2233656                   /usr/lib/x86_64-linux-gnu/libXdmcp.so.6.0.0
7f66a0946000-7f66a0947000 r--p 00004000 103:05 2233656                   /usr/lib/x86_64-linux-gnu/libXdmcp.so.6.0.0
7f66a0947000-7f66a0948000 rw-p 00005000 103:05 2233656                   /usr/lib/x86_64-linux-gnu/libXdmcp.so.6.0.0
7f66a0948000-7f66a094a000 r-xp 00000000 103:05 2233645                   /usr/lib/x86_64-linux-gnu/libXau.so.6.0.0
7f66a094a000-7f66a0b4a000 ---p 00002000 103:05 2233645                   /usr/lib/x86_64-linux-gnu/libXau.so.6.0.0
7f66a0b4a000-7f66a0b4b000 r--p 00002000 103:05 2233645                   /usr/lib/x86_64-linux-gnu/libXau.so.6.0.0
7f66a0b4b000-7f66a0b4c000 rw-p 00003000 103:05 2233645                   /usr/lib/x86_64-linux-gnu/libXau.so.6.0.0
7f66a0b4c000-7f66a0b77000 r-xp 00000000 103:05 2234130                   /usr/lib/x86_64-linux-gnu/libgraphite2.so.3.0.1
7f66a0b77000-7f66a0d76000 ---p 0002b000 103:05 2234130                   /usr/lib/x86_64-linux-gnu/libgraphite2.so.3.0.1
7f66a0d76000-7f66a0d78000 r--p 0002a000 103:05 2234130                   /usr/lib/x86_64-linux-gnu/libgraphite2.so.3.0.1
7f66a0d78000-7f66a0d79000 rw-p 0002c000 103:05 2234130                   /usr/lib/x86_64-linux-gnu/libgraphite2.so.3.0.1
7f66a0d79000-7f66a0dc0000 r-xp 00000000 103:05 1837045                   /lib/x86_64-linux-gnu/libblkid.so.1.1.0
7f66a0dc0000-7f66a0fc0000 ---p 00047000 103:05 1837045                   /lib/x86_64-linux-gnu/libblkid.so.1.1.0
7f66a0fc0000-7f66a0fc4000 r--p 00047000 103:05 1837045                   /lib/x86_64-linux-gnu/libblkid.so.1.1.0
7f66a0fc4000-7f66a0fc5000 rw-p 0004b000 103:05 1837045                   /lib/x86_64-linux-gnu/libblkid.so.1.1.0
7f66a0fc5000-7f66a0fc6000 rw-p 00000000 00:00 0 
7f66a0fc6000-7f66a1034000 r-xp 00000000 103:05 2233607                   /usr/lib/x86_64-linux-gnu/libGLdispatch.so.0.0.0
7f66a1034000-7f66a1233000 ---p 0006e000 103:05 2233607                   /usr/lib/x86_64-linux-gnu/libGLdispatch.so.0.0.0
7f66a1233000-7f66a125b000 r--p 0006d000 103:05 2233607                   /usr/lib/x86_64-linux-gnu/libGLdispatch.so.0.0.0
7f66a125b000-7f66a125c000 rw-p 00095000 103:05 2233607                   /usr/lib/x86_64-linux-gnu/libGLdispatch.so.0.0.0
7f66a125c000-7f66a127c000 rw-p 00000000 00:00 0 
7f66a127c000-7f66a128c000 r-xp 00000000 103:05 2233602                   /usr/lib/x86_64-linux-gnu/libGLX.so.0.0.0
7f66a128c000-7f66a148b000 ---p 00010000 103:05 2233602                   /usr/lib/x86_64-linux-gnu/libGLX.so.0.0.0
7f66a148b000-7f66a148c000 r--p 0000f000 103:05 2233602                   /usr/lib/x86_64-linux-gnu/libGLX.so.0.0.0
7f66a148c000-7f66a148d000 rw-p 00010000 103:05 2233602                   /usr/lib/x86_64-linux-gnu/libGLX.so.0.0.0
7f66a148d000-7f66a14ad000 rw-p 00000000 00:00 0 
7f66a14ad000-7f66a151d000 r-xp 00000000 103:05 1837175                   /lib/x86_64-linux-gnu/libpcre.so.3.13.3
7f66a151d000-7f66a171d000 ---p 00070000 103:05 1837175                   /lib/x86_64-linux-gnu/libpcre.so.3.13.3
7f66a171d000-7f66a171e000 r--p 00070000 103:05 1837175                   /lib/x86_64-linux-gnu/libpcre.so.3.13.3
7f66a171e000-7f66a171f000 rw-p 00071000 103:05 1837175                   /lib/x86_64-linux-gnu/libpcre.so.3.13.3
7f66a171f000-7f66a1726000 r-xp 00000000 103:05 2233987                   /usr/lib/x86_64-linux-gnu/libffi.so.6.0.4
7f66a1726000-7f66a1925000 ---p 00007000 103:05 2233987                   /usr/lib/x86_64-linux-gnu/libffi.so.6.0.4
7f66a1925000-7f66a1926000 r--p 00006000 103:05 2233987                   /usr/lib/x86_64-linux-gnu/libffi.so.6.0.4
7f66a1926000-7f66a1927000 rw-p 00007000 103:05 2233987                   /usr/lib/x86_64-linux-gnu/libffi.so.6.0.4
7f66a1927000-7f66a1956000 r-xp 00000000 103:05 1837083                   /lib/x86_64-linux-gnu/libexpat.so.1.6.7
7f66a1956000-7f66a1b56000 ---p 0002f000 103:05 1837083                   /lib/x86_64-linux-gnu/libexpat.so.1.6.7
7f66a1b56000-7f66a1b58000 r--p 0002f000 103:05 1837083                   /lib/x86_64-linux-gnu/libexpat.so.1.6.7
7f66a1b58000-7f66a1b59000 rw-p 00031000 103:05 1837083                   /lib/x86_64-linux-gnu/libexpat.so.1.6.7
7f66a1b59000-7f66a1b61000 r-xp 00000000 103:05 2234687                   /usr/lib/x86_64-linux-gnu/libthai.so.0.3.0
7f66a1b61000-7f66a1d60000 ---p 00008000 103:05 2234687                   /usr/lib/x86_64-linux-gnu/libthai.so.0.3.0
7f66a1d60000-7f66a1d61000 r--p 00007000 103:05 2234687                   /usr/lib/x86_64-linux-gnu/libthai.so.0.3.0
7f66a1d61000-7f66a1d62000 rw-p 00008000 103:05 2234687                   /usr/lib/x86_64-linux-gnu/libthai.so.0.3.0
7f66a1d62000-7f66a1d6e000 r-xp 00000000 103:05 2234831                   /usr/lib/x86_64-linux-gnu/libxcb-render.so.0.0.0
7f66a1d6e000-7f66a1f6d000 ---p 0000c000 103:05 2234831                   /usr/lib/x86_64-linux-gnu/libxcb-render.so.0.0.0
7f66a1f6d000-7f66a1f6e000 r--p 0000b000 103:05 2234831                   /usr/lib/x86_64-linux-gnu/libxcb-render.so.0.0.0
7f66a1f6e000-7f66a1f6f000 rw-p 0000c000 103:05 2234831                   /usr/lib/x86_64-linux-gnu/libxcb-render.so.0.0.0
7f66a1f6f000-7f66a1f95000 r-xp 00000000 103:05 2234849                   /usr/lib/x86_64-linux-gnu/libxcb.so.1.1.0
7f66a1f95000-7f66a2195000 ---p 00026000 103:05 2234849                   /usr/lib/x86_64-linux-gnu/libxcb.so.1.1.0
7f66a2195000-7f66a2196000 r--p 00026000 103:05 2234849                   /usr/lib/x86_64-linux-gnu/libxcb.so.1.1.0
7f66a2196000-7f66a2197000 rw-p 00027000 103:05 2234849                   /usr/lib/x86_64-linux-gnu/libxcb.so.1.1.0
7f66a2197000-7f66a2199000 r-xp 00000000 103:05 2234837                   /usr/lib/x86_64-linux-gnu/libxcb-shm.so.0.0.0
7f66a2199000-7f66a2398000 ---p 00002000 103:05 2234837                   /usr/lib/x86_64-linux-gnu/libxcb-shm.so.0.0.0
7f66a2398000-7f66a2399000 r--p 00001000 103:05 2234837                   /usr/lib/x86_64-linux-gnu/libxcb-shm.so.0.0.0
7f66a2399000-7f66a239a000 rw-p 00002000 103:05 2234837                   /usr/lib/x86_64-linux-gnu/libxcb-shm.so.0.0.0
7f66a239a000-7f66a23cb000 r-xp 00000000 103:05 2234509                   /usr/lib/x86_64-linux-gnu/libpng16.so.16.34.0
7f66a23cb000-7f66a25ca000 ---p 00031000 103:05 2234509                   /usr/lib/x86_64-linux-gnu/libpng16.so.16.34.0
7f66a25ca000-7f66a25cb000 r--p 00030000 103:05 2234509                   /usr/lib/x86_64-linux-gnu/libpng16.so.16.34.0
7f66a25cb000-7f66a25cc000 rw-p 00031000 103:05 2234509                   /usr/lib/x86_64-linux-gnu/libpng16.so.16.34.0
7f66a25cc000-7f66a2669000 r-xp 00000000 103:05 2234503                   /usr/lib/x86_64-linux-gnu/libpixman-1.so.0.34.0
7f66a2669000-7f66a2868000 ---p 0009d000 103:05 2234503                   /usr/lib/x86_64-linux-gnu/libpixman-1.so.0.34.0
7f66a2868000-7f66a2870000 r--p 0009c000 103:05 2234503                   /usr/lib/x86_64-linux-gnu/libpixman-1.so.0.34.0
7f66a2870000-7f66a2871000 rw-p 000a4000 103:05 2234503                   /usr/lib/x86_64-linux-gnu/libpixman-1.so.0.34.0
7f66a2871000-7f66a290d000 r-xp 00000000 103:05 2234213                   /usr/lib/x86_64-linux-gnu/libharfbuzz.so.0.10702.0
7f66a290d000-7f66a2b0d000 ---p 0009c000 103:05 2234213                   /usr/lib/x86_64-linux-gnu/libharfbuzz.so.0.10702.0
7f66a2b0d000-7f66a2b0e000 r--p 0009c000 103:05 2234213                   /usr/lib/x86_64-linux-gnu/libharfbuzz.so.0.10702.0
7f66a2b0e000-7f66a2b0f000 rw-p 0009d000 103:05 2234213                   /usr/lib/x86_64-linux-gnu/libharfbuzz.so.0.10702.0
7f66a2b0f000-7f66a2b60000 r-xp 00000000 103:05 1837122                   /lib/x86_64-linux-gnu/libmount.so.1.1.0
7f66a2b60000-7f66a2d5f000 ---p 00051000 103:05 1837122                   /lib/x86_64-linux-gnu/libmount.so.1.1.0
7f66a2d5f000-7f66a2d61000 r--p 00050000 103:05 1837122                   /lib/x86_64-linux-gnu/libmount.so.1.1.0
7f66a2d61000-7f66a2d62000 rw-p 00052000 103:05 1837122                   /lib/x86_64-linux-gnu/libmount.so.1.1.0
7f66a2d62000-7f66a2d63000 rw-p 00000000 00:00 0 
7f66a2d63000-7f66a2d7a000 r-xp 00000000 103:05 1837192                   /lib/x86_64-linux-gnu/libresolv-2.27.so
7f66a2d7a000-7f66a2f7a000 ---p 00017000 103:05 1837192                   /lib/x86_64-linux-gnu/libresolv-2.27.so
7f66a2f7a000-7f66a2f7b000 r--p 00017000 103:05 1837192                   /lib/x86_64-linux-gnu/libresolv-2.27.so
7f66a2f7b000-7f66a2f7c000 rw-p 00018000 103:05 1837192                   /lib/x86_64-linux-gnu/libresolv-2.27.so
7f66a2f7c000-7f66a2f7e000 rw-p 00000000 00:00 0 
7f66a2f7e000-7f66a2fa3000 r-xp 00000000 103:05 1837198                   /lib/x86_64-linux-gnu/libselinux.so.1
7f66a2fa3000-7f66a31a2000 ---p 00025000 103:05 1837198                   /lib/x86_64-linux-gnu/libselinux.so.1
7f66a31a2000-7f66a31a3000 r--p 00024000 103:05 1837198                   /lib/x86_64-linux-gnu/libselinux.so.1
7f66a31a3000-7f66a31a4000 rw-p 00025000 103:05 1837198                   /lib/x86_64-linux-gnu/libselinux.so.1
7f66a31a4000-7f66a31a6000 rw-p 00000000 00:00 0 
7f66a31a6000-7f66a31c2000 r-xp 00000000 103:05 1837225                   /lib/x86_64-linux-gnu/libz.so.1.2.11
7f66a31c2000-7f66a33c1000 ---p 0001c000 103:05 1837225                   /lib/x86_64-linux-gnu/libz.so.1.2.11
7f66a33c1000-7f66a33c2000 r--p 0001b000 103:05 1837225                   /lib/x86_64-linux-gnu/libz.so.1.2.11
7f66a33c2000-7f66a33c3000 rw-p 0001c000 103:05 1837225                   /lib/x86_64-linux-gnu/libz.so.1.2.11
7f66a33c3000-7f66a33d4000 r-xp 00000000 103:05 2233658                   /usr/lib/x86_64-linux-gnu/libXext.so.6.4.0
7f66a33d4000-7f66a35d3000 ---p 00011000 103:05 2233658                   /usr/lib/x86_64-linux-gnu/libXext.so.6.4.0
7f66a35d3000-7f66a35d4000 r--p 00010000 103:05 2233658                   /usr/lib/x86_64-linux-gnu/libXext.so.6.4.0
7f66a35d4000-7f66a35d5000 rw-p 00011000 103:05 2233658                   /usr/lib/x86_64-linux-gnu/libXext.so.6.4.0
7f66a35d5000-7f66a35d7000 r-xp 00000000 103:05 2233654                   /usr/lib/x86_64-linux-gnu/libXdamage.so.1.1.0
7f66a35d7000-7f66a37d6000 ---p 00002000 103:05 2233654                   /usr/lib/x86_64-linux-gnu/libXdamage.so.1.1.0
7f66a37d6000-7f66a37d7000 r--p 00001000 103:05 2233654                   /usr/lib/x86_64-linux-gnu/libXdamage.so.1.1.0
7f66a37d7000-7f66a37d8000 rw-p 00002000 103:05 2233654                   /usr/lib/x86_64-linux-gnu/libXdamage.so.1.1.0
7f66a37d8000-7f66a37da000 r-xp 00000000 103:05 2233650                   /usr/lib/x86_64-linux-gnu/libXcomposite.so.1.0.0
7f66a37da000-7f66a39d9000 ---p 00002000 103:05 2233650                   /usr/lib/x86_64-linux-gnu/libXcomposite.so.1.0.0
7f66a39d9000-7f66a39da000 r--p 00001000 103:05 2233650                   /usr/lib/x86_64-linux-gnu/libXcomposite.so.1.0.0
7f66a39da000-7f66a39db000 rw-p 00002000 103:05 2233650                   /usr/lib/x86_64-linux-gnu/libXcomposite.so.1.0.0
7f66a39db000-7f66a39e4000 r-xp 00000000 103:05 2233652                   /usr/lib/x86_64-linux-gnu/libXcursor.so.1.0.2
7f66a39e4000-7f66a3be3000 ---p 00009000 103:05 2233652                   /usr/lib/x86_64-linux-gnu/libXcursor.so.1.0.2
7f66a3be3000-7f66a3be4000 r--p 00008000 103:05 2233652                   /usr/lib/x86_64-linux-gnu/libXcursor.so.1.0.2
7f66a3be4000-7f66a3be5000 rw-p 00009000 103:05 2233652                   /usr/lib/x86_64-linux-gnu/libXcursor.so.1.0.2
7f66a3be5000-7f66a3bef000 r-xp 00000000 103:05 2233676                   /usr/lib/x86_64-linux-gnu/libXrandr.so.2.2.0
7f66a3bef000-7f66a3dee000 ---p 0000a000 103:05 2233676                   /usr/lib/x86_64-linux-gnu/libXrandr.so.2.2.0
7f66a3dee000-7f66a3def000 r--p 00009000 103:05 2233676                   /usr/lib/x86_64-linux-gnu/libXrandr.so.2.2.0
7f66a3def000-7f66a3df0000 rw-p 0000a000 103:05 2233676                   /usr/lib/x86_64-linux-gnu/libXrandr.so.2.2.0
7f66a3df0000-7f66a3dff000 r-xp 00000000 103:05 2233666                   /usr/lib/x86_64-linux-gnu/libXi.so.6.1.0
7f66a3dff000-7f66a3ffe000 ---p 0000f000 103:05 2233666                   /usr/lib/x86_64-linux-gnu/libXi.so.6.1.0
7f66a3ffe000-7f66a3fff000 r--p 0000e000 103:05 2233666                   /usr/lib/x86_64-linux-gnu/libXi.so.6.1.0
7f66a3fff000-7f66a4000000 rw-p 0000f000 103:05 2233666                   /usr/lib/x86_64-linux-gnu/libXi.so.6.1.0
7f66a4000000-7f66a4021000 rw-p 00000000 00:00 0 
7f66a4021000-7f66a8000000 ---p 00000000 00:00 0 
7f66a8000000-7f66a8021000 rw-p 00000000 00:00 0 
7f66a8021000-7f66ac000000 ---p 00000000 00:00 0 
7f66ac000000-7f66ac267000 rw-p 00000000 00:00 0 
7f66ac267000-7f66b0000000 ---p 00000000 00:00 0 
7f66b0000000-7f66b0249000 rw-p 00000000 00:00 0 
7f66b0249000-7f66b4000000 ---p 00000000 00:00 0 
7f66b4000000-7f66b4079000 rw-p 00000000 00:00 0 
7f66b4079000-7f66b8000000 ---p 00000000 00:00 0 
7f66b8000000-7f66b806d000 rw-p 00000000 00:00 0 
7f66b806d000-7f66bc000000 ---p 00000000 00:00 0 
7f66bc035000-7f66bc037000 r-xp 00000000 103:05 2233668                   /usr/lib/x86_64-linux-gnu/libXinerama.so.1.0.0
7f66bc037000-7f66bc236000 ---p 00002000 103:05 2233668                   /usr/lib/x86_64-linux-gnu/libXinerama.so.1.0.0
7f66bc236000-7f66bc237000 r--p 00001000 103:05 2233668                   /usr/lib/x86_64-linux-gnu/libXinerama.so.1.0.0
7f66bc237000-7f66bc238000 rw-p 00002000 103:05 2233668                   /usr/lib/x86_64-linux-gnu/libXinerama.so.1.0.0
7f66bc238000-7f66bc241000 r-xp 00000000 103:05 2233678                   /usr/lib/x86_64-linux-gnu/libXrender.so.1.3.0
7f66bc241000-7f66bc440000 ---p 00009000 103:05 2233678                   /usr/lib/x86_64-linux-gnu/libXrender.so.1.3.0
7f66bc440000-7f66bc441000 r--p 00008000 103:05 2233678                   /usr/lib/x86_64-linux-gnu/libXrender.so.1.3.0
7f66bc441000-7f66bc442000 rw-p 00009000 103:05 2233678                   /usr/lib/x86_64-linux-gnu/libXrender.so.1.3.0
7f66bc442000-7f66bc447000 r-xp 00000000 103:05 2233660                   /usr/lib/x86_64-linux-gnu/libXfixes.so.3.1.0
7f66bc447000-7f66bc646000 ---p 00005000 103:05 2233660                   /usr/lib/x86_64-linux-gnu/libXfixes.so.3.1.0
7f66bc646000-7f66bc647000 r--p 00004000 103:05 2233660                   /usr/lib/x86_64-linux-gnu/libXfixes.so.3.1.0
7f66bc647000-7f66bc648000 rw-p 00005000 103:05 2233660                   /usr/lib/x86_64-linux-gnu/libXfixes.so.3.1.0
7f66bc648000-7f66bc6b9000 r-xp 00000000 103:05 2233596                   /usr/lib/x86_64-linux-gnu/libGL.so.1.0.0
7f66bc6b9000-7f66bc8b8000 ---p 00071000 103:05 2233596                   /usr/lib/x86_64-linux-gnu/libGL.so.1.0.0
7f66bc8b8000-7f66bc8d2000 r--p 00070000 103:05 2233596                   /usr/lib/x86_64-linux-gnu/libGL.so.1.0.0
7f66bc8d2000-7f66bc8d3000 rw-p 0008a000 103:05 2233596                   /usr/lib/x86_64-linux-gnu/libGL.so.1.0.0
7f66bc8d3000-7f66bc8d4000 rw-p 00000000 00:00 0 
7f66bc8d4000-7f66bc8d9000 r-xp 00000000 103:05 2233694                   /usr/lib/x86_64-linux-gnu/libXxf86vm.so.1.0.0
7f66bc8d9000-7f66bcad8000 ---p 00005000 103:05 2233694                   /usr/lib/x86_64-linux-gnu/libXxf86vm.so.1.0.0
7f66bcad8000-7f66bcad9000 r--p 00004000 103:05 2233694                   /usr/lib/x86_64-linux-gnu/libXxf86vm.so.1.0.0
7f66bcad9000-7f66bcada000 rw-p 00005000 103:05 2233694                   /usr/lib/x86_64-linux-gnu/libXxf86vm.so.1.0.0
7f66bcada000-7f66bcc0e000 r-xp 00000000 103:05 2233641                   /usr/lib/x86_64-linux-gnu/libX11.so.6.3.0
7f66bcc0e000-7f66bce0e000 ---p 00134000 103:05 2233641                   /usr/lib/x86_64-linux-gnu/libX11.so.6.3.0
7f66bce0e000-7f66bce0f000 r--p 00134000 103:05 2233641                   /usr/lib/x86_64-linux-gnu/libX11.so.6.3.0
7f66bce0f000-7f66bce13000 rw-p 00135000 103:05 2233641                   /usr/lib/x86_64-linux-gnu/libX11.so.6.3.0
7f66bce13000-7f66bce18000 r-xp 00000000 103:05 2233684                   /usr/lib/x86_64-linux-gnu/libXtst.so.6.1.0
7f66bce18000-7f66bd017000 ---p 00005000 103:05 2233684                   /usr/lib/x86_64-linux-gnu/libXtst.so.6.1.0
7f66bd017000-7f66bd018000 r--p 00004000 103:05 2233684                   /usr/lib/x86_64-linux-gnu/libXtst.so.6.1.0
7f66bd018000-7f66bd019000 rw-p 00005000 103:05 2233684                   /usr/lib/x86_64-linux-gnu/libXtst.so.6.1.0
7f66bd019000-7f66bd12c000 r-xp 00000000 103:05 2234081                   /usr/lib/x86_64-linux-gnu/libglib-2.0.so.0.5600.1
7f66bd12c000-7f66bd32c000 ---p 00113000 103:05 2234081                   /usr/lib/x86_64-linux-gnu/libglib-2.0.so.0.5600.1
7f66bd32c000-7f66bd32d000 r--p 00113000 103:05 2234081                   /usr/lib/x86_64-linux-gnu/libglib-2.0.so.0.5600.1
7f66bd32d000-7f66bd32e000 rw-p 00114000 103:05 2234081                   /usr/lib/x86_64-linux-gnu/libglib-2.0.so.0.5600.1
7f66bd32e000-7f66bd32f000 rw-p 00000000 00:00 0 
7f66bd32f000-7f66bd330000 r-xp 00000000 103:05 2234184                   /usr/lib/x86_64-linux-gnu/libgthread-2.0.so.0.5600.1
7f66bd330000-7f66bd52f000 ---p 00001000 103:05 2234184                   /usr/lib/x86_64-linux-gnu/libgthread-2.0.so.0.5600.1
7f66bd52f000-7f66bd530000 r--p 00000000 103:05 2234184                   /usr/lib/x86_64-linux-gnu/libgthread-2.0.so.0.5600.1
7f66bd530000-7f66bd531000 rw-p 00001000 103:05 2234184                   /usr/lib/x86_64-linux-gnu/libgthread-2.0.so.0.5600.1
7f66bd531000-7f66bd534000 r-xp 00000000 103:05 2234085                   /usr/lib/x86_64-linux-gnu/libgmodule-2.0.so.0.5600.1
7f66bd534000-7f66bd733000 ---p 00003000 103:05 2234085                   /usr/lib/x86_64-linux-gnu/libgmodule-2.0.so.0.5600.1
7f66bd733000-7f66bd734000 r--p 00002000 103:05 2234085                   /usr/lib/x86_64-linux-gnu/libgmodule-2.0.so.0.5600.1
7f66bd734000-7f66bd735000 rw-p 00003000 103:05 2234085                   /usr/lib/x86_64-linux-gnu/libgmodule-2.0.so.0.5600.1
7f66bd735000-7f66bd787000 r-xp 00000000 103:05 2234109                   /usr/lib/x86_64-linux-gnu/libgobject-2.0.so.0.5600.1
7f66bd787000-7f66bd987000 ---p 00052000 103:05 2234109                   /usr/lib/x86_64-linux-gnu/libgobject-2.0.so.0.5600.1
7f66bd987000-7f66bd988000 r--p 00052000 103:05 2234109                   /usr/lib/x86_64-linux-gnu/libgobject-2.0.so.0.5600.1
7f66bd988000-7f66bd989000 rw-p 00053000 103:05 2234109                   /usr/lib/x86_64-linux-gnu/libgobject-2.0.so.0.5600.1
7f66bd989000-7f66bd9c7000 r-xp 00000000 103:05 2234001                   /usr/lib/x86_64-linux-gnu/libfontconfig.so.1.10.1
7f66bd9c7000-7f66bdbc7000 ---p 0003e000 103:05 2234001                   /usr/lib/x86_64-linux-gnu/libfontconfig.so.1.10.1
7f66bdbc7000-7f66bdbc9000 r--p 0003e000 103:05 2234001                   /usr/lib/x86_64-linux-gnu/libfontconfig.so.1.10.1
7f66bdbc9000-7f66bdbce000 rw-p 00040000 103:05 2234001                   /usr/lib/x86_64-linux-gnu/libfontconfig.so.1.10.1
7f66bdbce000-7f66bdc7b000 r-xp 00000000 103:05 2234019                   /usr/lib/x86_64-linux-gnu/libfreetype.so.6.15.0
7f66bdc7b000-7f66bde7a000 ---p 000ad000 103:05 2234019                   /usr/lib/x86_64-linux-gnu/libfreetype.so.6.15.0
7f66bde7a000-7f66bde81000 r--p 000ac000 103:05 2234019                   /usr/lib/x86_64-linux-gnu/libfreetype.so.6.15.0
7f66bde81000-7f66bde82000 rw-p 000b3000 103:05 2234019                   /usr/lib/x86_64-linux-gnu/libfreetype.so.6.15.0
7f66bde82000-7f66bdecc000 r-xp 00000000 103:05 2234471                   /usr/lib/x86_64-linux-gnu/libpango-1.0.so.0.4000.14
7f66bdecc000-7f66be0cb000 ---p 0004a000 103:05 2234471                   /usr/lib/x86_64-linux-gnu/libpango-1.0.so.0.4000.14
7f66be0cb000-7f66be0ce000 r--p 00049000 103:05 2234471                   /usr/lib/x86_64-linux-gnu/libpango-1.0.so.0.4000.14
7f66be0ce000-7f66be0cf000 rw-p 0004c000 103:05 2234471                   /usr/lib/x86_64-linux-gnu/libpango-1.0.so.0.4000.14
7f66be0cf000-7f66be1e7000 r-xp 00000000 103:05 2233796                   /usr/lib/x86_64-linux-gnu/libcairo.so.2.11510.0
7f66be1e7000-7f66be3e6000 ---p 00118000 103:05 2233796                   /usr/lib/x86_64-linux-gnu/libcairo.so.2.11510.0
7f66be3e6000-7f66be3e9000 r--p 00117000 103:05 2233796                   /usr/lib/x86_64-linux-gnu/libcairo.so.2.11510.0
7f66be3e9000-7f66be3eb000 rw-p 0011a000 103:05 2233796                   /usr/lib/x86_64-linux-gnu/libcairo.so.2.11510.0
7f66be3eb000-7f66be3ec000 rw-p 00000000 00:00 0 
7f66be3ec000-7f66be3f8000 r-xp 00000000 103:05 2234473                   /usr/lib/x86_64-linux-gnu/libpangocairo-1.0.so.0.4000.14
7f66be3f8000-7f66be5f7000 ---p 0000c000 103:05 2234473                   /usr/lib/x86_64-linux-gnu/libpangocairo-1.0.so.0.4000.14
7f66be5f7000-7f66be5f8000 r--p 0000b000 103:05 2234473                   /usr/lib/x86_64-linux-gnu/libpangocairo-1.0.so.0.4000.14
7f66be5f8000-7f66be5f9000 rw-p 0000c000 103:05 2234473                   /usr/lib/x86_64-linux-gnu/libpangocairo-1.0.so.0.4000.14
7f66be5f9000-7f66be61b000 r-xp 00000000 103:05 2234057                   /usr/lib/x86_64-linux-gnu/libgdk_pixbuf-2.0.so.0.3611.0
7f66be61b000-7f66be81b000 ---p 00022000 103:05 2234057                   /usr/lib/x86_64-linux-gnu/libgdk_pixbuf-2.0.so.0.3611.0
7f66be81b000-7f66be81c000 r--p 00022000 103:05 2234057                   /usr/lib/x86_64-linux-gnu/libgdk_pixbuf-2.0.so.0.3611.0
7f66be81c000-7f66be81d000 rw-p 00023000 103:05 2234057                   /usr/lib/x86_64-linux-gnu/libgdk_pixbuf-2.0.so.0.3611.0
7f66be81d000-7f66be831000 r-xp 00000000 103:05 2234475                   /usr/lib/x86_64-linux-gnu/libpangoft2-1.0.so.0.4000.14
7f66be831000-7f66bea31000 ---p 00014000 103:05 2234475                   /usr/lib/x86_64-linux-gnu/libpangoft2-1.0.so.0.4000.14
7f66bea31000-7f66bea32000 r--p 00014000 103:05 2234475                   /usr/lib/x86_64-linux-gnu/libpangoft2-1.0.so.0.4000.14
7f66bea32000-7f66bea33000 rw-p 00015000 103:05 2234475                   /usr/lib/x86_64-linux-gnu/libpangoft2-1.0.so.0.4000.14
7f66bea33000-7f66bebc7000 r-xp 00000000 103:05 2234075                   /usr/lib/x86_64-linux-gnu/libgio-2.0.so.0.5600.1
7f66bebc7000-7f66bedc7000 ---p 00194000 103:05 2234075                   /usr/lib/x86_64-linux-gnu/libgio-2.0.so.0.5600.1
7f66bedc7000-7f66bedce000 r--p 00194000 103:05 2234075                   /usr/lib/x86_64-linux-gnu/libgio-2.0.so.0.5600.1
7f66bedce000-7f66bedcf000 rw-p 0019b000 103:05 2234075                   /usr/lib/x86_64-linux-gnu/libgio-2.0.so.0.5600.1
7f66bedcf000-7f66bedd1000 rw-p 00000000 00:00 0 
7f66bedd1000-7f66bedf3000 r-xp 00000000 103:05 2233731                   /usr/lib/x86_64-linux-gnu/libatk-1.0.so.0.22810.1
7f66bedf3000-7f66beff3000 ---p 00022000 103:05 2233731                   /usr/lib/x86_64-linux-gnu/libatk-1.0.so.0.22810.1
7f66beff3000-7f66beff6000 r--p 00022000 103:05 2233731                   /usr/lib/x86_64-linux-gnu/libatk-1.0.so.0.22810.1
7f66beff6000-7f66beff7000 rw-p 00025000 103:05 2233731                   /usr/lib/x86_64-linux-gnu/libatk-1.0.so.0.22810.1
7f66beff7000-7f66bf0a7000 r-xp 00000000 103:05 2234055                   /usr/lib/x86_64-linux-gnu/libgdk-x11-2.0.so.0.2400.32
7f66bf0a7000-7f66bf2a6000 ---p 000b0000 103:05 2234055                   /usr/lib/x86_64-linux-gnu/libgdk-x11-2.0.so.0.2400.32
7f66bf2a6000-7f66bf2aa000 r--p 000af000 103:05 2234055                   /usr/lib/x86_64-linux-gnu/libgdk-x11-2.0.so.0.2400.32
7f66bf2aa000-7f66bf2ac000 rw-p 000b3000 103:05 2234055                   /usr/lib/x86_64-linux-gnu/libgdk-x11-2.0.so.0.2400.32
7f66bf2ac000-7f66bf6e1000 r-xp 00000000 103:05 2234188                   /usr/lib/x86_64-linux-gnu/libgtk-x11-2.0.so.0.2400.32
7f66bf6e1000-7f66bf8e0000 ---p 00435000 103:05 2234188                   /usr/lib/x86_64-linux-gnu/libgtk-x11-2.0.so.0.2400.32
7f66bf8e0000-7f66bf8e7000 r--p 00434000 103:05 2234188                   /usr/lib/x86_64-linux-gnu/libgtk-x11-2.0.so.0.2400.32
7f66bf8e7000-7f66bf8eb000 rw-p 0043b000 103:05 2234188                   /usr/lib/x86_64-linux-gnu/libgtk-x11-2.0.so.0.2400.32
7f66bf8eb000-7f66bf8ee000 rw-p 00000000 00:00 0 
7f66bf8ee000-7f66bf8fa000 r-xp 00000000 103:05 2359795                   /usr/lib/jvm/java-8-oracle/jre/lib/amd64/libprism_es2.so
7f66bf8fa000-7f66bfaf9000 ---p 0000c000 103:05 2359795                   /usr/lib/jvm/java-8-oracle/jre/lib/amd64/libprism_es2.so
7f66bfaf9000-7f66bfafa000 r--p 0000b000 103:05 2359795                   /usr/lib/jvm/java-8-oracle/jre/lib/amd64/libprism_es2.so
7f66bfafa000-7f66bfafb000 rw-p 0000c000 103:05 2359795                   /usr/lib/jvm/java-8-oracle/jre/lib/amd64/libprism_es2.so
7f66bfafb000-7f66bfafe000 ---p 00000000 00:00 0 
7f66bfafe000-7f66bfbfc000 rw-p 00000000 00:00 0 
7f66bfbfc000-7f66bfbfd000 ---p 00000000 00:00 0 
7f66bfbfd000-7f66bfcfd000 rw-p 00000000 00:00 0 
7f66bfcfd000-7f66bfd00000 ---p 00000000 00:00 0 
7f66bfd00000-7f66bfdfe000 rw-p 00000000 00:00 0 
7f66bfdfe000-7f66bfdff000 ---p 00000000 00:00 0 
7f66bfdff000-7f66bfe02000 ---p 00000000 00:00 0 
7f66bfe02000-7f66bfeff000 rw-p 00000000 00:00 0 
7f66bfeff000-7f66bff00000 ---p 00000000 00:00 0 
7f66bff00000-7f66bff03000 ---p 00000000 00:00 0 
7f66bff03000-7f66c0000000 rw-p 00000000 00:00 0 
7f66c0000000-7f66c0021000 rw-p 00000000 00:00 0 
7f66c0021000-7f66c4000000 ---p 00000000 00:00 0 
7f66c4000000-7f66c4021000 rw-p 00000000 00:00 0 
7f66c4021000-7f66c8000000 ---p 00000000 00:00 0 
7f66c8000000-7f66c829a000 rw-p 00000000 00:00 0 
7f66c829a000-7f66cc000000 ---p 00000000 00:00 0 
7f66cc000000-7f66cc021000 rw-p 00000000 00:00 0 
7f66cc021000-7f66d0000000 ---p 00000000 00:00 0 
7f66d0000000-7f66d0021000 rw-p 00000000 00:00 0 
7f66d0021000-7f66d4000000 ---p 00000000 00:00 0 
7f66d4000000-7f66d4021000 rw-p 00000000 00:00 0 
7f66d4021000-7f66d8000000 ---p 00000000 00:00 0 
7f66d8037000-7f66d80cd000 r--s 0110e000 103:05 2499247                   /usr/lib/jvm/java-8-oracle/jre/lib/ext/jfxrt.jar
7f66d80cd000-7f66d80ce000 ---p 00000000 00:00 0 
7f66d80ce000-7f66d80d1000 ---p 00000000 00:00 0 
7f66d80d1000-7f66d81ce000 rw-p 00000000 00:00 0 
7f66d81ce000-7f66d81cf000 ---p 00000000 00:00 0 
7f66d81cf000-7f66d81d2000 ---p 00000000 00:00 0 
7f66d81d2000-7f66d82cf000 rw-p 00000000 00:00 0 
7f66d82cf000-7f66d82d2000 ---p 00000000 00:00 0 
7f66d82d2000-7f66dc000000 rw-p 00000000 00:00 0 
7f66dc000000-7f66dc021000 rw-p 00000000 00:00 0 
7f66dc021000-7f66e0000000 ---p 00000000 00:00 0 
7f66e0000000-7f66e0021000 rw-p 00000000 00:00 0 
7f66e0021000-7f66e4000000 ---p 00000000 00:00 0 
7f66e4000000-7f66e4021000 rw-p 00000000 00:00 0 
7f66e4021000-7f66e8000000 ---p 00000000 00:00 0 
7f66e8000000-7f66e8021000 rw-p 00000000 00:00 0 
7f66e8021000-7f66ec000000 ---p 00000000 00:00 0 
7f66ec000000-7f66ec021000 rw-p 00000000 00:00 0 
7f66ec021000-7f66f0000000 ---p 00000000 00:00 0 
7f66f0000000-7f66f0021000 rw-p 00000000 00:00 0 
7f66f0021000-7f66f4000000 ---p 00000000 00:00 0 
7f66f4053000-7f66f4a22000 r--p 00000000 103:05 2230922                   /usr/lib/locale/locale-archive
7f66f4a22000-7f66f4a25000 ---p 00000000 00:00 0 
7f66f4a25000-7f66f4b23000 rw-p 00000000 00:00 0 
7f66f4b23000-7f66f4b26000 ---p 00000000 00:00 0 
7f66f4b26000-7f66f4c24000 rw-p 00000000 00:00 0 
7f66f4c24000-7f66f4c25000 ---p 00000000 00:00 0 
7f66f4c25000-7f66f6997000 rw-p 00000000 00:00 0 
7f66f6997000-7f66f6b71000 r--s 03d6c000 103:05 2359722                   /usr/lib/jvm/java-8-oracle/jre/lib/rt.jar
7f66f6b71000-7f66f77aa000 rw-p 00000000 00:00 0 
7f66f77aa000-7f66f77ab000 ---p 00000000 00:00 0 
7f66f77ab000-7f66f78ab000 rw-p 00000000 00:00 0 
7f66f78ab000-7f66f78ac000 ---p 00000000 00:00 0 
7f66f78ac000-7f66f79ac000 rw-p 00000000 00:00 0 
7f66f79ac000-7f66f79ad000 ---p 00000000 00:00 0 
7f66f79ad000-7f66f7aad000 rw-p 00000000 00:00 0 
7f66f7aad000-7f66f7aae000 ---p 00000000 00:00 0 
7f66f7aae000-7f66f7bae000 rw-p 00000000 00:00 0 
7f66f7bae000-7f66f7baf000 ---p 00000000 00:00 0 
7f66f7baf000-7f66f7caf000 rw-p 00000000 00:00 0 
7f66f7caf000-7f66f7cb0000 ---p 00000000 00:00 0 
7f66f7cb0000-7f66f7db0000 rw-p 00000000 00:00 0 
7f66f7db0000-7f66f7db1000 ---p 00000000 00:00 0 
7f66f7db1000-7f66f7eb1000 rw-p 00000000 00:00 0 
7f66f7eb1000-7f66f7eb2000 ---p 00000000 00:00 0 
7f66f7eb2000-7f66f7fdb000 rw-p 00000000 00:00 0 
7f66f7fdb000-7f66f8234000 ---p 00000000 00:00 0 
7f66f8234000-7f66f825d000 rw-p 00000000 00:00 0 
7f66f825d000-7f66f84b6000 ---p 00000000 00:00 0 
7f66f84b6000-7f66f857e000 rw-p 00000000 00:00 0 
7f66f857e000-7f66f85f7000 ---p 00000000 00:00 0 
7f66f85f7000-7f66f8604000 rw-p 00000000 00:00 0 
7f66f8604000-7f66f89b8000 ---p 00000000 00:00 0 
7f66f89b8000-7f66f8cb8000 rwxp 00000000 00:00 0 
7f66f8cb8000-7f67079b8000 ---p 00000000 00:00 0 
7f67079b8000-7f67079d2000 r-xp 00000000 103:05 2359787                   /usr/lib/jvm/java-8-oracle/jre/lib/amd64/libzip.so
7f67079d2000-7f6707bd2000 ---p 0001a000 103:05 2359787                   /usr/lib/jvm/java-8-oracle/jre/lib/amd64/libzip.so
7f6707bd2000-7f6707bd3000 r--p 0001a000 103:05 2359787                   /usr/lib/jvm/java-8-oracle/jre/lib/amd64/libzip.so
7f6707bd3000-7f6707bd4000 rw-p 0001b000 103:05 2359787                   /usr/lib/jvm/java-8-oracle/jre/lib/amd64/libzip.so
7f6707bd4000-7f6707bdf000 r-xp 00000000 103:05 1837143                   /lib/x86_64-linux-gnu/libnss_files-2.27.so
7f6707bdf000-7f6707dde000 ---p 0000b000 103:05 1837143                   /lib/x86_64-linux-gnu/libnss_files-2.27.so
7f6707dde000-7f6707ddf000 r--p 0000a000 103:05 1837143                   /lib/x86_64-linux-gnu/libnss_files-2.27.so
7f6707ddf000-7f6707de0000 rw-p 0000b000 103:05 1837143                   /lib/x86_64-linux-gnu/libnss_files-2.27.so
7f6707de0000-7f6707de6000 rw-p 00000000 00:00 0 
7f6707de6000-7f6707dfd000 r-xp 00000000 103:05 1837137                   /lib/x86_64-linux-gnu/libnsl-2.27.so
7f6707dfd000-7f6707ffc000 ---p 00017000 103:05 1837137                   /lib/x86_64-linux-gnu/libnsl-2.27.so
7f6707ffc000-7f6707ffd000 r--p 00016000 103:05 1837137                   /lib/x86_64-linux-gnu/libnsl-2.27.so
7f6707ffd000-7f6707ffe000 rw-p 00017000 103:05 1837137                   /lib/x86_64-linux-gnu/libnsl-2.27.so
7f6707ffe000-7f6708000000 rw-p 00000000 00:00 0 
7f6708000000-7f6708402000 rw-p 00000000 00:00 0 
7f6708402000-7f670c000000 ---p 00000000 00:00 0 
7f670c013000-7f670c01e000 r-xp 00000000 103:05 1837154                   /lib/x86_64-linux-gnu/libnss_nis-2.27.so
7f670c01e000-7f670c21d000 ---p 0000b000 103:05 1837154                   /lib/x86_64-linux-gnu/libnss_nis-2.27.so
7f670c21d000-7f670c21e000 r--p 0000a000 103:05 1837154                   /lib/x86_64-linux-gnu/libnss_nis-2.27.so
7f670c21e000-7f670c21f000 rw-p 0000b000 103:05 1837154                   /lib/x86_64-linux-gnu/libnss_nis-2.27.so
7f670c21f000-7f670c227000 r-xp 00000000 103:05 1837139                   /lib/x86_64-linux-gnu/libnss_compat-2.27.so
7f670c227000-7f670c427000 ---p 00008000 103:05 1837139                   /lib/x86_64-linux-gnu/libnss_compat-2.27.so
7f670c427000-7f670c428000 r--p 00008000 103:05 1837139                   /lib/x86_64-linux-gnu/libnss_compat-2.27.so
7f670c428000-7f670c429000 rw-p 00009000 103:05 1837139                   /lib/x86_64-linux-gnu/libnss_compat-2.27.so
7f670c429000-7f670c456000 r-xp 00000000 103:05 2359781                   /usr/lib/jvm/java-8-oracle/jre/lib/amd64/libjava.so
7f670c456000-7f670c655000 ---p 0002d000 103:05 2359781                   /usr/lib/jvm/java-8-oracle/jre/lib/amd64/libjava.so
7f670c655000-7f670c656000 r--p 0002c000 103:05 2359781                   /usr/lib/jvm/java-8-oracle/jre/lib/amd64/libjava.so
7f670c656000-7f670c658000 rw-p 0002d000 103:05 2359781                   /usr/lib/jvm/java-8-oracle/jre/lib/amd64/libjava.so
7f670c658000-7f670c665000 r-xp 00000000 103:05 2359786                   /usr/lib/jvm/java-8-oracle/jre/lib/amd64/libverify.so
7f670c665000-7f670c864000 ---p 0000d000 103:05 2359786                   /usr/lib/jvm/java-8-oracle/jre/lib/amd64/libverify.so
7f670c864000-7f670c866000 r--p 0000c000 103:05 2359786                   /usr/lib/jvm/java-8-oracle/jre/lib/amd64/libverify.so
7f670c866000-7f670c867000 rw-p 0000e000 103:05 2359786                   /usr/lib/jvm/java-8-oracle/jre/lib/amd64/libverify.so
7f670c867000-7f670c86e000 r-xp 00000000 103:05 1837194                   /lib/x86_64-linux-gnu/librt-2.27.so
7f670c86e000-7f670ca6d000 ---p 00007000 103:05 1837194                   /lib/x86_64-linux-gnu/librt-2.27.so
7f670ca6d000-7f670ca6e000 r--p 00006000 103:05 1837194                   /lib/x86_64-linux-gnu/librt-2.27.so
7f670ca6e000-7f670ca6f000 rw-p 00007000 103:05 1837194                   /lib/x86_64-linux-gnu/librt-2.27.so
7f670ca6f000-7f670cc0c000 r-xp 00000000 103:05 1837116                   /lib/x86_64-linux-gnu/libm-2.27.so
7f670cc0c000-7f670ce0b000 ---p 0019d000 103:05 1837116                   /lib/x86_64-linux-gnu/libm-2.27.so
7f670ce0b000-7f670ce0c000 r--p 0019c000 103:05 1837116                   /lib/x86_64-linux-gnu/libm-2.27.so
7f670ce0c000-7f670ce0d000 rw-p 0019d000 103:05 1837116                   /lib/x86_64-linux-gnu/libm-2.27.so
7f670ce0d000-7f670daef000 r-xp 00000000 103:05 393024                    /usr/lib/jvm/java-8-oracle/jre/lib/amd64/server/libjvm.so
7f670daef000-7f670dcef000 ---p 00ce2000 103:05 393024                    /usr/lib/jvm/java-8-oracle/jre/lib/amd64/server/libjvm.so
7f670dcef000-7f670dd85000 r--p 00ce2000 103:05 393024                    /usr/lib/jvm/java-8-oracle/jre/lib/amd64/server/libjvm.so
7f670dd85000-7f670ddb6000 rw-p 00d78000 103:05 393024                    /usr/lib/jvm/java-8-oracle/jre/lib/amd64/server/libjvm.so
7f670ddb6000-7f670ddf1000 rw-p 00000000 00:00 0 
7f670ddf1000-7f670dfd8000 r-xp 00000000 103:05 1837053                   /lib/x86_64-linux-gnu/libc-2.27.so
7f670dfd8000-7f670e1d8000 ---p 001e7000 103:05 1837053                   /lib/x86_64-linux-gnu/libc-2.27.so
7f670e1d8000-7f670e1dc000 r--p 001e7000 103:05 1837053                   /lib/x86_64-linux-gnu/libc-2.27.so
7f670e1dc000-7f670e1de000 rw-p 001eb000 103:05 1837053                   /lib/x86_64-linux-gnu/libc-2.27.so
7f670e1de000-7f670e1e2000 rw-p 00000000 00:00 0 
7f670e1e2000-7f670e1e5000 r-xp 00000000 103:05 1837076                   /lib/x86_64-linux-gnu/libdl-2.27.so
7f670e1e5000-7f670e3e4000 ---p 00003000 103:05 1837076                   /lib/x86_64-linux-gnu/libdl-2.27.so
7f670e3e4000-7f670e3e5000 r--p 00002000 103:05 1837076                   /lib/x86_64-linux-gnu/libdl-2.27.so
7f670e3e5000-7f670e3e6000 rw-p 00003000 103:05 1837076                   /lib/x86_64-linux-gnu/libdl-2.27.so
7f670e3e6000-7f670e3fd000 r-xp 00000000 103:05 2354770                   /usr/lib/jvm/java-8-oracle/lib/amd64/jli/libjli.so
7f670e3fd000-7f670e5fc000 ---p 00017000 103:05 2354770                   /usr/lib/jvm/java-8-oracle/lib/amd64/jli/libjli.so
7f670e5fc000-7f670e5fd000 r--p 00016000 103:05 2354770                   /usr/lib/jvm/java-8-oracle/lib/amd64/jli/libjli.so
7f670e5fd000-7f670e5fe000 rw-p 00017000 103:05 2354770                   /usr/lib/jvm/java-8-oracle/lib/amd64/jli/libjli.so
7f670e5fe000-7f670e618000 r-xp 00000000 103:05 1837186                   /lib/x86_64-linux-gnu/libpthread-2.27.so
7f670e618000-7f670e817000 ---p 0001a000 103:05 1837186                   /lib/x86_64-linux-gnu/libpthread-2.27.so
7f670e817000-7f670e818000 r--p 00019000 103:05 1837186                   /lib/x86_64-linux-gnu/libpthread-2.27.so
7f670e818000-7f670e819000 rw-p 0001a000 103:05 1837186                   /lib/x86_64-linux-gnu/libpthread-2.27.so
7f670e819000-7f670e81d000 rw-p 00000000 00:00 0 
7f670e81d000-7f670e844000 r-xp 00000000 103:05 1837025                   /lib/x86_64-linux-gnu/ld-2.27.so
7f670e844000-7f670e849000 rw-s 00000000 00:19 1273                       /i915 (deleted)
7f670e849000-7f670e84d000 rw-s 00000000 00:19 1244                       /i915 (deleted)
7f670e84d000-7f670e851000 rw-s 00000000 00:19 1242                       /i915 (deleted)
7f670e851000-7f670e856000 rw-s 00000000 00:19 1240                       /i915 (deleted)
7f670e856000-7f670e85b000 rw-s 00000000 00:19 862                        /i915 (deleted)
7f670e85b000-7f670e85f000 rw-s 00000000 00:19 790                        /i915 (deleted)
7f670e85f000-7f670e863000 rw-s 00000000 00:19 786                        /i915 (deleted)
7f670e863000-7f670e92d000 rw-p 00000000 00:00 0 
7f670e92d000-7f670e92e000 ---p 00000000 00:00 0 
7f670e92e000-7f670e931000 ---p 00000000 00:00 0 
7f670e931000-7f670ea32000 rw-p 00000000 00:00 0 
7f670ea33000-7f670ea34000 rw-s 00000000 00:05 78624                      /memfd:xshmfence (deleted)
7f670ea34000-7f670ea35000 rwxp 00000000 00:00 0 
7f670ea35000-7f670ea3a000 rw-s 00000000 00:19 784                        /i915 (deleted)
7f670ea3a000-7f670ea42000 rw-s 00000000 103:05 1182734                   /tmp/hsperfdata_scp/8870
7f670ea42000-7f670ea43000 rw-p 00000000 00:00 0 
7f670ea43000-7f670ea44000 ---p 00000000 00:00 0 
7f670ea44000-7f670ea45000 r--p 00027000 103:05 1837025                   /lib/x86_64-linux-gnu/ld-2.27.so
7f670ea45000-7f670ea46000 rw-p 00028000 103:05 1837025                   /lib/x86_64-linux-gnu/ld-2.27.so
7f670ea46000-7f670ea47000 rw-p 00000000 00:00 0 
7ffcab820000-7ffcab841000 rw-p 00000000 00:00 0                          [stack]
7ffcab93f000-7ffcab942000 r--p 00000000 00:00 0                          [vvar]
7ffcab942000-7ffcab944000 r-xp 00000000 00:00 0                          [vdso]
ffffffffff600000-ffffffffff601000 r-xp 00000000 00:00 0                  [vsyscall]

VM Arguments:
jvm_args: -Dfile.encoding=UTF-8 
java_command: game.frontend.GameApp
java_class_path (initial): /home/scp/candyCrush/bin
Launcher Type: SUN_STANDARD

Environment Variables:
JAVA_HOME=/usr/lib/jvm/java-8-oracle
PATH=/usr/local/sbin:/usr/local/bin:/usr/sbin:/usr/bin:/sbin:/bin:/usr/games:/usr/local/games:/snap/bin:/usr/lib/jvm/java-8-oracle/bin:/usr/lib/jvm/java-8-oracle/db/bin:/usr/lib/jvm/java-8-oracle/jre/bin
USERNAME=scp
SHELL=/bin/bash
DISPLAY=:0

Signal Handlers:
SIGSEGV: [libjvm.so+0xaced60], sa_mask[0]=11111111011111111101111111111110, sa_flags=SA_RESTART|SA_SIGINFO
SIGBUS: [libjvm.so+0xaced60], sa_mask[0]=11111111011111111101111111111110, sa_flags=SA_RESTART|SA_SIGINFO
SIGFPE: [libjvm.so+0x907ca0], sa_mask[0]=11111111011111111101111111111110, sa_flags=SA_RESTART|SA_SIGINFO
SIGPIPE: SIG_IGN, sa_mask[0]=00000000000010000000000000000000, sa_flags=SA_RESTART
SIGXFSZ: [libjvm.so+0x907ca0], sa_mask[0]=11111111011111111101111111111110, sa_flags=SA_RESTART|SA_SIGINFO
SIGILL: [libjvm.so+0x907ca0], sa_mask[0]=11111111011111111101111111111110, sa_flags=SA_RESTART|SA_SIGINFO
SIGUSR1: SIG_DFL, sa_mask[0]=00000000000000000000000000000000, sa_flags=none
SIGUSR2: [libjvm.so+0x907b70], sa_mask[0]=00100000000000000000000000000000, sa_flags=SA_RESTART|SA_SIGINFO
SIGHUP: [libjvm.so+0x908190], sa_mask[0]=11111111011111111101111111111110, sa_flags=SA_RESTART|SA_SIGINFO
SIGINT: [libjvm.so+0x908190], sa_mask[0]=11111111011111111101111111111110, sa_flags=SA_RESTART|SA_SIGINFO
SIGTERM: [libjvm.so+0x908190], sa_mask[0]=11111111011111111101111111111110, sa_flags=SA_RESTART|SA_SIGINFO
SIGQUIT: [libjvm.so+0x908190], sa_mask[0]=11111111011111111101111111111110, sa_flags=SA_RESTART|SA_SIGINFO


---------------  S Y S T E M  ---------------

OS:DISTRIB_ID=Ubuntu
DISTRIB_RELEASE=18.04
DISTRIB_CODENAME=bionic
DISTRIB_DESCRIPTION="Ubuntu 18.04.1 LTS"

uname:Linux 4.15.0-42-generic #45-Ubuntu SMP Thu Nov 15 19:32:57 UTC 2018 x86_64
libc:glibc 2.27 NPTL 2.27 
rlimit: STACK 8192k, CORE 0k, NPROC 30329, NOFILE 4096, AS infinity
load average:20,14 6,15 2,47

/proc/meminfo:
MemTotal:        7884860 kB
MemFree:          491520 kB
MemAvailable:     394516 kB
Buffers:             844 kB
Cached:           161700 kB
SwapCached:       100820 kB
Active:          6194092 kB
Inactive:         936580 kB
Active(anon):    6189092 kB
Inactive(anon):   883868 kB
Active(file):       5000 kB
Inactive(file):    52712 kB
Unevictable:          96 kB
Mlocked:              96 kB
SwapTotal:       2036796 kB
SwapFree:          41104 kB
Dirty:                 8 kB
Writeback:           460 kB
AnonPages:       6869364 kB
Mapped:            51584 kB
Shmem:            103324 kB
Slab:             106676 kB
SReclaimable:      38736 kB
SUnreclaim:        67940 kB
KernelStack:       17752 kB
PageTables:        63816 kB
NFS_Unstable:          0 kB
Bounce:                0 kB
WritebackTmp:          0 kB
CommitLimit:     5979224 kB
Committed_AS:   16579676 kB
VmallocTotal:   34359738367 kB
VmallocUsed:           0 kB
VmallocChunk:          0 kB
HardwareCorrupted:     0 kB
AnonHugePages:         0 kB
ShmemHugePages:        0 kB
ShmemPmdMapped:        0 kB
CmaTotal:              0 kB
CmaFree:               0 kB
HugePages_Total:       0
HugePages_Free:        0
HugePages_Rsvd:        0
HugePages_Surp:        0
Hugepagesize:       2048 kB
DirectMap4k:      224028 kB
DirectMap2M:     5783552 kB
DirectMap1G:     3145728 kB

container (cgroup) information:
container_type: cgroupv1
cpu_cpuset_cpus: 0-7
cpu_memory_nodes: 0
active_processor_count: 8
cpu_quota: -1
cpu_period: 100000
cpu_shares: -1
memory_limit_in_bytes: -1
memory_and_swap_limit_in_bytes: -2
memory_soft_limit_in_bytes: -1
memory_usage_in_bytes: 7304884224
memory_max_usage_in_bytes: 0


CPU:total 8 (initial active 8) (4 cores per cpu, 2 threads per core) family 6 model 142 stepping 10, cmov, cx8, fxsr, mmx, sse, sse2, sse3, ssse3, sse4.1, sse4.2, popcnt, avx, avx2, aes, clmul, erms, 3dnowpref, lzcnt, ht, tsc, tscinvbit, bmi1, bmi2, adx

/proc/cpuinfo:
processor	: 0
vendor_id	: GenuineIntel
cpu family	: 6
model		: 142
model name	: Intel(R) Core(TM) i5-8250U CPU @ 1.60GHz
stepping	: 10
microcode	: 0x84
cpu MHz		: 2999.999
cache size	: 6144 KB
physical id	: 0
siblings	: 8
core id		: 0
cpu cores	: 4
apicid		: 0
initial apicid	: 0
fpu		: yes
fpu_exception	: yes
cpuid level	: 22
wp		: yes
flags		: fpu vme de pse tsc msr pae mce cx8 apic sep mtrr pge mca cmov pat pse36 clflush dts acpi mmx fxsr sse sse2 ss ht tm pbe syscall nx pdpe1gb rdtscp lm constant_tsc art arch_perfmon pebs bts rep_good nopl xtopology nonstop_tsc cpuid aperfmperf tsc_known_freq pni pclmulqdq dtes64 monitor ds_cpl vmx est tm2 ssse3 sdbg fma cx16 xtpr pdcm pcid sse4_1 sse4_2 x2apic movbe popcnt tsc_deadline_timer aes xsave avx f16c rdrand lahf_lm abm 3dnowprefetch cpuid_fault epb invpcid_single pti ibrs ibpb stibp tpr_shadow vnmi flexpriority ept vpid fsgsbase tsc_adjust bmi1 avx2 smep bmi2 erms invpcid mpx rdseed adx smap clflushopt intel_pt xsaveopt xsavec xgetbv1 xsaves dtherm ida arat pln pts hwp hwp_notify hwp_act_window hwp_epp
bugs		: cpu_meltdown spectre_v1 spectre_v2 spec_store_bypass l1tf
bogomips	: 3600.00
clflush size	: 64
cache_alignment	: 64
address sizes	: 39 bits physical, 48 bits virtual
power management:

processor	: 1
vendor_id	: GenuineIntel
cpu family	: 6
model		: 142
model name	: Intel(R) Core(TM) i5-8250U CPU @ 1.60GHz
stepping	: 10
microcode	: 0x84
cpu MHz		: 3000.000
cache size	: 6144 KB
physical id	: 0
siblings	: 8
core id		: 1
cpu cores	: 4
apicid		: 2
initial apicid	: 2
fpu		: yes
fpu_exception	: yes
cpuid level	: 22
wp		: yes
flags		: fpu vme de pse tsc msr pae mce cx8 apic sep mtrr pge mca cmov pat pse36 clflush dts acpi mmx fxsr sse sse2 ss ht tm pbe syscall nx pdpe1gb rdtscp lm constant_tsc art arch_perfmon pebs bts rep_good nopl xtopology nonstop_tsc cpuid aperfmperf tsc_known_freq pni pclmulqdq dtes64 monitor ds_cpl vmx est tm2 ssse3 sdbg fma cx16 xtpr pdcm pcid sse4_1 sse4_2 x2apic movbe popcnt tsc_deadline_timer aes xsave avx f16c rdrand lahf_lm abm 3dnowprefetch cpuid_fault epb invpcid_single pti ibrs ibpb stibp tpr_shadow vnmi flexpriority ept vpid fsgsbase tsc_adjust bmi1 avx2 smep bmi2 erms invpcid mpx rdseed adx smap clflushopt intel_pt xsaveopt xsavec xgetbv1 xsaves dtherm ida arat pln pts hwp hwp_notify hwp_act_window hwp_epp
bugs		: cpu_meltdown spectre_v1 spectre_v2 spec_store_bypass l1tf
bogomips	: 3600.00
clflush size	: 64
cache_alignment	: 64
address sizes	: 39 bits physical, 48 bits virtual
power management:

processor	: 2
vendor_id	: GenuineIntel
cpu family	: 6
model		: 142
model name	: Intel(R) Core(TM) i5-8250U CPU @ 1.60GHz
stepping	: 10
microcode	: 0x84
cpu MHz		: 3000.000
cache size	: 6144 KB
physical id	: 0
siblings	: 8
core id		: 2
cpu cores	: 4
apicid		: 4
initial apicid	: 4
fpu		: yes
fpu_exception	: yes
cpuid level	: 22
wp		: yes
flags		: fpu vme de pse tsc msr pae mce cx8 apic sep mtrr pge mca cmov pat pse36 clflush dts acpi mmx fxsr sse sse2 ss ht tm pbe syscall nx pdpe1gb rdtscp lm constant_tsc art arch_perfmon pebs bts rep_good nopl xtopology nonstop_tsc cpuid aperfmperf tsc_known_freq pni pclmulqdq dtes64 monitor ds_cpl vmx est tm2 ssse3 sdbg fma cx16 xtpr pdcm pcid sse4_1 sse4_2 x2apic movbe popcnt tsc_deadline_timer aes xsave avx f16c rdrand lahf_lm abm 3dnowprefetch cpuid_fault epb invpcid_single pti ibrs ibpb stibp tpr_shadow vnmi flexpriority ept vpid fsgsbase tsc_adjust bmi1 avx2 smep bmi2 erms invpcid mpx rdseed adx smap clflushopt intel_pt xsaveopt xsavec xgetbv1 xsaves dtherm ida arat pln pts hwp hwp_notify hwp_act_window hwp_epp
bugs		: cpu_meltdown spectre_v1 spectre_v2 spec_store_bypass l1tf
bogomips	: 3600.00
clflush size	: 64
cache_alignment	: 64
address sizes	: 39 bits physical, 48 bits virtual
power management:

processor	: 3
vendor_id	: GenuineIntel
cpu family	: 6
model		: 142
model name	: Intel(R) Core(TM) i5-8250U CPU @ 1.60GHz
stepping	: 10
microcode	: 0x84
cpu MHz		: 2999.998
cache size	: 6144 KB
physical id	: 0
siblings	: 8
core id		: 3
cpu cores	: 4
apicid		: 6
initial apicid	: 6
fpu		: yes
fpu_exception	: yes
cpuid level	: 22
wp		: yes
flags		: fpu vme de pse tsc msr pae mce cx8 apic sep mtrr pge mca cmov pat pse36 clflush dts acpi mmx fxsr sse sse2 ss ht tm pbe syscall nx pdpe1gb rdtscp lm constant_tsc art arch_perfmon pebs bts rep_good nopl xtopology nonstop_tsc cpuid aperfmperf tsc_known_freq pni pclmulqdq dtes64 monitor ds_cpl vmx est tm2 ssse3 sdbg fma cx16 xtpr pdcm pcid sse4_1 sse4_2 x2apic movbe popcnt tsc_deadline_timer aes xsave avx f16c rdrand lahf_lm abm 3dnowprefetch cpuid_fault epb invpcid_single pti ibrs ibpb stibp tpr_shadow vnmi flexpriority ept vpid fsgsbase tsc_adjust bmi1 avx2 smep bmi2 erms invpcid mpx rdseed adx smap clflushopt intel_pt xsaveopt xsavec xgetbv1 xsaves dtherm ida arat pln pts hwp hwp_notify hwp_act_window hwp_epp
bugs		: cpu_meltdown spectre_v1 spectre_v2 spec_store_bypass l1tf
bogomips	: 3600.00
clflush size	: 64
cache_alignment	: 64
address sizes	: 39 bits physical, 48 bits virtual
power management:

processor	: 4
vendor_id	: GenuineIntel
cpu family	: 6
model		: 142
model name	: Intel(R) Core(TM) i5-8250U CPU @ 1.60GHz
stepping	: 10
microcode	: 0x84
cpu MHz		: 3000.000
cache size	: 6144 KB
physical id	: 0
siblings	: 8
core id		: 0
cpu cores	: 4
apicid		: 1
initial apicid	: 1
fpu		: yes
fpu_exception	: yes
cpuid level	: 22
wp		: yes
flags		: fpu vme de pse tsc msr pae mce cx8 apic sep mtrr pge mca cmov pat pse36 clflush dts acpi mmx fxsr sse sse2 ss ht tm pbe syscall nx pdpe1gb rdtscp lm constant_tsc art arch_perfmon pebs bts rep_good nopl xtopology nonstop_tsc cpuid aperfmperf tsc_known_freq pni pclmulqdq dtes64 monitor ds_cpl vmx est tm2 ssse3 sdbg fma cx16 xtpr pdcm pcid sse4_1 sse4_2 x2apic movbe popcnt tsc_deadline_timer aes xsave avx f16c rdrand lahf_lm abm 3dnowprefetch cpuid_fault epb invpcid_single pti ibrs ibpb stibp tpr_shadow vnmi flexpriority ept vpid fsgsbase tsc_adjust bmi1 avx2 smep bmi2 erms invpcid mpx rdseed adx smap clflushopt intel_pt xsaveopt xsavec xgetbv1 xsaves dtherm ida arat pln pts hwp hwp_notify hwp_act_window hwp_epp
bugs		: cpu_meltdown spectre_v1 spectre_v2 spec_store_bypass l1tf
bogomips	: 3600.00
clflush size	: 64
cache_alignment	: 64
address sizes	: 39 bits physical, 48 bits virtual
power management:

processor	: 5
vendor_id	: GenuineIntel
cpu family	: 6
model		: 142
model name	: Intel(R) Core(TM) i5-8250U CPU @ 1.60GHz
stepping	: 10
microcode	: 0x84
cpu MHz		: 3000.000
cache size	: 6144 KB
physical id	: 0
siblings	: 8
core id		: 1
cpu cores	: 4
apicid		: 3
initial apicid	: 3
fpu		: yes
fpu_exception	: yes
cpuid level	: 22
wp		: yes
flags		: fpu vme de pse tsc msr pae mce cx8 apic sep mtrr pge mca cmov pat pse36 clflush dts acpi mmx fxsr sse sse2 ss ht tm pbe syscall nx pdpe1gb rdtscp lm constant_tsc art arch_perfmon pebs bts rep_good nopl xtopology nonstop_tsc cpuid aperfmperf tsc_known_freq pni pclmulqdq dtes64 monitor ds_cpl vmx est tm2 ssse3 sdbg fma cx16 xtpr pdcm pcid sse4_1 sse4_2 x2apic movbe popcnt tsc_deadline_timer aes xsave avx f16c rdrand lahf_lm abm 3dnowprefetch cpuid_fault epb invpcid_single pti ibrs ibpb stibp tpr_shadow vnmi flexpriority ept vpid fsgsbase tsc_adjust bmi1 avx2 smep bmi2 erms invpcid mpx rdseed adx smap clflushopt intel_pt xsaveopt xsavec xgetbv1 xsaves dtherm ida arat pln pts hwp hwp_notify hwp_act_window hwp_epp
bugs		: cpu_meltdown spectre_v1 spectre_v2 spec_store_bypass l1tf
bogomips	: 3600.00
clflush size	: 64
cache_alignment	: 64
address sizes	: 39 bits physical, 48 bits virtual
power management:

processor	: 6
vendor_id	: GenuineIntel
cpu family	: 6
model		: 142
model name	: Intel(R) Core(TM) i5-8250U CPU @ 1.60GHz
stepping	: 10
microcode	: 0x84
cpu MHz		: 3000.000
cache size	: 6144 KB
physical id	: 0
siblings	: 8
core id		: 2
cpu cores	: 4
apicid		: 5
initial apicid	: 5
fpu		: yes
fpu_exception	: yes
cpuid level	: 22
wp		: yes
flags		: fpu vme de pse tsc msr pae mce cx8 apic sep mtrr pge mca cmov pat pse36 clflush dts acpi mmx fxsr sse sse2 ss ht tm pbe syscall nx pdpe1gb rdtscp lm constant_tsc art arch_perfmon pebs bts rep_good nopl xtopology nonstop_tsc cpuid aperfmperf tsc_known_freq pni pclmulqdq dtes64 monitor ds_cpl vmx est tm2 ssse3 sdbg fma cx16 xtpr pdcm pcid sse4_1 sse4_2 x2apic movbe popcnt tsc_deadline_timer aes xsave avx f16c rdrand lahf_lm abm 3dnowprefetch cpuid_fault epb invpcid_single pti ibrs ibpb stibp tpr_shadow vnmi flexpriority ept vpid fsgsbase tsc_adjust bmi1 avx2 smep bmi2 erms invpcid mpx rdseed adx smap clflushopt intel_pt xsaveopt xsavec xgetbv1 xsaves dtherm ida arat pln pts hwp hwp_notify hwp_act_window hwp_epp
bugs		: cpu_meltdown spectre_v1 spectre_v2 spec_store_bypass l1tf
bogomips	: 3600.00
clflush size	: 64
cache_alignment	: 64
address sizes	: 39 bits physical, 48 bits virtual
power management:

processor	: 7
vendor_id	: GenuineIntel
cpu family	: 6
model		: 142
model name	: Intel(R) Core(TM) i5-8250U CPU @ 1.60GHz
stepping	: 10
microcode	: 0x84
cpu MHz		: 3000.000
cache size	: 6144 KB
physical id	: 0
siblings	: 8
core id		: 3
cpu cores	: 4
apicid		: 7
initial apicid	: 7
fpu		: yes
fpu_exception	: yes
cpuid level	: 22
wp		: yes
flags		: fpu vme de pse tsc msr pae mce cx8 apic sep mtrr pge mca cmov pat pse36 clflush dts acpi mmx fxsr sse sse2 ss ht tm pbe syscall nx pdpe1gb rdtscp lm constant_tsc art arch_perfmon pebs bts rep_good nopl xtopology nonstop_tsc cpuid aperfmperf tsc_known_freq pni pclmulqdq dtes64 monitor ds_cpl vmx est tm2 ssse3 sdbg fma cx16 xtpr pdcm pcid sse4_1 sse4_2 x2apic movbe popcnt tsc_deadline_timer aes xsave avx f16c rdrand lahf_lm abm 3dnowprefetch cpuid_fault epb invpcid_single pti ibrs ibpb stibp tpr_shadow vnmi flexpriority ept vpid fsgsbase tsc_adjust bmi1 avx2 smep bmi2 erms invpcid mpx rdseed adx smap clflushopt intel_pt xsaveopt xsavec xgetbv1 xsaves dtherm ida arat pln pts hwp hwp_notify hwp_act_window hwp_epp
bugs		: cpu_meltdown spectre_v1 spectre_v2 spec_store_bypass l1tf
bogomips	: 3600.00
clflush size	: 64
cache_alignment	: 64
address sizes	: 39 bits physical, 48 bits virtual
power management:



Memory: 4k page, physical 7884860k(465692k free), swap 2036796k(37548k free)

vm_info: Java HotSpot(TM) 64-Bit Server VM (25.191-b12) for linux-amd64 JRE (1.8.0_191-b12), built on Oct  6 2018 05:43:09 by "java_re" with gcc 7.3.0

time: Sat Dec  8 15:26:36 2018
elapsed time: 19 seconds (0d 0h 0m 19s)

