#
# There is insufficient memory for the Java Runtime Environment to continue.
# Native memory allocation (mmap) failed to map 31981568 bytes for committing reserved memory.
# Possible reasons:
#   The system is out of physical RAM or swap space
#   In 32 bit mode, the process size limit was hit
# Possible solutions:
#   Reduce memory load on the system
#   Increase physical memory or swap space
#   Check if swap backing store is full
#   Use 64 bit Java on a 64 bit OS
#   Decrease Java heap size (-Xmx/-Xms)
#   Decrease number of Java threads
#   Decrease Java thread stack sizes (-Xss)
#   Set larger code cache with -XX:ReservedCodeCacheSize=
# This output file may be truncated or incomplete.
#
#  Out of Memory Error (os_linux.cpp:2743), pid=8807, tid=0x00007f12d7cfc700
#
# JRE version: Java(TM) SE Runtime Environment (8.0_191-b12) (build 1.8.0_191-b12)
# Java VM: Java HotSpot(TM) 64-Bit Server VM (25.191-b12 mixed mode linux-amd64 compressed oops)
# Failed to write core dump. Core dumps have been disabled. To enable core dumping, try "ulimit -c unlimited" before starting Java again
#

---------------  T H R E A D  ---------------

Current thread (0x00007f12f4081800):  VMThread [stack: 0x00007f12d7bfd000,0x00007f12d7cfd000] [id=8876]

Stack: [0x00007f12d7bfd000,0x00007f12d7cfd000],  sp=0x00007f12d7cfb430,  free space=1017k
Native frames: (J=compiled Java code, j=interpreted, Vv=VM code, C=native code)
V  [libjvm.so+0xace425]  VMError::report_and_die()+0x2c5
V  [libjvm.so+0x4deb77]  report_vm_out_of_memory(char const*, int, unsigned long, VMErrorType, char const*)+0x67
V  [libjvm.so+0x90c570]  os::pd_commit_memory(char*, unsigned long, unsigned long, bool)+0x100
V  [libjvm.so+0x903eaf]  os::commit_memory(char*, unsigned long, unsigned long, bool)+0x1f
V  [libjvm.so+0x988346]  PSVirtualSpace::expand_by(unsigned long)+0x56
V  [libjvm.so+0x9895d8]  PSYoungGen::resize(unsigned long, unsigned long)+0xd8
V  [libjvm.so+0x985d66]  PSScavenge::invoke_no_policy()+0x1356
V  [libjvm.so+0x98610c]  PSScavenge::invoke()+0x4c
V  [libjvm.so+0x935fb8]  ParallelScavengeHeap::failed_mem_allocate(unsigned long)+0x68
V  [libjvm.so+0xacff53]  VM_ParallelGCFailedAllocation::doit()+0x93
V  [libjvm.so+0xad50f6]  VM_Operation::evaluate()+0x46
V  [libjvm.so+0xad347d]  VMThread::evaluate_operation(VM_Operation*) [clone .constprop.44]+0xcd
V  [libjvm.so+0xad3a3b]  VMThread::loop()+0x37b
V  [libjvm.so+0xad3de8]  VMThread::run()+0x78
V  [libjvm.so+0x909c92]  java_start(Thread*)+0x102

VM_Operation (0x00007f12bcff9110): ParallelGCFailedAllocation, mode: safepoint, requested by thread 0x00007f12f4268800


---------------  P R O C E S S  ---------------

Java Threads: ( => current thread )
  0x00007f12f426c000 JavaThread "JavaFX-Launcher" [_thread_blocked, id=9294, stack(0x00007f12bcdfa000,0x00007f12bcefb000)]
  0x00007f12f4268800 JavaThread "JavaFX Application Thread" [_thread_blocked, id=9268, stack(0x00007f12bcefb000,0x00007f12bcffc000)]
  0x00007f12f4265800 JavaThread "Thread-1" daemon [_thread_blocked, id=9265, stack(0x00007f12cc0b2000,0x00007f12cc1b3000)]
  0x00007f12f4182000 JavaThread "QuantumRenderer-0" daemon [_thread_blocked, id=9210, stack(0x00007f12d6823000,0x00007f12d6924000)]
  0x00007f12f40cc800 JavaThread "Service Thread" daemon [_thread_blocked, id=9071, stack(0x00007f12d6a25000,0x00007f12d6b26000)]
  0x00007f12f40ca000 JavaThread "C1 CompilerThread3" daemon [_thread_blocked, id=9066, stack(0x00007f12d6b27000,0x00007f12d6c27000)]
  0x00007f12f40c7800 JavaThread "C2 CompilerThread2" daemon [_thread_blocked, id=9061, stack(0x00007f12d6c28000,0x00007f12d6d28000)]
  0x00007f12f40c6000 JavaThread "C2 CompilerThread1" daemon [_thread_blocked, id=9056, stack(0x00007f12d6d29000,0x00007f12d6e29000)]
  0x00007f12f40c3000 JavaThread "C2 CompilerThread0" daemon [_thread_blocked, id=9029, stack(0x00007f12d6e2a000,0x00007f12d6f2a000)]
  0x00007f12f40c1800 JavaThread "Signal Dispatcher" daemon [_thread_blocked, id=9022, stack(0x00007f12d6f2a000,0x00007f12d702b000)]
  0x00007f12f408d800 JavaThread "Finalizer" daemon [_thread_blocked, id=8960, stack(0x00007f12d79fa000,0x00007f12d7afb000)]
  0x00007f12f408b000 JavaThread "Reference Handler" daemon [_thread_blocked, id=8906, stack(0x00007f12d7afb000,0x00007f12d7bfc000)]
  0x00007f12f400b000 JavaThread "main" [_thread_blocked, id=8811, stack(0x00007f12fd6e6000,0x00007f12fd7e6000)]

Other Threads:
=>0x00007f12f4081800 VMThread [stack: 0x00007f12d7bfd000,0x00007f12d7cfd000] [id=8876]
  0x00007f12f40d1800 WatcherThread [stack: 0x00007f12d6925000,0x00007f12d6a25000] [id=9079]

VM state:at safepoint (normal execution)

VM Mutex/Monitor currently owned by a thread:  ([mutex/lock_event])
[0x00007f12f40079b0] Threads_lock - owner thread: 0x00007f12f4081800
[0x00007f12f4007eb0] Heap_lock - owner thread: 0x00007f12f4268800

Heap:
 PSYoungGen      total 36352K, used 3010K [0x00000000d7e00000, 0x00000000da680000, 0x0000000100000000)
  eden space 31232K, 0% used [0x00000000d7e00000,0x00000000d7e00000,0x00000000d9c80000)
  from space 5120K, 58% used [0x00000000da180000,0x00000000da470880,0x00000000da680000)
  to   space 5120K, 0% used [0x00000000d9c80000,0x00000000d9c80000,0x00000000da180000)
 ParOldGen       total 83456K, used 24K [0x0000000087a00000, 0x000000008cb80000, 0x00000000d7e00000)
  object space 83456K, 0% used [0x0000000087a00000,0x0000000087a06000,0x000000008cb80000)
 Metaspace       used 9210K, capacity 9626K, committed 9984K, reserved 1058816K
  class space    used 1262K, capacity 1410K, committed 1536K, reserved 1048576K

Card table byte_map: [0x00007f12f9fff000,0x00007f12fa3c3000] byte_map_base: 0x00007f12f9bc2000

Marking Bits: (ParMarkBitMap*) 0x00007f12fcb8bd40
 Begin Bits: [0x00007f12dc3d0000, 0x00007f12de1e8000)
 End Bits:   [0x00007f12de1e8000, 0x00007f12e0000000)

Polling page: 0x00007f12fd7fb000

CodeCache: size=245760Kb used=2923Kb max_used=2924Kb free=242836Kb
 bounds [0x00007f12e5000000, 0x00007f12e52e0000, 0x00007f12f4000000]
 total_blobs=1217 nmethods=751 adapters=380
 compilation: enabled

Compilation events (10 events):
Event: 9,287 Thread 0x00007f12f40ca000 nmethod 748 0x00007f12e52d6250 code [0x00007f12e52d6480, 0x00007f12e52d7128]
Event: 9,287 Thread 0x00007f12f40ca000  749   !   3       java.lang.ref.ReferenceQueue::enqueue (119 bytes)
Event: 9,287 Thread 0x00007f12f40ca000 nmethod 749 0x00007f12e52d38d0 code [0x00007f12e52d3a80, 0x00007f12e52d41e8]
Event: 9,287 Thread 0x00007f12f40ca000  750       3       sun.misc.VM::addFinalRefCount (24 bytes)
Event: 9,287 Thread 0x00007f12f40ca000 nmethod 750 0x00007f12e52d2090 code [0x00007f12e52d2200, 0x00007f12e52d23b0]
Event: 9,299 Thread 0x00007f12f40ca000  751       3       java.lang.ref.Finalizer::access$000 (4 bytes)
Event: 9,311 Thread 0x00007f12f40ca000 nmethod 751 0x00007f12e52d35d0 code [0x00007f12e52d3720, 0x00007f12e52d3850]
Event: 9,311 Thread 0x00007f12f40ca000  752       3       java.lang.ref.ReferenceQueue::remove (6 bytes)
Event: 9,311 Thread 0x00007f12f40ca000 nmethod 752 0x00007f12e52d31d0 code [0x00007f12e52d3340, 0x00007f12e52d3548]
Event: 9,341 Thread 0x00007f12f40ca000  753       3       java.lang.ref.ReferenceQueue::reallyPoll (65 bytes)

GC Heap History (3 events):
Event: 8,950 GC heap before
{Heap before GC invocations=1 (full 0):
 PSYoungGen      total 36352K, used 31232K [0x00000000d7e00000, 0x00000000da680000, 0x0000000100000000)
  eden space 31232K, 100% used [0x00000000d7e00000,0x00000000d9c80000,0x00000000d9c80000)
  from space 5120K, 0% used [0x00000000da180000,0x00000000da180000,0x00000000da680000)
  to   space 5120K, 0% used [0x00000000d9c80000,0x00000000d9c80000,0x00000000da180000)
 ParOldGen       total 83456K, used 0K [0x0000000087a00000, 0x000000008cb80000, 0x00000000d7e00000)
  object space 83456K, 0% used [0x0000000087a00000,0x0000000087a00000,0x000000008cb80000)
 Metaspace       used 9202K, capacity 9626K, committed 9984K, reserved 1058816K
  class space    used 1262K, capacity 1410K, committed 1536K, reserved 1048576K
Event: 9,278 GC heap after
Heap after GC invocations=1 (full 0):
 PSYoungGen      total 36352K, used 3203K [0x00000000d7e00000, 0x00000000da680000, 0x0000000100000000)
  eden space 31232K, 0% used [0x00000000d7e00000,0x00000000d7e00000,0x00000000d9c80000)
  from space 5120K, 62% used [0x00000000d9c80000,0x00000000d9fa0cb0,0x00000000da180000)
  to   space 5120K, 0% used [0x00000000da180000,0x00000000da180000,0x00000000da680000)
 ParOldGen       total 83456K, used 8K [0x0000000087a00000, 0x000000008cb80000, 0x00000000d7e00000)
  object space 83456K, 0% used [0x0000000087a00000,0x0000000087a02000,0x000000008cb80000)
 Metaspace       used 9202K, capacity 9626K, committed 9984K, reserved 1058816K
  class space    used 1262K, capacity 1410K, committed 1536K, reserved 1048576K
}
Event: 9,669 GC heap before
{Heap before GC invocations=2 (full 0):
 PSYoungGen      total 36352K, used 34435K [0x00000000d7e00000, 0x00000000da680000, 0x0000000100000000)
  eden space 31232K, 100% used [0x00000000d7e00000,0x00000000d9c80000,0x00000000d9c80000)
  from space 5120K, 62% used [0x00000000d9c80000,0x00000000d9fa0cb0,0x00000000da180000)
  to   space 5120K, 0% used [0x00000000da180000,0x00000000da180000,0x00000000da680000)
 ParOldGen       total 83456K, used 8K [0x0000000087a00000, 0x000000008cb80000, 0x00000000d7e00000)
  object space 83456K, 0% used [0x0000000087a00000,0x0000000087a02000,0x000000008cb80000)
 Metaspace       used 9210K, capacity 9626K, committed 9984K, reserved 1058816K
  class space    used 1262K, capacity 1410K, committed 1536K, reserved 1048576K

Deoptimization events (2 events):
Event: 6,265 Thread 0x00007f12f4268800 Uncommon trap: reason=unstable_if action=reinterpret pc=0x00007f12e51ace44 method=java.lang.String.replace(CC)Ljava/lang/String; @ 2
Event: 7,354 Thread 0x00007f12f4268800 Uncommon trap: reason=unstable_if action=reinterpret pc=0x00007f12e5264670 method=java.io.BufferedInputStream.read()I @ 8

Classes redefined (0 events):
No events

Internal exceptions (10 events):
Event: 0,292 Thread 0x00007f12f400b000 Exception <a 'java/lang/NoSuchMethodError': Method sun.misc.Unsafe.prefetchRead(Ljava/lang/Object;J)V name or signature does not match> (0x00000000d7e07f98) thrown at [/HUDSON/workspace/8-2-build-linux-amd64/jdk8u191/11894/hotspot/src/share/vm/prims/jni.c
Event: 1,121 Thread 0x00007f12f400b000 Exception <a 'java/lang/NoSuchFieldError': method resolution failed> (0x00000000d8002430) thrown at [/HUDSON/workspace/8-2-build-linux-amd64/jdk8u191/11894/hotspot/src/share/vm/prims/methodHandles.cpp, line 1167]
Event: 1,143 Thread 0x00007f12f400b000 Exception <a 'java/lang/NoSuchFieldError': method resolution failed> (0x00000000d800f7b0) thrown at [/HUDSON/workspace/8-2-build-linux-amd64/jdk8u191/11894/hotspot/src/share/vm/prims/methodHandles.cpp, line 1167]
Event: 2,442 Thread 0x00007f12f400b000 Exception <a 'java/security/PrivilegedActionException'> (0x00000000d8098eb8) thrown at [/HUDSON/workspace/8-2-build-linux-amd64/jdk8u191/11894/hotspot/src/share/vm/prims/jvm.cpp, line 1435]
Event: 2,442 Thread 0x00007f12f400b000 Exception <a 'java/security/PrivilegedActionException'> (0x00000000d80990c8) thrown at [/HUDSON/workspace/8-2-build-linux-amd64/jdk8u191/11894/hotspot/src/share/vm/prims/jvm.cpp, line 1435]
Event: 2,443 Thread 0x00007f12f400b000 Exception <a 'java/security/PrivilegedActionException'> (0x00000000d809b530) thrown at [/HUDSON/workspace/8-2-build-linux-amd64/jdk8u191/11894/hotspot/src/share/vm/prims/jvm.cpp, line 1435]
Event: 2,443 Thread 0x00007f12f400b000 Exception <a 'java/security/PrivilegedActionException'> (0x00000000d809b740) thrown at [/HUDSON/workspace/8-2-build-linux-amd64/jdk8u191/11894/hotspot/src/share/vm/prims/jvm.cpp, line 1435]
Event: 2,454 Thread 0x00007f12f400b000 Exception <a 'java/lang/NullPointerException'> (0x00000000d809bd18) thrown at [/HUDSON/workspace/8-2-build-linux-amd64/jdk8u191/11894/hotspot/src/share/vm/interpreter/linkResolver.cpp, line 1185]
Event: 6,904 Thread 0x00007f12f4268800 Exception <a 'java/lang/NullPointerException'> (0x00000000d88f7c40) thrown at [/HUDSON/workspace/8-2-build-linux-amd64/jdk8u191/11894/hotspot/src/share/vm/interpreter/linkResolver.cpp, line 1185]
Event: 6,904 Thread 0x00007f12f4268800 Exception <a 'java/lang/NullPointerException'> (0x00000000d88f7c40) thrown at [/HUDSON/workspace/8-2-build-linux-amd64/jdk8u191/11894/hotspot/src/share/vm/prims/jvm.cpp, line 1439]

Events (10 events):
Event: 9,349 Executing VM operation: RevokeBias done
Event: 9,349 Executing VM operation: RevokeBias
Event: 9,349 Executing VM operation: RevokeBias done
Event: 9,349 Executing VM operation: RevokeBias
Event: 9,349 Executing VM operation: RevokeBias done
Event: 9,349 Executing VM operation: RevokeBias
Event: 9,349 Executing VM operation: RevokeBias done
Event: 9,349 Executing VM operation: BulkRevokeBias
Event: 9,349 Executing VM operation: BulkRevokeBias done
Event: 9,548 Executing VM operation: ParallelGCFailedAllocation


Dynamic libraries:
00400000-00401000 r-xp 00000000 103:05 2225208                           /usr/lib/jvm/java-8-oracle/bin/java
00600000-00601000 r--p 00000000 103:05 2225208                           /usr/lib/jvm/java-8-oracle/bin/java
00601000-00602000 rw-p 00001000 103:05 2225208                           /usr/lib/jvm/java-8-oracle/bin/java
015fd000-0161e000 rw-p 00000000 00:00 0                                  [heap]
87a00000-8cb80000 rw-p 00000000 00:00 0 
8cb80000-d7e00000 ---p 00000000 00:00 0 
d7e00000-da680000 rw-p 00000000 00:00 0 
dc500000-100000000 ---p 00000000 00:00 0 
100000000-100180000 rw-p 00000000 00:00 0 
100180000-140000000 ---p 00000000 00:00 0 
7f1278000000-7f12780fa000 rw-p 00000000 00:00 0 
7f12780fa000-7f127c000000 ---p 00000000 00:00 0 
7f127c000000-7f127c021000 rw-p 00000000 00:00 0 
7f127c021000-7f1280000000 ---p 00000000 00:00 0 
7f1280000000-7f128188b000 rw-p 00000000 00:00 0 
7f128188b000-7f1284000000 ---p 00000000 00:00 0 
7f1284000000-7f1284021000 rw-p 00000000 00:00 0 
7f1284021000-7f1288000000 ---p 00000000 00:00 0 
7f1288000000-7f1288021000 rw-p 00000000 00:00 0 
7f1288021000-7f128c000000 ---p 00000000 00:00 0 
7f128c000000-7f128c021000 rw-p 00000000 00:00 0 
7f128c021000-7f1290000000 ---p 00000000 00:00 0 
7f1290000000-7f12901b5000 rw-p 00000000 00:00 0 
7f12901b5000-7f1294000000 ---p 00000000 00:00 0 
7f1294000000-7f1294279000 rw-p 00000000 00:00 0 
7f1294279000-7f1298000000 ---p 00000000 00:00 0 
7f1298000000-7f12980f5000 rw-p 00000000 00:00 0 
7f12980f5000-7f129c000000 ---p 00000000 00:00 0 
7f129c000000-7f129c0b9000 rw-p 00000000 00:00 0 
7f129c0b9000-7f12a0000000 ---p 00000000 00:00 0 
7f12a0000000-7f12a0021000 rw-p 00000000 00:00 0 
7f12a0021000-7f12a4000000 ---p 00000000 00:00 0 
7f12a4000000-7f12a4021000 rw-p 00000000 00:00 0 
7f12a4021000-7f12a8000000 ---p 00000000 00:00 0 
7f12a8000000-7f12a829a000 rw-p 00000000 00:00 0 
7f12a829a000-7f12ac000000 ---p 00000000 00:00 0 
7f12ac000000-7f12ac021000 rw-p 00000000 00:00 0 
7f12ac021000-7f12b0000000 ---p 00000000 00:00 0 
7f12b0000000-7f12b0021000 rw-p 00000000 00:00 0 
7f12b0021000-7f12b4000000 ---p 00000000 00:00 0 
7f12b4000000-7f12b4021000 rw-p 00000000 00:00 0 
7f12b4021000-7f12b8000000 ---p 00000000 00:00 0 
7f12b8000000-7f12b8021000 rw-p 00000000 00:00 0 
7f12b8021000-7f12bc000000 ---p 00000000 00:00 0 
7f12bc7b7000-7f12bc7f7000 rw-p 00000000 00:00 0 
7f12bc7f7000-7f12bc9b7000 ---p 00000000 00:00 0 
7f12bc9b7000-7f12bc9ba000 r-xp 00000000 103:05 2359792                   /usr/lib/jvm/java-8-oracle/jre/lib/amd64/libjavafx_font.so
7f12bc9ba000-7f12bcbb9000 ---p 00003000 103:05 2359792                   /usr/lib/jvm/java-8-oracle/jre/lib/amd64/libjavafx_font.so
7f12bcbb9000-7f12bcbba000 r--p 00002000 103:05 2359792                   /usr/lib/jvm/java-8-oracle/jre/lib/amd64/libjavafx_font.so
7f12bcbba000-7f12bcbbb000 rw-p 00003000 103:05 2359792                   /usr/lib/jvm/java-8-oracle/jre/lib/amd64/libjavafx_font.so
7f12bcbbb000-7f12bcbf7000 r-xp 00000000 103:05 1837158                   /lib/x86_64-linux-gnu/libnss_systemd.so.2
7f12bcbf7000-7f12bcdf6000 ---p 0003c000 103:05 1837158                   /lib/x86_64-linux-gnu/libnss_systemd.so.2
7f12bcdf6000-7f12bcdf9000 r--p 0003b000 103:05 1837158                   /lib/x86_64-linux-gnu/libnss_systemd.so.2
7f12bcdf9000-7f12bcdfa000 rw-p 0003e000 103:05 1837158                   /lib/x86_64-linux-gnu/libnss_systemd.so.2
7f12bcdfa000-7f12bcdfd000 ---p 00000000 00:00 0 
7f12bcdfd000-7f12bcefb000 rw-p 00000000 00:00 0 
7f12bcefb000-7f12bcefe000 ---p 00000000 00:00 0 
7f12bcefe000-7f12bcffc000 rw-p 00000000 00:00 0 
7f12bcffc000-7f12bd003000 r-xp 00000000 103:05 2234446                   /usr/lib/x86_64-linux-gnu/libogg.so.0.8.2
7f12bd003000-7f12bd203000 ---p 00007000 103:05 2234446                   /usr/lib/x86_64-linux-gnu/libogg.so.0.8.2
7f12bd203000-7f12bd204000 r--p 00007000 103:05 2234446                   /usr/lib/x86_64-linux-gnu/libogg.so.0.8.2
7f12bd204000-7f12bd205000 rw-p 00008000 103:05 2234446                   /usr/lib/x86_64-linux-gnu/libogg.so.0.8.2
7f12bd205000-7f12bd22f000 r-xp 00000000 103:05 2234754                   /usr/lib/x86_64-linux-gnu/libvorbis.so.0.4.8
7f12bd22f000-7f12bd42e000 ---p 0002a000 103:05 2234754                   /usr/lib/x86_64-linux-gnu/libvorbis.so.0.4.8
7f12bd42e000-7f12bd42f000 r--p 00029000 103:05 2234754                   /usr/lib/x86_64-linux-gnu/libvorbis.so.0.4.8
7f12bd42f000-7f12bd430000 rw-p 0002a000 103:05 2234754                   /usr/lib/x86_64-linux-gnu/libvorbis.so.0.4.8
7f12bd430000-7f12bd439000 r-xp 00000000 103:05 2234345                   /usr/lib/x86_64-linux-gnu/libltdl.so.7.3.1
7f12bd439000-7f12bd638000 ---p 00009000 103:05 2234345                   /usr/lib/x86_64-linux-gnu/libltdl.so.7.3.1
7f12bd638000-7f12bd639000 r--p 00008000 103:05 2234345                   /usr/lib/x86_64-linux-gnu/libltdl.so.7.3.1
7f12bd639000-7f12bd63a000 rw-p 00009000 103:05 2234345                   /usr/lib/x86_64-linux-gnu/libltdl.so.7.3.1
7f12bd63a000-7f12bd64f000 r-xp 00000000 103:05 2234679                   /usr/lib/x86_64-linux-gnu/libtdb.so.1.3.15
7f12bd64f000-7f12bd84e000 ---p 00015000 103:05 2234679                   /usr/lib/x86_64-linux-gnu/libtdb.so.1.3.15
7f12bd84e000-7f12bd84f000 r--p 00014000 103:05 2234679                   /usr/lib/x86_64-linux-gnu/libtdb.so.1.3.15
7f12bd84f000-7f12bd850000 rw-p 00015000 103:05 2234679                   /usr/lib/x86_64-linux-gnu/libtdb.so.1.3.15
7f12bd850000-7f12bd857000 r-xp 00000000 103:05 2234758                   /usr/lib/x86_64-linux-gnu/libvorbisfile.so.3.3.7
7f12bd857000-7f12bda56000 ---p 00007000 103:05 2234758                   /usr/lib/x86_64-linux-gnu/libvorbisfile.so.3.3.7
7f12bda56000-7f12bda57000 r--p 00006000 103:05 2234758                   /usr/lib/x86_64-linux-gnu/libvorbisfile.so.3.3.7
7f12bda57000-7f12bda58000 rw-p 00007000 103:05 2234758                   /usr/lib/x86_64-linux-gnu/libvorbisfile.so.3.3.7
7f12bda58000-7f12bda68000 r-xp 00000000 103:05 2233802                   /usr/lib/x86_64-linux-gnu/libcanberra.so.0.2.5
7f12bda68000-7f12bdc68000 ---p 00010000 103:05 2233802                   /usr/lib/x86_64-linux-gnu/libcanberra.so.0.2.5
7f12bdc68000-7f12bdc69000 r--p 00010000 103:05 2233802                   /usr/lib/x86_64-linux-gnu/libcanberra.so.0.2.5
7f12bdc69000-7f12bdc6a000 rw-p 00011000 103:05 2233802                   /usr/lib/x86_64-linux-gnu/libcanberra.so.0.2.5
7f12bdc6a000-7f12bdc6e000 r-xp 00000000 103:05 2224812                   /usr/lib/x86_64-linux-gnu/libcanberra-gtk.so.0.1.9
7f12bdc6e000-7f12bde6d000 ---p 00004000 103:05 2224812                   /usr/lib/x86_64-linux-gnu/libcanberra-gtk.so.0.1.9
7f12bde6d000-7f12bde6e000 r--p 00003000 103:05 2224812                   /usr/lib/x86_64-linux-gnu/libcanberra-gtk.so.0.1.9
7f12bde6e000-7f12bde6f000 rw-p 00004000 103:05 2224812                   /usr/lib/x86_64-linux-gnu/libcanberra-gtk.so.0.1.9
7f12bde6f000-7f12bde74000 r-xp 00000000 103:05 2499481                   /usr/lib/x86_64-linux-gnu/gtk-2.0/modules/libcanberra-gtk-module.so
7f12bde74000-7f12be074000 ---p 00005000 103:05 2499481                   /usr/lib/x86_64-linux-gnu/gtk-2.0/modules/libcanberra-gtk-module.so
7f12be074000-7f12be075000 r--p 00005000 103:05 2499481                   /usr/lib/x86_64-linux-gnu/gtk-2.0/modules/libcanberra-gtk-module.so
7f12be075000-7f12be076000 rw-p 00006000 103:05 2499481                   /usr/lib/x86_64-linux-gnu/gtk-2.0/modules/libcanberra-gtk-module.so
7f12be076000-7f12be0b0000 r-xp 00000000 103:05 2486368                   /usr/lib/x86_64-linux-gnu/gtk-2.0/2.10.0/engines/libmurrine.so
7f12be0b0000-7f12be2b0000 ---p 0003a000 103:05 2486368                   /usr/lib/x86_64-linux-gnu/gtk-2.0/2.10.0/engines/libmurrine.so
7f12be2b0000-7f12be2b1000 r--p 0003a000 103:05 2486368                   /usr/lib/x86_64-linux-gnu/gtk-2.0/2.10.0/engines/libmurrine.so
7f12be2b1000-7f12be2b2000 rw-p 0003b000 103:05 2486368                   /usr/lib/x86_64-linux-gnu/gtk-2.0/2.10.0/engines/libmurrine.so
7f12be2b2000-7f12be2c6000 r-xp 00000000 103:05 1837094                   /lib/x86_64-linux-gnu/libgpg-error.so.0.22.0
7f12be2c6000-7f12be4c5000 ---p 00014000 103:05 1837094                   /lib/x86_64-linux-gnu/libgpg-error.so.0.22.0
7f12be4c5000-7f12be4c6000 r--p 00013000 103:05 1837094                   /lib/x86_64-linux-gnu/libgpg-error.so.0.22.0
7f12be4c6000-7f12be4c7000 rw-p 00014000 103:05 1837094                   /lib/x86_64-linux-gnu/libgpg-error.so.0.22.0
7f12be4c7000-7f12be5db000 r-xp 00000000 103:05 1837092                   /lib/x86_64-linux-gnu/libgcrypt.so.20.2.1
7f12be5db000-7f12be7da000 ---p 00114000 103:05 1837092                   /lib/x86_64-linux-gnu/libgcrypt.so.20.2.1
7f12be7da000-7f12be7dc000 r--p 00113000 103:05 1837092                   /lib/x86_64-linux-gnu/libgcrypt.so.20.2.1
7f12be7dc000-7f12be7e1000 rw-p 00115000 103:05 1837092                   /lib/x86_64-linux-gnu/libgcrypt.so.20.2.1
7f12be7e1000-7f12be7e2000 rw-p 00000000 00:00 0 
7f12be7e2000-7f12be7fd000 r-xp 00000000 103:05 2234353                   /usr/lib/x86_64-linux-gnu/liblz4.so.1.7.1
7f12be7fd000-7f12be9fc000 ---p 0001b000 103:05 2234353                   /usr/lib/x86_64-linux-gnu/liblz4.so.1.7.1
7f12be9fc000-7f12be9fd000 r--p 0001a000 103:05 2234353                   /usr/lib/x86_64-linux-gnu/liblz4.so.1.7.1
7f12be9fd000-7f12be9fe000 rw-p 0001b000 103:05 2234353                   /usr/lib/x86_64-linux-gnu/liblz4.so.1.7.1
7f12be9fe000-7f12bea22000 r-xp 00000000 103:05 1837113                   /lib/x86_64-linux-gnu/liblzma.so.5.2.2
7f12bea22000-7f12bec22000 ---p 00024000 103:05 1837113                   /lib/x86_64-linux-gnu/liblzma.so.5.2.2
7f12bec22000-7f12bec23000 r--p 00024000 103:05 1837113                   /lib/x86_64-linux-gnu/liblzma.so.5.2.2
7f12bec23000-7f12bec24000 rw-p 00025000 103:05 1837113                   /lib/x86_64-linux-gnu/liblzma.so.5.2.2
7f12bec24000-7f12beca4000 r-xp 00000000 103:05 1837207                   /lib/x86_64-linux-gnu/libsystemd.so.0.21.0
7f12beca4000-7f12beea3000 ---p 00080000 103:05 1837207                   /lib/x86_64-linux-gnu/libsystemd.so.0.21.0
7f12beea3000-7f12beea6000 r--p 0007f000 103:05 1837207                   /lib/x86_64-linux-gnu/libsystemd.so.0.21.0
7f12beea6000-7f12beea7000 rw-p 00082000 103:05 1837207                   /lib/x86_64-linux-gnu/libsystemd.so.0.21.0
7f12beea7000-7f12beea8000 rw-p 00000000 00:00 0 
7f12beea8000-7f12beed4000 r-xp 00000000 103:05 2233735                   /usr/lib/x86_64-linux-gnu/libatspi.so.0.0.1
7f12beed4000-7f12bf0d4000 ---p 0002c000 103:05 2233735                   /usr/lib/x86_64-linux-gnu/libatspi.so.0.0.1
7f12bf0d4000-7f12bf0d7000 r--p 0002c000 103:05 2233735                   /usr/lib/x86_64-linux-gnu/libatspi.so.0.0.1
7f12bf0d7000-7f12bf0d8000 rw-p 0002f000 103:05 2233735                   /usr/lib/x86_64-linux-gnu/libatspi.so.0.0.1
7f12bf0d8000-7f12bf123000 r-xp 00000000 103:05 1837068                   /lib/x86_64-linux-gnu/libdbus-1.so.3.19.4
7f12bf123000-7f12bf323000 ---p 0004b000 103:05 1837068                   /lib/x86_64-linux-gnu/libdbus-1.so.3.19.4
7f12bf323000-7f12bf324000 r--p 0004b000 103:05 1837068                   /lib/x86_64-linux-gnu/libdbus-1.so.3.19.4
7f12bf324000-7f12bf325000 rw-p 0004c000 103:05 1837068                   /lib/x86_64-linux-gnu/libdbus-1.so.3.19.4
7f12bf325000-7f12bf353000 r-xp 00000000 103:05 2233733                   /usr/lib/x86_64-linux-gnu/libatk-bridge-2.0.so.0.0.0
7f12bf353000-7f12bf553000 ---p 0002e000 103:05 2233733                   /usr/lib/x86_64-linux-gnu/libatk-bridge-2.0.so.0.0.0
7f12bf553000-7f12bf554000 r--p 0002e000 103:05 2233733                   /usr/lib/x86_64-linux-gnu/libatk-bridge-2.0.so.0.0.0
7f12bf554000-7f12bf555000 rw-p 0002f000 103:05 2233733                   /usr/lib/x86_64-linux-gnu/libatk-bridge-2.0.so.0.0.0
7f12bf555000-7f12bf556000 rw-p 00000000 00:00 0 
7f12bf556000-7f12bf557000 r-xp 00000000 103:05 2486386                   /usr/lib/x86_64-linux-gnu/gtk-2.0/modules/libatk-bridge.so
7f12bf557000-7f12bf756000 ---p 00001000 103:05 2486386                   /usr/lib/x86_64-linux-gnu/gtk-2.0/modules/libatk-bridge.so
7f12bf756000-7f12bf757000 r--p 00000000 103:05 2486386                   /usr/lib/x86_64-linux-gnu/gtk-2.0/modules/libatk-bridge.so
7f12bf757000-7f12bf758000 rw-p 00001000 103:05 2486386                   /usr/lib/x86_64-linux-gnu/gtk-2.0/modules/libatk-bridge.so
7f12bf758000-7f12bf75f000 r-xp 00000000 103:05 2234029                   /usr/lib/x86_64-linux-gnu/libgailutil.so.18.0.1
7f12bf75f000-7f12bf95e000 ---p 00007000 103:05 2234029                   /usr/lib/x86_64-linux-gnu/libgailutil.so.18.0.1
7f12bf95e000-7f12bf95f000 r--p 00006000 103:05 2234029                   /usr/lib/x86_64-linux-gnu/libgailutil.so.18.0.1
7f12bf95f000-7f12bf960000 rw-p 00007000 103:05 2234029                   /usr/lib/x86_64-linux-gnu/libgailutil.so.18.0.1
7f12bf960000-7f12bf9ad000 r-xp 00000000 103:05 2486388                   /usr/lib/x86_64-linux-gnu/gtk-2.0/modules/libgail.so
7f12bf9ad000-7f12bfbad000 ---p 0004d000 103:05 2486388                   /usr/lib/x86_64-linux-gnu/gtk-2.0/modules/libgail.so
7f12bfbad000-7f12bfbae000 r--p 0004d000 103:05 2486388                   /usr/lib/x86_64-linux-gnu/gtk-2.0/modules/libgail.so
7f12bfbae000-7f12bfbb0000 rw-p 0004e000 103:05 2486388                   /usr/lib/x86_64-linux-gnu/gtk-2.0/modules/libgail.so
7f12bfbb0000-7f12bfbf3000 r-xp 00000000 103:05 2359766                   /usr/lib/jvm/java-8-oracle/jre/lib/amd64/libglass.so
7f12bfbf3000-7f12bfdf3000 ---p 00043000 103:05 2359766                   /usr/lib/jvm/java-8-oracle/jre/lib/amd64/libglass.so
7f12bfdf3000-7f12bfdf5000 r--p 00043000 103:05 2359766                   /usr/lib/jvm/java-8-oracle/jre/lib/amd64/libglass.so
7f12bfdf5000-7f12bfdf6000 rw-p 00045000 103:05 2359766                   /usr/lib/jvm/java-8-oracle/jre/lib/amd64/libglass.so
7f12bfdf6000-7f12bfdf7000 rw-p 00000000 00:00 0 
7f12bfdf7000-7f12bfdff000 r-xp 00000000 103:05 2234485                   /usr/lib/x86_64-linux-gnu/libpciaccess.so.0.11.1
7f12bfdff000-7f12bfffe000 ---p 00008000 103:05 2234485                   /usr/lib/x86_64-linux-gnu/libpciaccess.so.0.11.1
7f12bfffe000-7f12bffff000 r--p 00007000 103:05 2234485                   /usr/lib/x86_64-linux-gnu/libpciaccess.so.0.11.1
7f12bffff000-7f12c0000000 rw-p 00008000 103:05 2234485                   /usr/lib/x86_64-linux-gnu/libpciaccess.so.0.11.1
7f12c0000000-7f12c0021000 rw-p 00000000 00:00 0 
7f12c0021000-7f12c4000000 ---p 00000000 00:00 0 
7f12c402e000-7f12c4045000 r-xp 00000000 103:05 1837090                   /lib/x86_64-linux-gnu/libgcc_s.so.1
7f12c4045000-7f12c4244000 ---p 00017000 103:05 1837090                   /lib/x86_64-linux-gnu/libgcc_s.so.1
7f12c4244000-7f12c4245000 r--p 00016000 103:05 1837090                   /lib/x86_64-linux-gnu/libgcc_s.so.1
7f12c4245000-7f12c4246000 rw-p 00017000 103:05 1837090                   /lib/x86_64-linux-gnu/libgcc_s.so.1
7f12c4246000-7f12c43c4000 r-xp 00000000 103:05 2234666                   /usr/lib/x86_64-linux-gnu/libstdc++.so.6.0.25
7f12c43c4000-7f12c45c4000 ---p 0017e000 103:05 2234666                   /usr/lib/x86_64-linux-gnu/libstdc++.so.6.0.25
7f12c45c4000-7f12c45ce000 r--p 0017e000 103:05 2234666                   /usr/lib/x86_64-linux-gnu/libstdc++.so.6.0.25
7f12c45ce000-7f12c45d0000 rw-p 00188000 103:05 2234666                   /usr/lib/x86_64-linux-gnu/libstdc++.so.6.0.25
7f12c45d0000-7f12c45d4000 rw-p 00000000 00:00 0 
7f12c45d4000-7f12c45df000 r-xp 00000000 103:05 2233919                   /usr/lib/x86_64-linux-gnu/libdrm_radeon.so.1.0.1
7f12c45df000-7f12c47de000 ---p 0000b000 103:05 2233919                   /usr/lib/x86_64-linux-gnu/libdrm_radeon.so.1.0.1
7f12c47de000-7f12c47df000 r--p 0000a000 103:05 2233919                   /usr/lib/x86_64-linux-gnu/libdrm_radeon.so.1.0.1
7f12c47df000-7f12c47e0000 rw-p 0000b000 103:05 2233919                   /usr/lib/x86_64-linux-gnu/libdrm_radeon.so.1.0.1
7f12c47e0000-7f12c47e7000 r-xp 00000000 103:05 2233917                   /usr/lib/x86_64-linux-gnu/libdrm_nouveau.so.2.0.0
7f12c47e7000-7f12c49e6000 ---p 00007000 103:05 2233917                   /usr/lib/x86_64-linux-gnu/libdrm_nouveau.so.2.0.0
7f12c49e6000-7f12c49e7000 r--p 00006000 103:05 2233917                   /usr/lib/x86_64-linux-gnu/libdrm_nouveau.so.2.0.0
7f12c49e7000-7f12c49e8000 rw-p 00007000 103:05 2233917                   /usr/lib/x86_64-linux-gnu/libdrm_nouveau.so.2.0.0
7f12c49e8000-7f12c4a0a000 r-xp 00000000 103:05 2233915                   /usr/lib/x86_64-linux-gnu/libdrm_intel.so.1.0.0
7f12c4a0a000-7f12c4c09000 ---p 00022000 103:05 2233915                   /usr/lib/x86_64-linux-gnu/libdrm_intel.so.1.0.0
7f12c4c09000-7f12c4c0a000 r--p 00021000 103:05 2233915                   /usr/lib/x86_64-linux-gnu/libdrm_intel.so.1.0.0
7f12c4c0a000-7f12c4c0b000 rw-p 00022000 103:05 2233915                   /usr/lib/x86_64-linux-gnu/libdrm_intel.so.1.0.0
7f12c4c0b000-7f12c548a000 r-xp 00000000 103:05 2359968                   /usr/lib/x86_64-linux-gnu/dri/i965_dri.so
7f12c548a000-7f12c568a000 ---p 0087f000 103:05 2359968                   /usr/lib/x86_64-linux-gnu/dri/i965_dri.so
7f12c568a000-7f12c56da000 r--p 0087f000 103:05 2359968                   /usr/lib/x86_64-linux-gnu/dri/i965_dri.so
7f12c56da000-7f12c56e5000 rw-p 008cf000 103:05 2359968                   /usr/lib/x86_64-linux-gnu/dri/i965_dri.so
7f12c56e5000-7f12c578a000 rw-p 00000000 00:00 0 
7f12c578a000-7f12c579a000 r-xp 00000000 103:05 2233911                   /usr/lib/x86_64-linux-gnu/libdrm.so.2.4.0
7f12c579a000-7f12c5999000 ---p 00010000 103:05 2233911                   /usr/lib/x86_64-linux-gnu/libdrm.so.2.4.0
7f12c5999000-7f12c599a000 r--p 0000f000 103:05 2233911                   /usr/lib/x86_64-linux-gnu/libdrm.so.2.4.0
7f12c599a000-7f12c599b000 rw-p 00010000 103:05 2233911                   /usr/lib/x86_64-linux-gnu/libdrm.so.2.4.0
7f12c599b000-7f12c599f000 r-xp 00000000 103:05 2234813                   /usr/lib/x86_64-linux-gnu/libxcb-dri2.so.0.0.0
7f12c599f000-7f12c5b9e000 ---p 00004000 103:05 2234813                   /usr/lib/x86_64-linux-gnu/libxcb-dri2.so.0.0.0
7f12c5b9e000-7f12c5b9f000 r--p 00003000 103:05 2234813                   /usr/lib/x86_64-linux-gnu/libxcb-dri2.so.0.0.0
7f12c5b9f000-7f12c5ba0000 rw-p 00004000 103:05 2234813                   /usr/lib/x86_64-linux-gnu/libxcb-dri2.so.0.0.0
7f12c5ba0000-7f12c5bb8000 r-xp 00000000 103:05 2234817                   /usr/lib/x86_64-linux-gnu/libxcb-glx.so.0.0.0
7f12c5bb8000-7f12c5db8000 ---p 00018000 103:05 2234817                   /usr/lib/x86_64-linux-gnu/libxcb-glx.so.0.0.0
7f12c5db8000-7f12c5dba000 r--p 00018000 103:05 2234817                   /usr/lib/x86_64-linux-gnu/libxcb-glx.so.0.0.0
7f12c5dba000-7f12c5dbb000 rw-p 0001a000 103:05 2234817                   /usr/lib/x86_64-linux-gnu/libxcb-glx.so.0.0.0
7f12c5dbb000-7f12c5dbc000 r-xp 00000000 103:05 2233639                   /usr/lib/x86_64-linux-gnu/libX11-xcb.so.1.0.0
7f12c5dbc000-7f12c5fbb000 ---p 00001000 103:05 2233639                   /usr/lib/x86_64-linux-gnu/libX11-xcb.so.1.0.0
7f12c5fbb000-7f12c5fbc000 r--p 00000000 103:05 2233639                   /usr/lib/x86_64-linux-gnu/libX11-xcb.so.1.0.0
7f12c5fbc000-7f12c5fbd000 rw-p 00001000 103:05 2233639                   /usr/lib/x86_64-linux-gnu/libX11-xcb.so.1.0.0
7f12c5fbd000-7f12c5fe9000 r-xp 00000000 103:05 2234079                   /usr/lib/x86_64-linux-gnu/libglapi.so.0.0.0
7f12c5fe9000-7f12c61e8000 ---p 0002c000 103:05 2234079                   /usr/lib/x86_64-linux-gnu/libglapi.so.0.0.0
7f12c61e8000-7f12c61ec000 r--p 0002b000 103:05 2234079                   /usr/lib/x86_64-linux-gnu/libglapi.so.0.0.0
7f12c61ec000-7f12c61ed000 rw-p 0002f000 103:05 2234079                   /usr/lib/x86_64-linux-gnu/libglapi.so.0.0.0
7f12c61ed000-7f12c61ee000 rw-p 00000000 00:00 0 
7f12c61ee000-7f12c61ef000 r-xp 00000000 103:05 2234865                   /usr/lib/x86_64-linux-gnu/libxshmfence.so.1.0.0
7f12c61ef000-7f12c63ee000 ---p 00001000 103:05 2234865                   /usr/lib/x86_64-linux-gnu/libxshmfence.so.1.0.0
7f12c63ee000-7f12c63ef000 r--p 00000000 103:05 2234865                   /usr/lib/x86_64-linux-gnu/libxshmfence.so.1.0.0
7f12c63ef000-7f12c63f0000 rw-p 00001000 103:05 2234865                   /usr/lib/x86_64-linux-gnu/libxshmfence.so.1.0.0
7f12c63f0000-7f12c63f5000 r-xp 00000000 103:05 2234839                   /usr/lib/x86_64-linux-gnu/libxcb-sync.so.1.0.0
7f12c63f5000-7f12c65f5000 ---p 00005000 103:05 2234839                   /usr/lib/x86_64-linux-gnu/libxcb-sync.so.1.0.0
7f12c65f5000-7f12c65f6000 r--p 00005000 103:05 2234839                   /usr/lib/x86_64-linux-gnu/libxcb-sync.so.1.0.0
7f12c65f6000-7f12c65f7000 rw-p 00006000 103:05 2234839                   /usr/lib/x86_64-linux-gnu/libxcb-sync.so.1.0.0
7f12c65f7000-7f12c65f9000 r-xp 00000000 103:05 2234825                   /usr/lib/x86_64-linux-gnu/libxcb-present.so.0.0.0
7f12c65f9000-7f12c67f8000 ---p 00002000 103:05 2234825                   /usr/lib/x86_64-linux-gnu/libxcb-present.so.0.0.0
7f12c67f8000-7f12c67f9000 r--p 00001000 103:05 2234825                   /usr/lib/x86_64-linux-gnu/libxcb-present.so.0.0.0
7f12c67f9000-7f12c67fa000 rw-p 00002000 103:05 2234825                   /usr/lib/x86_64-linux-gnu/libxcb-present.so.0.0.0
7f12c67fa000-7f12c67fd000 r-xp 00000000 103:05 2234815                   /usr/lib/x86_64-linux-gnu/libxcb-dri3.so.0.0.0
7f12c67fd000-7f12c69fc000 ---p 00003000 103:05 2234815                   /usr/lib/x86_64-linux-gnu/libxcb-dri3.so.0.0.0
7f12c69fc000-7f12c69fd000 r--p 00002000 103:05 2234815                   /usr/lib/x86_64-linux-gnu/libxcb-dri3.so.0.0.0
7f12c69fd000-7f12c69fe000 rw-p 00003000 103:05 2234815                   /usr/lib/x86_64-linux-gnu/libxcb-dri3.so.0.0.0
7f12c69fe000-7f12c6a6e000 r-xp 00000000 103:05 2233605                   /usr/lib/x86_64-linux-gnu/libGLX_mesa.so.0.0.0
7f12c6a6e000-7f12c6c6d000 ---p 00070000 103:05 2233605                   /usr/lib/x86_64-linux-gnu/libGLX_mesa.so.0.0.0
7f12c6c6d000-7f12c6c70000 r--p 0006f000 103:05 2233605                   /usr/lib/x86_64-linux-gnu/libGLX_mesa.so.0.0.0
7f12c6c70000-7f12c6c71000 rw-p 00072000 103:05 2233605                   /usr/lib/x86_64-linux-gnu/libGLX_mesa.so.0.0.0
7f12c6c71000-7f12c6c72000 rw-p 00000000 00:00 0 
7f12c6c72000-7f12c6c85000 r-xp 00000000 103:05 1837049                   /lib/x86_64-linux-gnu/libbsd.so.0.8.7
7f12c6c85000-7f12c6e84000 ---p 00013000 103:05 1837049                   /lib/x86_64-linux-gnu/libbsd.so.0.8.7
7f12c6e84000-7f12c6e85000 r--p 00012000 103:05 1837049                   /lib/x86_64-linux-gnu/libbsd.so.0.8.7
7f12c6e85000-7f12c6e86000 rw-p 00013000 103:05 1837049                   /lib/x86_64-linux-gnu/libbsd.so.0.8.7
7f12c6e86000-7f12c6e87000 rw-p 00000000 00:00 0 
7f12c6e87000-7f12c6e8d000 r-xp 00000000 103:05 1837221                   /lib/x86_64-linux-gnu/libuuid.so.1.3.0
7f12c6e8d000-7f12c708c000 ---p 00006000 103:05 1837221                   /lib/x86_64-linux-gnu/libuuid.so.1.3.0
7f12c708c000-7f12c708d000 r--p 00005000 103:05 1837221                   /lib/x86_64-linux-gnu/libuuid.so.1.3.0
7f12c708d000-7f12c708e000 rw-p 00006000 103:05 1837221                   /lib/x86_64-linux-gnu/libuuid.so.1.3.0
7f12c708e000-7f12c7094000 r-xp 00000000 103:05 2233873                   /usr/lib/x86_64-linux-gnu/libdatrie.so.1.3.3
7f12c7094000-7f12c7293000 ---p 00006000 103:05 2233873                   /usr/lib/x86_64-linux-gnu/libdatrie.so.1.3.3
7f12c7293000-7f12c7294000 r--p 00005000 103:05 2233873                   /usr/lib/x86_64-linux-gnu/libdatrie.so.1.3.3
7f12c7294000-7f12c7295000 rw-p 00006000 103:05 2233873                   /usr/lib/x86_64-linux-gnu/libdatrie.so.1.3.3
7f12c7295000-7f12c729a000 r-xp 00000000 103:05 2233656                   /usr/lib/x86_64-linux-gnu/libXdmcp.so.6.0.0
7f12c729a000-7f12c7499000 ---p 00005000 103:05 2233656                   /usr/lib/x86_64-linux-gnu/libXdmcp.so.6.0.0
7f12c7499000-7f12c749a000 r--p 00004000 103:05 2233656                   /usr/lib/x86_64-linux-gnu/libXdmcp.so.6.0.0
7f12c749a000-7f12c749b000 rw-p 00005000 103:05 2233656                   /usr/lib/x86_64-linux-gnu/libXdmcp.so.6.0.0
7f12c749b000-7f12c749d000 r-xp 00000000 103:05 2233645                   /usr/lib/x86_64-linux-gnu/libXau.so.6.0.0
7f12c749d000-7f12c769d000 ---p 00002000 103:05 2233645                   /usr/lib/x86_64-linux-gnu/libXau.so.6.0.0
7f12c769d000-7f12c769e000 r--p 00002000 103:05 2233645                   /usr/lib/x86_64-linux-gnu/libXau.so.6.0.0
7f12c769e000-7f12c769f000 rw-p 00003000 103:05 2233645                   /usr/lib/x86_64-linux-gnu/libXau.so.6.0.0
7f12c769f000-7f12c76ca000 r-xp 00000000 103:05 2234130                   /usr/lib/x86_64-linux-gnu/libgraphite2.so.3.0.1
7f12c76ca000-7f12c78c9000 ---p 0002b000 103:05 2234130                   /usr/lib/x86_64-linux-gnu/libgraphite2.so.3.0.1
7f12c78c9000-7f12c78cb000 r--p 0002a000 103:05 2234130                   /usr/lib/x86_64-linux-gnu/libgraphite2.so.3.0.1
7f12c78cb000-7f12c78cc000 rw-p 0002c000 103:05 2234130                   /usr/lib/x86_64-linux-gnu/libgraphite2.so.3.0.1
7f12c78cc000-7f12c7913000 r-xp 00000000 103:05 1837045                   /lib/x86_64-linux-gnu/libblkid.so.1.1.0
7f12c7913000-7f12c7b13000 ---p 00047000 103:05 1837045                   /lib/x86_64-linux-gnu/libblkid.so.1.1.0
7f12c7b13000-7f12c7b17000 r--p 00047000 103:05 1837045                   /lib/x86_64-linux-gnu/libblkid.so.1.1.0
7f12c7b17000-7f12c7b18000 rw-p 0004b000 103:05 1837045                   /lib/x86_64-linux-gnu/libblkid.so.1.1.0
7f12c7b18000-7f12c7b19000 rw-p 00000000 00:00 0 
7f12c7b19000-7f12c7b87000 r-xp 00000000 103:05 2233607                   /usr/lib/x86_64-linux-gnu/libGLdispatch.so.0.0.0
7f12c7b87000-7f12c7d86000 ---p 0006e000 103:05 2233607                   /usr/lib/x86_64-linux-gnu/libGLdispatch.so.0.0.0
7f12c7d86000-7f12c7dae000 r--p 0006d000 103:05 2233607                   /usr/lib/x86_64-linux-gnu/libGLdispatch.so.0.0.0
7f12c7dae000-7f12c7daf000 rw-p 00095000 103:05 2233607                   /usr/lib/x86_64-linux-gnu/libGLdispatch.so.0.0.0
7f12c7daf000-7f12c7dcf000 rw-p 00000000 00:00 0 
7f12c7dcf000-7f12c7ddf000 r-xp 00000000 103:05 2233602                   /usr/lib/x86_64-linux-gnu/libGLX.so.0.0.0
7f12c7ddf000-7f12c7fde000 ---p 00010000 103:05 2233602                   /usr/lib/x86_64-linux-gnu/libGLX.so.0.0.0
7f12c7fde000-7f12c7fdf000 r--p 0000f000 103:05 2233602                   /usr/lib/x86_64-linux-gnu/libGLX.so.0.0.0
7f12c7fdf000-7f12c7fe0000 rw-p 00010000 103:05 2233602                   /usr/lib/x86_64-linux-gnu/libGLX.so.0.0.0
7f12c7fe0000-7f12c8000000 rw-p 00000000 00:00 0 
7f12c8000000-7f12c8021000 rw-p 00000000 00:00 0 
7f12c8021000-7f12cc000000 ---p 00000000 00:00 0 
7f12cc0b2000-7f12cc0b5000 ---p 00000000 00:00 0 
7f12cc0b5000-7f12cc1b3000 rw-p 00000000 00:00 0 
7f12cc1b3000-7f12cc223000 r-xp 00000000 103:05 1837175                   /lib/x86_64-linux-gnu/libpcre.so.3.13.3
7f12cc223000-7f12cc423000 ---p 00070000 103:05 1837175                   /lib/x86_64-linux-gnu/libpcre.so.3.13.3
7f12cc423000-7f12cc424000 r--p 00070000 103:05 1837175                   /lib/x86_64-linux-gnu/libpcre.so.3.13.3
7f12cc424000-7f12cc425000 rw-p 00071000 103:05 1837175                   /lib/x86_64-linux-gnu/libpcre.so.3.13.3
7f12cc425000-7f12cc42c000 r-xp 00000000 103:05 2233987                   /usr/lib/x86_64-linux-gnu/libffi.so.6.0.4
7f12cc42c000-7f12cc62b000 ---p 00007000 103:05 2233987                   /usr/lib/x86_64-linux-gnu/libffi.so.6.0.4
7f12cc62b000-7f12cc62c000 r--p 00006000 103:05 2233987                   /usr/lib/x86_64-linux-gnu/libffi.so.6.0.4
7f12cc62c000-7f12cc62d000 rw-p 00007000 103:05 2233987                   /usr/lib/x86_64-linux-gnu/libffi.so.6.0.4
7f12cc62d000-7f12cc65c000 r-xp 00000000 103:05 1837083                   /lib/x86_64-linux-gnu/libexpat.so.1.6.7
7f12cc65c000-7f12cc85c000 ---p 0002f000 103:05 1837083                   /lib/x86_64-linux-gnu/libexpat.so.1.6.7
7f12cc85c000-7f12cc85e000 r--p 0002f000 103:05 1837083                   /lib/x86_64-linux-gnu/libexpat.so.1.6.7
7f12cc85e000-7f12cc85f000 rw-p 00031000 103:05 1837083                   /lib/x86_64-linux-gnu/libexpat.so.1.6.7
7f12cc85f000-7f12cc867000 r-xp 00000000 103:05 2234687                   /usr/lib/x86_64-linux-gnu/libthai.so.0.3.0
7f12cc867000-7f12cca66000 ---p 00008000 103:05 2234687                   /usr/lib/x86_64-linux-gnu/libthai.so.0.3.0
7f12cca66000-7f12cca67000 r--p 00007000 103:05 2234687                   /usr/lib/x86_64-linux-gnu/libthai.so.0.3.0
7f12cca67000-7f12cca68000 rw-p 00008000 103:05 2234687                   /usr/lib/x86_64-linux-gnu/libthai.so.0.3.0
7f12cca68000-7f12cca74000 r-xp 00000000 103:05 2234831                   /usr/lib/x86_64-linux-gnu/libxcb-render.so.0.0.0
7f12cca74000-7f12ccc73000 ---p 0000c000 103:05 2234831                   /usr/lib/x86_64-linux-gnu/libxcb-render.so.0.0.0
7f12ccc73000-7f12ccc74000 r--p 0000b000 103:05 2234831                   /usr/lib/x86_64-linux-gnu/libxcb-render.so.0.0.0
7f12ccc74000-7f12ccc75000 rw-p 0000c000 103:05 2234831                   /usr/lib/x86_64-linux-gnu/libxcb-render.so.0.0.0
7f12ccc75000-7f12ccc9b000 r-xp 00000000 103:05 2234849                   /usr/lib/x86_64-linux-gnu/libxcb.so.1.1.0
7f12ccc9b000-7f12cce9b000 ---p 00026000 103:05 2234849                   /usr/lib/x86_64-linux-gnu/libxcb.so.1.1.0
7f12cce9b000-7f12cce9c000 r--p 00026000 103:05 2234849                   /usr/lib/x86_64-linux-gnu/libxcb.so.1.1.0
7f12cce9c000-7f12cce9d000 rw-p 00027000 103:05 2234849                   /usr/lib/x86_64-linux-gnu/libxcb.so.1.1.0
7f12cce9d000-7f12cce9f000 r-xp 00000000 103:05 2234837                   /usr/lib/x86_64-linux-gnu/libxcb-shm.so.0.0.0
7f12cce9f000-7f12cd09e000 ---p 00002000 103:05 2234837                   /usr/lib/x86_64-linux-gnu/libxcb-shm.so.0.0.0
7f12cd09e000-7f12cd09f000 r--p 00001000 103:05 2234837                   /usr/lib/x86_64-linux-gnu/libxcb-shm.so.0.0.0
7f12cd09f000-7f12cd0a0000 rw-p 00002000 103:05 2234837                   /usr/lib/x86_64-linux-gnu/libxcb-shm.so.0.0.0
7f12cd0a0000-7f12cd0d1000 r-xp 00000000 103:05 2234509                   /usr/lib/x86_64-linux-gnu/libpng16.so.16.34.0
7f12cd0d1000-7f12cd2d0000 ---p 00031000 103:05 2234509                   /usr/lib/x86_64-linux-gnu/libpng16.so.16.34.0
7f12cd2d0000-7f12cd2d1000 r--p 00030000 103:05 2234509                   /usr/lib/x86_64-linux-gnu/libpng16.so.16.34.0
7f12cd2d1000-7f12cd2d2000 rw-p 00031000 103:05 2234509                   /usr/lib/x86_64-linux-gnu/libpng16.so.16.34.0
7f12cd2d2000-7f12cd36f000 r-xp 00000000 103:05 2234503                   /usr/lib/x86_64-linux-gnu/libpixman-1.so.0.34.0
7f12cd36f000-7f12cd56e000 ---p 0009d000 103:05 2234503                   /usr/lib/x86_64-linux-gnu/libpixman-1.so.0.34.0
7f12cd56e000-7f12cd576000 r--p 0009c000 103:05 2234503                   /usr/lib/x86_64-linux-gnu/libpixman-1.so.0.34.0
7f12cd576000-7f12cd577000 rw-p 000a4000 103:05 2234503                   /usr/lib/x86_64-linux-gnu/libpixman-1.so.0.34.0
7f12cd577000-7f12cd613000 r-xp 00000000 103:05 2234213                   /usr/lib/x86_64-linux-gnu/libharfbuzz.so.0.10702.0
7f12cd613000-7f12cd813000 ---p 0009c000 103:05 2234213                   /usr/lib/x86_64-linux-gnu/libharfbuzz.so.0.10702.0
7f12cd813000-7f12cd814000 r--p 0009c000 103:05 2234213                   /usr/lib/x86_64-linux-gnu/libharfbuzz.so.0.10702.0
7f12cd814000-7f12cd815000 rw-p 0009d000 103:05 2234213                   /usr/lib/x86_64-linux-gnu/libharfbuzz.so.0.10702.0
7f12cd815000-7f12cd866000 r-xp 00000000 103:05 1837122                   /lib/x86_64-linux-gnu/libmount.so.1.1.0
7f12cd866000-7f12cda65000 ---p 00051000 103:05 1837122                   /lib/x86_64-linux-gnu/libmount.so.1.1.0
7f12cda65000-7f12cda67000 r--p 00050000 103:05 1837122                   /lib/x86_64-linux-gnu/libmount.so.1.1.0
7f12cda67000-7f12cda68000 rw-p 00052000 103:05 1837122                   /lib/x86_64-linux-gnu/libmount.so.1.1.0
7f12cda68000-7f12cda69000 rw-p 00000000 00:00 0 
7f12cda69000-7f12cda80000 r-xp 00000000 103:05 1837192                   /lib/x86_64-linux-gnu/libresolv-2.27.so
7f12cda80000-7f12cdc80000 ---p 00017000 103:05 1837192                   /lib/x86_64-linux-gnu/libresolv-2.27.so
7f12cdc80000-7f12cdc81000 r--p 00017000 103:05 1837192                   /lib/x86_64-linux-gnu/libresolv-2.27.so
7f12cdc81000-7f12cdc82000 rw-p 00018000 103:05 1837192                   /lib/x86_64-linux-gnu/libresolv-2.27.so
7f12cdc82000-7f12cdc84000 rw-p 00000000 00:00 0 
7f12cdc84000-7f12cdca9000 r-xp 00000000 103:05 1837198                   /lib/x86_64-linux-gnu/libselinux.so.1
7f12cdca9000-7f12cdea8000 ---p 00025000 103:05 1837198                   /lib/x86_64-linux-gnu/libselinux.so.1
7f12cdea8000-7f12cdea9000 r--p 00024000 103:05 1837198                   /lib/x86_64-linux-gnu/libselinux.so.1
7f12cdea9000-7f12cdeaa000 rw-p 00025000 103:05 1837198                   /lib/x86_64-linux-gnu/libselinux.so.1
7f12cdeaa000-7f12cdeac000 rw-p 00000000 00:00 0 
7f12cdeac000-7f12cdec8000 r-xp 00000000 103:05 1837225                   /lib/x86_64-linux-gnu/libz.so.1.2.11
7f12cdec8000-7f12ce0c7000 ---p 0001c000 103:05 1837225                   /lib/x86_64-linux-gnu/libz.so.1.2.11
7f12ce0c7000-7f12ce0c8000 r--p 0001b000 103:05 1837225                   /lib/x86_64-linux-gnu/libz.so.1.2.11
7f12ce0c8000-7f12ce0c9000 rw-p 0001c000 103:05 1837225                   /lib/x86_64-linux-gnu/libz.so.1.2.11
7f12ce0c9000-7f12ce0da000 r-xp 00000000 103:05 2233658                   /usr/lib/x86_64-linux-gnu/libXext.so.6.4.0
7f12ce0da000-7f12ce2d9000 ---p 00011000 103:05 2233658                   /usr/lib/x86_64-linux-gnu/libXext.so.6.4.0
7f12ce2d9000-7f12ce2da000 r--p 00010000 103:05 2233658                   /usr/lib/x86_64-linux-gnu/libXext.so.6.4.0
7f12ce2da000-7f12ce2db000 rw-p 00011000 103:05 2233658                   /usr/lib/x86_64-linux-gnu/libXext.so.6.4.0
7f12ce2db000-7f12ce2dd000 r-xp 00000000 103:05 2233654                   /usr/lib/x86_64-linux-gnu/libXdamage.so.1.1.0
7f12ce2dd000-7f12ce4dc000 ---p 00002000 103:05 2233654                   /usr/lib/x86_64-linux-gnu/libXdamage.so.1.1.0
7f12ce4dc000-7f12ce4dd000 r--p 00001000 103:05 2233654                   /usr/lib/x86_64-linux-gnu/libXdamage.so.1.1.0
7f12ce4dd000-7f12ce4de000 rw-p 00002000 103:05 2233654                   /usr/lib/x86_64-linux-gnu/libXdamage.so.1.1.0
7f12ce4de000-7f12ce4e0000 r-xp 00000000 103:05 2233650                   /usr/lib/x86_64-linux-gnu/libXcomposite.so.1.0.0
7f12ce4e0000-7f12ce6df000 ---p 00002000 103:05 2233650                   /usr/lib/x86_64-linux-gnu/libXcomposite.so.1.0.0
7f12ce6df000-7f12ce6e0000 r--p 00001000 103:05 2233650                   /usr/lib/x86_64-linux-gnu/libXcomposite.so.1.0.0
7f12ce6e0000-7f12ce6e1000 rw-p 00002000 103:05 2233650                   /usr/lib/x86_64-linux-gnu/libXcomposite.so.1.0.0
7f12ce6e1000-7f12ce6ea000 r-xp 00000000 103:05 2233652                   /usr/lib/x86_64-linux-gnu/libXcursor.so.1.0.2
7f12ce6ea000-7f12ce8e9000 ---p 00009000 103:05 2233652                   /usr/lib/x86_64-linux-gnu/libXcursor.so.1.0.2
7f12ce8e9000-7f12ce8ea000 r--p 00008000 103:05 2233652                   /usr/lib/x86_64-linux-gnu/libXcursor.so.1.0.2
7f12ce8ea000-7f12ce8eb000 rw-p 00009000 103:05 2233652                   /usr/lib/x86_64-linux-gnu/libXcursor.so.1.0.2
7f12ce8eb000-7f12ce8f5000 r-xp 00000000 103:05 2233676                   /usr/lib/x86_64-linux-gnu/libXrandr.so.2.2.0
7f12ce8f5000-7f12ceaf4000 ---p 0000a000 103:05 2233676                   /usr/lib/x86_64-linux-gnu/libXrandr.so.2.2.0
7f12ceaf4000-7f12ceaf5000 r--p 00009000 103:05 2233676                   /usr/lib/x86_64-linux-gnu/libXrandr.so.2.2.0
7f12ceaf5000-7f12ceaf6000 rw-p 0000a000 103:05 2233676                   /usr/lib/x86_64-linux-gnu/libXrandr.so.2.2.0
7f12ceaf6000-7f12ceb05000 r-xp 00000000 103:05 2233666                   /usr/lib/x86_64-linux-gnu/libXi.so.6.1.0
7f12ceb05000-7f12ced04000 ---p 0000f000 103:05 2233666                   /usr/lib/x86_64-linux-gnu/libXi.so.6.1.0
7f12ced04000-7f12ced05000 r--p 0000e000 103:05 2233666                   /usr/lib/x86_64-linux-gnu/libXi.so.6.1.0
7f12ced05000-7f12ced06000 rw-p 0000f000 103:05 2233666                   /usr/lib/x86_64-linux-gnu/libXi.so.6.1.0
7f12ced06000-7f12ced08000 r-xp 00000000 103:05 2233668                   /usr/lib/x86_64-linux-gnu/libXinerama.so.1.0.0
7f12ced08000-7f12cef07000 ---p 00002000 103:05 2233668                   /usr/lib/x86_64-linux-gnu/libXinerama.so.1.0.0
7f12cef07000-7f12cef08000 r--p 00001000 103:05 2233668                   /usr/lib/x86_64-linux-gnu/libXinerama.so.1.0.0
7f12cef08000-7f12cef09000 rw-p 00002000 103:05 2233668                   /usr/lib/x86_64-linux-gnu/libXinerama.so.1.0.0
7f12cef09000-7f12cef12000 r-xp 00000000 103:05 2233678                   /usr/lib/x86_64-linux-gnu/libXrender.so.1.3.0
7f12cef12000-7f12cf111000 ---p 00009000 103:05 2233678                   /usr/lib/x86_64-linux-gnu/libXrender.so.1.3.0
7f12cf111000-7f12cf112000 r--p 00008000 103:05 2233678                   /usr/lib/x86_64-linux-gnu/libXrender.so.1.3.0
7f12cf112000-7f12cf113000 rw-p 00009000 103:05 2233678                   /usr/lib/x86_64-linux-gnu/libXrender.so.1.3.0
7f12cf113000-7f12cf118000 r-xp 00000000 103:05 2233660                   /usr/lib/x86_64-linux-gnu/libXfixes.so.3.1.0
7f12cf118000-7f12cf317000 ---p 00005000 103:05 2233660                   /usr/lib/x86_64-linux-gnu/libXfixes.so.3.1.0
7f12cf317000-7f12cf318000 r--p 00004000 103:05 2233660                   /usr/lib/x86_64-linux-gnu/libXfixes.so.3.1.0
7f12cf318000-7f12cf319000 rw-p 00005000 103:05 2233660                   /usr/lib/x86_64-linux-gnu/libXfixes.so.3.1.0
7f12cf319000-7f12cf38a000 r-xp 00000000 103:05 2233596                   /usr/lib/x86_64-linux-gnu/libGL.so.1.0.0
7f12cf38a000-7f12cf589000 ---p 00071000 103:05 2233596                   /usr/lib/x86_64-linux-gnu/libGL.so.1.0.0
7f12cf589000-7f12cf5a3000 r--p 00070000 103:05 2233596                   /usr/lib/x86_64-linux-gnu/libGL.so.1.0.0
7f12cf5a3000-7f12cf5a4000 rw-p 0008a000 103:05 2233596                   /usr/lib/x86_64-linux-gnu/libGL.so.1.0.0
7f12cf5a4000-7f12cf5a5000 rw-p 00000000 00:00 0 
7f12cf5a5000-7f12cf5aa000 r-xp 00000000 103:05 2233694                   /usr/lib/x86_64-linux-gnu/libXxf86vm.so.1.0.0
7f12cf5aa000-7f12cf7a9000 ---p 00005000 103:05 2233694                   /usr/lib/x86_64-linux-gnu/libXxf86vm.so.1.0.0
7f12cf7a9000-7f12cf7aa000 r--p 00004000 103:05 2233694                   /usr/lib/x86_64-linux-gnu/libXxf86vm.so.1.0.0
7f12cf7aa000-7f12cf7ab000 rw-p 00005000 103:05 2233694                   /usr/lib/x86_64-linux-gnu/libXxf86vm.so.1.0.0
7f12cf7ab000-7f12cf8df000 r-xp 00000000 103:05 2233641                   /usr/lib/x86_64-linux-gnu/libX11.so.6.3.0
7f12cf8df000-7f12cfadf000 ---p 00134000 103:05 2233641                   /usr/lib/x86_64-linux-gnu/libX11.so.6.3.0
7f12cfadf000-7f12cfae0000 r--p 00134000 103:05 2233641                   /usr/lib/x86_64-linux-gnu/libX11.so.6.3.0
7f12cfae0000-7f12cfae4000 rw-p 00135000 103:05 2233641                   /usr/lib/x86_64-linux-gnu/libX11.so.6.3.0
7f12cfae4000-7f12cfae9000 r-xp 00000000 103:05 2233684                   /usr/lib/x86_64-linux-gnu/libXtst.so.6.1.0
7f12cfae9000-7f12cfce8000 ---p 00005000 103:05 2233684                   /usr/lib/x86_64-linux-gnu/libXtst.so.6.1.0
7f12cfce8000-7f12cfce9000 r--p 00004000 103:05 2233684                   /usr/lib/x86_64-linux-gnu/libXtst.so.6.1.0
7f12cfce9000-7f12cfcea000 rw-p 00005000 103:05 2233684                   /usr/lib/x86_64-linux-gnu/libXtst.so.6.1.0
7f12cfcea000-7f12cfdfd000 r-xp 00000000 103:05 2234081                   /usr/lib/x86_64-linux-gnu/libglib-2.0.so.0.5600.1
7f12cfdfd000-7f12cfffd000 ---p 00113000 103:05 2234081                   /usr/lib/x86_64-linux-gnu/libglib-2.0.so.0.5600.1
7f12cfffd000-7f12cfffe000 r--p 00113000 103:05 2234081                   /usr/lib/x86_64-linux-gnu/libglib-2.0.so.0.5600.1
7f12cfffe000-7f12cffff000 rw-p 00114000 103:05 2234081                   /usr/lib/x86_64-linux-gnu/libglib-2.0.so.0.5600.1
7f12cffff000-7f12d0000000 rw-p 00000000 00:00 0 
7f12d0000000-7f12d0021000 rw-p 00000000 00:00 0 
7f12d0021000-7f12d4000000 ---p 00000000 00:00 0 
7f12d4057000-7f12d4058000 r-xp 00000000 103:05 2234184                   /usr/lib/x86_64-linux-gnu/libgthread-2.0.so.0.5600.1
7f12d4058000-7f12d4257000 ---p 00001000 103:05 2234184                   /usr/lib/x86_64-linux-gnu/libgthread-2.0.so.0.5600.1
7f12d4257000-7f12d4258000 r--p 00000000 103:05 2234184                   /usr/lib/x86_64-linux-gnu/libgthread-2.0.so.0.5600.1
7f12d4258000-7f12d4259000 rw-p 00001000 103:05 2234184                   /usr/lib/x86_64-linux-gnu/libgthread-2.0.so.0.5600.1
7f12d4259000-7f12d425c000 r-xp 00000000 103:05 2234085                   /usr/lib/x86_64-linux-gnu/libgmodule-2.0.so.0.5600.1
7f12d425c000-7f12d445b000 ---p 00003000 103:05 2234085                   /usr/lib/x86_64-linux-gnu/libgmodule-2.0.so.0.5600.1
7f12d445b000-7f12d445c000 r--p 00002000 103:05 2234085                   /usr/lib/x86_64-linux-gnu/libgmodule-2.0.so.0.5600.1
7f12d445c000-7f12d445d000 rw-p 00003000 103:05 2234085                   /usr/lib/x86_64-linux-gnu/libgmodule-2.0.so.0.5600.1
7f12d445d000-7f12d44af000 r-xp 00000000 103:05 2234109                   /usr/lib/x86_64-linux-gnu/libgobject-2.0.so.0.5600.1
7f12d44af000-7f12d46af000 ---p 00052000 103:05 2234109                   /usr/lib/x86_64-linux-gnu/libgobject-2.0.so.0.5600.1
7f12d46af000-7f12d46b0000 r--p 00052000 103:05 2234109                   /usr/lib/x86_64-linux-gnu/libgobject-2.0.so.0.5600.1
7f12d46b0000-7f12d46b1000 rw-p 00053000 103:05 2234109                   /usr/lib/x86_64-linux-gnu/libgobject-2.0.so.0.5600.1
7f12d46b1000-7f12d46ef000 r-xp 00000000 103:05 2234001                   /usr/lib/x86_64-linux-gnu/libfontconfig.so.1.10.1
7f12d46ef000-7f12d48ef000 ---p 0003e000 103:05 2234001                   /usr/lib/x86_64-linux-gnu/libfontconfig.so.1.10.1
7f12d48ef000-7f12d48f1000 r--p 0003e000 103:05 2234001                   /usr/lib/x86_64-linux-gnu/libfontconfig.so.1.10.1
7f12d48f1000-7f12d48f6000 rw-p 00040000 103:05 2234001                   /usr/lib/x86_64-linux-gnu/libfontconfig.so.1.10.1
7f12d48f6000-7f12d49a3000 r-xp 00000000 103:05 2234019                   /usr/lib/x86_64-linux-gnu/libfreetype.so.6.15.0
7f12d49a3000-7f12d4ba2000 ---p 000ad000 103:05 2234019                   /usr/lib/x86_64-linux-gnu/libfreetype.so.6.15.0
7f12d4ba2000-7f12d4ba9000 r--p 000ac000 103:05 2234019                   /usr/lib/x86_64-linux-gnu/libfreetype.so.6.15.0
7f12d4ba9000-7f12d4baa000 rw-p 000b3000 103:05 2234019                   /usr/lib/x86_64-linux-gnu/libfreetype.so.6.15.0
7f12d4baa000-7f12d4bf4000 r-xp 00000000 103:05 2234471                   /usr/lib/x86_64-linux-gnu/libpango-1.0.so.0.4000.14
7f12d4bf4000-7f12d4df3000 ---p 0004a000 103:05 2234471                   /usr/lib/x86_64-linux-gnu/libpango-1.0.so.0.4000.14
7f12d4df3000-7f12d4df6000 r--p 00049000 103:05 2234471                   /usr/lib/x86_64-linux-gnu/libpango-1.0.so.0.4000.14
7f12d4df6000-7f12d4df7000 rw-p 0004c000 103:05 2234471                   /usr/lib/x86_64-linux-gnu/libpango-1.0.so.0.4000.14
7f12d4df7000-7f12d4f0f000 r-xp 00000000 103:05 2233796                   /usr/lib/x86_64-linux-gnu/libcairo.so.2.11510.0
7f12d4f0f000-7f12d510e000 ---p 00118000 103:05 2233796                   /usr/lib/x86_64-linux-gnu/libcairo.so.2.11510.0
7f12d510e000-7f12d5111000 r--p 00117000 103:05 2233796                   /usr/lib/x86_64-linux-gnu/libcairo.so.2.11510.0
7f12d5111000-7f12d5113000 rw-p 0011a000 103:05 2233796                   /usr/lib/x86_64-linux-gnu/libcairo.so.2.11510.0
7f12d5113000-7f12d5114000 rw-p 00000000 00:00 0 
7f12d5114000-7f12d5120000 r-xp 00000000 103:05 2234473                   /usr/lib/x86_64-linux-gnu/libpangocairo-1.0.so.0.4000.14
7f12d5120000-7f12d531f000 ---p 0000c000 103:05 2234473                   /usr/lib/x86_64-linux-gnu/libpangocairo-1.0.so.0.4000.14
7f12d531f000-7f12d5320000 r--p 0000b000 103:05 2234473                   /usr/lib/x86_64-linux-gnu/libpangocairo-1.0.so.0.4000.14
7f12d5320000-7f12d5321000 rw-p 0000c000 103:05 2234473                   /usr/lib/x86_64-linux-gnu/libpangocairo-1.0.so.0.4000.14
7f12d5321000-7f12d5343000 r-xp 00000000 103:05 2234057                   /usr/lib/x86_64-linux-gnu/libgdk_pixbuf-2.0.so.0.3611.0
7f12d5343000-7f12d5543000 ---p 00022000 103:05 2234057                   /usr/lib/x86_64-linux-gnu/libgdk_pixbuf-2.0.so.0.3611.0
7f12d5543000-7f12d5544000 r--p 00022000 103:05 2234057                   /usr/lib/x86_64-linux-gnu/libgdk_pixbuf-2.0.so.0.3611.0
7f12d5544000-7f12d5545000 rw-p 00023000 103:05 2234057                   /usr/lib/x86_64-linux-gnu/libgdk_pixbuf-2.0.so.0.3611.0
7f12d5545000-7f12d5559000 r-xp 00000000 103:05 2234475                   /usr/lib/x86_64-linux-gnu/libpangoft2-1.0.so.0.4000.14
7f12d5559000-7f12d5759000 ---p 00014000 103:05 2234475                   /usr/lib/x86_64-linux-gnu/libpangoft2-1.0.so.0.4000.14
7f12d5759000-7f12d575a000 r--p 00014000 103:05 2234475                   /usr/lib/x86_64-linux-gnu/libpangoft2-1.0.so.0.4000.14
7f12d575a000-7f12d575b000 rw-p 00015000 103:05 2234475                   /usr/lib/x86_64-linux-gnu/libpangoft2-1.0.so.0.4000.14
7f12d575b000-7f12d58ef000 r-xp 00000000 103:05 2234075                   /usr/lib/x86_64-linux-gnu/libgio-2.0.so.0.5600.1
7f12d58ef000-7f12d5aef000 ---p 00194000 103:05 2234075                   /usr/lib/x86_64-linux-gnu/libgio-2.0.so.0.5600.1
7f12d5aef000-7f12d5af6000 r--p 00194000 103:05 2234075                   /usr/lib/x86_64-linux-gnu/libgio-2.0.so.0.5600.1
7f12d5af6000-7f12d5af7000 rw-p 0019b000 103:05 2234075                   /usr/lib/x86_64-linux-gnu/libgio-2.0.so.0.5600.1
7f12d5af7000-7f12d5af9000 rw-p 00000000 00:00 0 
7f12d5af9000-7f12d5b1b000 r-xp 00000000 103:05 2233731                   /usr/lib/x86_64-linux-gnu/libatk-1.0.so.0.22810.1
7f12d5b1b000-7f12d5d1b000 ---p 00022000 103:05 2233731                   /usr/lib/x86_64-linux-gnu/libatk-1.0.so.0.22810.1
7f12d5d1b000-7f12d5d1e000 r--p 00022000 103:05 2233731                   /usr/lib/x86_64-linux-gnu/libatk-1.0.so.0.22810.1
7f12d5d1e000-7f12d5d1f000 rw-p 00025000 103:05 2233731                   /usr/lib/x86_64-linux-gnu/libatk-1.0.so.0.22810.1
7f12d5d1f000-7f12d5dcf000 r-xp 00000000 103:05 2234055                   /usr/lib/x86_64-linux-gnu/libgdk-x11-2.0.so.0.2400.32
7f12d5dcf000-7f12d5fce000 ---p 000b0000 103:05 2234055                   /usr/lib/x86_64-linux-gnu/libgdk-x11-2.0.so.0.2400.32
7f12d5fce000-7f12d5fd2000 r--p 000af000 103:05 2234055                   /usr/lib/x86_64-linux-gnu/libgdk-x11-2.0.so.0.2400.32
7f12d5fd2000-7f12d5fd4000 rw-p 000b3000 103:05 2234055                   /usr/lib/x86_64-linux-gnu/libgdk-x11-2.0.so.0.2400.32
7f12d5fd4000-7f12d6409000 r-xp 00000000 103:05 2234188                   /usr/lib/x86_64-linux-gnu/libgtk-x11-2.0.so.0.2400.32
7f12d6409000-7f12d6608000 ---p 00435000 103:05 2234188                   /usr/lib/x86_64-linux-gnu/libgtk-x11-2.0.so.0.2400.32
7f12d6608000-7f12d660f000 r--p 00434000 103:05 2234188                   /usr/lib/x86_64-linux-gnu/libgtk-x11-2.0.so.0.2400.32
7f12d660f000-7f12d6613000 rw-p 0043b000 103:05 2234188                   /usr/lib/x86_64-linux-gnu/libgtk-x11-2.0.so.0.2400.32
7f12d6613000-7f12d6616000 rw-p 00000000 00:00 0 
7f12d6616000-7f12d6622000 r-xp 00000000 103:05 2359795                   /usr/lib/jvm/java-8-oracle/jre/lib/amd64/libprism_es2.so
7f12d6622000-7f12d6821000 ---p 0000c000 103:05 2359795                   /usr/lib/jvm/java-8-oracle/jre/lib/amd64/libprism_es2.so
7f12d6821000-7f12d6822000 r--p 0000b000 103:05 2359795                   /usr/lib/jvm/java-8-oracle/jre/lib/amd64/libprism_es2.so
7f12d6822000-7f12d6823000 rw-p 0000c000 103:05 2359795                   /usr/lib/jvm/java-8-oracle/jre/lib/amd64/libprism_es2.so
7f12d6823000-7f12d6826000 ---p 00000000 00:00 0 
7f12d6826000-7f12d6924000 rw-p 00000000 00:00 0 
7f12d6924000-7f12d6925000 ---p 00000000 00:00 0 
7f12d6925000-7f12d6a25000 rw-p 00000000 00:00 0 
7f12d6a25000-7f12d6a28000 ---p 00000000 00:00 0 
7f12d6a28000-7f12d6b26000 rw-p 00000000 00:00 0 
7f12d6b26000-7f12d6b27000 ---p 00000000 00:00 0 
7f12d6b27000-7f12d6b2a000 ---p 00000000 00:00 0 
7f12d6b2a000-7f12d6c27000 rw-p 00000000 00:00 0 
7f12d6c27000-7f12d6c28000 ---p 00000000 00:00 0 
7f12d6c28000-7f12d6c2b000 ---p 00000000 00:00 0 
7f12d6c2b000-7f12d6d28000 rw-p 00000000 00:00 0 
7f12d6d28000-7f12d6d29000 ---p 00000000 00:00 0 
7f12d6d29000-7f12d6d2c000 ---p 00000000 00:00 0 
7f12d6d2c000-7f12d6e29000 rw-p 00000000 00:00 0 
7f12d6e29000-7f12d6e2a000 ---p 00000000 00:00 0 
7f12d6e2a000-7f12d6e2d000 ---p 00000000 00:00 0 
7f12d6e2d000-7f12d6f2a000 rw-p 00000000 00:00 0 
7f12d6f2a000-7f12d6f2d000 ---p 00000000 00:00 0 
7f12d6f2d000-7f12d702b000 rw-p 00000000 00:00 0 
7f12d702b000-7f12d79fa000 r--p 00000000 103:05 2230922                   /usr/lib/locale/locale-archive
7f12d79fa000-7f12d79fd000 ---p 00000000 00:00 0 
7f12d79fd000-7f12d7afb000 rw-p 00000000 00:00 0 
7f12d7afb000-7f12d7afe000 ---p 00000000 00:00 0 
7f12d7afe000-7f12d7bfc000 rw-p 00000000 00:00 0 
7f12d7bfc000-7f12d7bfd000 ---p 00000000 00:00 0 
7f12d7bfd000-7f12d8000000 rw-p 00000000 00:00 0 
7f12d8000000-7f12d8021000 rw-p 00000000 00:00 0 
7f12d8021000-7f12dc000000 ---p 00000000 00:00 0 
7f12dc0cd000-7f12e0000000 rw-p 00000000 00:00 0 
7f12e0000000-7f12e0021000 rw-p 00000000 00:00 0 
7f12e0021000-7f12e4000000 ---p 00000000 00:00 0 
7f12e4054000-7f12e40ea000 r--s 0110e000 103:05 2499247                   /usr/lib/jvm/java-8-oracle/jre/lib/ext/jfxrt.jar
7f12e40ea000-7f12e5000000 rw-p 00000000 00:00 0 
7f12e5000000-7f12e52e0000 rwxp 00000000 00:00 0 
7f12e52e0000-7f12f4000000 ---p 00000000 00:00 0 
7f12f4000000-7f12f43db000 rw-p 00000000 00:00 0 
7f12f43db000-7f12f8000000 ---p 00000000 00:00 0 
7f12f800c000-7f12f8762000 rw-p 00000000 00:00 0 
7f12f8762000-7f12f893c000 r--s 03d6c000 103:05 2359722                   /usr/lib/jvm/java-8-oracle/jre/lib/rt.jar
7f12f893c000-7f12f9575000 rw-p 00000000 00:00 0 
7f12f9575000-7f12f9576000 ---p 00000000 00:00 0 
7f12f9576000-7f12f9676000 rw-p 00000000 00:00 0 
7f12f9676000-7f12f9677000 ---p 00000000 00:00 0 
7f12f9677000-7f12f9777000 rw-p 00000000 00:00 0 
7f12f9777000-7f12f9778000 ---p 00000000 00:00 0 
7f12f9778000-7f12f9878000 rw-p 00000000 00:00 0 
7f12f9878000-7f12f9879000 ---p 00000000 00:00 0 
7f12f9879000-7f12f9979000 rw-p 00000000 00:00 0 
7f12f9979000-7f12f997a000 ---p 00000000 00:00 0 
7f12f997a000-7f12f9a7a000 rw-p 00000000 00:00 0 
7f12f9a7a000-7f12f9a7b000 ---p 00000000 00:00 0 
7f12f9a7b000-7f12f9b7b000 rw-p 00000000 00:00 0 
7f12f9b7b000-7f12f9b7c000 ---p 00000000 00:00 0 
7f12f9b7c000-7f12f9c7c000 rw-p 00000000 00:00 0 
7f12f9c7c000-7f12f9c7d000 ---p 00000000 00:00 0 
7f12f9c7d000-7f12f9da6000 rw-p 00000000 00:00 0 
7f12f9da6000-7f12f9fff000 ---p 00000000 00:00 0 
7f12f9fff000-7f12fa028000 rw-p 00000000 00:00 0 
7f12fa028000-7f12fa281000 ---p 00000000 00:00 0 
7f12fa281000-7f12fa296000 rw-p 00000000 00:00 0 
7f12fa296000-7f12fa3c2000 ---p 00000000 00:00 0 
7f12fa3c2000-7f12fa3cf000 rw-p 00000000 00:00 0 
7f12fa3cf000-7f12fa783000 ---p 00000000 00:00 0 
7f12fa783000-7f12fa79d000 r-xp 00000000 103:05 2359787                   /usr/lib/jvm/java-8-oracle/jre/lib/amd64/libzip.so
7f12fa79d000-7f12fa99d000 ---p 0001a000 103:05 2359787                   /usr/lib/jvm/java-8-oracle/jre/lib/amd64/libzip.so
7f12fa99d000-7f12fa99e000 r--p 0001a000 103:05 2359787                   /usr/lib/jvm/java-8-oracle/jre/lib/amd64/libzip.so
7f12fa99e000-7f12fa99f000 rw-p 0001b000 103:05 2359787                   /usr/lib/jvm/java-8-oracle/jre/lib/amd64/libzip.so
7f12fa99f000-7f12fa9aa000 r-xp 00000000 103:05 1837143                   /lib/x86_64-linux-gnu/libnss_files-2.27.so
7f12fa9aa000-7f12faba9000 ---p 0000b000 103:05 1837143                   /lib/x86_64-linux-gnu/libnss_files-2.27.so
7f12faba9000-7f12fabaa000 r--p 0000a000 103:05 1837143                   /lib/x86_64-linux-gnu/libnss_files-2.27.so
7f12fabaa000-7f12fabab000 rw-p 0000b000 103:05 1837143                   /lib/x86_64-linux-gnu/libnss_files-2.27.so
7f12fabab000-7f12fabb1000 rw-p 00000000 00:00 0 
7f12fabb1000-7f12fabc8000 r-xp 00000000 103:05 1837137                   /lib/x86_64-linux-gnu/libnsl-2.27.so
7f12fabc8000-7f12fadc7000 ---p 00017000 103:05 1837137                   /lib/x86_64-linux-gnu/libnsl-2.27.so
7f12fadc7000-7f12fadc8000 r--p 00016000 103:05 1837137                   /lib/x86_64-linux-gnu/libnsl-2.27.so
7f12fadc8000-7f12fadc9000 rw-p 00017000 103:05 1837137                   /lib/x86_64-linux-gnu/libnsl-2.27.so
7f12fadc9000-7f12fadcb000 rw-p 00000000 00:00 0 
7f12fadcb000-7f12fadd6000 r-xp 00000000 103:05 1837154                   /lib/x86_64-linux-gnu/libnss_nis-2.27.so
7f12fadd6000-7f12fafd5000 ---p 0000b000 103:05 1837154                   /lib/x86_64-linux-gnu/libnss_nis-2.27.so
7f12fafd5000-7f12fafd6000 r--p 0000a000 103:05 1837154                   /lib/x86_64-linux-gnu/libnss_nis-2.27.so
7f12fafd6000-7f12fafd7000 rw-p 0000b000 103:05 1837154                   /lib/x86_64-linux-gnu/libnss_nis-2.27.so
7f12fafd7000-7f12fafdf000 r-xp 00000000 103:05 1837139                   /lib/x86_64-linux-gnu/libnss_compat-2.27.so
7f12fafdf000-7f12fb1df000 ---p 00008000 103:05 1837139                   /lib/x86_64-linux-gnu/libnss_compat-2.27.so
7f12fb1df000-7f12fb1e0000 r--p 00008000 103:05 1837139                   /lib/x86_64-linux-gnu/libnss_compat-2.27.so
7f12fb1e0000-7f12fb1e1000 rw-p 00009000 103:05 1837139                   /lib/x86_64-linux-gnu/libnss_compat-2.27.so
7f12fb1e1000-7f12fb20e000 r-xp 00000000 103:05 2359781                   /usr/lib/jvm/java-8-oracle/jre/lib/amd64/libjava.so
7f12fb20e000-7f12fb40d000 ---p 0002d000 103:05 2359781                   /usr/lib/jvm/java-8-oracle/jre/lib/amd64/libjava.so
7f12fb40d000-7f12fb40e000 r--p 0002c000 103:05 2359781                   /usr/lib/jvm/java-8-oracle/jre/lib/amd64/libjava.so
7f12fb40e000-7f12fb410000 rw-p 0002d000 103:05 2359781                   /usr/lib/jvm/java-8-oracle/jre/lib/amd64/libjava.so
7f12fb410000-7f12fb41d000 r-xp 00000000 103:05 2359786                   /usr/lib/jvm/java-8-oracle/jre/lib/amd64/libverify.so
7f12fb41d000-7f12fb61c000 ---p 0000d000 103:05 2359786                   /usr/lib/jvm/java-8-oracle/jre/lib/amd64/libverify.so
7f12fb61c000-7f12fb61e000 r--p 0000c000 103:05 2359786                   /usr/lib/jvm/java-8-oracle/jre/lib/amd64/libverify.so
7f12fb61e000-7f12fb61f000 rw-p 0000e000 103:05 2359786                   /usr/lib/jvm/java-8-oracle/jre/lib/amd64/libverify.so
7f12fb61f000-7f12fb626000 r-xp 00000000 103:05 1837194                   /lib/x86_64-linux-gnu/librt-2.27.so
7f12fb626000-7f12fb825000 ---p 00007000 103:05 1837194                   /lib/x86_64-linux-gnu/librt-2.27.so
7f12fb825000-7f12fb826000 r--p 00006000 103:05 1837194                   /lib/x86_64-linux-gnu/librt-2.27.so
7f12fb826000-7f12fb827000 rw-p 00007000 103:05 1837194                   /lib/x86_64-linux-gnu/librt-2.27.so
7f12fb827000-7f12fb9c4000 r-xp 00000000 103:05 1837116                   /lib/x86_64-linux-gnu/libm-2.27.so
7f12fb9c4000-7f12fbbc3000 ---p 0019d000 103:05 1837116                   /lib/x86_64-linux-gnu/libm-2.27.so
7f12fbbc3000-7f12fbbc4000 r--p 0019c000 103:05 1837116                   /lib/x86_64-linux-gnu/libm-2.27.so
7f12fbbc4000-7f12fbbc5000 rw-p 0019d000 103:05 1837116                   /lib/x86_64-linux-gnu/libm-2.27.so
7f12fbbc5000-7f12fc8a7000 r-xp 00000000 103:05 393024                    /usr/lib/jvm/java-8-oracle/jre/lib/amd64/server/libjvm.so
7f12fc8a7000-7f12fcaa7000 ---p 00ce2000 103:05 393024                    /usr/lib/jvm/java-8-oracle/jre/lib/amd64/server/libjvm.so
7f12fcaa7000-7f12fcb3d000 r--p 00ce2000 103:05 393024                    /usr/lib/jvm/java-8-oracle/jre/lib/amd64/server/libjvm.so
7f12fcb3d000-7f12fcb6e000 rw-p 00d78000 103:05 393024                    /usr/lib/jvm/java-8-oracle/jre/lib/amd64/server/libjvm.so
7f12fcb6e000-7f12fcba9000 rw-p 00000000 00:00 0 
7f12fcba9000-7f12fcd90000 r-xp 00000000 103:05 1837053                   /lib/x86_64-linux-gnu/libc-2.27.so
7f12fcd90000-7f12fcf90000 ---p 001e7000 103:05 1837053                   /lib/x86_64-linux-gnu/libc-2.27.so
7f12fcf90000-7f12fcf94000 r--p 001e7000 103:05 1837053                   /lib/x86_64-linux-gnu/libc-2.27.so
7f12fcf94000-7f12fcf96000 rw-p 001eb000 103:05 1837053                   /lib/x86_64-linux-gnu/libc-2.27.so
7f12fcf96000-7f12fcf9a000 rw-p 00000000 00:00 0 
7f12fcf9a000-7f12fcf9d000 r-xp 00000000 103:05 1837076                   /lib/x86_64-linux-gnu/libdl-2.27.so
7f12fcf9d000-7f12fd19c000 ---p 00003000 103:05 1837076                   /lib/x86_64-linux-gnu/libdl-2.27.so
7f12fd19c000-7f12fd19d000 r--p 00002000 103:05 1837076                   /lib/x86_64-linux-gnu/libdl-2.27.so
7f12fd19d000-7f12fd19e000 rw-p 00003000 103:05 1837076                   /lib/x86_64-linux-gnu/libdl-2.27.so
7f12fd19e000-7f12fd1b5000 r-xp 00000000 103:05 2354770                   /usr/lib/jvm/java-8-oracle/lib/amd64/jli/libjli.so
7f12fd1b5000-7f12fd3b4000 ---p 00017000 103:05 2354770                   /usr/lib/jvm/java-8-oracle/lib/amd64/jli/libjli.so
7f12fd3b4000-7f12fd3b5000 r--p 00016000 103:05 2354770                   /usr/lib/jvm/java-8-oracle/lib/amd64/jli/libjli.so
7f12fd3b5000-7f12fd3b6000 rw-p 00017000 103:05 2354770                   /usr/lib/jvm/java-8-oracle/lib/amd64/jli/libjli.so
7f12fd3b6000-7f12fd3d0000 r-xp 00000000 103:05 1837186                   /lib/x86_64-linux-gnu/libpthread-2.27.so
7f12fd3d0000-7f12fd5cf000 ---p 0001a000 103:05 1837186                   /lib/x86_64-linux-gnu/libpthread-2.27.so
7f12fd5cf000-7f12fd5d0000 r--p 00019000 103:05 1837186                   /lib/x86_64-linux-gnu/libpthread-2.27.so
7f12fd5d0000-7f12fd5d1000 rw-p 0001a000 103:05 1837186                   /lib/x86_64-linux-gnu/libpthread-2.27.so
7f12fd5d1000-7f12fd5d5000 rw-p 00000000 00:00 0 
7f12fd5d5000-7f12fd5fc000 r-xp 00000000 103:05 1837025                   /lib/x86_64-linux-gnu/ld-2.27.so
7f12fd5fc000-7f12fd601000 rw-s 00000000 00:19 1058                       /i915 (deleted)
7f12fd601000-7f12fd605000 rw-s 00000000 00:19 1036                       /i915 (deleted)
7f12fd605000-7f12fd609000 rw-s 00000000 00:19 1032                       /i915 (deleted)
7f12fd609000-7f12fd60e000 rw-s 00000000 00:19 1029                       /i915 (deleted)
7f12fd60e000-7f12fd613000 rw-s 00000000 00:19 522                        /i915 (deleted)
7f12fd613000-7f12fd617000 rw-s 00000000 00:19 270                        /i915 (deleted)
7f12fd617000-7f12fd61b000 rw-s 00000000 00:19 268                        /i915 (deleted)
7f12fd61b000-7f12fd6e5000 rw-p 00000000 00:00 0 
7f12fd6e5000-7f12fd6e6000 ---p 00000000 00:00 0 
7f12fd6e6000-7f12fd6e9000 ---p 00000000 00:00 0 
7f12fd6e9000-7f12fd7ea000 rw-p 00000000 00:00 0 
7f12fd7eb000-7f12fd7ec000 rw-s 00000000 00:05 76376                      /memfd:xshmfence (deleted)
7f12fd7ec000-7f12fd7ed000 rwxp 00000000 00:00 0 
7f12fd7ed000-7f12fd7f2000 rw-s 00000000 00:19 266                        /i915 (deleted)
7f12fd7f2000-7f12fd7fa000 rw-s 00000000 103:05 1182720                   /tmp/hsperfdata_scp/8807
7f12fd7fa000-7f12fd7fb000 rw-p 00000000 00:00 0 
7f12fd7fb000-7f12fd7fc000 ---p 00000000 00:00 0 
7f12fd7fc000-7f12fd7fd000 r--p 00027000 103:05 1837025                   /lib/x86_64-linux-gnu/ld-2.27.so
7f12fd7fd000-7f12fd7fe000 rw-p 00028000 103:05 1837025                   /lib/x86_64-linux-gnu/ld-2.27.so
7f12fd7fe000-7f12fd7ff000 rw-p 00000000 00:00 0 
7ffd10bfb000-7ffd10c1c000 rw-p 00000000 00:00 0                          [stack]
7ffd10c8c000-7ffd10c8f000 r--p 00000000 00:00 0                          [vvar]
7ffd10c8f000-7ffd10c91000 r-xp 00000000 00:00 0                          [vdso]
ffffffffff600000-ffffffffff601000 r-xp 00000000 00:00 0                  [vsyscall]

VM Arguments:
jvm_args: -Dfile.encoding=UTF-8 
java_command: game.frontend.GameApp
java_class_path (initial): /home/scp/candyCrush/bin
Launcher Type: SUN_STANDARD

Environment Variables:
JAVA_HOME=/usr/lib/jvm/java-8-oracle
PATH=/usr/local/sbin:/usr/local/bin:/usr/sbin:/usr/bin:/sbin:/bin:/usr/games:/usr/local/games:/snap/bin:/usr/lib/jvm/java-8-oracle/bin:/usr/lib/jvm/java-8-oracle/db/bin:/usr/lib/jvm/java-8-oracle/jre/bin
USERNAME=scp
SHELL=/bin/bash
DISPLAY=:0

Signal Handlers:
SIGSEGV: [libjvm.so+0xaced60], sa_mask[0]=11111111011111111101111111111110, sa_flags=SA_RESTART|SA_SIGINFO
SIGBUS: [libjvm.so+0xaced60], sa_mask[0]=11111111011111111101111111111110, sa_flags=SA_RESTART|SA_SIGINFO
SIGFPE: [libjvm.so+0x907ca0], sa_mask[0]=11111111011111111101111111111110, sa_flags=SA_RESTART|SA_SIGINFO
SIGPIPE: SIG_IGN, sa_mask[0]=00000000000010000000000000000000, sa_flags=SA_RESTART
SIGXFSZ: [libjvm.so+0x907ca0], sa_mask[0]=11111111011111111101111111111110, sa_flags=SA_RESTART|SA_SIGINFO
SIGILL: [libjvm.so+0x907ca0], sa_mask[0]=11111111011111111101111111111110, sa_flags=SA_RESTART|SA_SIGINFO
SIGUSR1: SIG_DFL, sa_mask[0]=00000000000000000000000000000000, sa_flags=none
SIGUSR2: [libjvm.so+0x907b70], sa_mask[0]=00100000000000000000000000000000, sa_flags=SA_RESTART|SA_SIGINFO
SIGHUP: [libjvm.so+0x908190], sa_mask[0]=11111111011111111101111111111110, sa_flags=SA_RESTART|SA_SIGINFO
SIGINT: [libjvm.so+0x908190], sa_mask[0]=11111111011111111101111111111110, sa_flags=SA_RESTART|SA_SIGINFO
SIGTERM: [libjvm.so+0x908190], sa_mask[0]=11111111011111111101111111111110, sa_flags=SA_RESTART|SA_SIGINFO
SIGQUIT: [libjvm.so+0x908190], sa_mask[0]=11111111011111111101111111111110, sa_flags=SA_RESTART|SA_SIGINFO


---------------  S Y S T E M  ---------------

OS:DISTRIB_ID=Ubuntu
DISTRIB_RELEASE=18.04
DISTRIB_CODENAME=bionic
DISTRIB_DESCRIPTION="Ubuntu 18.04.1 LTS"

uname:Linux 4.15.0-42-generic #45-Ubuntu SMP Thu Nov 15 19:32:57 UTC 2018 x86_64
libc:glibc 2.27 NPTL 2.27 
rlimit: STACK 8192k, CORE 0k, NPROC 30329, NOFILE 4096, AS infinity
load average:19,45 5,54 2,24

/proc/meminfo:
MemTotal:        7884860 kB
MemFree:          645728 kB
MemAvailable:     539700 kB
Buffers:            1192 kB
Cached:           154064 kB
SwapCached:        27468 kB
Active:          6076060 kB
Inactive:         885140 kB
Active(anon):    6056856 kB
Inactive(anon):   864892 kB
Active(file):      19204 kB
Inactive(file):    20248 kB
Unevictable:          96 kB
Mlocked:              96 kB
SwapTotal:       2036796 kB
SwapFree:          62540 kB
Dirty:               400 kB
Writeback:           464 kB
AnonPages:       6780952 kB
Mapped:            29388 kB
Shmem:            114080 kB
Slab:             107756 kB
SReclaimable:      38940 kB
SUnreclaim:        68816 kB
KernelStack:       22864 kB
PageTables:        72916 kB
NFS_Unstable:          0 kB
Bounce:                0 kB
WritebackTmp:          0 kB
CommitLimit:     5979224 kB
Committed_AS:   17974864 kB
VmallocTotal:   34359738367 kB
VmallocUsed:           0 kB
VmallocChunk:          0 kB
HardwareCorrupted:     0 kB
AnonHugePages:         0 kB
ShmemHugePages:        0 kB
ShmemPmdMapped:        0 kB
CmaTotal:              0 kB
CmaFree:               0 kB
HugePages_Total:       0
HugePages_Free:        0
HugePages_Rsvd:        0
HugePages_Surp:        0
Hugepagesize:       2048 kB
DirectMap4k:      221980 kB
DirectMap2M:     5785600 kB
DirectMap1G:     3145728 kB

container (cgroup) information:
container_type: cgroupv1
cpu_cpuset_cpus: 0-7
cpu_memory_nodes: 0
active_processor_count: 8
cpu_quota: -1
cpu_period: 100000
cpu_shares: -1
memory_limit_in_bytes: -1
memory_and_swap_limit_in_bytes: -2
memory_soft_limit_in_bytes: -1
memory_usage_in_bytes: 7131070464
memory_max_usage_in_bytes: 0


CPU:total 8 (initial active 8) (4 cores per cpu, 2 threads per core) family 6 model 142 stepping 10, cmov, cx8, fxsr, mmx, sse, sse2, sse3, ssse3, sse4.1, sse4.2, popcnt, avx, avx2, aes, clmul, erms, 3dnowpref, lzcnt, ht, tsc, tscinvbit, bmi1, bmi2, adx

/proc/cpuinfo:
processor	: 0
vendor_id	: GenuineIntel
cpu family	: 6
model		: 142
model name	: Intel(R) Core(TM) i5-8250U CPU @ 1.60GHz
stepping	: 10
microcode	: 0x84
cpu MHz		: 2800.000
cache size	: 6144 KB
physical id	: 0
siblings	: 8
core id		: 0
cpu cores	: 4
apicid		: 0
initial apicid	: 0
fpu		: yes
fpu_exception	: yes
cpuid level	: 22
wp		: yes
flags		: fpu vme de pse tsc msr pae mce cx8 apic sep mtrr pge mca cmov pat pse36 clflush dts acpi mmx fxsr sse sse2 ss ht tm pbe syscall nx pdpe1gb rdtscp lm constant_tsc art arch_perfmon pebs bts rep_good nopl xtopology nonstop_tsc cpuid aperfmperf tsc_known_freq pni pclmulqdq dtes64 monitor ds_cpl vmx est tm2 ssse3 sdbg fma cx16 xtpr pdcm pcid sse4_1 sse4_2 x2apic movbe popcnt tsc_deadline_timer aes xsave avx f16c rdrand lahf_lm abm 3dnowprefetch cpuid_fault epb invpcid_single pti ibrs ibpb stibp tpr_shadow vnmi flexpriority ept vpid fsgsbase tsc_adjust bmi1 avx2 smep bmi2 erms invpcid mpx rdseed adx smap clflushopt intel_pt xsaveopt xsavec xgetbv1 xsaves dtherm ida arat pln pts hwp hwp_notify hwp_act_window hwp_epp
bugs		: cpu_meltdown spectre_v1 spectre_v2 spec_store_bypass l1tf
bogomips	: 3600.00
clflush size	: 64
cache_alignment	: 64
address sizes	: 39 bits physical, 48 bits virtual
power management:

processor	: 1
vendor_id	: GenuineIntel
cpu family	: 6
model		: 142
model name	: Intel(R) Core(TM) i5-8250U CPU @ 1.60GHz
stepping	: 10
microcode	: 0x84
cpu MHz		: 2800.000
cache size	: 6144 KB
physical id	: 0
siblings	: 8
core id		: 1
cpu cores	: 4
apicid		: 2
initial apicid	: 2
fpu		: yes
fpu_exception	: yes
cpuid level	: 22
wp		: yes
flags		: fpu vme de pse tsc msr pae mce cx8 apic sep mtrr pge mca cmov pat pse36 clflush dts acpi mmx fxsr sse sse2 ss ht tm pbe syscall nx pdpe1gb rdtscp lm constant_tsc art arch_perfmon pebs bts rep_good nopl xtopology nonstop_tsc cpuid aperfmperf tsc_known_freq pni pclmulqdq dtes64 monitor ds_cpl vmx est tm2 ssse3 sdbg fma cx16 xtpr pdcm pcid sse4_1 sse4_2 x2apic movbe popcnt tsc_deadline_timer aes xsave avx f16c rdrand lahf_lm abm 3dnowprefetch cpuid_fault epb invpcid_single pti ibrs ibpb stibp tpr_shadow vnmi flexpriority ept vpid fsgsbase tsc_adjust bmi1 avx2 smep bmi2 erms invpcid mpx rdseed adx smap clflushopt intel_pt xsaveopt xsavec xgetbv1 xsaves dtherm ida arat pln pts hwp hwp_notify hwp_act_window hwp_epp
bugs		: cpu_meltdown spectre_v1 spectre_v2 spec_store_bypass l1tf
bogomips	: 3600.00
clflush size	: 64
cache_alignment	: 64
address sizes	: 39 bits physical, 48 bits virtual
power management:

processor	: 2
vendor_id	: GenuineIntel
cpu family	: 6
model		: 142
model name	: Intel(R) Core(TM) i5-8250U CPU @ 1.60GHz
stepping	: 10
microcode	: 0x84
cpu MHz		: 2799.999
cache size	: 6144 KB
physical id	: 0
siblings	: 8
core id		: 2
cpu cores	: 4
apicid		: 4
initial apicid	: 4
fpu		: yes
fpu_exception	: yes
cpuid level	: 22
wp		: yes
flags		: fpu vme de pse tsc msr pae mce cx8 apic sep mtrr pge mca cmov pat pse36 clflush dts acpi mmx fxsr sse sse2 ss ht tm pbe syscall nx pdpe1gb rdtscp lm constant_tsc art arch_perfmon pebs bts rep_good nopl xtopology nonstop_tsc cpuid aperfmperf tsc_known_freq pni pclmulqdq dtes64 monitor ds_cpl vmx est tm2 ssse3 sdbg fma cx16 xtpr pdcm pcid sse4_1 sse4_2 x2apic movbe popcnt tsc_deadline_timer aes xsave avx f16c rdrand lahf_lm abm 3dnowprefetch cpuid_fault epb invpcid_single pti ibrs ibpb stibp tpr_shadow vnmi flexpriority ept vpid fsgsbase tsc_adjust bmi1 avx2 smep bmi2 erms invpcid mpx rdseed adx smap clflushopt intel_pt xsaveopt xsavec xgetbv1 xsaves dtherm ida arat pln pts hwp hwp_notify hwp_act_window hwp_epp
bugs		: cpu_meltdown spectre_v1 spectre_v2 spec_store_bypass l1tf
bogomips	: 3600.00
clflush size	: 64
cache_alignment	: 64
address sizes	: 39 bits physical, 48 bits virtual
power management:

processor	: 3
vendor_id	: GenuineIntel
cpu family	: 6
model		: 142
model name	: Intel(R) Core(TM) i5-8250U CPU @ 1.60GHz
stepping	: 10
microcode	: 0x84
cpu MHz		: 2800.000
cache size	: 6144 KB
physical id	: 0
siblings	: 8
core id		: 3
cpu cores	: 4
apicid		: 6
initial apicid	: 6
fpu		: yes
fpu_exception	: yes
cpuid level	: 22
wp		: yes
flags		: fpu vme de pse tsc msr pae mce cx8 apic sep mtrr pge mca cmov pat pse36 clflush dts acpi mmx fxsr sse sse2 ss ht tm pbe syscall nx pdpe1gb rdtscp lm constant_tsc art arch_perfmon pebs bts rep_good nopl xtopology nonstop_tsc cpuid aperfmperf tsc_known_freq pni pclmulqdq dtes64 monitor ds_cpl vmx est tm2 ssse3 sdbg fma cx16 xtpr pdcm pcid sse4_1 sse4_2 x2apic movbe popcnt tsc_deadline_timer aes xsave avx f16c rdrand lahf_lm abm 3dnowprefetch cpuid_fault epb invpcid_single pti ibrs ibpb stibp tpr_shadow vnmi flexpriority ept vpid fsgsbase tsc_adjust bmi1 avx2 smep bmi2 erms invpcid mpx rdseed adx smap clflushopt intel_pt xsaveopt xsavec xgetbv1 xsaves dtherm ida arat pln pts hwp hwp_notify hwp_act_window hwp_epp
bugs		: cpu_meltdown spectre_v1 spectre_v2 spec_store_bypass l1tf
bogomips	: 3600.00
clflush size	: 64
cache_alignment	: 64
address sizes	: 39 bits physical, 48 bits virtual
power management:

processor	: 4
vendor_id	: GenuineIntel
cpu family	: 6
model		: 142
model name	: Intel(R) Core(TM) i5-8250U CPU @ 1.60GHz
stepping	: 10
microcode	: 0x84
cpu MHz		: 2799.998
cache size	: 6144 KB
physical id	: 0
siblings	: 8
core id		: 0
cpu cores	: 4
apicid		: 1
initial apicid	: 1
fpu		: yes
fpu_exception	: yes
cpuid level	: 22
wp		: yes
flags		: fpu vme de pse tsc msr pae mce cx8 apic sep mtrr pge mca cmov pat pse36 clflush dts acpi mmx fxsr sse sse2 ss ht tm pbe syscall nx pdpe1gb rdtscp lm constant_tsc art arch_perfmon pebs bts rep_good nopl xtopology nonstop_tsc cpuid aperfmperf tsc_known_freq pni pclmulqdq dtes64 monitor ds_cpl vmx est tm2 ssse3 sdbg fma cx16 xtpr pdcm pcid sse4_1 sse4_2 x2apic movbe popcnt tsc_deadline_timer aes xsave avx f16c rdrand lahf_lm abm 3dnowprefetch cpuid_fault epb invpcid_single pti ibrs ibpb stibp tpr_shadow vnmi flexpriority ept vpid fsgsbase tsc_adjust bmi1 avx2 smep bmi2 erms invpcid mpx rdseed adx smap clflushopt intel_pt xsaveopt xsavec xgetbv1 xsaves dtherm ida arat pln pts hwp hwp_notify hwp_act_window hwp_epp
bugs		: cpu_meltdown spectre_v1 spectre_v2 spec_store_bypass l1tf
bogomips	: 3600.00
clflush size	: 64
cache_alignment	: 64
address sizes	: 39 bits physical, 48 bits virtual
power management:

processor	: 5
vendor_id	: GenuineIntel
cpu family	: 6
model		: 142
model name	: Intel(R) Core(TM) i5-8250U CPU @ 1.60GHz
stepping	: 10
microcode	: 0x84
cpu MHz		: 2800.000
cache size	: 6144 KB
physical id	: 0
siblings	: 8
core id		: 1
cpu cores	: 4
apicid		: 3
initial apicid	: 3
fpu		: yes
fpu_exception	: yes
cpuid level	: 22
wp		: yes
flags		: fpu vme de pse tsc msr pae mce cx8 apic sep mtrr pge mca cmov pat pse36 clflush dts acpi mmx fxsr sse sse2 ss ht tm pbe syscall nx pdpe1gb rdtscp lm constant_tsc art arch_perfmon pebs bts rep_good nopl xtopology nonstop_tsc cpuid aperfmperf tsc_known_freq pni pclmulqdq dtes64 monitor ds_cpl vmx est tm2 ssse3 sdbg fma cx16 xtpr pdcm pcid sse4_1 sse4_2 x2apic movbe popcnt tsc_deadline_timer aes xsave avx f16c rdrand lahf_lm abm 3dnowprefetch cpuid_fault epb invpcid_single pti ibrs ibpb stibp tpr_shadow vnmi flexpriority ept vpid fsgsbase tsc_adjust bmi1 avx2 smep bmi2 erms invpcid mpx rdseed adx smap clflushopt intel_pt xsaveopt xsavec xgetbv1 xsaves dtherm ida arat pln pts hwp hwp_notify hwp_act_window hwp_epp
bugs		: cpu_meltdown spectre_v1 spectre_v2 spec_store_bypass l1tf
bogomips	: 3600.00
clflush size	: 64
cache_alignment	: 64
address sizes	: 39 bits physical, 48 bits virtual
power management:

processor	: 6
vendor_id	: GenuineIntel
cpu family	: 6
model		: 142
model name	: Intel(R) Core(TM) i5-8250U CPU @ 1.60GHz
stepping	: 10
microcode	: 0x84
cpu MHz		: 2799.998
cache size	: 6144 KB
physical id	: 0
siblings	: 8
core id		: 2
cpu cores	: 4
apicid		: 5
initial apicid	: 5
fpu		: yes
fpu_exception	: yes
cpuid level	: 22
wp		: yes
flags		: fpu vme de pse tsc msr pae mce cx8 apic sep mtrr pge mca cmov pat pse36 clflush dts acpi mmx fxsr sse sse2 ss ht tm pbe syscall nx pdpe1gb rdtscp lm constant_tsc art arch_perfmon pebs bts rep_good nopl xtopology nonstop_tsc cpuid aperfmperf tsc_known_freq pni pclmulqdq dtes64 monitor ds_cpl vmx est tm2 ssse3 sdbg fma cx16 xtpr pdcm pcid sse4_1 sse4_2 x2apic movbe popcnt tsc_deadline_timer aes xsave avx f16c rdrand lahf_lm abm 3dnowprefetch cpuid_fault epb invpcid_single pti ibrs ibpb stibp tpr_shadow vnmi flexpriority ept vpid fsgsbase tsc_adjust bmi1 avx2 smep bmi2 erms invpcid mpx rdseed adx smap clflushopt intel_pt xsaveopt xsavec xgetbv1 xsaves dtherm ida arat pln pts hwp hwp_notify hwp_act_window hwp_epp
bugs		: cpu_meltdown spectre_v1 spectre_v2 spec_store_bypass l1tf
bogomips	: 3600.00
clflush size	: 64
cache_alignment	: 64
address sizes	: 39 bits physical, 48 bits virtual
power management:

processor	: 7
vendor_id	: GenuineIntel
cpu family	: 6
model		: 142
model name	: Intel(R) Core(TM) i5-8250U CPU @ 1.60GHz
stepping	: 10
microcode	: 0x84
cpu MHz		: 2800.000
cache size	: 6144 KB
physical id	: 0
siblings	: 8
core id		: 3
cpu cores	: 4
apicid		: 7
initial apicid	: 7
fpu		: yes
fpu_exception	: yes
cpuid level	: 22
wp		: yes
flags		: fpu vme de pse tsc msr pae mce cx8 apic sep mtrr pge mca cmov pat pse36 clflush dts acpi mmx fxsr sse sse2 ss ht tm pbe syscall nx pdpe1gb rdtscp lm constant_tsc art arch_perfmon pebs bts rep_good nopl xtopology nonstop_tsc cpuid aperfmperf tsc_known_freq pni pclmulqdq dtes64 monitor ds_cpl vmx est tm2 ssse3 sdbg fma cx16 xtpr pdcm pcid sse4_1 sse4_2 x2apic movbe popcnt tsc_deadline_timer aes xsave avx f16c rdrand lahf_lm abm 3dnowprefetch cpuid_fault epb invpcid_single pti ibrs ibpb stibp tpr_shadow vnmi flexpriority ept vpid fsgsbase tsc_adjust bmi1 avx2 smep bmi2 erms invpcid mpx rdseed adx smap clflushopt intel_pt xsaveopt xsavec xgetbv1 xsaves dtherm ida arat pln pts hwp hwp_notify hwp_act_window hwp_epp
bugs		: cpu_meltdown spectre_v1 spectre_v2 spec_store_bypass l1tf
bogomips	: 3600.00
clflush size	: 64
cache_alignment	: 64
address sizes	: 39 bits physical, 48 bits virtual
power management:



Memory: 4k page, physical 7884860k(630616k free), swap 2036796k(61608k free)

vm_info: Java HotSpot(TM) 64-Bit Server VM (25.191-b12) for linux-amd64 JRE (1.8.0_191-b12), built on Oct  6 2018 05:43:09 by "java_re" with gcc 7.3.0

time: Sat Dec  8 15:26:27 2018
elapsed time: 10 seconds (0d 0h 0m 10s)

