#
# There is insufficient memory for the Java Runtime Environment to continue.
# Native memory allocation (mmap) failed to map 245891072 bytes for committing reserved memory.
# Possible reasons:
#   The system is out of physical RAM or swap space
#   In 32 bit mode, the process size limit was hit
# Possible solutions:
#   Reduce memory load on the system
#   Increase physical memory or swap space
#   Check if swap backing store is full
#   Use 64 bit Java on a 64 bit OS
#   Decrease Java heap size (-Xmx/-Xms)
#   Decrease number of Java threads
#   Decrease Java thread stack sizes (-Xss)
#   Set larger code cache with -XX:ReservedCodeCacheSize=
# This output file may be truncated or incomplete.
#
#  Out of Memory Error (os_linux.cpp:2743), pid=8614, tid=0x00007f2e05de5700
#
# JRE version: Java(TM) SE Runtime Environment (8.0_191-b12) (build 1.8.0_191-b12)
# Java VM: Java HotSpot(TM) 64-Bit Server VM (25.191-b12 mixed mode linux-amd64 compressed oops)
# Failed to write core dump. Core dumps have been disabled. To enable core dumping, try "ulimit -c unlimited" before starting Java again
#

---------------  T H R E A D  ---------------

Current thread (0x00007f2e24081800):  VMThread [stack: 0x00007f2e05ce6000,0x00007f2e05de6000] [id=8630]

Stack: [0x00007f2e05ce6000,0x00007f2e05de6000],  sp=0x00007f2e05de4430,  free space=1017k
Native frames: (J=compiled Java code, j=interpreted, Vv=VM code, C=native code)
V  [libjvm.so+0xace425]  VMError::report_and_die()+0x2c5
V  [libjvm.so+0x4deb77]  report_vm_out_of_memory(char const*, int, unsigned long, VMErrorType, char const*)+0x67
V  [libjvm.so+0x90c570]  os::pd_commit_memory(char*, unsigned long, unsigned long, bool)+0x100
V  [libjvm.so+0x903eaf]  os::commit_memory(char*, unsigned long, unsigned long, bool)+0x1f
V  [libjvm.so+0x988346]  PSVirtualSpace::expand_by(unsigned long)+0x56
V  [libjvm.so+0x9895d8]  PSYoungGen::resize(unsigned long, unsigned long)+0xd8
V  [libjvm.so+0x985d66]  PSScavenge::invoke_no_policy()+0x1356
V  [libjvm.so+0x98610c]  PSScavenge::invoke()+0x4c
V  [libjvm.so+0x935fb8]  ParallelScavengeHeap::failed_mem_allocate(unsigned long)+0x68
V  [libjvm.so+0xacff53]  VM_ParallelGCFailedAllocation::doit()+0x93
V  [libjvm.so+0xad50f6]  VM_Operation::evaluate()+0x46
V  [libjvm.so+0xad347d]  VMThread::evaluate_operation(VM_Operation*) [clone .constprop.44]+0xcd
V  [libjvm.so+0xad3a3b]  VMThread::loop()+0x37b
V  [libjvm.so+0xad3de8]  VMThread::run()+0x78
V  [libjvm.so+0x909c92]  java_start(Thread*)+0x102

VM_Operation (0x00007f2db306a100): ParallelGCFailedAllocation, mode: safepoint, requested by thread 0x00007f2e242c3000


---------------  P R O C E S S  ---------------

Java Threads: ( => current thread )
  0x00007f2e242c6800 JavaThread "JavaFX-Launcher" [_thread_blocked, id=8643, stack(0x00007f2db2e6b000,0x00007f2db2f6c000)]
  0x00007f2e242c3000 JavaThread "JavaFX Application Thread" [_thread_blocked, id=8642, stack(0x00007f2db2f6c000,0x00007f2db306d000)]
  0x00007f2e242c0000 JavaThread "Thread-1" daemon [_thread_blocked, id=8641, stack(0x00007f2dfc04b000,0x00007f2dfc14c000)]
  0x00007f2e241da000 JavaThread "QuantumRenderer-0" daemon [_thread_blocked, id=8640, stack(0x00007f2e0490c000,0x00007f2e04a0d000)]
  0x00007f2e240cc800 JavaThread "Service Thread" daemon [_thread_blocked, id=8638, stack(0x00007f2e04b0e000,0x00007f2e04c0f000)]
  0x00007f2e240c9800 JavaThread "C1 CompilerThread3" daemon [_thread_blocked, id=8637, stack(0x00007f2e04c10000,0x00007f2e04d10000)]
  0x00007f2e240c7800 JavaThread "C2 CompilerThread2" daemon [_thread_blocked, id=8636, stack(0x00007f2e04d11000,0x00007f2e04e11000)]
  0x00007f2e240c6000 JavaThread "C2 CompilerThread1" daemon [_thread_blocked, id=8635, stack(0x00007f2e04e12000,0x00007f2e04f12000)]
  0x00007f2e240c3000 JavaThread "C2 CompilerThread0" daemon [_thread_blocked, id=8634, stack(0x00007f2e04f13000,0x00007f2e05013000)]
  0x00007f2e240c1800 JavaThread "Signal Dispatcher" daemon [_thread_blocked, id=8633, stack(0x00007f2e05013000,0x00007f2e05114000)]
  0x00007f2e2408d800 JavaThread "Finalizer" daemon [_thread_blocked, id=8632, stack(0x00007f2e05ae3000,0x00007f2e05be4000)]
  0x00007f2e2408b000 JavaThread "Reference Handler" daemon [_thread_blocked, id=8631, stack(0x00007f2e05be4000,0x00007f2e05ce5000)]
  0x00007f2e2400b000 JavaThread "main" [_thread_blocked, id=8616, stack(0x00007f2e2b703000,0x00007f2e2b803000)]

Other Threads:
=>0x00007f2e24081800 VMThread [stack: 0x00007f2e05ce6000,0x00007f2e05de6000] [id=8630]
  0x00007f2e240d1800 WatcherThread [stack: 0x00007f2e04a0e000,0x00007f2e04b0e000] [id=8639]

VM state:at safepoint (normal execution)

VM Mutex/Monitor currently owned by a thread:  ([mutex/lock_event])
[0x00007f2e240079b0] Threads_lock - owner thread: 0x00007f2e24081800
[0x00007f2e24007eb0] Heap_lock - owner thread: 0x00007f2e242c3000

Heap:
 PSYoungGen      total 404480K, used 0K [0x00000000d7e00000, 0x00000000f0d80000, 0x0000000100000000)
  eden space 399872K, 0% used [0x00000000d7e00000,0x00000000d7e00000,0x00000000f0480000)
  from space 4608K, 0% used [0x00000000f0480000,0x00000000f0480000,0x00000000f0900000)
  to   space 4608K, 0% used [0x00000000f0900000,0x00000000f0900000,0x00000000f0d80000)
 ParOldGen       total 83456K, used 2898K [0x0000000087a00000, 0x000000008cb80000, 0x00000000d7e00000)
  object space 83456K, 3% used [0x0000000087a00000,0x0000000087cd4be8,0x000000008cb80000)
 Metaspace       used 9186K, capacity 9618K, committed 9984K, reserved 1058816K
  class space    used 1262K, capacity 1410K, committed 1536K, reserved 1048576K

Card table byte_map: [0x00007f2e2801c000,0x00007f2e283e0000] byte_map_base: 0x00007f2e27bdf000

Marking Bits: (ParMarkBitMap*) 0x00007f2e2aba8d40
 Begin Bits: [0x00007f2e0c3d0000, 0x00007f2e0e1e8000)
 End Bits:   [0x00007f2e0e1e8000, 0x00007f2e10000000)

Polling page: 0x00007f2e2b818000

CodeCache: size=245760Kb used=2830Kb max_used=2830Kb free=242929Kb
 bounds [0x00007f2e15000000, 0x00007f2e152d0000, 0x00007f2e24000000]
 total_blobs=1189 nmethods=723 adapters=380
 compilation: enabled

Compilation events (10 events):
Event: 2,220 Thread 0x00007f2e240c9800  718   !   3       java.lang.ref.Finalizer::runFinalizer (62 bytes)
Event: 2,220 Thread 0x00007f2e240c9800 nmethod 718 0x00007f2e152b9250 code [0x00007f2e152b9400, 0x00007f2e152b9c78]
Event: 2,220 Thread 0x00007f2e240c9800  719       3       java.lang.ref.Finalizer::hasBeenFinalized (14 bytes)
Event: 2,221 Thread 0x00007f2e240c9800 nmethod 719 0x00007f2e152c4710 code [0x00007f2e152c4880, 0x00007f2e152c4a30]
Event: 2,221 Thread 0x00007f2e240c9800  720   !   3       java.lang.ref.Finalizer::remove (94 bytes)
Event: 2,221 Thread 0x00007f2e240c9800 nmethod 720 0x00007f2e152c4a90 code [0x00007f2e152c4c20, 0x00007f2e152c50f0]
Event: 2,221 Thread 0x00007f2e240c9800  721       3       java.lang.System$2::invokeFinalize (5 bytes)
Event: 2,221 Thread 0x00007f2e240c9800 nmethod 721 0x00007f2e152c5250 code [0x00007f2e152c53c0, 0x00007f2e152c55e8]
Event: 2,221 Thread 0x00007f2e240c9800  722       3       java.lang.ref.Reference::clear (6 bytes)
Event: 2,221 Thread 0x00007f2e240c9800 nmethod 722 0x00007f2e152c5690 code [0x00007f2e152c57e0, 0x00007f2e152c5950]

GC Heap History (10 events):
Event: 2,806 GC heap after
Heap after GC invocations=6 (full 0):
 PSYoungGen      total 128000K, used 2931K [0x00000000d7e00000, 0x00000000dfe00000, 0x0000000100000000)
  eden space 124928K, 0% used [0x00000000d7e00000,0x00000000d7e00000,0x00000000df800000)
  from space 3072K, 95% used [0x00000000dfb00000,0x00000000dfddccc0,0x00000000dfe00000)
  to   space 3072K, 0% used [0x00000000df800000,0x00000000df800000,0x00000000dfb00000)
 ParOldGen       total 83456K, used 8K [0x0000000087a00000, 0x000000008cb80000, 0x00000000d7e00000)
  object space 83456K, 0% used [0x0000000087a00000,0x0000000087a02000,0x000000008cb80000)
 Metaspace       used 9186K, capacity 9618K, committed 9984K, reserved 1058816K
  class space    used 1262K, capacity 1410K, committed 1536K, reserved 1048576K
}
Event: 3,355 GC heap before
{Heap before GC invocations=7 (full 0):
 PSYoungGen      total 128000K, used 127859K [0x00000000d7e00000, 0x00000000dfe00000, 0x0000000100000000)
  eden space 124928K, 100% used [0x00000000d7e00000,0x00000000df800000,0x00000000df800000)
  from space 3072K, 95% used [0x00000000dfb00000,0x00000000dfddccc0,0x00000000dfe00000)
  to   space 3072K, 0% used [0x00000000df800000,0x00000000df800000,0x00000000dfb00000)
 ParOldGen       total 83456K, used 8K [0x0000000087a00000, 0x000000008cb80000, 0x00000000d7e00000)
  object space 83456K, 0% used [0x0000000087a00000,0x0000000087a02000,0x000000008cb80000)
 Metaspace       used 9186K, capacity 9618K, committed 9984K, reserved 1058816K
  class space    used 1262K, capacity 1410K, committed 1536K, reserved 1048576K
Event: 3,371 GC heap after
Heap after GC invocations=7 (full 0):
 PSYoungGen      total 128000K, used 0K [0x00000000d7e00000, 0x00000000e7a00000, 0x0000000100000000)
  eden space 124928K, 0% used [0x00000000d7e00000,0x00000000d7e00000,0x00000000df800000)
  from space 3072K, 0% used [0x00000000df800000,0x00000000df800000,0x00000000dfb00000)
  to   space 4096K, 0% used [0x00000000e7600000,0x00000000e7600000,0x00000000e7a00000)
 ParOldGen       total 83456K, used 2898K [0x0000000087a00000, 0x000000008cb80000, 0x00000000d7e00000)
  object space 83456K, 3% used [0x0000000087a00000,0x0000000087cd4be8,0x000000008cb80000)
 Metaspace       used 9186K, capacity 9618K, committed 9984K, reserved 1058816K
  class space    used 1262K, capacity 1410K, committed 1536K, reserved 1048576K
}
Event: 3,838 GC heap before
{Heap before GC invocations=8 (full 0):
 PSYoungGen      total 128000K, used 124928K [0x00000000d7e00000, 0x00000000e7a00000, 0x0000000100000000)
  eden space 124928K, 100% used [0x00000000d7e00000,0x00000000df800000,0x00000000df800000)
  from space 3072K, 0% used [0x00000000df800000,0x00000000df800000,0x00000000dfb00000)
  to   space 4096K, 0% used [0x00000000e7600000,0x00000000e7600000,0x00000000e7a00000)
 ParOldGen       total 83456K, used 2898K [0x0000000087a00000, 0x000000008cb80000, 0x00000000d7e00000)
  object space 83456K, 3% used [0x0000000087a00000,0x0000000087cd4be8,0x000000008cb80000)
 Metaspace       used 9186K, capacity 9618K, committed 9984K, reserved 1058816K
  class space    used 1262K, capacity 1410K, committed 1536K, reserved 1048576K
Event: 3,844 GC heap after
Heap after GC invocations=8 (full 0):
 PSYoungGen      total 253952K, used 0K [0x00000000d7e00000, 0x00000000e7a00000, 0x0000000100000000)
  eden space 249856K, 0% used [0x00000000d7e00000,0x00000000d7e00000,0x00000000e7200000)
  from space 4096K, 0% used [0x00000000e7600000,0x00000000e7600000,0x00000000e7a00000)
  to   space 4096K, 0% used [0x00000000e7200000,0x00000000e7200000,0x00000000e7600000)
 ParOldGen       total 83456K, used 2898K [0x0000000087a00000, 0x000000008cb80000, 0x00000000d7e00000)
  object space 83456K, 3% used [0x0000000087a00000,0x0000000087cd4be8,0x000000008cb80000)
 Metaspace       used 9186K, capacity 9618K, committed 9984K, reserved 1058816K
  class space    used 1262K, capacity 1410K, committed 1536K, reserved 1048576K
}
Event: 4,969 GC heap before
{Heap before GC invocations=9 (full 0):
 PSYoungGen      total 253952K, used 249856K [0x00000000d7e00000, 0x00000000e7a00000, 0x0000000100000000)
  eden space 249856K, 100% used [0x00000000d7e00000,0x00000000e7200000,0x00000000e7200000)
  from space 4096K, 0% used [0x00000000e7600000,0x00000000e7600000,0x00000000e7a00000)
  to   space 4096K, 0% used [0x00000000e7200000,0x00000000e7200000,0x00000000e7600000)
 ParOldGen       total 83456K, used 2898K [0x0000000087a00000, 0x000000008cb80000, 0x00000000d7e00000)
  object space 83456K, 3% used [0x0000000087a00000,0x0000000087cd4be8,0x000000008cb80000)
 Metaspace       used 9186K, capacity 9618K, committed 9984K, reserved 1058816K
  class space    used 1262K, capacity 1410K, committed 1536K, reserved 1048576K
Event: 4,976 GC heap after
Heap after GC invocations=9 (full 0):
 PSYoungGen      total 253952K, used 0K [0x00000000d7e00000, 0x00000000f0d80000, 0x0000000100000000)
  eden space 249856K, 0% used [0x00000000d7e00000,0x00000000d7e00000,0x00000000e7200000)
  from space 4096K, 0% used [0x00000000e7200000,0x00000000e7200000,0x00000000e7600000)
  to   space 4608K, 0% used [0x00000000f0900000,0x00000000f0900000,0x00000000f0d80000)
 ParOldGen       total 83456K, used 2898K [0x0000000087a00000, 0x000000008cb80000, 0x00000000d7e00000)
  object space 83456K, 3% used [0x0000000087a00000,0x0000000087cd4be8,0x000000008cb80000)
 Metaspace       used 9186K, capacity 9618K, committed 9984K, reserved 1058816K
  class space    used 1262K, capacity 1410K, committed 1536K, reserved 1048576K
}
Event: 6,095 GC heap before
{Heap before GC invocations=10 (full 0):
 PSYoungGen      total 253952K, used 249856K [0x00000000d7e00000, 0x00000000f0d80000, 0x0000000100000000)
  eden space 249856K, 100% used [0x00000000d7e00000,0x00000000e7200000,0x00000000e7200000)
  from space 4096K, 0% used [0x00000000e7200000,0x00000000e7200000,0x00000000e7600000)
  to   space 4608K, 0% used [0x00000000f0900000,0x00000000f0900000,0x00000000f0d80000)
 ParOldGen       total 83456K, used 2898K [0x0000000087a00000, 0x000000008cb80000, 0x00000000d7e00000)
  object space 83456K, 3% used [0x0000000087a00000,0x0000000087cd4be8,0x000000008cb80000)
 Metaspace       used 9186K, capacity 9618K, committed 9984K, reserved 1058816K
  class space    used 1262K, capacity 1410K, committed 1536K, reserved 1048576K
Event: 6,150 GC heap after
Heap after GC invocations=10 (full 0):
 PSYoungGen      total 404480K, used 0K [0x00000000d7e00000, 0x00000000f0d80000, 0x0000000100000000)
  eden space 399872K, 0% used [0x00000000d7e00000,0x00000000d7e00000,0x00000000f0480000)
  from space 4608K, 0% used [0x00000000f0900000,0x00000000f0900000,0x00000000f0d80000)
  to   space 4608K, 0% used [0x00000000f0480000,0x00000000f0480000,0x00000000f0900000)
 ParOldGen       total 83456K, used 2898K [0x0000000087a00000, 0x000000008cb80000, 0x00000000d7e00000)
  object space 83456K, 3% used [0x0000000087a00000,0x0000000087cd4be8,0x000000008cb80000)
 Metaspace       used 9186K, capacity 9618K, committed 9984K, reserved 1058816K
  class space    used 1262K, capacity 1410K, committed 1536K, reserved 1048576K
}
Event: 8,284 GC heap before
{Heap before GC invocations=11 (full 0):
 PSYoungGen      total 404480K, used 399872K [0x00000000d7e00000, 0x00000000f0d80000, 0x0000000100000000)
  eden space 399872K, 100% used [0x00000000d7e00000,0x00000000f0480000,0x00000000f0480000)
  from space 4608K, 0% used [0x00000000f0900000,0x00000000f0900000,0x00000000f0d80000)
  to   space 4608K, 0% used [0x00000000f0480000,0x00000000f0480000,0x00000000f0900000)
 ParOldGen       total 83456K, used 2898K [0x0000000087a00000, 0x000000008cb80000, 0x00000000d7e00000)
  object space 83456K, 3% used [0x0000000087a00000,0x0000000087cd4be8,0x000000008cb80000)
 Metaspace       used 9186K, capacity 9618K, committed 9984K, reserved 1058816K
  class space    used 1262K, capacity 1410K, committed 1536K, reserved 1048576K

Deoptimization events (2 events):
Event: 1,368 Thread 0x00007f2e242c3000 Uncommon trap: reason=unstable_if action=reinterpret pc=0x00007f2e151a7bc4 method=java.lang.String.replace(CC)Ljava/lang/String; @ 2
Event: 1,641 Thread 0x00007f2e242c3000 Uncommon trap: reason=unstable_if action=reinterpret pc=0x00007f2e1524bf30 method=java.io.BufferedInputStream.read()I @ 8

Classes redefined (0 events):
No events

Internal exceptions (10 events):
Event: 0,229 Thread 0x00007f2e2400b000 Exception <a 'java/lang/NoSuchMethodError': Method sun.misc.Unsafe.prefetchRead(Ljava/lang/Object;J)V name or signature does not match> (0x00000000d7e07f98) thrown at [/HUDSON/workspace/8-2-build-linux-amd64/jdk8u191/11894/hotspot/src/share/vm/prims/jni.c
Event: 0,636 Thread 0x00007f2e2400b000 Exception <a 'java/lang/NoSuchFieldError': method resolution failed> (0x00000000d8002430) thrown at [/HUDSON/workspace/8-2-build-linux-amd64/jdk8u191/11894/hotspot/src/share/vm/prims/methodHandles.cpp, line 1167]
Event: 0,649 Thread 0x00007f2e2400b000 Exception <a 'java/lang/NoSuchFieldError': method resolution failed> (0x00000000d800f7b0) thrown at [/HUDSON/workspace/8-2-build-linux-amd64/jdk8u191/11894/hotspot/src/share/vm/prims/methodHandles.cpp, line 1167]
Event: 0,689 Thread 0x00007f2e2400b000 Exception <a 'java/security/PrivilegedActionException'> (0x00000000d8098eb8) thrown at [/HUDSON/workspace/8-2-build-linux-amd64/jdk8u191/11894/hotspot/src/share/vm/prims/jvm.cpp, line 1435]
Event: 0,689 Thread 0x00007f2e2400b000 Exception <a 'java/security/PrivilegedActionException'> (0x00000000d80990c8) thrown at [/HUDSON/workspace/8-2-build-linux-amd64/jdk8u191/11894/hotspot/src/share/vm/prims/jvm.cpp, line 1435]
Event: 0,689 Thread 0x00007f2e2400b000 Exception <a 'java/security/PrivilegedActionException'> (0x00000000d809b530) thrown at [/HUDSON/workspace/8-2-build-linux-amd64/jdk8u191/11894/hotspot/src/share/vm/prims/jvm.cpp, line 1435]
Event: 0,690 Thread 0x00007f2e2400b000 Exception <a 'java/security/PrivilegedActionException'> (0x00000000d809b740) thrown at [/HUDSON/workspace/8-2-build-linux-amd64/jdk8u191/11894/hotspot/src/share/vm/prims/jvm.cpp, line 1435]
Event: 0,704 Thread 0x00007f2e2400b000 Exception <a 'java/lang/NullPointerException'> (0x00000000d809bd18) thrown at [/HUDSON/workspace/8-2-build-linux-amd64/jdk8u191/11894/hotspot/src/share/vm/interpreter/linkResolver.cpp, line 1185]
Event: 1,523 Thread 0x00007f2e242c3000 Exception <a 'java/lang/NullPointerException'> (0x00000000d88f7c40) thrown at [/HUDSON/workspace/8-2-build-linux-amd64/jdk8u191/11894/hotspot/src/share/vm/interpreter/linkResolver.cpp, line 1185]
Event: 1,523 Thread 0x00007f2e242c3000 Exception <a 'java/lang/NullPointerException'> (0x00000000d88f7c40) thrown at [/HUDSON/workspace/8-2-build-linux-amd64/jdk8u191/11894/hotspot/src/share/vm/prims/jvm.cpp, line 1439]

Events (10 events):
Event: 3,371 Executing VM operation: ParallelGCFailedAllocation done
Event: 3,838 Executing VM operation: ParallelGCFailedAllocation
Event: 3,844 Executing VM operation: ParallelGCFailedAllocation done
Event: 4,451 Executing VM operation: EnableBiasedLocking
Event: 4,464 Executing VM operation: EnableBiasedLocking done
Event: 4,969 Executing VM operation: ParallelGCFailedAllocation
Event: 4,976 Executing VM operation: ParallelGCFailedAllocation done
Event: 6,095 Executing VM operation: ParallelGCFailedAllocation
Event: 6,150 Executing VM operation: ParallelGCFailedAllocation done
Event: 8,284 Executing VM operation: ParallelGCFailedAllocation


Dynamic libraries:
00400000-00401000 r-xp 00000000 103:05 2225208                           /usr/lib/jvm/java-8-oracle/bin/java
00600000-00601000 r--p 00000000 103:05 2225208                           /usr/lib/jvm/java-8-oracle/bin/java
00601000-00602000 rw-p 00001000 103:05 2225208                           /usr/lib/jvm/java-8-oracle/bin/java
01234000-01255000 rw-p 00000000 00:00 0                                  [heap]
87a00000-8cb80000 rw-p 00000000 00:00 0 
8cb80000-d7e00000 ---p 00000000 00:00 0 
d7e00000-f0d80000 rw-p 00000000 00:00 0 
ff800000-100000000 ---p 00000000 00:00 0 
100000000-100180000 rw-p 00000000 00:00 0 
100180000-140000000 ---p 00000000 00:00 0 
7f2da4000000-7f2da40fa000 rw-p 00000000 00:00 0 
7f2da40fa000-7f2da8000000 ---p 00000000 00:00 0 
7f2da8000000-7f2da8021000 rw-p 00000000 00:00 0 
7f2da8021000-7f2dac000000 ---p 00000000 00:00 0 
7f2dac000000-7f2dac021000 rw-p 00000000 00:00 0 
7f2dac021000-7f2db0000000 ---p 00000000 00:00 0 
7f2db2828000-7f2db2868000 rw-p 00000000 00:00 0 
7f2db2868000-7f2db2a28000 ---p 00000000 00:00 0 
7f2db2a28000-7f2db2a2b000 r-xp 00000000 103:05 2359792                   /usr/lib/jvm/java-8-oracle/jre/lib/amd64/libjavafx_font.so
7f2db2a2b000-7f2db2c2a000 ---p 00003000 103:05 2359792                   /usr/lib/jvm/java-8-oracle/jre/lib/amd64/libjavafx_font.so
7f2db2c2a000-7f2db2c2b000 r--p 00002000 103:05 2359792                   /usr/lib/jvm/java-8-oracle/jre/lib/amd64/libjavafx_font.so
7f2db2c2b000-7f2db2c2c000 rw-p 00003000 103:05 2359792                   /usr/lib/jvm/java-8-oracle/jre/lib/amd64/libjavafx_font.so
7f2db2c2c000-7f2db2c68000 r-xp 00000000 103:05 1837158                   /lib/x86_64-linux-gnu/libnss_systemd.so.2
7f2db2c68000-7f2db2e67000 ---p 0003c000 103:05 1837158                   /lib/x86_64-linux-gnu/libnss_systemd.so.2
7f2db2e67000-7f2db2e6a000 r--p 0003b000 103:05 1837158                   /lib/x86_64-linux-gnu/libnss_systemd.so.2
7f2db2e6a000-7f2db2e6b000 rw-p 0003e000 103:05 1837158                   /lib/x86_64-linux-gnu/libnss_systemd.so.2
7f2db2e6b000-7f2db2e6e000 ---p 00000000 00:00 0 
7f2db2e6e000-7f2db2f6c000 rw-p 00000000 00:00 0 
7f2db2f6c000-7f2db2f6f000 ---p 00000000 00:00 0 
7f2db2f6f000-7f2db306d000 rw-p 00000000 00:00 0 
7f2db306d000-7f2db3074000 r-xp 00000000 103:05 2234446                   /usr/lib/x86_64-linux-gnu/libogg.so.0.8.2
7f2db3074000-7f2db3274000 ---p 00007000 103:05 2234446                   /usr/lib/x86_64-linux-gnu/libogg.so.0.8.2
7f2db3274000-7f2db3275000 r--p 00007000 103:05 2234446                   /usr/lib/x86_64-linux-gnu/libogg.so.0.8.2
7f2db3275000-7f2db3276000 rw-p 00008000 103:05 2234446                   /usr/lib/x86_64-linux-gnu/libogg.so.0.8.2
7f2db3276000-7f2db32a0000 r-xp 00000000 103:05 2234754                   /usr/lib/x86_64-linux-gnu/libvorbis.so.0.4.8
7f2db32a0000-7f2db349f000 ---p 0002a000 103:05 2234754                   /usr/lib/x86_64-linux-gnu/libvorbis.so.0.4.8
7f2db349f000-7f2db34a0000 r--p 00029000 103:05 2234754                   /usr/lib/x86_64-linux-gnu/libvorbis.so.0.4.8
7f2db34a0000-7f2db34a1000 rw-p 0002a000 103:05 2234754                   /usr/lib/x86_64-linux-gnu/libvorbis.so.0.4.8
7f2db34a1000-7f2db34aa000 r-xp 00000000 103:05 2234345                   /usr/lib/x86_64-linux-gnu/libltdl.so.7.3.1
7f2db34aa000-7f2db36a9000 ---p 00009000 103:05 2234345                   /usr/lib/x86_64-linux-gnu/libltdl.so.7.3.1
7f2db36a9000-7f2db36aa000 r--p 00008000 103:05 2234345                   /usr/lib/x86_64-linux-gnu/libltdl.so.7.3.1
7f2db36aa000-7f2db36ab000 rw-p 00009000 103:05 2234345                   /usr/lib/x86_64-linux-gnu/libltdl.so.7.3.1
7f2db36ab000-7f2db36c0000 r-xp 00000000 103:05 2234679                   /usr/lib/x86_64-linux-gnu/libtdb.so.1.3.15
7f2db36c0000-7f2db38bf000 ---p 00015000 103:05 2234679                   /usr/lib/x86_64-linux-gnu/libtdb.so.1.3.15
7f2db38bf000-7f2db38c0000 r--p 00014000 103:05 2234679                   /usr/lib/x86_64-linux-gnu/libtdb.so.1.3.15
7f2db38c0000-7f2db38c1000 rw-p 00015000 103:05 2234679                   /usr/lib/x86_64-linux-gnu/libtdb.so.1.3.15
7f2db38c1000-7f2db38c8000 r-xp 00000000 103:05 2234758                   /usr/lib/x86_64-linux-gnu/libvorbisfile.so.3.3.7
7f2db38c8000-7f2db3ac7000 ---p 00007000 103:05 2234758                   /usr/lib/x86_64-linux-gnu/libvorbisfile.so.3.3.7
7f2db3ac7000-7f2db3ac8000 r--p 00006000 103:05 2234758                   /usr/lib/x86_64-linux-gnu/libvorbisfile.so.3.3.7
7f2db3ac8000-7f2db3ac9000 rw-p 00007000 103:05 2234758                   /usr/lib/x86_64-linux-gnu/libvorbisfile.so.3.3.7
7f2db3ac9000-7f2db3ad9000 r-xp 00000000 103:05 2233802                   /usr/lib/x86_64-linux-gnu/libcanberra.so.0.2.5
7f2db3ad9000-7f2db3cd9000 ---p 00010000 103:05 2233802                   /usr/lib/x86_64-linux-gnu/libcanberra.so.0.2.5
7f2db3cd9000-7f2db3cda000 r--p 00010000 103:05 2233802                   /usr/lib/x86_64-linux-gnu/libcanberra.so.0.2.5
7f2db3cda000-7f2db3cdb000 rw-p 00011000 103:05 2233802                   /usr/lib/x86_64-linux-gnu/libcanberra.so.0.2.5
7f2db3cdb000-7f2db3cdf000 r-xp 00000000 103:05 2224812                   /usr/lib/x86_64-linux-gnu/libcanberra-gtk.so.0.1.9
7f2db3cdf000-7f2db3ede000 ---p 00004000 103:05 2224812                   /usr/lib/x86_64-linux-gnu/libcanberra-gtk.so.0.1.9
7f2db3ede000-7f2db3edf000 r--p 00003000 103:05 2224812                   /usr/lib/x86_64-linux-gnu/libcanberra-gtk.so.0.1.9
7f2db3edf000-7f2db3ee0000 rw-p 00004000 103:05 2224812                   /usr/lib/x86_64-linux-gnu/libcanberra-gtk.so.0.1.9
7f2db3ee0000-7f2db3ee5000 r-xp 00000000 103:05 2499481                   /usr/lib/x86_64-linux-gnu/gtk-2.0/modules/libcanberra-gtk-module.so
7f2db3ee5000-7f2db40e5000 ---p 00005000 103:05 2499481                   /usr/lib/x86_64-linux-gnu/gtk-2.0/modules/libcanberra-gtk-module.so
7f2db40e5000-7f2db40e6000 r--p 00005000 103:05 2499481                   /usr/lib/x86_64-linux-gnu/gtk-2.0/modules/libcanberra-gtk-module.so
7f2db40e6000-7f2db40e7000 rw-p 00006000 103:05 2499481                   /usr/lib/x86_64-linux-gnu/gtk-2.0/modules/libcanberra-gtk-module.so
7f2db40e7000-7f2db4121000 r-xp 00000000 103:05 2486368                   /usr/lib/x86_64-linux-gnu/gtk-2.0/2.10.0/engines/libmurrine.so
7f2db4121000-7f2db4321000 ---p 0003a000 103:05 2486368                   /usr/lib/x86_64-linux-gnu/gtk-2.0/2.10.0/engines/libmurrine.so
7f2db4321000-7f2db4322000 r--p 0003a000 103:05 2486368                   /usr/lib/x86_64-linux-gnu/gtk-2.0/2.10.0/engines/libmurrine.so
7f2db4322000-7f2db4323000 rw-p 0003b000 103:05 2486368                   /usr/lib/x86_64-linux-gnu/gtk-2.0/2.10.0/engines/libmurrine.so
7f2db4323000-7f2db4337000 r-xp 00000000 103:05 1837094                   /lib/x86_64-linux-gnu/libgpg-error.so.0.22.0
7f2db4337000-7f2db4536000 ---p 00014000 103:05 1837094                   /lib/x86_64-linux-gnu/libgpg-error.so.0.22.0
7f2db4536000-7f2db4537000 r--p 00013000 103:05 1837094                   /lib/x86_64-linux-gnu/libgpg-error.so.0.22.0
7f2db4537000-7f2db4538000 rw-p 00014000 103:05 1837094                   /lib/x86_64-linux-gnu/libgpg-error.so.0.22.0
7f2db4538000-7f2db464c000 r-xp 00000000 103:05 1837092                   /lib/x86_64-linux-gnu/libgcrypt.so.20.2.1
7f2db464c000-7f2db484b000 ---p 00114000 103:05 1837092                   /lib/x86_64-linux-gnu/libgcrypt.so.20.2.1
7f2db484b000-7f2db484d000 r--p 00113000 103:05 1837092                   /lib/x86_64-linux-gnu/libgcrypt.so.20.2.1
7f2db484d000-7f2db4852000 rw-p 00115000 103:05 1837092                   /lib/x86_64-linux-gnu/libgcrypt.so.20.2.1
7f2db4852000-7f2db4853000 rw-p 00000000 00:00 0 
7f2db4853000-7f2db486e000 r-xp 00000000 103:05 2234353                   /usr/lib/x86_64-linux-gnu/liblz4.so.1.7.1
7f2db486e000-7f2db4a6d000 ---p 0001b000 103:05 2234353                   /usr/lib/x86_64-linux-gnu/liblz4.so.1.7.1
7f2db4a6d000-7f2db4a6e000 r--p 0001a000 103:05 2234353                   /usr/lib/x86_64-linux-gnu/liblz4.so.1.7.1
7f2db4a6e000-7f2db4a6f000 rw-p 0001b000 103:05 2234353                   /usr/lib/x86_64-linux-gnu/liblz4.so.1.7.1
7f2db4a6f000-7f2db4a93000 r-xp 00000000 103:05 1837113                   /lib/x86_64-linux-gnu/liblzma.so.5.2.2
7f2db4a93000-7f2db4c93000 ---p 00024000 103:05 1837113                   /lib/x86_64-linux-gnu/liblzma.so.5.2.2
7f2db4c93000-7f2db4c94000 r--p 00024000 103:05 1837113                   /lib/x86_64-linux-gnu/liblzma.so.5.2.2
7f2db4c94000-7f2db4c95000 rw-p 00025000 103:05 1837113                   /lib/x86_64-linux-gnu/liblzma.so.5.2.2
7f2db4c95000-7f2db4d15000 r-xp 00000000 103:05 1837207                   /lib/x86_64-linux-gnu/libsystemd.so.0.21.0
7f2db4d15000-7f2db4f14000 ---p 00080000 103:05 1837207                   /lib/x86_64-linux-gnu/libsystemd.so.0.21.0
7f2db4f14000-7f2db4f17000 r--p 0007f000 103:05 1837207                   /lib/x86_64-linux-gnu/libsystemd.so.0.21.0
7f2db4f17000-7f2db4f18000 rw-p 00082000 103:05 1837207                   /lib/x86_64-linux-gnu/libsystemd.so.0.21.0
7f2db4f18000-7f2db4f19000 rw-p 00000000 00:00 0 
7f2db4f19000-7f2db4f45000 r-xp 00000000 103:05 2233735                   /usr/lib/x86_64-linux-gnu/libatspi.so.0.0.1
7f2db4f45000-7f2db5145000 ---p 0002c000 103:05 2233735                   /usr/lib/x86_64-linux-gnu/libatspi.so.0.0.1
7f2db5145000-7f2db5148000 r--p 0002c000 103:05 2233735                   /usr/lib/x86_64-linux-gnu/libatspi.so.0.0.1
7f2db5148000-7f2db5149000 rw-p 0002f000 103:05 2233735                   /usr/lib/x86_64-linux-gnu/libatspi.so.0.0.1
7f2db5149000-7f2db5194000 r-xp 00000000 103:05 1837068                   /lib/x86_64-linux-gnu/libdbus-1.so.3.19.4
7f2db5194000-7f2db5394000 ---p 0004b000 103:05 1837068                   /lib/x86_64-linux-gnu/libdbus-1.so.3.19.4
7f2db5394000-7f2db5395000 r--p 0004b000 103:05 1837068                   /lib/x86_64-linux-gnu/libdbus-1.so.3.19.4
7f2db5395000-7f2db5396000 rw-p 0004c000 103:05 1837068                   /lib/x86_64-linux-gnu/libdbus-1.so.3.19.4
7f2db5396000-7f2db53c4000 r-xp 00000000 103:05 2233733                   /usr/lib/x86_64-linux-gnu/libatk-bridge-2.0.so.0.0.0
7f2db53c4000-7f2db55c4000 ---p 0002e000 103:05 2233733                   /usr/lib/x86_64-linux-gnu/libatk-bridge-2.0.so.0.0.0
7f2db55c4000-7f2db55c5000 r--p 0002e000 103:05 2233733                   /usr/lib/x86_64-linux-gnu/libatk-bridge-2.0.so.0.0.0
7f2db55c5000-7f2db55c6000 rw-p 0002f000 103:05 2233733                   /usr/lib/x86_64-linux-gnu/libatk-bridge-2.0.so.0.0.0
7f2db55c6000-7f2db55c7000 rw-p 00000000 00:00 0 
7f2db55c7000-7f2db55c8000 r-xp 00000000 103:05 2486386                   /usr/lib/x86_64-linux-gnu/gtk-2.0/modules/libatk-bridge.so
7f2db55c8000-7f2db57c7000 ---p 00001000 103:05 2486386                   /usr/lib/x86_64-linux-gnu/gtk-2.0/modules/libatk-bridge.so
7f2db57c7000-7f2db57c8000 r--p 00000000 103:05 2486386                   /usr/lib/x86_64-linux-gnu/gtk-2.0/modules/libatk-bridge.so
7f2db57c8000-7f2db57c9000 rw-p 00001000 103:05 2486386                   /usr/lib/x86_64-linux-gnu/gtk-2.0/modules/libatk-bridge.so
7f2db57c9000-7f2db57d0000 r-xp 00000000 103:05 2234029                   /usr/lib/x86_64-linux-gnu/libgailutil.so.18.0.1
7f2db57d0000-7f2db59cf000 ---p 00007000 103:05 2234029                   /usr/lib/x86_64-linux-gnu/libgailutil.so.18.0.1
7f2db59cf000-7f2db59d0000 r--p 00006000 103:05 2234029                   /usr/lib/x86_64-linux-gnu/libgailutil.so.18.0.1
7f2db59d0000-7f2db59d1000 rw-p 00007000 103:05 2234029                   /usr/lib/x86_64-linux-gnu/libgailutil.so.18.0.1
7f2db59d1000-7f2db5a1e000 r-xp 00000000 103:05 2486388                   /usr/lib/x86_64-linux-gnu/gtk-2.0/modules/libgail.so
7f2db5a1e000-7f2db5c1e000 ---p 0004d000 103:05 2486388                   /usr/lib/x86_64-linux-gnu/gtk-2.0/modules/libgail.so
7f2db5c1e000-7f2db5c1f000 r--p 0004d000 103:05 2486388                   /usr/lib/x86_64-linux-gnu/gtk-2.0/modules/libgail.so
7f2db5c1f000-7f2db5c21000 rw-p 0004e000 103:05 2486388                   /usr/lib/x86_64-linux-gnu/gtk-2.0/modules/libgail.so
7f2db5c21000-7f2db5c64000 r-xp 00000000 103:05 2359766                   /usr/lib/jvm/java-8-oracle/jre/lib/amd64/libglass.so
7f2db5c64000-7f2db5e64000 ---p 00043000 103:05 2359766                   /usr/lib/jvm/java-8-oracle/jre/lib/amd64/libglass.so
7f2db5e64000-7f2db5e66000 r--p 00043000 103:05 2359766                   /usr/lib/jvm/java-8-oracle/jre/lib/amd64/libglass.so
7f2db5e66000-7f2db5e67000 rw-p 00045000 103:05 2359766                   /usr/lib/jvm/java-8-oracle/jre/lib/amd64/libglass.so
7f2db5e67000-7f2db5e68000 rw-p 00000000 00:00 0 
7f2db5e68000-7f2db5e70000 r-xp 00000000 103:05 2234485                   /usr/lib/x86_64-linux-gnu/libpciaccess.so.0.11.1
7f2db5e70000-7f2db606f000 ---p 00008000 103:05 2234485                   /usr/lib/x86_64-linux-gnu/libpciaccess.so.0.11.1
7f2db606f000-7f2db6070000 r--p 00007000 103:05 2234485                   /usr/lib/x86_64-linux-gnu/libpciaccess.so.0.11.1
7f2db6070000-7f2db6071000 rw-p 00008000 103:05 2234485                   /usr/lib/x86_64-linux-gnu/libpciaccess.so.0.11.1
7f2db6071000-7f2db6088000 r-xp 00000000 103:05 1837090                   /lib/x86_64-linux-gnu/libgcc_s.so.1
7f2db6088000-7f2db6287000 ---p 00017000 103:05 1837090                   /lib/x86_64-linux-gnu/libgcc_s.so.1
7f2db6287000-7f2db6288000 r--p 00016000 103:05 1837090                   /lib/x86_64-linux-gnu/libgcc_s.so.1
7f2db6288000-7f2db6289000 rw-p 00017000 103:05 1837090                   /lib/x86_64-linux-gnu/libgcc_s.so.1
7f2db6289000-7f2db6407000 r-xp 00000000 103:05 2234666                   /usr/lib/x86_64-linux-gnu/libstdc++.so.6.0.25
7f2db6407000-7f2db6607000 ---p 0017e000 103:05 2234666                   /usr/lib/x86_64-linux-gnu/libstdc++.so.6.0.25
7f2db6607000-7f2db6611000 r--p 0017e000 103:05 2234666                   /usr/lib/x86_64-linux-gnu/libstdc++.so.6.0.25
7f2db6611000-7f2db6613000 rw-p 00188000 103:05 2234666                   /usr/lib/x86_64-linux-gnu/libstdc++.so.6.0.25
7f2db6613000-7f2db6617000 rw-p 00000000 00:00 0 
7f2db6617000-7f2db6622000 r-xp 00000000 103:05 2233919                   /usr/lib/x86_64-linux-gnu/libdrm_radeon.so.1.0.1
7f2db6622000-7f2db6821000 ---p 0000b000 103:05 2233919                   /usr/lib/x86_64-linux-gnu/libdrm_radeon.so.1.0.1
7f2db6821000-7f2db6822000 r--p 0000a000 103:05 2233919                   /usr/lib/x86_64-linux-gnu/libdrm_radeon.so.1.0.1
7f2db6822000-7f2db6823000 rw-p 0000b000 103:05 2233919                   /usr/lib/x86_64-linux-gnu/libdrm_radeon.so.1.0.1
7f2db6823000-7f2db682a000 r-xp 00000000 103:05 2233917                   /usr/lib/x86_64-linux-gnu/libdrm_nouveau.so.2.0.0
7f2db682a000-7f2db6a29000 ---p 00007000 103:05 2233917                   /usr/lib/x86_64-linux-gnu/libdrm_nouveau.so.2.0.0
7f2db6a29000-7f2db6a2a000 r--p 00006000 103:05 2233917                   /usr/lib/x86_64-linux-gnu/libdrm_nouveau.so.2.0.0
7f2db6a2a000-7f2db6a2b000 rw-p 00007000 103:05 2233917                   /usr/lib/x86_64-linux-gnu/libdrm_nouveau.so.2.0.0
7f2db6a2b000-7f2db6a4d000 r-xp 00000000 103:05 2233915                   /usr/lib/x86_64-linux-gnu/libdrm_intel.so.1.0.0
7f2db6a4d000-7f2db6c4c000 ---p 00022000 103:05 2233915                   /usr/lib/x86_64-linux-gnu/libdrm_intel.so.1.0.0
7f2db6c4c000-7f2db6c4d000 r--p 00021000 103:05 2233915                   /usr/lib/x86_64-linux-gnu/libdrm_intel.so.1.0.0
7f2db6c4d000-7f2db6c4e000 rw-p 00022000 103:05 2233915                   /usr/lib/x86_64-linux-gnu/libdrm_intel.so.1.0.0
7f2db6c4e000-7f2db74cd000 r-xp 00000000 103:05 2359968                   /usr/lib/x86_64-linux-gnu/dri/i965_dri.so
7f2db74cd000-7f2db76cd000 ---p 0087f000 103:05 2359968                   /usr/lib/x86_64-linux-gnu/dri/i965_dri.so
7f2db76cd000-7f2db771d000 r--p 0087f000 103:05 2359968                   /usr/lib/x86_64-linux-gnu/dri/i965_dri.so
7f2db771d000-7f2db7728000 rw-p 008cf000 103:05 2359968                   /usr/lib/x86_64-linux-gnu/dri/i965_dri.so
7f2db7728000-7f2db77cd000 rw-p 00000000 00:00 0 
7f2db77cd000-7f2db77dd000 r-xp 00000000 103:05 2233911                   /usr/lib/x86_64-linux-gnu/libdrm.so.2.4.0
7f2db77dd000-7f2db79dc000 ---p 00010000 103:05 2233911                   /usr/lib/x86_64-linux-gnu/libdrm.so.2.4.0
7f2db79dc000-7f2db79dd000 r--p 0000f000 103:05 2233911                   /usr/lib/x86_64-linux-gnu/libdrm.so.2.4.0
7f2db79dd000-7f2db79de000 rw-p 00010000 103:05 2233911                   /usr/lib/x86_64-linux-gnu/libdrm.so.2.4.0
7f2db79de000-7f2db79e2000 r-xp 00000000 103:05 2234813                   /usr/lib/x86_64-linux-gnu/libxcb-dri2.so.0.0.0
7f2db79e2000-7f2db7be1000 ---p 00004000 103:05 2234813                   /usr/lib/x86_64-linux-gnu/libxcb-dri2.so.0.0.0
7f2db7be1000-7f2db7be2000 r--p 00003000 103:05 2234813                   /usr/lib/x86_64-linux-gnu/libxcb-dri2.so.0.0.0
7f2db7be2000-7f2db7be3000 rw-p 00004000 103:05 2234813                   /usr/lib/x86_64-linux-gnu/libxcb-dri2.so.0.0.0
7f2db7be3000-7f2db7bfb000 r-xp 00000000 103:05 2234817                   /usr/lib/x86_64-linux-gnu/libxcb-glx.so.0.0.0
7f2db7bfb000-7f2db7dfb000 ---p 00018000 103:05 2234817                   /usr/lib/x86_64-linux-gnu/libxcb-glx.so.0.0.0
7f2db7dfb000-7f2db7dfd000 r--p 00018000 103:05 2234817                   /usr/lib/x86_64-linux-gnu/libxcb-glx.so.0.0.0
7f2db7dfd000-7f2db7dfe000 rw-p 0001a000 103:05 2234817                   /usr/lib/x86_64-linux-gnu/libxcb-glx.so.0.0.0
7f2db7dfe000-7f2db7dff000 r-xp 00000000 103:05 2233639                   /usr/lib/x86_64-linux-gnu/libX11-xcb.so.1.0.0
7f2db7dff000-7f2db7ffe000 ---p 00001000 103:05 2233639                   /usr/lib/x86_64-linux-gnu/libX11-xcb.so.1.0.0
7f2db7ffe000-7f2db7fff000 r--p 00000000 103:05 2233639                   /usr/lib/x86_64-linux-gnu/libX11-xcb.so.1.0.0
7f2db7fff000-7f2db8000000 rw-p 00001000 103:05 2233639                   /usr/lib/x86_64-linux-gnu/libX11-xcb.so.1.0.0
7f2db8000000-7f2db8021000 rw-p 00000000 00:00 0 
7f2db8021000-7f2dbc000000 ---p 00000000 00:00 0 
7f2dbc000000-7f2dbd88a000 rw-p 00000000 00:00 0 
7f2dbd88a000-7f2dc0000000 ---p 00000000 00:00 0 
7f2dc0000000-7f2dc01e7000 rw-p 00000000 00:00 0 
7f2dc01e7000-7f2dc4000000 ---p 00000000 00:00 0 
7f2dc4000000-7f2dc4021000 rw-p 00000000 00:00 0 
7f2dc4021000-7f2dc8000000 ---p 00000000 00:00 0 
7f2dc8000000-7f2dc806b000 rw-p 00000000 00:00 0 
7f2dc806b000-7f2dcc000000 ---p 00000000 00:00 0 
7f2dcc000000-7f2dcc0d2000 rw-p 00000000 00:00 0 
7f2dcc0d2000-7f2dd0000000 ---p 00000000 00:00 0 
7f2dd0000000-7f2dd0021000 rw-p 00000000 00:00 0 
7f2dd0021000-7f2dd4000000 ---p 00000000 00:00 0 
7f2dd4000000-7f2dd4172000 rw-p 00000000 00:00 0 
7f2dd4172000-7f2dd8000000 ---p 00000000 00:00 0 
7f2dd8000000-7f2dd8021000 rw-p 00000000 00:00 0 
7f2dd8021000-7f2ddc000000 ---p 00000000 00:00 0 
7f2ddc000000-7f2ddc021000 rw-p 00000000 00:00 0 
7f2ddc021000-7f2de0000000 ---p 00000000 00:00 0 
7f2de0000000-7f2de0021000 rw-p 00000000 00:00 0 
7f2de0021000-7f2de4000000 ---p 00000000 00:00 0 
7f2de4000000-7f2de429a000 rw-p 00000000 00:00 0 
7f2de429a000-7f2de8000000 ---p 00000000 00:00 0 
7f2de8000000-7f2de8021000 rw-p 00000000 00:00 0 
7f2de8021000-7f2dec000000 ---p 00000000 00:00 0 
7f2dec0a7000-7f2dec0d3000 r-xp 00000000 103:05 2234079                   /usr/lib/x86_64-linux-gnu/libglapi.so.0.0.0
7f2dec0d3000-7f2dec2d2000 ---p 0002c000 103:05 2234079                   /usr/lib/x86_64-linux-gnu/libglapi.so.0.0.0
7f2dec2d2000-7f2dec2d6000 r--p 0002b000 103:05 2234079                   /usr/lib/x86_64-linux-gnu/libglapi.so.0.0.0
7f2dec2d6000-7f2dec2d7000 rw-p 0002f000 103:05 2234079                   /usr/lib/x86_64-linux-gnu/libglapi.so.0.0.0
7f2dec2d7000-7f2dec2d8000 rw-p 00000000 00:00 0 
7f2dec2d8000-7f2dec2d9000 r-xp 00000000 103:05 2234865                   /usr/lib/x86_64-linux-gnu/libxshmfence.so.1.0.0
7f2dec2d9000-7f2dec4d8000 ---p 00001000 103:05 2234865                   /usr/lib/x86_64-linux-gnu/libxshmfence.so.1.0.0
7f2dec4d8000-7f2dec4d9000 r--p 00000000 103:05 2234865                   /usr/lib/x86_64-linux-gnu/libxshmfence.so.1.0.0
7f2dec4d9000-7f2dec4da000 rw-p 00001000 103:05 2234865                   /usr/lib/x86_64-linux-gnu/libxshmfence.so.1.0.0
7f2dec4da000-7f2dec4df000 r-xp 00000000 103:05 2234839                   /usr/lib/x86_64-linux-gnu/libxcb-sync.so.1.0.0
7f2dec4df000-7f2dec6df000 ---p 00005000 103:05 2234839                   /usr/lib/x86_64-linux-gnu/libxcb-sync.so.1.0.0
7f2dec6df000-7f2dec6e0000 r--p 00005000 103:05 2234839                   /usr/lib/x86_64-linux-gnu/libxcb-sync.so.1.0.0
7f2dec6e0000-7f2dec6e1000 rw-p 00006000 103:05 2234839                   /usr/lib/x86_64-linux-gnu/libxcb-sync.so.1.0.0
7f2dec6e1000-7f2dec6e3000 r-xp 00000000 103:05 2234825                   /usr/lib/x86_64-linux-gnu/libxcb-present.so.0.0.0
7f2dec6e3000-7f2dec8e2000 ---p 00002000 103:05 2234825                   /usr/lib/x86_64-linux-gnu/libxcb-present.so.0.0.0
7f2dec8e2000-7f2dec8e3000 r--p 00001000 103:05 2234825                   /usr/lib/x86_64-linux-gnu/libxcb-present.so.0.0.0
7f2dec8e3000-7f2dec8e4000 rw-p 00002000 103:05 2234825                   /usr/lib/x86_64-linux-gnu/libxcb-present.so.0.0.0
7f2dec8e4000-7f2dec8e7000 r-xp 00000000 103:05 2234815                   /usr/lib/x86_64-linux-gnu/libxcb-dri3.so.0.0.0
7f2dec8e7000-7f2decae6000 ---p 00003000 103:05 2234815                   /usr/lib/x86_64-linux-gnu/libxcb-dri3.so.0.0.0
7f2decae6000-7f2decae7000 r--p 00002000 103:05 2234815                   /usr/lib/x86_64-linux-gnu/libxcb-dri3.so.0.0.0
7f2decae7000-7f2decae8000 rw-p 00003000 103:05 2234815                   /usr/lib/x86_64-linux-gnu/libxcb-dri3.so.0.0.0
7f2decae8000-7f2decb58000 r-xp 00000000 103:05 2233605                   /usr/lib/x86_64-linux-gnu/libGLX_mesa.so.0.0.0
7f2decb58000-7f2decd57000 ---p 00070000 103:05 2233605                   /usr/lib/x86_64-linux-gnu/libGLX_mesa.so.0.0.0
7f2decd57000-7f2decd5a000 r--p 0006f000 103:05 2233605                   /usr/lib/x86_64-linux-gnu/libGLX_mesa.so.0.0.0
7f2decd5a000-7f2decd5b000 rw-p 00072000 103:05 2233605                   /usr/lib/x86_64-linux-gnu/libGLX_mesa.so.0.0.0
7f2decd5b000-7f2decd5c000 rw-p 00000000 00:00 0 
7f2decd5c000-7f2decd6f000 r-xp 00000000 103:05 1837049                   /lib/x86_64-linux-gnu/libbsd.so.0.8.7
7f2decd6f000-7f2decf6e000 ---p 00013000 103:05 1837049                   /lib/x86_64-linux-gnu/libbsd.so.0.8.7
7f2decf6e000-7f2decf6f000 r--p 00012000 103:05 1837049                   /lib/x86_64-linux-gnu/libbsd.so.0.8.7
7f2decf6f000-7f2decf70000 rw-p 00013000 103:05 1837049                   /lib/x86_64-linux-gnu/libbsd.so.0.8.7
7f2decf70000-7f2decf71000 rw-p 00000000 00:00 0 
7f2decf71000-7f2decf77000 r-xp 00000000 103:05 1837221                   /lib/x86_64-linux-gnu/libuuid.so.1.3.0
7f2decf77000-7f2ded176000 ---p 00006000 103:05 1837221                   /lib/x86_64-linux-gnu/libuuid.so.1.3.0
7f2ded176000-7f2ded177000 r--p 00005000 103:05 1837221                   /lib/x86_64-linux-gnu/libuuid.so.1.3.0
7f2ded177000-7f2ded178000 rw-p 00006000 103:05 1837221                   /lib/x86_64-linux-gnu/libuuid.so.1.3.0
7f2ded178000-7f2ded17e000 r-xp 00000000 103:05 2233873                   /usr/lib/x86_64-linux-gnu/libdatrie.so.1.3.3
7f2ded17e000-7f2ded37d000 ---p 00006000 103:05 2233873                   /usr/lib/x86_64-linux-gnu/libdatrie.so.1.3.3
7f2ded37d000-7f2ded37e000 r--p 00005000 103:05 2233873                   /usr/lib/x86_64-linux-gnu/libdatrie.so.1.3.3
7f2ded37e000-7f2ded37f000 rw-p 00006000 103:05 2233873                   /usr/lib/x86_64-linux-gnu/libdatrie.so.1.3.3
7f2ded37f000-7f2ded384000 r-xp 00000000 103:05 2233656                   /usr/lib/x86_64-linux-gnu/libXdmcp.so.6.0.0
7f2ded384000-7f2ded583000 ---p 00005000 103:05 2233656                   /usr/lib/x86_64-linux-gnu/libXdmcp.so.6.0.0
7f2ded583000-7f2ded584000 r--p 00004000 103:05 2233656                   /usr/lib/x86_64-linux-gnu/libXdmcp.so.6.0.0
7f2ded584000-7f2ded585000 rw-p 00005000 103:05 2233656                   /usr/lib/x86_64-linux-gnu/libXdmcp.so.6.0.0
7f2ded585000-7f2ded587000 r-xp 00000000 103:05 2233645                   /usr/lib/x86_64-linux-gnu/libXau.so.6.0.0
7f2ded587000-7f2ded787000 ---p 00002000 103:05 2233645                   /usr/lib/x86_64-linux-gnu/libXau.so.6.0.0
7f2ded787000-7f2ded788000 r--p 00002000 103:05 2233645                   /usr/lib/x86_64-linux-gnu/libXau.so.6.0.0
7f2ded788000-7f2ded789000 rw-p 00003000 103:05 2233645                   /usr/lib/x86_64-linux-gnu/libXau.so.6.0.0
7f2ded789000-7f2ded7b4000 r-xp 00000000 103:05 2234130                   /usr/lib/x86_64-linux-gnu/libgraphite2.so.3.0.1
7f2ded7b4000-7f2ded9b3000 ---p 0002b000 103:05 2234130                   /usr/lib/x86_64-linux-gnu/libgraphite2.so.3.0.1
7f2ded9b3000-7f2ded9b5000 r--p 0002a000 103:05 2234130                   /usr/lib/x86_64-linux-gnu/libgraphite2.so.3.0.1
7f2ded9b5000-7f2ded9b6000 rw-p 0002c000 103:05 2234130                   /usr/lib/x86_64-linux-gnu/libgraphite2.so.3.0.1
7f2ded9b6000-7f2ded9fd000 r-xp 00000000 103:05 1837045                   /lib/x86_64-linux-gnu/libblkid.so.1.1.0
7f2ded9fd000-7f2dedbfd000 ---p 00047000 103:05 1837045                   /lib/x86_64-linux-gnu/libblkid.so.1.1.0
7f2dedbfd000-7f2dedc01000 r--p 00047000 103:05 1837045                   /lib/x86_64-linux-gnu/libblkid.so.1.1.0
7f2dedc01000-7f2dedc02000 rw-p 0004b000 103:05 1837045                   /lib/x86_64-linux-gnu/libblkid.so.1.1.0
7f2dedc02000-7f2dedc03000 rw-p 00000000 00:00 0 
7f2dedc03000-7f2dedc71000 r-xp 00000000 103:05 2233607                   /usr/lib/x86_64-linux-gnu/libGLdispatch.so.0.0.0
7f2dedc71000-7f2dede70000 ---p 0006e000 103:05 2233607                   /usr/lib/x86_64-linux-gnu/libGLdispatch.so.0.0.0
7f2dede70000-7f2dede98000 r--p 0006d000 103:05 2233607                   /usr/lib/x86_64-linux-gnu/libGLdispatch.so.0.0.0
7f2dede98000-7f2dede99000 rw-p 00095000 103:05 2233607                   /usr/lib/x86_64-linux-gnu/libGLdispatch.so.0.0.0
7f2dede99000-7f2dedeb9000 rw-p 00000000 00:00 0 
7f2dedeb9000-7f2dedec9000 r-xp 00000000 103:05 2233602                   /usr/lib/x86_64-linux-gnu/libGLX.so.0.0.0
7f2dedec9000-7f2dee0c8000 ---p 00010000 103:05 2233602                   /usr/lib/x86_64-linux-gnu/libGLX.so.0.0.0
7f2dee0c8000-7f2dee0c9000 r--p 0000f000 103:05 2233602                   /usr/lib/x86_64-linux-gnu/libGLX.so.0.0.0
7f2dee0c9000-7f2dee0ca000 rw-p 00010000 103:05 2233602                   /usr/lib/x86_64-linux-gnu/libGLX.so.0.0.0
7f2dee0ca000-7f2dee0ea000 rw-p 00000000 00:00 0 
7f2dee0ea000-7f2dee15a000 r-xp 00000000 103:05 1837175                   /lib/x86_64-linux-gnu/libpcre.so.3.13.3
7f2dee15a000-7f2dee35a000 ---p 00070000 103:05 1837175                   /lib/x86_64-linux-gnu/libpcre.so.3.13.3
7f2dee35a000-7f2dee35b000 r--p 00070000 103:05 1837175                   /lib/x86_64-linux-gnu/libpcre.so.3.13.3
7f2dee35b000-7f2dee35c000 rw-p 00071000 103:05 1837175                   /lib/x86_64-linux-gnu/libpcre.so.3.13.3
7f2dee35c000-7f2dee363000 r-xp 00000000 103:05 2233987                   /usr/lib/x86_64-linux-gnu/libffi.so.6.0.4
7f2dee363000-7f2dee562000 ---p 00007000 103:05 2233987                   /usr/lib/x86_64-linux-gnu/libffi.so.6.0.4
7f2dee562000-7f2dee563000 r--p 00006000 103:05 2233987                   /usr/lib/x86_64-linux-gnu/libffi.so.6.0.4
7f2dee563000-7f2dee564000 rw-p 00007000 103:05 2233987                   /usr/lib/x86_64-linux-gnu/libffi.so.6.0.4
7f2dee564000-7f2dee593000 r-xp 00000000 103:05 1837083                   /lib/x86_64-linux-gnu/libexpat.so.1.6.7
7f2dee593000-7f2dee793000 ---p 0002f000 103:05 1837083                   /lib/x86_64-linux-gnu/libexpat.so.1.6.7
7f2dee793000-7f2dee795000 r--p 0002f000 103:05 1837083                   /lib/x86_64-linux-gnu/libexpat.so.1.6.7
7f2dee795000-7f2dee796000 rw-p 00031000 103:05 1837083                   /lib/x86_64-linux-gnu/libexpat.so.1.6.7
7f2dee796000-7f2dee79e000 r-xp 00000000 103:05 2234687                   /usr/lib/x86_64-linux-gnu/libthai.so.0.3.0
7f2dee79e000-7f2dee99d000 ---p 00008000 103:05 2234687                   /usr/lib/x86_64-linux-gnu/libthai.so.0.3.0
7f2dee99d000-7f2dee99e000 r--p 00007000 103:05 2234687                   /usr/lib/x86_64-linux-gnu/libthai.so.0.3.0
7f2dee99e000-7f2dee99f000 rw-p 00008000 103:05 2234687                   /usr/lib/x86_64-linux-gnu/libthai.so.0.3.0
7f2dee99f000-7f2dee9ab000 r-xp 00000000 103:05 2234831                   /usr/lib/x86_64-linux-gnu/libxcb-render.so.0.0.0
7f2dee9ab000-7f2deebaa000 ---p 0000c000 103:05 2234831                   /usr/lib/x86_64-linux-gnu/libxcb-render.so.0.0.0
7f2deebaa000-7f2deebab000 r--p 0000b000 103:05 2234831                   /usr/lib/x86_64-linux-gnu/libxcb-render.so.0.0.0
7f2deebab000-7f2deebac000 rw-p 0000c000 103:05 2234831                   /usr/lib/x86_64-linux-gnu/libxcb-render.so.0.0.0
7f2deebac000-7f2deebd2000 r-xp 00000000 103:05 2234849                   /usr/lib/x86_64-linux-gnu/libxcb.so.1.1.0
7f2deebd2000-7f2deedd2000 ---p 00026000 103:05 2234849                   /usr/lib/x86_64-linux-gnu/libxcb.so.1.1.0
7f2deedd2000-7f2deedd3000 r--p 00026000 103:05 2234849                   /usr/lib/x86_64-linux-gnu/libxcb.so.1.1.0
7f2deedd3000-7f2deedd4000 rw-p 00027000 103:05 2234849                   /usr/lib/x86_64-linux-gnu/libxcb.so.1.1.0
7f2deedd4000-7f2deedd6000 r-xp 00000000 103:05 2234837                   /usr/lib/x86_64-linux-gnu/libxcb-shm.so.0.0.0
7f2deedd6000-7f2deefd5000 ---p 00002000 103:05 2234837                   /usr/lib/x86_64-linux-gnu/libxcb-shm.so.0.0.0
7f2deefd5000-7f2deefd6000 r--p 00001000 103:05 2234837                   /usr/lib/x86_64-linux-gnu/libxcb-shm.so.0.0.0
7f2deefd6000-7f2deefd7000 rw-p 00002000 103:05 2234837                   /usr/lib/x86_64-linux-gnu/libxcb-shm.so.0.0.0
7f2deefd7000-7f2def008000 r-xp 00000000 103:05 2234509                   /usr/lib/x86_64-linux-gnu/libpng16.so.16.34.0
7f2def008000-7f2def207000 ---p 00031000 103:05 2234509                   /usr/lib/x86_64-linux-gnu/libpng16.so.16.34.0
7f2def207000-7f2def208000 r--p 00030000 103:05 2234509                   /usr/lib/x86_64-linux-gnu/libpng16.so.16.34.0
7f2def208000-7f2def209000 rw-p 00031000 103:05 2234509                   /usr/lib/x86_64-linux-gnu/libpng16.so.16.34.0
7f2def209000-7f2def2a6000 r-xp 00000000 103:05 2234503                   /usr/lib/x86_64-linux-gnu/libpixman-1.so.0.34.0
7f2def2a6000-7f2def4a5000 ---p 0009d000 103:05 2234503                   /usr/lib/x86_64-linux-gnu/libpixman-1.so.0.34.0
7f2def4a5000-7f2def4ad000 r--p 0009c000 103:05 2234503                   /usr/lib/x86_64-linux-gnu/libpixman-1.so.0.34.0
7f2def4ad000-7f2def4ae000 rw-p 000a4000 103:05 2234503                   /usr/lib/x86_64-linux-gnu/libpixman-1.so.0.34.0
7f2def4ae000-7f2def54a000 r-xp 00000000 103:05 2234213                   /usr/lib/x86_64-linux-gnu/libharfbuzz.so.0.10702.0
7f2def54a000-7f2def74a000 ---p 0009c000 103:05 2234213                   /usr/lib/x86_64-linux-gnu/libharfbuzz.so.0.10702.0
7f2def74a000-7f2def74b000 r--p 0009c000 103:05 2234213                   /usr/lib/x86_64-linux-gnu/libharfbuzz.so.0.10702.0
7f2def74b000-7f2def74c000 rw-p 0009d000 103:05 2234213                   /usr/lib/x86_64-linux-gnu/libharfbuzz.so.0.10702.0
7f2def74c000-7f2def79d000 r-xp 00000000 103:05 1837122                   /lib/x86_64-linux-gnu/libmount.so.1.1.0
7f2def79d000-7f2def99c000 ---p 00051000 103:05 1837122                   /lib/x86_64-linux-gnu/libmount.so.1.1.0
7f2def99c000-7f2def99e000 r--p 00050000 103:05 1837122                   /lib/x86_64-linux-gnu/libmount.so.1.1.0
7f2def99e000-7f2def99f000 rw-p 00052000 103:05 1837122                   /lib/x86_64-linux-gnu/libmount.so.1.1.0
7f2def99f000-7f2def9a0000 rw-p 00000000 00:00 0 
7f2def9a0000-7f2def9b7000 r-xp 00000000 103:05 1837192                   /lib/x86_64-linux-gnu/libresolv-2.27.so
7f2def9b7000-7f2defbb7000 ---p 00017000 103:05 1837192                   /lib/x86_64-linux-gnu/libresolv-2.27.so
7f2defbb7000-7f2defbb8000 r--p 00017000 103:05 1837192                   /lib/x86_64-linux-gnu/libresolv-2.27.so
7f2defbb8000-7f2defbb9000 rw-p 00018000 103:05 1837192                   /lib/x86_64-linux-gnu/libresolv-2.27.so
7f2defbb9000-7f2defbbb000 rw-p 00000000 00:00 0 
7f2defbbb000-7f2defbe0000 r-xp 00000000 103:05 1837198                   /lib/x86_64-linux-gnu/libselinux.so.1
7f2defbe0000-7f2defddf000 ---p 00025000 103:05 1837198                   /lib/x86_64-linux-gnu/libselinux.so.1
7f2defddf000-7f2defde0000 r--p 00024000 103:05 1837198                   /lib/x86_64-linux-gnu/libselinux.so.1
7f2defde0000-7f2defde1000 rw-p 00025000 103:05 1837198                   /lib/x86_64-linux-gnu/libselinux.so.1
7f2defde1000-7f2defde3000 rw-p 00000000 00:00 0 
7f2defde3000-7f2defdff000 r-xp 00000000 103:05 1837225                   /lib/x86_64-linux-gnu/libz.so.1.2.11
7f2defdff000-7f2defffe000 ---p 0001c000 103:05 1837225                   /lib/x86_64-linux-gnu/libz.so.1.2.11
7f2defffe000-7f2deffff000 r--p 0001b000 103:05 1837225                   /lib/x86_64-linux-gnu/libz.so.1.2.11
7f2deffff000-7f2df0000000 rw-p 0001c000 103:05 1837225                   /lib/x86_64-linux-gnu/libz.so.1.2.11
7f2df0000000-7f2df0021000 rw-p 00000000 00:00 0 
7f2df0021000-7f2df4000000 ---p 00000000 00:00 0 
7f2df4000000-7f2df4021000 rw-p 00000000 00:00 0 
7f2df4021000-7f2df8000000 ---p 00000000 00:00 0 
7f2df8000000-7f2df8021000 rw-p 00000000 00:00 0 
7f2df8021000-7f2dfc000000 ---p 00000000 00:00 0 
7f2dfc04b000-7f2dfc04e000 ---p 00000000 00:00 0 
7f2dfc04e000-7f2dfc14c000 rw-p 00000000 00:00 0 
7f2dfc14c000-7f2dfc15d000 r-xp 00000000 103:05 2233658                   /usr/lib/x86_64-linux-gnu/libXext.so.6.4.0
7f2dfc15d000-7f2dfc35c000 ---p 00011000 103:05 2233658                   /usr/lib/x86_64-linux-gnu/libXext.so.6.4.0
7f2dfc35c000-7f2dfc35d000 r--p 00010000 103:05 2233658                   /usr/lib/x86_64-linux-gnu/libXext.so.6.4.0
7f2dfc35d000-7f2dfc35e000 rw-p 00011000 103:05 2233658                   /usr/lib/x86_64-linux-gnu/libXext.so.6.4.0
7f2dfc35e000-7f2dfc360000 r-xp 00000000 103:05 2233654                   /usr/lib/x86_64-linux-gnu/libXdamage.so.1.1.0
7f2dfc360000-7f2dfc55f000 ---p 00002000 103:05 2233654                   /usr/lib/x86_64-linux-gnu/libXdamage.so.1.1.0
7f2dfc55f000-7f2dfc560000 r--p 00001000 103:05 2233654                   /usr/lib/x86_64-linux-gnu/libXdamage.so.1.1.0
7f2dfc560000-7f2dfc561000 rw-p 00002000 103:05 2233654                   /usr/lib/x86_64-linux-gnu/libXdamage.so.1.1.0
7f2dfc561000-7f2dfc563000 r-xp 00000000 103:05 2233650                   /usr/lib/x86_64-linux-gnu/libXcomposite.so.1.0.0
7f2dfc563000-7f2dfc762000 ---p 00002000 103:05 2233650                   /usr/lib/x86_64-linux-gnu/libXcomposite.so.1.0.0
7f2dfc762000-7f2dfc763000 r--p 00001000 103:05 2233650                   /usr/lib/x86_64-linux-gnu/libXcomposite.so.1.0.0
7f2dfc763000-7f2dfc764000 rw-p 00002000 103:05 2233650                   /usr/lib/x86_64-linux-gnu/libXcomposite.so.1.0.0
7f2dfc764000-7f2dfc76d000 r-xp 00000000 103:05 2233652                   /usr/lib/x86_64-linux-gnu/libXcursor.so.1.0.2
7f2dfc76d000-7f2dfc96c000 ---p 00009000 103:05 2233652                   /usr/lib/x86_64-linux-gnu/libXcursor.so.1.0.2
7f2dfc96c000-7f2dfc96d000 r--p 00008000 103:05 2233652                   /usr/lib/x86_64-linux-gnu/libXcursor.so.1.0.2
7f2dfc96d000-7f2dfc96e000 rw-p 00009000 103:05 2233652                   /usr/lib/x86_64-linux-gnu/libXcursor.so.1.0.2
7f2dfc96e000-7f2dfc978000 r-xp 00000000 103:05 2233676                   /usr/lib/x86_64-linux-gnu/libXrandr.so.2.2.0
7f2dfc978000-7f2dfcb77000 ---p 0000a000 103:05 2233676                   /usr/lib/x86_64-linux-gnu/libXrandr.so.2.2.0
7f2dfcb77000-7f2dfcb78000 r--p 00009000 103:05 2233676                   /usr/lib/x86_64-linux-gnu/libXrandr.so.2.2.0
7f2dfcb78000-7f2dfcb79000 rw-p 0000a000 103:05 2233676                   /usr/lib/x86_64-linux-gnu/libXrandr.so.2.2.0
7f2dfcb79000-7f2dfcb88000 r-xp 00000000 103:05 2233666                   /usr/lib/x86_64-linux-gnu/libXi.so.6.1.0
7f2dfcb88000-7f2dfcd87000 ---p 0000f000 103:05 2233666                   /usr/lib/x86_64-linux-gnu/libXi.so.6.1.0
7f2dfcd87000-7f2dfcd88000 r--p 0000e000 103:05 2233666                   /usr/lib/x86_64-linux-gnu/libXi.so.6.1.0
7f2dfcd88000-7f2dfcd89000 rw-p 0000f000 103:05 2233666                   /usr/lib/x86_64-linux-gnu/libXi.so.6.1.0
7f2dfcd89000-7f2dfcd8b000 r-xp 00000000 103:05 2233668                   /usr/lib/x86_64-linux-gnu/libXinerama.so.1.0.0
7f2dfcd8b000-7f2dfcf8a000 ---p 00002000 103:05 2233668                   /usr/lib/x86_64-linux-gnu/libXinerama.so.1.0.0
7f2dfcf8a000-7f2dfcf8b000 r--p 00001000 103:05 2233668                   /usr/lib/x86_64-linux-gnu/libXinerama.so.1.0.0
7f2dfcf8b000-7f2dfcf8c000 rw-p 00002000 103:05 2233668                   /usr/lib/x86_64-linux-gnu/libXinerama.so.1.0.0
7f2dfcf8c000-7f2dfcf95000 r-xp 00000000 103:05 2233678                   /usr/lib/x86_64-linux-gnu/libXrender.so.1.3.0
7f2dfcf95000-7f2dfd194000 ---p 00009000 103:05 2233678                   /usr/lib/x86_64-linux-gnu/libXrender.so.1.3.0
7f2dfd194000-7f2dfd195000 r--p 00008000 103:05 2233678                   /usr/lib/x86_64-linux-gnu/libXrender.so.1.3.0
7f2dfd195000-7f2dfd196000 rw-p 00009000 103:05 2233678                   /usr/lib/x86_64-linux-gnu/libXrender.so.1.3.0
7f2dfd196000-7f2dfd19b000 r-xp 00000000 103:05 2233660                   /usr/lib/x86_64-linux-gnu/libXfixes.so.3.1.0
7f2dfd19b000-7f2dfd39a000 ---p 00005000 103:05 2233660                   /usr/lib/x86_64-linux-gnu/libXfixes.so.3.1.0
7f2dfd39a000-7f2dfd39b000 r--p 00004000 103:05 2233660                   /usr/lib/x86_64-linux-gnu/libXfixes.so.3.1.0
7f2dfd39b000-7f2dfd39c000 rw-p 00005000 103:05 2233660                   /usr/lib/x86_64-linux-gnu/libXfixes.so.3.1.0
7f2dfd39c000-7f2dfd40d000 r-xp 00000000 103:05 2233596                   /usr/lib/x86_64-linux-gnu/libGL.so.1.0.0
7f2dfd40d000-7f2dfd60c000 ---p 00071000 103:05 2233596                   /usr/lib/x86_64-linux-gnu/libGL.so.1.0.0
7f2dfd60c000-7f2dfd626000 r--p 00070000 103:05 2233596                   /usr/lib/x86_64-linux-gnu/libGL.so.1.0.0
7f2dfd626000-7f2dfd627000 rw-p 0008a000 103:05 2233596                   /usr/lib/x86_64-linux-gnu/libGL.so.1.0.0
7f2dfd627000-7f2dfd628000 rw-p 00000000 00:00 0 
7f2dfd628000-7f2dfd62d000 r-xp 00000000 103:05 2233694                   /usr/lib/x86_64-linux-gnu/libXxf86vm.so.1.0.0
7f2dfd62d000-7f2dfd82c000 ---p 00005000 103:05 2233694                   /usr/lib/x86_64-linux-gnu/libXxf86vm.so.1.0.0
7f2dfd82c000-7f2dfd82d000 r--p 00004000 103:05 2233694                   /usr/lib/x86_64-linux-gnu/libXxf86vm.so.1.0.0
7f2dfd82d000-7f2dfd82e000 rw-p 00005000 103:05 2233694                   /usr/lib/x86_64-linux-gnu/libXxf86vm.so.1.0.0
7f2dfd82e000-7f2dfd962000 r-xp 00000000 103:05 2233641                   /usr/lib/x86_64-linux-gnu/libX11.so.6.3.0
7f2dfd962000-7f2dfdb62000 ---p 00134000 103:05 2233641                   /usr/lib/x86_64-linux-gnu/libX11.so.6.3.0
7f2dfdb62000-7f2dfdb63000 r--p 00134000 103:05 2233641                   /usr/lib/x86_64-linux-gnu/libX11.so.6.3.0
7f2dfdb63000-7f2dfdb67000 rw-p 00135000 103:05 2233641                   /usr/lib/x86_64-linux-gnu/libX11.so.6.3.0
7f2dfdb67000-7f2dfdb6c000 r-xp 00000000 103:05 2233684                   /usr/lib/x86_64-linux-gnu/libXtst.so.6.1.0
7f2dfdb6c000-7f2dfdd6b000 ---p 00005000 103:05 2233684                   /usr/lib/x86_64-linux-gnu/libXtst.so.6.1.0
7f2dfdd6b000-7f2dfdd6c000 r--p 00004000 103:05 2233684                   /usr/lib/x86_64-linux-gnu/libXtst.so.6.1.0
7f2dfdd6c000-7f2dfdd6d000 rw-p 00005000 103:05 2233684                   /usr/lib/x86_64-linux-gnu/libXtst.so.6.1.0
7f2dfdd6d000-7f2dfde80000 r-xp 00000000 103:05 2234081                   /usr/lib/x86_64-linux-gnu/libglib-2.0.so.0.5600.1
7f2dfde80000-7f2dfe080000 ---p 00113000 103:05 2234081                   /usr/lib/x86_64-linux-gnu/libglib-2.0.so.0.5600.1
7f2dfe080000-7f2dfe081000 r--p 00113000 103:05 2234081                   /usr/lib/x86_64-linux-gnu/libglib-2.0.so.0.5600.1
7f2dfe081000-7f2dfe082000 rw-p 00114000 103:05 2234081                   /usr/lib/x86_64-linux-gnu/libglib-2.0.so.0.5600.1
7f2dfe082000-7f2dfe083000 rw-p 00000000 00:00 0 
7f2dfe083000-7f2dfe084000 r-xp 00000000 103:05 2234184                   /usr/lib/x86_64-linux-gnu/libgthread-2.0.so.0.5600.1
7f2dfe084000-7f2dfe283000 ---p 00001000 103:05 2234184                   /usr/lib/x86_64-linux-gnu/libgthread-2.0.so.0.5600.1
7f2dfe283000-7f2dfe284000 r--p 00000000 103:05 2234184                   /usr/lib/x86_64-linux-gnu/libgthread-2.0.so.0.5600.1
7f2dfe284000-7f2dfe285000 rw-p 00001000 103:05 2234184                   /usr/lib/x86_64-linux-gnu/libgthread-2.0.so.0.5600.1
7f2dfe285000-7f2dfe288000 r-xp 00000000 103:05 2234085                   /usr/lib/x86_64-linux-gnu/libgmodule-2.0.so.0.5600.1
7f2dfe288000-7f2dfe487000 ---p 00003000 103:05 2234085                   /usr/lib/x86_64-linux-gnu/libgmodule-2.0.so.0.5600.1
7f2dfe487000-7f2dfe488000 r--p 00002000 103:05 2234085                   /usr/lib/x86_64-linux-gnu/libgmodule-2.0.so.0.5600.1
7f2dfe488000-7f2dfe489000 rw-p 00003000 103:05 2234085                   /usr/lib/x86_64-linux-gnu/libgmodule-2.0.so.0.5600.1
7f2dfe489000-7f2dfe4db000 r-xp 00000000 103:05 2234109                   /usr/lib/x86_64-linux-gnu/libgobject-2.0.so.0.5600.1
7f2dfe4db000-7f2dfe6db000 ---p 00052000 103:05 2234109                   /usr/lib/x86_64-linux-gnu/libgobject-2.0.so.0.5600.1
7f2dfe6db000-7f2dfe6dc000 r--p 00052000 103:05 2234109                   /usr/lib/x86_64-linux-gnu/libgobject-2.0.so.0.5600.1
7f2dfe6dc000-7f2dfe6dd000 rw-p 00053000 103:05 2234109                   /usr/lib/x86_64-linux-gnu/libgobject-2.0.so.0.5600.1
7f2dfe6dd000-7f2dfe71b000 r-xp 00000000 103:05 2234001                   /usr/lib/x86_64-linux-gnu/libfontconfig.so.1.10.1
7f2dfe71b000-7f2dfe91b000 ---p 0003e000 103:05 2234001                   /usr/lib/x86_64-linux-gnu/libfontconfig.so.1.10.1
7f2dfe91b000-7f2dfe91d000 r--p 0003e000 103:05 2234001                   /usr/lib/x86_64-linux-gnu/libfontconfig.so.1.10.1
7f2dfe91d000-7f2dfe922000 rw-p 00040000 103:05 2234001                   /usr/lib/x86_64-linux-gnu/libfontconfig.so.1.10.1
7f2dfe922000-7f2dfe9cf000 r-xp 00000000 103:05 2234019                   /usr/lib/x86_64-linux-gnu/libfreetype.so.6.15.0
7f2dfe9cf000-7f2dfebce000 ---p 000ad000 103:05 2234019                   /usr/lib/x86_64-linux-gnu/libfreetype.so.6.15.0
7f2dfebce000-7f2dfebd5000 r--p 000ac000 103:05 2234019                   /usr/lib/x86_64-linux-gnu/libfreetype.so.6.15.0
7f2dfebd5000-7f2dfebd6000 rw-p 000b3000 103:05 2234019                   /usr/lib/x86_64-linux-gnu/libfreetype.so.6.15.0
7f2dfebd6000-7f2dfec20000 r-xp 00000000 103:05 2234471                   /usr/lib/x86_64-linux-gnu/libpango-1.0.so.0.4000.14
7f2dfec20000-7f2dfee1f000 ---p 0004a000 103:05 2234471                   /usr/lib/x86_64-linux-gnu/libpango-1.0.so.0.4000.14
7f2dfee1f000-7f2dfee22000 r--p 00049000 103:05 2234471                   /usr/lib/x86_64-linux-gnu/libpango-1.0.so.0.4000.14
7f2dfee22000-7f2dfee23000 rw-p 0004c000 103:05 2234471                   /usr/lib/x86_64-linux-gnu/libpango-1.0.so.0.4000.14
7f2dfee23000-7f2dfef3b000 r-xp 00000000 103:05 2233796                   /usr/lib/x86_64-linux-gnu/libcairo.so.2.11510.0
7f2dfef3b000-7f2dff13a000 ---p 00118000 103:05 2233796                   /usr/lib/x86_64-linux-gnu/libcairo.so.2.11510.0
7f2dff13a000-7f2dff13d000 r--p 00117000 103:05 2233796                   /usr/lib/x86_64-linux-gnu/libcairo.so.2.11510.0
7f2dff13d000-7f2dff13f000 rw-p 0011a000 103:05 2233796                   /usr/lib/x86_64-linux-gnu/libcairo.so.2.11510.0
7f2dff13f000-7f2dff140000 rw-p 00000000 00:00 0 
7f2dff140000-7f2dff14c000 r-xp 00000000 103:05 2234473                   /usr/lib/x86_64-linux-gnu/libpangocairo-1.0.so.0.4000.14
7f2dff14c000-7f2dff34b000 ---p 0000c000 103:05 2234473                   /usr/lib/x86_64-linux-gnu/libpangocairo-1.0.so.0.4000.14
7f2dff34b000-7f2dff34c000 r--p 0000b000 103:05 2234473                   /usr/lib/x86_64-linux-gnu/libpangocairo-1.0.so.0.4000.14
7f2dff34c000-7f2dff34d000 rw-p 0000c000 103:05 2234473                   /usr/lib/x86_64-linux-gnu/libpangocairo-1.0.so.0.4000.14
7f2dff34d000-7f2dff36f000 r-xp 00000000 103:05 2234057                   /usr/lib/x86_64-linux-gnu/libgdk_pixbuf-2.0.so.0.3611.0
7f2dff36f000-7f2dff56f000 ---p 00022000 103:05 2234057                   /usr/lib/x86_64-linux-gnu/libgdk_pixbuf-2.0.so.0.3611.0
7f2dff56f000-7f2dff570000 r--p 00022000 103:05 2234057                   /usr/lib/x86_64-linux-gnu/libgdk_pixbuf-2.0.so.0.3611.0
7f2dff570000-7f2dff571000 rw-p 00023000 103:05 2234057                   /usr/lib/x86_64-linux-gnu/libgdk_pixbuf-2.0.so.0.3611.0
7f2dff571000-7f2dff585000 r-xp 00000000 103:05 2234475                   /usr/lib/x86_64-linux-gnu/libpangoft2-1.0.so.0.4000.14
7f2dff585000-7f2dff785000 ---p 00014000 103:05 2234475                   /usr/lib/x86_64-linux-gnu/libpangoft2-1.0.so.0.4000.14
7f2dff785000-7f2dff786000 r--p 00014000 103:05 2234475                   /usr/lib/x86_64-linux-gnu/libpangoft2-1.0.so.0.4000.14
7f2dff786000-7f2dff787000 rw-p 00015000 103:05 2234475                   /usr/lib/x86_64-linux-gnu/libpangoft2-1.0.so.0.4000.14
7f2dff787000-7f2dff91b000 r-xp 00000000 103:05 2234075                   /usr/lib/x86_64-linux-gnu/libgio-2.0.so.0.5600.1
7f2dff91b000-7f2dffb1b000 ---p 00194000 103:05 2234075                   /usr/lib/x86_64-linux-gnu/libgio-2.0.so.0.5600.1
7f2dffb1b000-7f2dffb22000 r--p 00194000 103:05 2234075                   /usr/lib/x86_64-linux-gnu/libgio-2.0.so.0.5600.1
7f2dffb22000-7f2dffb23000 rw-p 0019b000 103:05 2234075                   /usr/lib/x86_64-linux-gnu/libgio-2.0.so.0.5600.1
7f2dffb23000-7f2dffb25000 rw-p 00000000 00:00 0 
7f2dffb25000-7f2dffb47000 r-xp 00000000 103:05 2233731                   /usr/lib/x86_64-linux-gnu/libatk-1.0.so.0.22810.1
7f2dffb47000-7f2dffd47000 ---p 00022000 103:05 2233731                   /usr/lib/x86_64-linux-gnu/libatk-1.0.so.0.22810.1
7f2dffd47000-7f2dffd4a000 r--p 00022000 103:05 2233731                   /usr/lib/x86_64-linux-gnu/libatk-1.0.so.0.22810.1
7f2dffd4a000-7f2dffd4b000 rw-p 00025000 103:05 2233731                   /usr/lib/x86_64-linux-gnu/libatk-1.0.so.0.22810.1
7f2dffd4b000-7f2dffdfb000 r-xp 00000000 103:05 2234055                   /usr/lib/x86_64-linux-gnu/libgdk-x11-2.0.so.0.2400.32
7f2dffdfb000-7f2dffffa000 ---p 000b0000 103:05 2234055                   /usr/lib/x86_64-linux-gnu/libgdk-x11-2.0.so.0.2400.32
7f2dffffa000-7f2dffffe000 r--p 000af000 103:05 2234055                   /usr/lib/x86_64-linux-gnu/libgdk-x11-2.0.so.0.2400.32
7f2dffffe000-7f2e00000000 rw-p 000b3000 103:05 2234055                   /usr/lib/x86_64-linux-gnu/libgdk-x11-2.0.so.0.2400.32
7f2e00000000-7f2e00021000 rw-p 00000000 00:00 0 
7f2e00021000-7f2e04000000 ---p 00000000 00:00 0 
7f2e040bd000-7f2e044f2000 r-xp 00000000 103:05 2234188                   /usr/lib/x86_64-linux-gnu/libgtk-x11-2.0.so.0.2400.32
7f2e044f2000-7f2e046f1000 ---p 00435000 103:05 2234188                   /usr/lib/x86_64-linux-gnu/libgtk-x11-2.0.so.0.2400.32
7f2e046f1000-7f2e046f8000 r--p 00434000 103:05 2234188                   /usr/lib/x86_64-linux-gnu/libgtk-x11-2.0.so.0.2400.32
7f2e046f8000-7f2e046fc000 rw-p 0043b000 103:05 2234188                   /usr/lib/x86_64-linux-gnu/libgtk-x11-2.0.so.0.2400.32
7f2e046fc000-7f2e046ff000 rw-p 00000000 00:00 0 
7f2e046ff000-7f2e0470b000 r-xp 00000000 103:05 2359795                   /usr/lib/jvm/java-8-oracle/jre/lib/amd64/libprism_es2.so
7f2e0470b000-7f2e0490a000 ---p 0000c000 103:05 2359795                   /usr/lib/jvm/java-8-oracle/jre/lib/amd64/libprism_es2.so
7f2e0490a000-7f2e0490b000 r--p 0000b000 103:05 2359795                   /usr/lib/jvm/java-8-oracle/jre/lib/amd64/libprism_es2.so
7f2e0490b000-7f2e0490c000 rw-p 0000c000 103:05 2359795                   /usr/lib/jvm/java-8-oracle/jre/lib/amd64/libprism_es2.so
7f2e0490c000-7f2e0490f000 ---p 00000000 00:00 0 
7f2e0490f000-7f2e04a0d000 rw-p 00000000 00:00 0 
7f2e04a0d000-7f2e04a0e000 ---p 00000000 00:00 0 
7f2e04a0e000-7f2e04b0e000 rw-p 00000000 00:00 0 
7f2e04b0e000-7f2e04b11000 ---p 00000000 00:00 0 
7f2e04b11000-7f2e04c0f000 rw-p 00000000 00:00 0 
7f2e04c0f000-7f2e04c10000 ---p 00000000 00:00 0 
7f2e04c10000-7f2e04c13000 ---p 00000000 00:00 0 
7f2e04c13000-7f2e04d10000 rw-p 00000000 00:00 0 
7f2e04d10000-7f2e04d11000 ---p 00000000 00:00 0 
7f2e04d11000-7f2e04d14000 ---p 00000000 00:00 0 
7f2e04d14000-7f2e04e11000 rw-p 00000000 00:00 0 
7f2e04e11000-7f2e04e12000 ---p 00000000 00:00 0 
7f2e04e12000-7f2e04e15000 ---p 00000000 00:00 0 
7f2e04e15000-7f2e04f12000 rw-p 00000000 00:00 0 
7f2e04f12000-7f2e04f13000 ---p 00000000 00:00 0 
7f2e04f13000-7f2e04f16000 ---p 00000000 00:00 0 
7f2e04f16000-7f2e05013000 rw-p 00000000 00:00 0 
7f2e05013000-7f2e05016000 ---p 00000000 00:00 0 
7f2e05016000-7f2e05114000 rw-p 00000000 00:00 0 
7f2e05114000-7f2e05ae3000 r--p 00000000 103:05 2230922                   /usr/lib/locale/locale-archive
7f2e05ae3000-7f2e05ae6000 ---p 00000000 00:00 0 
7f2e05ae6000-7f2e05be4000 rw-p 00000000 00:00 0 
7f2e05be4000-7f2e05be7000 ---p 00000000 00:00 0 
7f2e05be7000-7f2e05ce5000 rw-p 00000000 00:00 0 
7f2e05ce5000-7f2e05ce6000 ---p 00000000 00:00 0 
7f2e05ce6000-7f2e08000000 rw-p 00000000 00:00 0 
7f2e08000000-7f2e08021000 rw-p 00000000 00:00 0 
7f2e08021000-7f2e0c000000 ---p 00000000 00:00 0 
7f2e0c03e000-7f2e0c0d4000 r--s 0110e000 103:05 2499247                   /usr/lib/jvm/java-8-oracle/jre/lib/ext/jfxrt.jar
7f2e0c0d4000-7f2e0c1f6000 rw-p 00000000 00:00 0 
7f2e0c1f6000-7f2e0c3d0000 r--s 03d6c000 103:05 2359722                   /usr/lib/jvm/java-8-oracle/jre/lib/rt.jar
7f2e0c3d0000-7f2e10000000 rw-p 00000000 00:00 0 
7f2e10000000-7f2e10021000 rw-p 00000000 00:00 0 
7f2e10021000-7f2e14000000 ---p 00000000 00:00 0 
7f2e14007000-7f2e14576000 rw-p 00000000 00:00 0 
7f2e14576000-7f2e14577000 ---p 00000000 00:00 0 
7f2e14577000-7f2e14677000 rw-p 00000000 00:00 0 
7f2e14677000-7f2e14678000 ---p 00000000 00:00 0 
7f2e14678000-7f2e14778000 rw-p 00000000 00:00 0 
7f2e14778000-7f2e14779000 ---p 00000000 00:00 0 
7f2e14779000-7f2e14879000 rw-p 00000000 00:00 0 
7f2e14879000-7f2e1487a000 ---p 00000000 00:00 0 
7f2e1487a000-7f2e1497a000 rw-p 00000000 00:00 0 
7f2e1497a000-7f2e1497b000 ---p 00000000 00:00 0 
7f2e1497b000-7f2e14a7b000 rw-p 00000000 00:00 0 
7f2e14a7b000-7f2e14a7c000 ---p 00000000 00:00 0 
7f2e14a7c000-7f2e14b7c000 rw-p 00000000 00:00 0 
7f2e14b7c000-7f2e14b7d000 ---p 00000000 00:00 0 
7f2e14b7d000-7f2e14c7d000 rw-p 00000000 00:00 0 
7f2e14c7d000-7f2e14c7e000 ---p 00000000 00:00 0 
7f2e14c7e000-7f2e14da7000 rw-p 00000000 00:00 0 
7f2e14da7000-7f2e15000000 ---p 00000000 00:00 0 
7f2e15000000-7f2e152d0000 rwxp 00000000 00:00 0 
7f2e152d0000-7f2e24000000 ---p 00000000 00:00 0 
7f2e24000000-7f2e24432000 rw-p 00000000 00:00 0 
7f2e24432000-7f2e28000000 ---p 00000000 00:00 0 
7f2e2801c000-7f2e28045000 rw-p 00000000 00:00 0 
7f2e28045000-7f2e2829e000 ---p 00000000 00:00 0 
7f2e2829e000-7f2e28366000 rw-p 00000000 00:00 0 
7f2e28366000-7f2e283df000 ---p 00000000 00:00 0 
7f2e283df000-7f2e283ec000 rw-p 00000000 00:00 0 
7f2e283ec000-7f2e287a0000 ---p 00000000 00:00 0 
7f2e287a0000-7f2e287ba000 r-xp 00000000 103:05 2359787                   /usr/lib/jvm/java-8-oracle/jre/lib/amd64/libzip.so
7f2e287ba000-7f2e289ba000 ---p 0001a000 103:05 2359787                   /usr/lib/jvm/java-8-oracle/jre/lib/amd64/libzip.so
7f2e289ba000-7f2e289bb000 r--p 0001a000 103:05 2359787                   /usr/lib/jvm/java-8-oracle/jre/lib/amd64/libzip.so
7f2e289bb000-7f2e289bc000 rw-p 0001b000 103:05 2359787                   /usr/lib/jvm/java-8-oracle/jre/lib/amd64/libzip.so
7f2e289bc000-7f2e289c7000 r-xp 00000000 103:05 1837143                   /lib/x86_64-linux-gnu/libnss_files-2.27.so
7f2e289c7000-7f2e28bc6000 ---p 0000b000 103:05 1837143                   /lib/x86_64-linux-gnu/libnss_files-2.27.so
7f2e28bc6000-7f2e28bc7000 r--p 0000a000 103:05 1837143                   /lib/x86_64-linux-gnu/libnss_files-2.27.so
7f2e28bc7000-7f2e28bc8000 rw-p 0000b000 103:05 1837143                   /lib/x86_64-linux-gnu/libnss_files-2.27.so
7f2e28bc8000-7f2e28bce000 rw-p 00000000 00:00 0 
7f2e28bce000-7f2e28be5000 r-xp 00000000 103:05 1837137                   /lib/x86_64-linux-gnu/libnsl-2.27.so
7f2e28be5000-7f2e28de4000 ---p 00017000 103:05 1837137                   /lib/x86_64-linux-gnu/libnsl-2.27.so
7f2e28de4000-7f2e28de5000 r--p 00016000 103:05 1837137                   /lib/x86_64-linux-gnu/libnsl-2.27.so
7f2e28de5000-7f2e28de6000 rw-p 00017000 103:05 1837137                   /lib/x86_64-linux-gnu/libnsl-2.27.so
7f2e28de6000-7f2e28de8000 rw-p 00000000 00:00 0 
7f2e28de8000-7f2e28df3000 r-xp 00000000 103:05 1837154                   /lib/x86_64-linux-gnu/libnss_nis-2.27.so
7f2e28df3000-7f2e28ff2000 ---p 0000b000 103:05 1837154                   /lib/x86_64-linux-gnu/libnss_nis-2.27.so
7f2e28ff2000-7f2e28ff3000 r--p 0000a000 103:05 1837154                   /lib/x86_64-linux-gnu/libnss_nis-2.27.so
7f2e28ff3000-7f2e28ff4000 rw-p 0000b000 103:05 1837154                   /lib/x86_64-linux-gnu/libnss_nis-2.27.so
7f2e28ff4000-7f2e28ffc000 r-xp 00000000 103:05 1837139                   /lib/x86_64-linux-gnu/libnss_compat-2.27.so
7f2e28ffc000-7f2e291fc000 ---p 00008000 103:05 1837139                   /lib/x86_64-linux-gnu/libnss_compat-2.27.so
7f2e291fc000-7f2e291fd000 r--p 00008000 103:05 1837139                   /lib/x86_64-linux-gnu/libnss_compat-2.27.so
7f2e291fd000-7f2e291fe000 rw-p 00009000 103:05 1837139                   /lib/x86_64-linux-gnu/libnss_compat-2.27.so
7f2e291fe000-7f2e2922b000 r-xp 00000000 103:05 2359781                   /usr/lib/jvm/java-8-oracle/jre/lib/amd64/libjava.so
7f2e2922b000-7f2e2942a000 ---p 0002d000 103:05 2359781                   /usr/lib/jvm/java-8-oracle/jre/lib/amd64/libjava.so
7f2e2942a000-7f2e2942b000 r--p 0002c000 103:05 2359781                   /usr/lib/jvm/java-8-oracle/jre/lib/amd64/libjava.so
7f2e2942b000-7f2e2942d000 rw-p 0002d000 103:05 2359781                   /usr/lib/jvm/java-8-oracle/jre/lib/amd64/libjava.so
7f2e2942d000-7f2e2943a000 r-xp 00000000 103:05 2359786                   /usr/lib/jvm/java-8-oracle/jre/lib/amd64/libverify.so
7f2e2943a000-7f2e29639000 ---p 0000d000 103:05 2359786                   /usr/lib/jvm/java-8-oracle/jre/lib/amd64/libverify.so
7f2e29639000-7f2e2963b000 r--p 0000c000 103:05 2359786                   /usr/lib/jvm/java-8-oracle/jre/lib/amd64/libverify.so
7f2e2963b000-7f2e2963c000 rw-p 0000e000 103:05 2359786                   /usr/lib/jvm/java-8-oracle/jre/lib/amd64/libverify.so
7f2e2963c000-7f2e29643000 r-xp 00000000 103:05 1837194                   /lib/x86_64-linux-gnu/librt-2.27.so
7f2e29643000-7f2e29842000 ---p 00007000 103:05 1837194                   /lib/x86_64-linux-gnu/librt-2.27.so
7f2e29842000-7f2e29843000 r--p 00006000 103:05 1837194                   /lib/x86_64-linux-gnu/librt-2.27.so
7f2e29843000-7f2e29844000 rw-p 00007000 103:05 1837194                   /lib/x86_64-linux-gnu/librt-2.27.so
7f2e29844000-7f2e299e1000 r-xp 00000000 103:05 1837116                   /lib/x86_64-linux-gnu/libm-2.27.so
7f2e299e1000-7f2e29be0000 ---p 0019d000 103:05 1837116                   /lib/x86_64-linux-gnu/libm-2.27.so
7f2e29be0000-7f2e29be1000 r--p 0019c000 103:05 1837116                   /lib/x86_64-linux-gnu/libm-2.27.so
7f2e29be1000-7f2e29be2000 rw-p 0019d000 103:05 1837116                   /lib/x86_64-linux-gnu/libm-2.27.so
7f2e29be2000-7f2e2a8c4000 r-xp 00000000 103:05 393024                    /usr/lib/jvm/java-8-oracle/jre/lib/amd64/server/libjvm.so
7f2e2a8c4000-7f2e2aac4000 ---p 00ce2000 103:05 393024                    /usr/lib/jvm/java-8-oracle/jre/lib/amd64/server/libjvm.so
7f2e2aac4000-7f2e2ab5a000 r--p 00ce2000 103:05 393024                    /usr/lib/jvm/java-8-oracle/jre/lib/amd64/server/libjvm.so
7f2e2ab5a000-7f2e2ab8b000 rw-p 00d78000 103:05 393024                    /usr/lib/jvm/java-8-oracle/jre/lib/amd64/server/libjvm.so
7f2e2ab8b000-7f2e2abc6000 rw-p 00000000 00:00 0 
7f2e2abc6000-7f2e2adad000 r-xp 00000000 103:05 1837053                   /lib/x86_64-linux-gnu/libc-2.27.so
7f2e2adad000-7f2e2afad000 ---p 001e7000 103:05 1837053                   /lib/x86_64-linux-gnu/libc-2.27.so
7f2e2afad000-7f2e2afb1000 r--p 001e7000 103:05 1837053                   /lib/x86_64-linux-gnu/libc-2.27.so
7f2e2afb1000-7f2e2afb3000 rw-p 001eb000 103:05 1837053                   /lib/x86_64-linux-gnu/libc-2.27.so
7f2e2afb3000-7f2e2afb7000 rw-p 00000000 00:00 0 
7f2e2afb7000-7f2e2afba000 r-xp 00000000 103:05 1837076                   /lib/x86_64-linux-gnu/libdl-2.27.so
7f2e2afba000-7f2e2b1b9000 ---p 00003000 103:05 1837076                   /lib/x86_64-linux-gnu/libdl-2.27.so
7f2e2b1b9000-7f2e2b1ba000 r--p 00002000 103:05 1837076                   /lib/x86_64-linux-gnu/libdl-2.27.so
7f2e2b1ba000-7f2e2b1bb000 rw-p 00003000 103:05 1837076                   /lib/x86_64-linux-gnu/libdl-2.27.so
7f2e2b1bb000-7f2e2b1d2000 r-xp 00000000 103:05 2354770                   /usr/lib/jvm/java-8-oracle/lib/amd64/jli/libjli.so
7f2e2b1d2000-7f2e2b3d1000 ---p 00017000 103:05 2354770                   /usr/lib/jvm/java-8-oracle/lib/amd64/jli/libjli.so
7f2e2b3d1000-7f2e2b3d2000 r--p 00016000 103:05 2354770                   /usr/lib/jvm/java-8-oracle/lib/amd64/jli/libjli.so
7f2e2b3d2000-7f2e2b3d3000 rw-p 00017000 103:05 2354770                   /usr/lib/jvm/java-8-oracle/lib/amd64/jli/libjli.so
7f2e2b3d3000-7f2e2b3ed000 r-xp 00000000 103:05 1837186                   /lib/x86_64-linux-gnu/libpthread-2.27.so
7f2e2b3ed000-7f2e2b5ec000 ---p 0001a000 103:05 1837186                   /lib/x86_64-linux-gnu/libpthread-2.27.so
7f2e2b5ec000-7f2e2b5ed000 r--p 00019000 103:05 1837186                   /lib/x86_64-linux-gnu/libpthread-2.27.so
7f2e2b5ed000-7f2e2b5ee000 rw-p 0001a000 103:05 1837186                   /lib/x86_64-linux-gnu/libpthread-2.27.so
7f2e2b5ee000-7f2e2b5f2000 rw-p 00000000 00:00 0 
7f2e2b5f2000-7f2e2b619000 r-xp 00000000 103:05 1837025                   /lib/x86_64-linux-gnu/ld-2.27.so
7f2e2b61d000-7f2e2b622000 rw-s 00000000 00:19 1053                       /i915 (deleted)
7f2e2b622000-7f2e2b626000 rw-s 00000000 00:19 852                        /i915 (deleted)
7f2e2b626000-7f2e2b62b000 rw-s 00000000 00:19 750                        /i915 (deleted)
7f2e2b62b000-7f2e2b630000 rw-s 00000000 00:19 1036                       /i915 (deleted)
7f2e2b630000-7f2e2b634000 rw-s 00000000 00:19 754                        /i915 (deleted)
7f2e2b634000-7f2e2b638000 rw-s 00000000 00:19 1051                       /i915 (deleted)
7f2e2b638000-7f2e2b702000 rw-p 00000000 00:00 0 
7f2e2b702000-7f2e2b703000 ---p 00000000 00:00 0 
7f2e2b703000-7f2e2b706000 ---p 00000000 00:00 0 
7f2e2b706000-7f2e2b807000 rw-p 00000000 00:00 0 
7f2e2b808000-7f2e2b809000 rw-s 00000000 00:05 69185                      /memfd:xshmfence (deleted)
7f2e2b809000-7f2e2b80a000 rwxp 00000000 00:00 0 
7f2e2b80a000-7f2e2b80f000 rw-s 00000000 00:19 861                        /i915 (deleted)
7f2e2b80f000-7f2e2b817000 rw-s 00000000 103:05 1182717                   /tmp/hsperfdata_scp/8614
7f2e2b817000-7f2e2b818000 rw-p 00000000 00:00 0 
7f2e2b818000-7f2e2b819000 ---p 00000000 00:00 0 
7f2e2b819000-7f2e2b81a000 r--p 00027000 103:05 1837025                   /lib/x86_64-linux-gnu/ld-2.27.so
7f2e2b81a000-7f2e2b81b000 rw-p 00028000 103:05 1837025                   /lib/x86_64-linux-gnu/ld-2.27.so
7f2e2b81b000-7f2e2b81c000 rw-p 00000000 00:00 0 
7ffe49de4000-7ffe49e05000 rw-p 00000000 00:00 0                          [stack]
7ffe49f01000-7ffe49f04000 r--p 00000000 00:00 0                          [vvar]
7ffe49f04000-7ffe49f06000 r-xp 00000000 00:00 0                          [vdso]
ffffffffff600000-ffffffffff601000 r-xp 00000000 00:00 0                  [vsyscall]

VM Arguments:
jvm_args: -Dfile.encoding=UTF-8 
java_command: game.frontend.GameApp
java_class_path (initial): /home/scp/candyCrush/bin
Launcher Type: SUN_STANDARD

Environment Variables:
JAVA_HOME=/usr/lib/jvm/java-8-oracle
PATH=/usr/local/sbin:/usr/local/bin:/usr/sbin:/usr/bin:/sbin:/bin:/usr/games:/usr/local/games:/snap/bin:/usr/lib/jvm/java-8-oracle/bin:/usr/lib/jvm/java-8-oracle/db/bin:/usr/lib/jvm/java-8-oracle/jre/bin
USERNAME=scp
SHELL=/bin/bash
DISPLAY=:0

Signal Handlers:
SIGSEGV: [libjvm.so+0xaced60], sa_mask[0]=11111111011111111101111111111110, sa_flags=SA_RESTART|SA_SIGINFO
SIGBUS: [libjvm.so+0xaced60], sa_mask[0]=11111111011111111101111111111110, sa_flags=SA_RESTART|SA_SIGINFO
SIGFPE: [libjvm.so+0x907ca0], sa_mask[0]=11111111011111111101111111111110, sa_flags=SA_RESTART|SA_SIGINFO
SIGPIPE: SIG_IGN, sa_mask[0]=00000000000010000000000000000000, sa_flags=SA_RESTART
SIGXFSZ: [libjvm.so+0x907ca0], sa_mask[0]=11111111011111111101111111111110, sa_flags=SA_RESTART|SA_SIGINFO
SIGILL: [libjvm.so+0x907ca0], sa_mask[0]=11111111011111111101111111111110, sa_flags=SA_RESTART|SA_SIGINFO
SIGUSR1: SIG_DFL, sa_mask[0]=00000000000000000000000000000000, sa_flags=none
SIGUSR2: [libjvm.so+0x907b70], sa_mask[0]=00100000000000000000000000000000, sa_flags=SA_RESTART|SA_SIGINFO
SIGHUP: [libjvm.so+0x908190], sa_mask[0]=11111111011111111101111111111110, sa_flags=SA_RESTART|SA_SIGINFO
SIGINT: [libjvm.so+0x908190], sa_mask[0]=11111111011111111101111111111110, sa_flags=SA_RESTART|SA_SIGINFO
SIGTERM: [libjvm.so+0x908190], sa_mask[0]=11111111011111111101111111111110, sa_flags=SA_RESTART|SA_SIGINFO
SIGQUIT: [libjvm.so+0x908190], sa_mask[0]=11111111011111111101111111111110, sa_flags=SA_RESTART|SA_SIGINFO


---------------  S Y S T E M  ---------------

OS:DISTRIB_ID=Ubuntu
DISTRIB_RELEASE=18.04
DISTRIB_CODENAME=bionic
DISTRIB_DESCRIPTION="Ubuntu 18.04.1 LTS"

uname:Linux 4.15.0-42-generic #45-Ubuntu SMP Thu Nov 15 19:32:57 UTC 2018 x86_64
libc:glibc 2.27 NPTL 2.27 
rlimit: STACK 8192k, CORE 0k, NPROC 30329, NOFILE 4096, AS infinity
load average:8,43 2,89 1,35

/proc/meminfo:
MemTotal:        7884860 kB
MemFree:          112312 kB
MemAvailable:      12924 kB
Buffers:            1080 kB
Cached:           191568 kB
SwapCached:       140384 kB
Active:          6640624 kB
Inactive:         853840 kB
Active(anon):    6615424 kB
Inactive(anon):   828912 kB
Active(file):      25200 kB
Inactive(file):    24928 kB
Unevictable:          96 kB
Mlocked:              96 kB
SwapTotal:       2036796 kB
SwapFree:           3272 kB
Dirty:                52 kB
Writeback:             0 kB
AnonPages:       7162904 kB
Mapped:           124604 kB
Shmem:            141928 kB
Slab:             110232 kB
SReclaimable:      41552 kB
SUnreclaim:        68680 kB
KernelStack:       19104 kB
PageTables:        73700 kB
NFS_Unstable:          0 kB
Bounce:                0 kB
WritebackTmp:          0 kB
CommitLimit:     5979224 kB
Committed_AS:   17434156 kB
VmallocTotal:   34359738367 kB
VmallocUsed:           0 kB
VmallocChunk:          0 kB
HardwareCorrupted:     0 kB
AnonHugePages:         0 kB
ShmemHugePages:        0 kB
ShmemPmdMapped:        0 kB
CmaTotal:              0 kB
CmaFree:               0 kB
HugePages_Total:       0
HugePages_Free:        0
HugePages_Rsvd:        0
HugePages_Surp:        0
Hugepagesize:       2048 kB
DirectMap4k:      221980 kB
DirectMap2M:     5785600 kB
DirectMap1G:     3145728 kB

container (cgroup) information:
container_type: cgroupv1
cpu_cpuset_cpus: 0-7
cpu_memory_nodes: 0
active_processor_count: 8
cpu_quota: -1
cpu_period: 100000
cpu_shares: -1
memory_limit_in_bytes: -1
memory_and_swap_limit_in_bytes: -2
memory_soft_limit_in_bytes: -1
memory_usage_in_bytes: 7676088320
memory_max_usage_in_bytes: 0


CPU:total 8 (initial active 8) (4 cores per cpu, 2 threads per core) family 6 model 142 stepping 10, cmov, cx8, fxsr, mmx, sse, sse2, sse3, ssse3, sse4.1, sse4.2, popcnt, avx, avx2, aes, clmul, erms, 3dnowpref, lzcnt, ht, tsc, tscinvbit, bmi1, bmi2, adx

/proc/cpuinfo:
processor	: 0
vendor_id	: GenuineIntel
cpu family	: 6
model		: 142
model name	: Intel(R) Core(TM) i5-8250U CPU @ 1.60GHz
stepping	: 10
microcode	: 0x84
cpu MHz		: 2699.997
cache size	: 6144 KB
physical id	: 0
siblings	: 8
core id		: 0
cpu cores	: 4
apicid		: 0
initial apicid	: 0
fpu		: yes
fpu_exception	: yes
cpuid level	: 22
wp		: yes
flags		: fpu vme de pse tsc msr pae mce cx8 apic sep mtrr pge mca cmov pat pse36 clflush dts acpi mmx fxsr sse sse2 ss ht tm pbe syscall nx pdpe1gb rdtscp lm constant_tsc art arch_perfmon pebs bts rep_good nopl xtopology nonstop_tsc cpuid aperfmperf tsc_known_freq pni pclmulqdq dtes64 monitor ds_cpl vmx est tm2 ssse3 sdbg fma cx16 xtpr pdcm pcid sse4_1 sse4_2 x2apic movbe popcnt tsc_deadline_timer aes xsave avx f16c rdrand lahf_lm abm 3dnowprefetch cpuid_fault epb invpcid_single pti ibrs ibpb stibp tpr_shadow vnmi flexpriority ept vpid fsgsbase tsc_adjust bmi1 avx2 smep bmi2 erms invpcid mpx rdseed adx smap clflushopt intel_pt xsaveopt xsavec xgetbv1 xsaves dtherm ida arat pln pts hwp hwp_notify hwp_act_window hwp_epp
bugs		: cpu_meltdown spectre_v1 spectre_v2 spec_store_bypass l1tf
bogomips	: 3600.00
clflush size	: 64
cache_alignment	: 64
address sizes	: 39 bits physical, 48 bits virtual
power management:

processor	: 1
vendor_id	: GenuineIntel
cpu family	: 6
model		: 142
model name	: Intel(R) Core(TM) i5-8250U CPU @ 1.60GHz
stepping	: 10
microcode	: 0x84
cpu MHz		: 2700.001
cache size	: 6144 KB
physical id	: 0
siblings	: 8
core id		: 1
cpu cores	: 4
apicid		: 2
initial apicid	: 2
fpu		: yes
fpu_exception	: yes
cpuid level	: 22
wp		: yes
flags		: fpu vme de pse tsc msr pae mce cx8 apic sep mtrr pge mca cmov pat pse36 clflush dts acpi mmx fxsr sse sse2 ss ht tm pbe syscall nx pdpe1gb rdtscp lm constant_tsc art arch_perfmon pebs bts rep_good nopl xtopology nonstop_tsc cpuid aperfmperf tsc_known_freq pni pclmulqdq dtes64 monitor ds_cpl vmx est tm2 ssse3 sdbg fma cx16 xtpr pdcm pcid sse4_1 sse4_2 x2apic movbe popcnt tsc_deadline_timer aes xsave avx f16c rdrand lahf_lm abm 3dnowprefetch cpuid_fault epb invpcid_single pti ibrs ibpb stibp tpr_shadow vnmi flexpriority ept vpid fsgsbase tsc_adjust bmi1 avx2 smep bmi2 erms invpcid mpx rdseed adx smap clflushopt intel_pt xsaveopt xsavec xgetbv1 xsaves dtherm ida arat pln pts hwp hwp_notify hwp_act_window hwp_epp
bugs		: cpu_meltdown spectre_v1 spectre_v2 spec_store_bypass l1tf
bogomips	: 3600.00
clflush size	: 64
cache_alignment	: 64
address sizes	: 39 bits physical, 48 bits virtual
power management:

processor	: 2
vendor_id	: GenuineIntel
cpu family	: 6
model		: 142
model name	: Intel(R) Core(TM) i5-8250U CPU @ 1.60GHz
stepping	: 10
microcode	: 0x84
cpu MHz		: 2699.999
cache size	: 6144 KB
physical id	: 0
siblings	: 8
core id		: 2
cpu cores	: 4
apicid		: 4
initial apicid	: 4
fpu		: yes
fpu_exception	: yes
cpuid level	: 22
wp		: yes
flags		: fpu vme de pse tsc msr pae mce cx8 apic sep mtrr pge mca cmov pat pse36 clflush dts acpi mmx fxsr sse sse2 ss ht tm pbe syscall nx pdpe1gb rdtscp lm constant_tsc art arch_perfmon pebs bts rep_good nopl xtopology nonstop_tsc cpuid aperfmperf tsc_known_freq pni pclmulqdq dtes64 monitor ds_cpl vmx est tm2 ssse3 sdbg fma cx16 xtpr pdcm pcid sse4_1 sse4_2 x2apic movbe popcnt tsc_deadline_timer aes xsave avx f16c rdrand lahf_lm abm 3dnowprefetch cpuid_fault epb invpcid_single pti ibrs ibpb stibp tpr_shadow vnmi flexpriority ept vpid fsgsbase tsc_adjust bmi1 avx2 smep bmi2 erms invpcid mpx rdseed adx smap clflushopt intel_pt xsaveopt xsavec xgetbv1 xsaves dtherm ida arat pln pts hwp hwp_notify hwp_act_window hwp_epp
bugs		: cpu_meltdown spectre_v1 spectre_v2 spec_store_bypass l1tf
bogomips	: 3600.00
clflush size	: 64
cache_alignment	: 64
address sizes	: 39 bits physical, 48 bits virtual
power management:

processor	: 3
vendor_id	: GenuineIntel
cpu family	: 6
model		: 142
model name	: Intel(R) Core(TM) i5-8250U CPU @ 1.60GHz
stepping	: 10
microcode	: 0x84
cpu MHz		: 2699.999
cache size	: 6144 KB
physical id	: 0
siblings	: 8
core id		: 3
cpu cores	: 4
apicid		: 6
initial apicid	: 6
fpu		: yes
fpu_exception	: yes
cpuid level	: 22
wp		: yes
flags		: fpu vme de pse tsc msr pae mce cx8 apic sep mtrr pge mca cmov pat pse36 clflush dts acpi mmx fxsr sse sse2 ss ht tm pbe syscall nx pdpe1gb rdtscp lm constant_tsc art arch_perfmon pebs bts rep_good nopl xtopology nonstop_tsc cpuid aperfmperf tsc_known_freq pni pclmulqdq dtes64 monitor ds_cpl vmx est tm2 ssse3 sdbg fma cx16 xtpr pdcm pcid sse4_1 sse4_2 x2apic movbe popcnt tsc_deadline_timer aes xsave avx f16c rdrand lahf_lm abm 3dnowprefetch cpuid_fault epb invpcid_single pti ibrs ibpb stibp tpr_shadow vnmi flexpriority ept vpid fsgsbase tsc_adjust bmi1 avx2 smep bmi2 erms invpcid mpx rdseed adx smap clflushopt intel_pt xsaveopt xsavec xgetbv1 xsaves dtherm ida arat pln pts hwp hwp_notify hwp_act_window hwp_epp
bugs		: cpu_meltdown spectre_v1 spectre_v2 spec_store_bypass l1tf
bogomips	: 3600.00
clflush size	: 64
cache_alignment	: 64
address sizes	: 39 bits physical, 48 bits virtual
power management:

processor	: 4
vendor_id	: GenuineIntel
cpu family	: 6
model		: 142
model name	: Intel(R) Core(TM) i5-8250U CPU @ 1.60GHz
stepping	: 10
microcode	: 0x84
cpu MHz		: 2699.999
cache size	: 6144 KB
physical id	: 0
siblings	: 8
core id		: 0
cpu cores	: 4
apicid		: 1
initial apicid	: 1
fpu		: yes
fpu_exception	: yes
cpuid level	: 22
wp		: yes
flags		: fpu vme de pse tsc msr pae mce cx8 apic sep mtrr pge mca cmov pat pse36 clflush dts acpi mmx fxsr sse sse2 ss ht tm pbe syscall nx pdpe1gb rdtscp lm constant_tsc art arch_perfmon pebs bts rep_good nopl xtopology nonstop_tsc cpuid aperfmperf tsc_known_freq pni pclmulqdq dtes64 monitor ds_cpl vmx est tm2 ssse3 sdbg fma cx16 xtpr pdcm pcid sse4_1 sse4_2 x2apic movbe popcnt tsc_deadline_timer aes xsave avx f16c rdrand lahf_lm abm 3dnowprefetch cpuid_fault epb invpcid_single pti ibrs ibpb stibp tpr_shadow vnmi flexpriority ept vpid fsgsbase tsc_adjust bmi1 avx2 smep bmi2 erms invpcid mpx rdseed adx smap clflushopt intel_pt xsaveopt xsavec xgetbv1 xsaves dtherm ida arat pln pts hwp hwp_notify hwp_act_window hwp_epp
bugs		: cpu_meltdown spectre_v1 spectre_v2 spec_store_bypass l1tf
bogomips	: 3600.00
clflush size	: 64
cache_alignment	: 64
address sizes	: 39 bits physical, 48 bits virtual
power management:

processor	: 5
vendor_id	: GenuineIntel
cpu family	: 6
model		: 142
model name	: Intel(R) Core(TM) i5-8250U CPU @ 1.60GHz
stepping	: 10
microcode	: 0x84
cpu MHz		: 2699.999
cache size	: 6144 KB
physical id	: 0
siblings	: 8
core id		: 1
cpu cores	: 4
apicid		: 3
initial apicid	: 3
fpu		: yes
fpu_exception	: yes
cpuid level	: 22
wp		: yes
flags		: fpu vme de pse tsc msr pae mce cx8 apic sep mtrr pge mca cmov pat pse36 clflush dts acpi mmx fxsr sse sse2 ss ht tm pbe syscall nx pdpe1gb rdtscp lm constant_tsc art arch_perfmon pebs bts rep_good nopl xtopology nonstop_tsc cpuid aperfmperf tsc_known_freq pni pclmulqdq dtes64 monitor ds_cpl vmx est tm2 ssse3 sdbg fma cx16 xtpr pdcm pcid sse4_1 sse4_2 x2apic movbe popcnt tsc_deadline_timer aes xsave avx f16c rdrand lahf_lm abm 3dnowprefetch cpuid_fault epb invpcid_single pti ibrs ibpb stibp tpr_shadow vnmi flexpriority ept vpid fsgsbase tsc_adjust bmi1 avx2 smep bmi2 erms invpcid mpx rdseed adx smap clflushopt intel_pt xsaveopt xsavec xgetbv1 xsaves dtherm ida arat pln pts hwp hwp_notify hwp_act_window hwp_epp
bugs		: cpu_meltdown spectre_v1 spectre_v2 spec_store_bypass l1tf
bogomips	: 3600.00
clflush size	: 64
cache_alignment	: 64
address sizes	: 39 bits physical, 48 bits virtual
power management:

processor	: 6
vendor_id	: GenuineIntel
cpu family	: 6
model		: 142
model name	: Intel(R) Core(TM) i5-8250U CPU @ 1.60GHz
stepping	: 10
microcode	: 0x84
cpu MHz		: 2699.999
cache size	: 6144 KB
physical id	: 0
siblings	: 8
core id		: 2
cpu cores	: 4
apicid		: 5
initial apicid	: 5
fpu		: yes
fpu_exception	: yes
cpuid level	: 22
wp		: yes
flags		: fpu vme de pse tsc msr pae mce cx8 apic sep mtrr pge mca cmov pat pse36 clflush dts acpi mmx fxsr sse sse2 ss ht tm pbe syscall nx pdpe1gb rdtscp lm constant_tsc art arch_perfmon pebs bts rep_good nopl xtopology nonstop_tsc cpuid aperfmperf tsc_known_freq pni pclmulqdq dtes64 monitor ds_cpl vmx est tm2 ssse3 sdbg fma cx16 xtpr pdcm pcid sse4_1 sse4_2 x2apic movbe popcnt tsc_deadline_timer aes xsave avx f16c rdrand lahf_lm abm 3dnowprefetch cpuid_fault epb invpcid_single pti ibrs ibpb stibp tpr_shadow vnmi flexpriority ept vpid fsgsbase tsc_adjust bmi1 avx2 smep bmi2 erms invpcid mpx rdseed adx smap clflushopt intel_pt xsaveopt xsavec xgetbv1 xsaves dtherm ida arat pln pts hwp hwp_notify hwp_act_window hwp_epp
bugs		: cpu_meltdown spectre_v1 spectre_v2 spec_store_bypass l1tf
bogomips	: 3600.00
clflush size	: 64
cache_alignment	: 64
address sizes	: 39 bits physical, 48 bits virtual
power management:

processor	: 7
vendor_id	: GenuineIntel
cpu family	: 6
model		: 142
model name	: Intel(R) Core(TM) i5-8250U CPU @ 1.60GHz
stepping	: 10
microcode	: 0x84
cpu MHz		: 2700.001
cache size	: 6144 KB
physical id	: 0
siblings	: 8
core id		: 3
cpu cores	: 4
apicid		: 7
initial apicid	: 7
fpu		: yes
fpu_exception	: yes
cpuid level	: 22
wp		: yes
flags		: fpu vme de pse tsc msr pae mce cx8 apic sep mtrr pge mca cmov pat pse36 clflush dts acpi mmx fxsr sse sse2 ss ht tm pbe syscall nx pdpe1gb rdtscp lm constant_tsc art arch_perfmon pebs bts rep_good nopl xtopology nonstop_tsc cpuid aperfmperf tsc_known_freq pni pclmulqdq dtes64 monitor ds_cpl vmx est tm2 ssse3 sdbg fma cx16 xtpr pdcm pcid sse4_1 sse4_2 x2apic movbe popcnt tsc_deadline_timer aes xsave avx f16c rdrand lahf_lm abm 3dnowprefetch cpuid_fault epb invpcid_single pti ibrs ibpb stibp tpr_shadow vnmi flexpriority ept vpid fsgsbase tsc_adjust bmi1 avx2 smep bmi2 erms invpcid mpx rdseed adx smap clflushopt intel_pt xsaveopt xsavec xgetbv1 xsaves dtherm ida arat pln pts hwp hwp_notify hwp_act_window hwp_epp
bugs		: cpu_meltdown spectre_v1 spectre_v2 spec_store_bypass l1tf
bogomips	: 3600.00
clflush size	: 64
cache_alignment	: 64
address sizes	: 39 bits physical, 48 bits virtual
power management:



Memory: 4k page, physical 7884860k(111856k free), swap 2036796k(1320k free)

vm_info: Java HotSpot(TM) 64-Bit Server VM (25.191-b12) for linux-amd64 JRE (1.8.0_191-b12), built on Oct  6 2018 05:43:09 by "java_re" with gcc 7.3.0

time: Sat Dec  8 15:26:15 2018
elapsed time: 8 seconds (0d 0h 0m 8s)

