#
# There is insufficient memory for the Java Runtime Environment to continue.
# Native memory allocation (mmap) failed to map 128974848 bytes for committing reserved memory.
# Possible reasons:
#   The system is out of physical RAM or swap space
#   In 32 bit mode, the process size limit was hit
# Possible solutions:
#   Reduce memory load on the system
#   Increase physical memory or swap space
#   Check if swap backing store is full
#   Use 64 bit Java on a 64 bit OS
#   Decrease Java heap size (-Xmx/-Xms)
#   Decrease number of Java threads
#   Decrease Java thread stack sizes (-Xss)
#   Set larger code cache with -XX:ReservedCodeCacheSize=
# This output file may be truncated or incomplete.
#
#  Out of Memory Error (os_linux.cpp:2743), pid=8850, tid=0x00007f87423eb700
#
# JRE version: Java(TM) SE Runtime Environment (8.0_191-b12) (build 1.8.0_191-b12)
# Java VM: Java HotSpot(TM) 64-Bit Server VM (25.191-b12 mixed mode linux-amd64 compressed oops)
# Failed to write core dump. Core dumps have been disabled. To enable core dumping, try "ulimit -c unlimited" before starting Java again
#

---------------  T H R E A D  ---------------

Current thread (0x00007f8760081800):  VMThread [stack: 0x00007f87422ec000,0x00007f87423ec000] [id=8970]

Stack: [0x00007f87422ec000,0x00007f87423ec000],  sp=0x00007f87423ea430,  free space=1017k
Native frames: (J=compiled Java code, j=interpreted, Vv=VM code, C=native code)
V  [libjvm.so+0xace425]  VMError::report_and_die()+0x2c5
V  [libjvm.so+0x4deb77]  report_vm_out_of_memory(char const*, int, unsigned long, VMErrorType, char const*)+0x67
V  [libjvm.so+0x90c570]  os::pd_commit_memory(char*, unsigned long, unsigned long, bool)+0x100
V  [libjvm.so+0x903eaf]  os::commit_memory(char*, unsigned long, unsigned long, bool)+0x1f
V  [libjvm.so+0x988346]  PSVirtualSpace::expand_by(unsigned long)+0x56
V  [libjvm.so+0x9895d8]  PSYoungGen::resize(unsigned long, unsigned long)+0xd8
V  [libjvm.so+0x985d66]  PSScavenge::invoke_no_policy()+0x1356
V  [libjvm.so+0x98610c]  PSScavenge::invoke()+0x4c
V  [libjvm.so+0x935fb8]  ParallelScavengeHeap::failed_mem_allocate(unsigned long)+0x68
V  [libjvm.so+0xacff53]  VM_ParallelGCFailedAllocation::doit()+0x93
V  [libjvm.so+0xad50f6]  VM_Operation::evaluate()+0x46
V  [libjvm.so+0xad347d]  VMThread::evaluate_operation(VM_Operation*) [clone .constprop.44]+0xcd
V  [libjvm.so+0xad3a3b]  VMThread::loop()+0x37b
V  [libjvm.so+0xad3de8]  VMThread::run()+0x78
V  [libjvm.so+0x909c92]  java_start(Thread*)+0x102

VM_Operation (0x00007f87381df110): ParallelGCFailedAllocation, mode: safepoint, requested by thread 0x00007f8760273000


---------------  P R O C E S S  ---------------

Java Threads: ( => current thread )
  0x00007f8760276800 JavaThread "JavaFX-Launcher" [_thread_blocked, id=9307, stack(0x00007f86ef389000,0x00007f86ef48a000)]
  0x00007f8760273000 JavaThread "JavaFX Application Thread" [_thread_blocked, id=9288, stack(0x00007f87380e1000,0x00007f87381e2000)]
  0x00007f8760270000 JavaThread "Thread-1" daemon [_thread_blocked, id=9286, stack(0x00007f8740051000,0x00007f8740152000)]
  0x00007f876018a000 JavaThread "QuantumRenderer-0" daemon [_thread_blocked, id=9231, stack(0x00007f8740e7c000,0x00007f8740f7d000)]
  0x00007f87600cc800 JavaThread "Service Thread" daemon [_thread_blocked, id=9126, stack(0x00007f8741114000,0x00007f8741215000)]
  0x00007f87600c9800 JavaThread "C1 CompilerThread3" daemon [_thread_blocked, id=9112, stack(0x00007f8741216000,0x00007f8741316000)]
  0x00007f87600c7800 JavaThread "C2 CompilerThread2" daemon [_thread_blocked, id=9098, stack(0x00007f8741317000,0x00007f8741417000)]
  0x00007f87600c6000 JavaThread "C2 CompilerThread1" daemon [_thread_blocked, id=9088, stack(0x00007f8741418000,0x00007f8741518000)]
  0x00007f87600c3000 JavaThread "C2 CompilerThread0" daemon [_thread_blocked, id=9077, stack(0x00007f8741519000,0x00007f8741619000)]
  0x00007f87600c1800 JavaThread "Signal Dispatcher" daemon [_thread_blocked, id=9068, stack(0x00007f8741619000,0x00007f874171a000)]
  0x00007f876008d800 JavaThread "Finalizer" daemon [_thread_blocked, id=8994, stack(0x00007f87420e9000,0x00007f87421ea000)]
  0x00007f876008b000 JavaThread "Reference Handler" daemon [_thread_blocked, id=8988, stack(0x00007f87421ea000,0x00007f87422eb000)]
  0x00007f876000b000 JavaThread "main" [_thread_blocked, id=8862, stack(0x00007f8767cc9000,0x00007f8767dc9000)]

Other Threads:
=>0x00007f8760081800 VMThread [stack: 0x00007f87422ec000,0x00007f87423ec000] [id=8970]
  0x00007f87600d1800 WatcherThread [stack: 0x00007f8741014000,0x00007f8741114000] [id=9135]

VM state:at safepoint (normal execution)

VM Mutex/Monitor currently owned by a thread:  ([mutex/lock_event])
[0x00007f87600079b0] Threads_lock - owner thread: 0x00007f8760081800
[0x00007f8760007eb0] Heap_lock - owner thread: 0x00007f8760273000

Heap:
 PSYoungGen      total 128512K, used 0K [0x00000000d7e00000, 0x00000000dff00000, 0x0000000100000000)
  eden space 124928K, 0% used [0x00000000d7e00000,0x00000000d7e00000,0x00000000df800000)
  from space 3584K, 0% used [0x00000000df800000,0x00000000df800000,0x00000000dfb80000)
  to   space 3584K, 0% used [0x00000000dfb80000,0x00000000dfb80000,0x00000000dff00000)
 ParOldGen       total 83456K, used 2915K [0x0000000087a00000, 0x000000008cb80000, 0x00000000d7e00000)
  object space 83456K, 3% used [0x0000000087a00000,0x0000000087cd8fe0,0x000000008cb80000)
 Metaspace       used 9226K, capacity 9626K, committed 9984K, reserved 1058816K
  class space    used 1263K, capacity 1410K, committed 1536K, reserved 1048576K

Card table byte_map: [0x00007f87645e2000,0x00007f87649a6000] byte_map_base: 0x00007f87641a5000

Marking Bits: (ParMarkBitMap*) 0x00007f876716ed40
 Begin Bits: [0x00007f87483d0000, 0x00007f874a1e8000)
 End Bits:   [0x00007f874a1e8000, 0x00007f874c000000)

Polling page: 0x00007f8767dde000

CodeCache: size=245760Kb used=2987Kb max_used=2987Kb free=242772Kb
 bounds [0x00007f8751000000, 0x00007f87512f0000, 0x00007f8760000000]
 total_blobs=1235 nmethods=769 adapters=380
 compilation: enabled

Compilation events (10 events):
Event: 8,179 Thread 0x00007f87600c9800  765   !   3       java.lang.ref.Finalizer::runFinalizer (62 bytes)
Event: 8,180 Thread 0x00007f87600c9800 nmethod 765 0x00007f87512e8ed0 code [0x00007f87512e90a0, 0x00007f87512e9918]
Event: 8,180 Thread 0x00007f87600c9800  766       3       java.lang.ref.Finalizer::hasBeenFinalized (14 bytes)
Event: 8,180 Thread 0x00007f87600c9800 nmethod 766 0x00007f87512e8b50 code [0x00007f87512e8cc0, 0x00007f87512e8e70]
Event: 8,180 Thread 0x00007f87600c9800  767   !   3       java.lang.ref.Finalizer::remove (94 bytes)
Event: 8,180 Thread 0x00007f87600c9800 nmethod 767 0x00007f87512e8390 code [0x00007f87512e8520, 0x00007f87512e89f0]
Event: 8,181 Thread 0x00007f87600c9800  768   !   3       java.lang.ref.ReferenceQueue::remove (125 bytes)
Event: 8,182 Thread 0x00007f87600c9800 nmethod 768 0x00007f87512ec490 code [0x00007f87512ec680, 0x00007f87512ecf38]
Event: 8,182 Thread 0x00007f87600c9800  769       3       java.util.zip.ZipFile$ZipFileInputStream::finalize (5 bytes)
Event: 8,182 Thread 0x00007f87600c9800 nmethod 769 0x00007f87512e8010 code [0x00007f87512e8180, 0x00007f87512e8308]

GC Heap History (10 events):
Event: 8,995 GC heap after
Heap after GC invocations=2 (full 0):
 PSYoungGen      total 36352K, used 3059K [0x00000000d7e00000, 0x00000000dc500000, 0x0000000100000000)
  eden space 31232K, 0% used [0x00000000d7e00000,0x00000000d7e00000,0x00000000d9c80000)
  from space 5120K, 59% used [0x00000000da180000,0x00000000da47ccc0,0x00000000da680000)
  to   space 5120K, 0% used [0x00000000d9c80000,0x00000000d9c80000,0x00000000da180000)
 ParOldGen       total 83456K, used 24K [0x0000000087a00000, 0x000000008cb80000, 0x00000000d7e00000)
  object space 83456K, 0% used [0x0000000087a00000,0x0000000087a06000,0x000000008cb80000)
 Metaspace       used 9226K, capacity 9626K, committed 9984K, reserved 1058816K
  class space    used 1263K, capacity 1410K, committed 1536K, reserved 1048576K
}
Event: 9,255 GC heap before
{Heap before GC invocations=3 (full 0):
 PSYoungGen      total 36352K, used 34291K [0x00000000d7e00000, 0x00000000dc500000, 0x0000000100000000)
  eden space 31232K, 100% used [0x00000000d7e00000,0x00000000d9c80000,0x00000000d9c80000)
  from space 5120K, 59% used [0x00000000da180000,0x00000000da47ccc0,0x00000000da680000)
  to   space 5120K, 0% used [0x00000000d9c80000,0x00000000d9c80000,0x00000000da180000)
 ParOldGen       total 83456K, used 24K [0x0000000087a00000, 0x000000008cb80000, 0x00000000d7e00000)
  object space 83456K, 0% used [0x0000000087a00000,0x0000000087a06000,0x000000008cb80000)
 Metaspace       used 9226K, capacity 9626K, committed 9984K, reserved 1058816K
  class space    used 1263K, capacity 1410K, committed 1536K, reserved 1048576K
Event: 9,404 GC heap after
Heap after GC invocations=3 (full 0):
 PSYoungGen      total 36352K, used 3044K [0x00000000d7e00000, 0x00000000dc500000, 0x0000000100000000)
  eden space 31232K, 0% used [0x00000000d7e00000,0x00000000d7e00000,0x00000000d9c80000)
  from space 5120K, 59% used [0x00000000d9c80000,0x00000000d9f79100,0x00000000da180000)
  to   space 5120K, 0% used [0x00000000dc000000,0x00000000dc000000,0x00000000dc500000)
 ParOldGen       total 83456K, used 24K [0x0000000087a00000, 0x000000008cb80000, 0x00000000d7e00000)
  object space 83456K, 0% used [0x0000000087a00000,0x0000000087a06000,0x000000008cb80000)
 Metaspace       used 9226K, capacity 9626K, committed 9984K, reserved 1058816K
  class space    used 1263K, capacity 1410K, committed 1536K, reserved 1048576K
}
Event: 9,585 GC heap before
{Heap before GC invocations=4 (full 0):
 PSYoungGen      total 36352K, used 34276K [0x00000000d7e00000, 0x00000000dc500000, 0x0000000100000000)
  eden space 31232K, 100% used [0x00000000d7e00000,0x00000000d9c80000,0x00000000d9c80000)
  from space 5120K, 59% used [0x00000000d9c80000,0x00000000d9f79100,0x00000000da180000)
  to   space 5120K, 0% used [0x00000000dc000000,0x00000000dc000000,0x00000000dc500000)
 ParOldGen       total 83456K, used 24K [0x0000000087a00000, 0x000000008cb80000, 0x00000000d7e00000)
  object space 83456K, 0% used [0x0000000087a00000,0x0000000087a06000,0x000000008cb80000)
 Metaspace       used 9226K, capacity 9626K, committed 9984K, reserved 1058816K
  class space    used 1263K, capacity 1410K, committed 1536K, reserved 1048576K
Event: 9,636 GC heap after
Heap after GC invocations=4 (full 0):
 PSYoungGen      total 67584K, used 3075K [0x00000000d7e00000, 0x00000000dc500000, 0x0000000100000000)
  eden space 62464K, 0% used [0x00000000d7e00000,0x00000000d7e00000,0x00000000dbb00000)
  from space 5120K, 60% used [0x00000000dc000000,0x00000000dc300ed8,0x00000000dc500000)
  to   space 5120K, 0% used [0x00000000dbb00000,0x00000000dbb00000,0x00000000dc000000)
 ParOldGen       total 83456K, used 24K [0x0000000087a00000, 0x000000008cb80000, 0x00000000d7e00000)
  object space 83456K, 0% used [0x0000000087a00000,0x0000000087a06000,0x000000008cb80000)
 Metaspace       used 9226K, capacity 9626K, committed 9984K, reserved 1058816K
  class space    used 1263K, capacity 1410K, committed 1536K, reserved 1048576K
}
Event: 10,232 GC heap before
{Heap before GC invocations=5 (full 0):
 PSYoungGen      total 67584K, used 65539K [0x00000000d7e00000, 0x00000000dc500000, 0x0000000100000000)
  eden space 62464K, 100% used [0x00000000d7e00000,0x00000000dbb00000,0x00000000dbb00000)
  from space 5120K, 60% used [0x00000000dc000000,0x00000000dc300ed8,0x00000000dc500000)
  to   space 5120K, 0% used [0x00000000dbb00000,0x00000000dbb00000,0x00000000dc000000)
 ParOldGen       total 83456K, used 24K [0x0000000087a00000, 0x000000008cb80000, 0x00000000d7e00000)
  object space 83456K, 0% used [0x0000000087a00000,0x0000000087a06000,0x000000008cb80000)
 Metaspace       used 9226K, capacity 9626K, committed 9984K, reserved 1058816K
  class space    used 1263K, capacity 1410K, committed 1536K, reserved 1048576K
Event: 10,267 GC heap after
Heap after GC invocations=5 (full 0):
 PSYoungGen      total 67584K, used 2996K [0x00000000d7e00000, 0x00000000dff00000, 0x0000000100000000)
  eden space 62464K, 0% used [0x00000000d7e00000,0x00000000d7e00000,0x00000000dbb00000)
  from space 5120K, 58% used [0x00000000dbb00000,0x00000000dbded0f0,0x00000000dc000000)
  to   space 3584K, 0% used [0x00000000dfb80000,0x00000000dfb80000,0x00000000dff00000)
 ParOldGen       total 83456K, used 24K [0x0000000087a00000, 0x000000008cb80000, 0x00000000d7e00000)
  object space 83456K, 0% used [0x0000000087a00000,0x0000000087a06000,0x000000008cb80000)
 Metaspace       used 9226K, capacity 9626K, committed 9984K, reserved 1058816K
  class space    used 1263K, capacity 1410K, committed 1536K, reserved 1048576K
}
Event: 10,601 GC heap before
{Heap before GC invocations=6 (full 0):
 PSYoungGen      total 67584K, used 65460K [0x00000000d7e00000, 0x00000000dff00000, 0x0000000100000000)
  eden space 62464K, 100% used [0x00000000d7e00000,0x00000000dbb00000,0x00000000dbb00000)
  from space 5120K, 58% used [0x00000000dbb00000,0x00000000dbded0f0,0x00000000dc000000)
  to   space 3584K, 0% used [0x00000000dfb80000,0x00000000dfb80000,0x00000000dff00000)
 ParOldGen       total 83456K, used 24K [0x0000000087a00000, 0x000000008cb80000, 0x00000000d7e00000)
  object space 83456K, 0% used [0x0000000087a00000,0x0000000087a06000,0x000000008cb80000)
 Metaspace       used 9226K, capacity 9626K, committed 9984K, reserved 1058816K
  class space    used 1263K, capacity 1410K, committed 1536K, reserved 1048576K
Event: 10,617 GC heap after
Heap after GC invocations=6 (full 0):
 PSYoungGen      total 128512K, used 2979K [0x00000000d7e00000, 0x00000000dff00000, 0x0000000100000000)
  eden space 124928K, 0% used [0x00000000d7e00000,0x00000000d7e00000,0x00000000df800000)
  from space 3584K, 83% used [0x00000000dfb80000,0x00000000dfe68ed8,0x00000000dff00000)
  to   space 3584K, 0% used [0x00000000df800000,0x00000000df800000,0x00000000dfb80000)
 ParOldGen       total 83456K, used 24K [0x0000000087a00000, 0x000000008cb80000, 0x00000000d7e00000)
  object space 83456K, 0% used [0x0000000087a00000,0x0000000087a06000,0x000000008cb80000)
 Metaspace       used 9226K, capacity 9626K, committed 9984K, reserved 1058816K
  class space    used 1263K, capacity 1410K, committed 1536K, reserved 1048576K
}
Event: 12,353 GC heap before
{Heap before GC invocations=7 (full 0):
 PSYoungGen      total 128512K, used 127907K [0x00000000d7e00000, 0x00000000dff00000, 0x0000000100000000)
  eden space 124928K, 100% used [0x00000000d7e00000,0x00000000df800000,0x00000000df800000)
  from space 3584K, 83% used [0x00000000dfb80000,0x00000000dfe68ed8,0x00000000dff00000)
  to   space 3584K, 0% used [0x00000000df800000,0x00000000df800000,0x00000000dfb80000)
 ParOldGen       total 83456K, used 24K [0x0000000087a00000, 0x000000008cb80000, 0x00000000d7e00000)
  object space 83456K, 0% used [0x0000000087a00000,0x0000000087a06000,0x000000008cb80000)
 Metaspace       used 9226K, capacity 9626K, committed 9984K, reserved 1058816K
  class space    used 1263K, capacity 1410K, committed 1536K, reserved 1048576K

Deoptimization events (3 events):
Event: 6,413 Thread 0x00007f8760273000 Uncommon trap: reason=unstable_if action=reinterpret pc=0x00007f87511af1c4 method=java.lang.String.replace(CC)Ljava/lang/String; @ 2
Event: 7,482 Thread 0x00007f8760273000 Uncommon trap: reason=unstable_if action=reinterpret pc=0x00007f8751272370 method=java.io.BufferedInputStream.read()I @ 8
Event: 7,580 Thread 0x00007f8760273000 Uncommon trap: reason=unstable_if action=reinterpret pc=0x00007f87512895a8 method=java.util.HashMap.getNode(ILjava/lang/Object;)Ljava/util/HashMap$Node; @ 84

Classes redefined (0 events):
No events

Internal exceptions (10 events):
Event: 0,244 Thread 0x00007f876000b000 Exception <a 'java/lang/NoSuchMethodError': Method sun.misc.Unsafe.prefetchRead(Ljava/lang/Object;J)V name or signature does not match> (0x00000000d7e07f98) thrown at [/HUDSON/workspace/8-2-build-linux-amd64/jdk8u191/11894/hotspot/src/share/vm/prims/jni.c
Event: 1,117 Thread 0x00007f876000b000 Exception <a 'java/lang/NoSuchFieldError': method resolution failed> (0x00000000d8002430) thrown at [/HUDSON/workspace/8-2-build-linux-amd64/jdk8u191/11894/hotspot/src/share/vm/prims/methodHandles.cpp, line 1167]
Event: 1,129 Thread 0x00007f876000b000 Exception <a 'java/lang/NoSuchFieldError': method resolution failed> (0x00000000d800f7b0) thrown at [/HUDSON/workspace/8-2-build-linux-amd64/jdk8u191/11894/hotspot/src/share/vm/prims/methodHandles.cpp, line 1167]
Event: 2,404 Thread 0x00007f876000b000 Exception <a 'java/security/PrivilegedActionException'> (0x00000000d8098eb8) thrown at [/HUDSON/workspace/8-2-build-linux-amd64/jdk8u191/11894/hotspot/src/share/vm/prims/jvm.cpp, line 1435]
Event: 2,404 Thread 0x00007f876000b000 Exception <a 'java/security/PrivilegedActionException'> (0x00000000d80990c8) thrown at [/HUDSON/workspace/8-2-build-linux-amd64/jdk8u191/11894/hotspot/src/share/vm/prims/jvm.cpp, line 1435]
Event: 2,409 Thread 0x00007f876000b000 Exception <a 'java/security/PrivilegedActionException'> (0x00000000d809b530) thrown at [/HUDSON/workspace/8-2-build-linux-amd64/jdk8u191/11894/hotspot/src/share/vm/prims/jvm.cpp, line 1435]
Event: 2,409 Thread 0x00007f876000b000 Exception <a 'java/security/PrivilegedActionException'> (0x00000000d809b740) thrown at [/HUDSON/workspace/8-2-build-linux-amd64/jdk8u191/11894/hotspot/src/share/vm/prims/jvm.cpp, line 1435]
Event: 2,411 Thread 0x00007f876000b000 Exception <a 'java/lang/NullPointerException'> (0x00000000d809bd18) thrown at [/HUDSON/workspace/8-2-build-linux-amd64/jdk8u191/11894/hotspot/src/share/vm/interpreter/linkResolver.cpp, line 1185]
Event: 6,952 Thread 0x00007f8760273000 Exception <a 'java/lang/NullPointerException'> (0x00000000d88f7c90) thrown at [/HUDSON/workspace/8-2-build-linux-amd64/jdk8u191/11894/hotspot/src/share/vm/interpreter/linkResolver.cpp, line 1185]
Event: 6,952 Thread 0x00007f8760273000 Exception <a 'java/lang/NullPointerException'> (0x00000000d88f7c90) thrown at [/HUDSON/workspace/8-2-build-linux-amd64/jdk8u191/11894/hotspot/src/share/vm/prims/jvm.cpp, line 1439]

Events (10 events):
Event: 9,036 Executing VM operation: ParallelGCFailedAllocation done
Event: 9,235 Executing VM operation: ParallelGCFailedAllocation
Event: 9,428 Executing VM operation: ParallelGCFailedAllocation done
Event: 9,585 Executing VM operation: ParallelGCFailedAllocation
Event: 9,768 Executing VM operation: ParallelGCFailedAllocation done
Event: 10,232 Executing VM operation: ParallelGCFailedAllocation
Event: 10,267 Executing VM operation: ParallelGCFailedAllocation done
Event: 10,601 Executing VM operation: ParallelGCFailedAllocation
Event: 10,617 Executing VM operation: ParallelGCFailedAllocation done
Event: 12,348 Executing VM operation: ParallelGCFailedAllocation


Dynamic libraries:
00400000-00401000 r-xp 00000000 103:05 2225208                           /usr/lib/jvm/java-8-oracle/bin/java
00600000-00601000 r--p 00000000 103:05 2225208                           /usr/lib/jvm/java-8-oracle/bin/java
00601000-00602000 rw-p 00001000 103:05 2225208                           /usr/lib/jvm/java-8-oracle/bin/java
024d2000-024f3000 rw-p 00000000 00:00 0                                  [heap]
87a00000-8cb80000 rw-p 00000000 00:00 0 
8cb80000-d7e00000 ---p 00000000 00:00 0 
d7e00000-dff00000 rw-p 00000000 00:00 0 
e7a00000-100000000 ---p 00000000 00:00 0 
100000000-100180000 rw-p 00000000 00:00 0 
100180000-140000000 ---p 00000000 00:00 0 
7f86e0000000-7f86e0112000 rw-p 00000000 00:00 0 
7f86e0112000-7f86e4000000 ---p 00000000 00:00 0 
7f86e4000000-7f86e4021000 rw-p 00000000 00:00 0 
7f86e4021000-7f86e8000000 ---p 00000000 00:00 0 
7f86e8000000-7f86e8021000 rw-p 00000000 00:00 0 
7f86e8021000-7f86ec000000 ---p 00000000 00:00 0 
7f86eed46000-7f86eed86000 rw-p 00000000 00:00 0 
7f86eed86000-7f86eef46000 ---p 00000000 00:00 0 
7f86eef46000-7f86eef49000 r-xp 00000000 103:05 2359792                   /usr/lib/jvm/java-8-oracle/jre/lib/amd64/libjavafx_font.so
7f86eef49000-7f86ef148000 ---p 00003000 103:05 2359792                   /usr/lib/jvm/java-8-oracle/jre/lib/amd64/libjavafx_font.so
7f86ef148000-7f86ef149000 r--p 00002000 103:05 2359792                   /usr/lib/jvm/java-8-oracle/jre/lib/amd64/libjavafx_font.so
7f86ef149000-7f86ef14a000 rw-p 00003000 103:05 2359792                   /usr/lib/jvm/java-8-oracle/jre/lib/amd64/libjavafx_font.so
7f86ef14a000-7f86ef186000 r-xp 00000000 103:05 1837158                   /lib/x86_64-linux-gnu/libnss_systemd.so.2
7f86ef186000-7f86ef385000 ---p 0003c000 103:05 1837158                   /lib/x86_64-linux-gnu/libnss_systemd.so.2
7f86ef385000-7f86ef388000 r--p 0003b000 103:05 1837158                   /lib/x86_64-linux-gnu/libnss_systemd.so.2
7f86ef388000-7f86ef389000 rw-p 0003e000 103:05 1837158                   /lib/x86_64-linux-gnu/libnss_systemd.so.2
7f86ef389000-7f86ef38c000 ---p 00000000 00:00 0 
7f86ef38c000-7f86ef48a000 rw-p 00000000 00:00 0 
7f86ef48a000-7f86ef491000 r-xp 00000000 103:05 2234446                   /usr/lib/x86_64-linux-gnu/libogg.so.0.8.2
7f86ef491000-7f86ef691000 ---p 00007000 103:05 2234446                   /usr/lib/x86_64-linux-gnu/libogg.so.0.8.2
7f86ef691000-7f86ef692000 r--p 00007000 103:05 2234446                   /usr/lib/x86_64-linux-gnu/libogg.so.0.8.2
7f86ef692000-7f86ef693000 rw-p 00008000 103:05 2234446                   /usr/lib/x86_64-linux-gnu/libogg.so.0.8.2
7f86ef693000-7f86ef6bd000 r-xp 00000000 103:05 2234754                   /usr/lib/x86_64-linux-gnu/libvorbis.so.0.4.8
7f86ef6bd000-7f86ef8bc000 ---p 0002a000 103:05 2234754                   /usr/lib/x86_64-linux-gnu/libvorbis.so.0.4.8
7f86ef8bc000-7f86ef8bd000 r--p 00029000 103:05 2234754                   /usr/lib/x86_64-linux-gnu/libvorbis.so.0.4.8
7f86ef8bd000-7f86ef8be000 rw-p 0002a000 103:05 2234754                   /usr/lib/x86_64-linux-gnu/libvorbis.so.0.4.8
7f86ef8be000-7f86ef8c7000 r-xp 00000000 103:05 2234345                   /usr/lib/x86_64-linux-gnu/libltdl.so.7.3.1
7f86ef8c7000-7f86efac6000 ---p 00009000 103:05 2234345                   /usr/lib/x86_64-linux-gnu/libltdl.so.7.3.1
7f86efac6000-7f86efac7000 r--p 00008000 103:05 2234345                   /usr/lib/x86_64-linux-gnu/libltdl.so.7.3.1
7f86efac7000-7f86efac8000 rw-p 00009000 103:05 2234345                   /usr/lib/x86_64-linux-gnu/libltdl.so.7.3.1
7f86efac8000-7f86efadd000 r-xp 00000000 103:05 2234679                   /usr/lib/x86_64-linux-gnu/libtdb.so.1.3.15
7f86efadd000-7f86efcdc000 ---p 00015000 103:05 2234679                   /usr/lib/x86_64-linux-gnu/libtdb.so.1.3.15
7f86efcdc000-7f86efcdd000 r--p 00014000 103:05 2234679                   /usr/lib/x86_64-linux-gnu/libtdb.so.1.3.15
7f86efcdd000-7f86efcde000 rw-p 00015000 103:05 2234679                   /usr/lib/x86_64-linux-gnu/libtdb.so.1.3.15
7f86efcde000-7f86efce5000 r-xp 00000000 103:05 2234758                   /usr/lib/x86_64-linux-gnu/libvorbisfile.so.3.3.7
7f86efce5000-7f86efee4000 ---p 00007000 103:05 2234758                   /usr/lib/x86_64-linux-gnu/libvorbisfile.so.3.3.7
7f86efee4000-7f86efee5000 r--p 00006000 103:05 2234758                   /usr/lib/x86_64-linux-gnu/libvorbisfile.so.3.3.7
7f86efee5000-7f86efee6000 rw-p 00007000 103:05 2234758                   /usr/lib/x86_64-linux-gnu/libvorbisfile.so.3.3.7
7f86efee6000-7f86efef6000 r-xp 00000000 103:05 2233802                   /usr/lib/x86_64-linux-gnu/libcanberra.so.0.2.5
7f86efef6000-7f86f00f6000 ---p 00010000 103:05 2233802                   /usr/lib/x86_64-linux-gnu/libcanberra.so.0.2.5
7f86f00f6000-7f86f00f7000 r--p 00010000 103:05 2233802                   /usr/lib/x86_64-linux-gnu/libcanberra.so.0.2.5
7f86f00f7000-7f86f00f8000 rw-p 00011000 103:05 2233802                   /usr/lib/x86_64-linux-gnu/libcanberra.so.0.2.5
7f86f00f8000-7f86f00fc000 r-xp 00000000 103:05 2224812                   /usr/lib/x86_64-linux-gnu/libcanberra-gtk.so.0.1.9
7f86f00fc000-7f86f02fb000 ---p 00004000 103:05 2224812                   /usr/lib/x86_64-linux-gnu/libcanberra-gtk.so.0.1.9
7f86f02fb000-7f86f02fc000 r--p 00003000 103:05 2224812                   /usr/lib/x86_64-linux-gnu/libcanberra-gtk.so.0.1.9
7f86f02fc000-7f86f02fd000 rw-p 00004000 103:05 2224812                   /usr/lib/x86_64-linux-gnu/libcanberra-gtk.so.0.1.9
7f86f02fd000-7f86f0302000 r-xp 00000000 103:05 2499481                   /usr/lib/x86_64-linux-gnu/gtk-2.0/modules/libcanberra-gtk-module.so
7f86f0302000-7f86f0502000 ---p 00005000 103:05 2499481                   /usr/lib/x86_64-linux-gnu/gtk-2.0/modules/libcanberra-gtk-module.so
7f86f0502000-7f86f0503000 r--p 00005000 103:05 2499481                   /usr/lib/x86_64-linux-gnu/gtk-2.0/modules/libcanberra-gtk-module.so
7f86f0503000-7f86f0504000 rw-p 00006000 103:05 2499481                   /usr/lib/x86_64-linux-gnu/gtk-2.0/modules/libcanberra-gtk-module.so
7f86f0504000-7f86f053e000 r-xp 00000000 103:05 2486368                   /usr/lib/x86_64-linux-gnu/gtk-2.0/2.10.0/engines/libmurrine.so
7f86f053e000-7f86f073e000 ---p 0003a000 103:05 2486368                   /usr/lib/x86_64-linux-gnu/gtk-2.0/2.10.0/engines/libmurrine.so
7f86f073e000-7f86f073f000 r--p 0003a000 103:05 2486368                   /usr/lib/x86_64-linux-gnu/gtk-2.0/2.10.0/engines/libmurrine.so
7f86f073f000-7f86f0740000 rw-p 0003b000 103:05 2486368                   /usr/lib/x86_64-linux-gnu/gtk-2.0/2.10.0/engines/libmurrine.so
7f86f0740000-7f86f0754000 r-xp 00000000 103:05 1837094                   /lib/x86_64-linux-gnu/libgpg-error.so.0.22.0
7f86f0754000-7f86f0953000 ---p 00014000 103:05 1837094                   /lib/x86_64-linux-gnu/libgpg-error.so.0.22.0
7f86f0953000-7f86f0954000 r--p 00013000 103:05 1837094                   /lib/x86_64-linux-gnu/libgpg-error.so.0.22.0
7f86f0954000-7f86f0955000 rw-p 00014000 103:05 1837094                   /lib/x86_64-linux-gnu/libgpg-error.so.0.22.0
7f86f0955000-7f86f0a69000 r-xp 00000000 103:05 1837092                   /lib/x86_64-linux-gnu/libgcrypt.so.20.2.1
7f86f0a69000-7f86f0c68000 ---p 00114000 103:05 1837092                   /lib/x86_64-linux-gnu/libgcrypt.so.20.2.1
7f86f0c68000-7f86f0c6a000 r--p 00113000 103:05 1837092                   /lib/x86_64-linux-gnu/libgcrypt.so.20.2.1
7f86f0c6a000-7f86f0c6f000 rw-p 00115000 103:05 1837092                   /lib/x86_64-linux-gnu/libgcrypt.so.20.2.1
7f86f0c6f000-7f86f0c70000 rw-p 00000000 00:00 0 
7f86f0c70000-7f86f0c8b000 r-xp 00000000 103:05 2234353                   /usr/lib/x86_64-linux-gnu/liblz4.so.1.7.1
7f86f0c8b000-7f86f0e8a000 ---p 0001b000 103:05 2234353                   /usr/lib/x86_64-linux-gnu/liblz4.so.1.7.1
7f86f0e8a000-7f86f0e8b000 r--p 0001a000 103:05 2234353                   /usr/lib/x86_64-linux-gnu/liblz4.so.1.7.1
7f86f0e8b000-7f86f0e8c000 rw-p 0001b000 103:05 2234353                   /usr/lib/x86_64-linux-gnu/liblz4.so.1.7.1
7f86f0e8c000-7f86f0eb0000 r-xp 00000000 103:05 1837113                   /lib/x86_64-linux-gnu/liblzma.so.5.2.2
7f86f0eb0000-7f86f10b0000 ---p 00024000 103:05 1837113                   /lib/x86_64-linux-gnu/liblzma.so.5.2.2
7f86f10b0000-7f86f10b1000 r--p 00024000 103:05 1837113                   /lib/x86_64-linux-gnu/liblzma.so.5.2.2
7f86f10b1000-7f86f10b2000 rw-p 00025000 103:05 1837113                   /lib/x86_64-linux-gnu/liblzma.so.5.2.2
7f86f10b2000-7f86f1132000 r-xp 00000000 103:05 1837207                   /lib/x86_64-linux-gnu/libsystemd.so.0.21.0
7f86f1132000-7f86f1331000 ---p 00080000 103:05 1837207                   /lib/x86_64-linux-gnu/libsystemd.so.0.21.0
7f86f1331000-7f86f1334000 r--p 0007f000 103:05 1837207                   /lib/x86_64-linux-gnu/libsystemd.so.0.21.0
7f86f1334000-7f86f1335000 rw-p 00082000 103:05 1837207                   /lib/x86_64-linux-gnu/libsystemd.so.0.21.0
7f86f1335000-7f86f1336000 rw-p 00000000 00:00 0 
7f86f1336000-7f86f1362000 r-xp 00000000 103:05 2233735                   /usr/lib/x86_64-linux-gnu/libatspi.so.0.0.1
7f86f1362000-7f86f1562000 ---p 0002c000 103:05 2233735                   /usr/lib/x86_64-linux-gnu/libatspi.so.0.0.1
7f86f1562000-7f86f1565000 r--p 0002c000 103:05 2233735                   /usr/lib/x86_64-linux-gnu/libatspi.so.0.0.1
7f86f1565000-7f86f1566000 rw-p 0002f000 103:05 2233735                   /usr/lib/x86_64-linux-gnu/libatspi.so.0.0.1
7f86f1566000-7f86f15b1000 r-xp 00000000 103:05 1837068                   /lib/x86_64-linux-gnu/libdbus-1.so.3.19.4
7f86f15b1000-7f86f17b1000 ---p 0004b000 103:05 1837068                   /lib/x86_64-linux-gnu/libdbus-1.so.3.19.4
7f86f17b1000-7f86f17b2000 r--p 0004b000 103:05 1837068                   /lib/x86_64-linux-gnu/libdbus-1.so.3.19.4
7f86f17b2000-7f86f17b3000 rw-p 0004c000 103:05 1837068                   /lib/x86_64-linux-gnu/libdbus-1.so.3.19.4
7f86f17b3000-7f86f17e1000 r-xp 00000000 103:05 2233733                   /usr/lib/x86_64-linux-gnu/libatk-bridge-2.0.so.0.0.0
7f86f17e1000-7f86f19e1000 ---p 0002e000 103:05 2233733                   /usr/lib/x86_64-linux-gnu/libatk-bridge-2.0.so.0.0.0
7f86f19e1000-7f86f19e2000 r--p 0002e000 103:05 2233733                   /usr/lib/x86_64-linux-gnu/libatk-bridge-2.0.so.0.0.0
7f86f19e2000-7f86f19e3000 rw-p 0002f000 103:05 2233733                   /usr/lib/x86_64-linux-gnu/libatk-bridge-2.0.so.0.0.0
7f86f19e3000-7f86f19e4000 rw-p 00000000 00:00 0 
7f86f19e4000-7f86f19e5000 r-xp 00000000 103:05 2486386                   /usr/lib/x86_64-linux-gnu/gtk-2.0/modules/libatk-bridge.so
7f86f19e5000-7f86f1be4000 ---p 00001000 103:05 2486386                   /usr/lib/x86_64-linux-gnu/gtk-2.0/modules/libatk-bridge.so
7f86f1be4000-7f86f1be5000 r--p 00000000 103:05 2486386                   /usr/lib/x86_64-linux-gnu/gtk-2.0/modules/libatk-bridge.so
7f86f1be5000-7f86f1be6000 rw-p 00001000 103:05 2486386                   /usr/lib/x86_64-linux-gnu/gtk-2.0/modules/libatk-bridge.so
7f86f1be6000-7f86f1bed000 r-xp 00000000 103:05 2234029                   /usr/lib/x86_64-linux-gnu/libgailutil.so.18.0.1
7f86f1bed000-7f86f1dec000 ---p 00007000 103:05 2234029                   /usr/lib/x86_64-linux-gnu/libgailutil.so.18.0.1
7f86f1dec000-7f86f1ded000 r--p 00006000 103:05 2234029                   /usr/lib/x86_64-linux-gnu/libgailutil.so.18.0.1
7f86f1ded000-7f86f1dee000 rw-p 00007000 103:05 2234029                   /usr/lib/x86_64-linux-gnu/libgailutil.so.18.0.1
7f86f1dee000-7f86f1e3b000 r-xp 00000000 103:05 2486388                   /usr/lib/x86_64-linux-gnu/gtk-2.0/modules/libgail.so
7f86f1e3b000-7f86f203b000 ---p 0004d000 103:05 2486388                   /usr/lib/x86_64-linux-gnu/gtk-2.0/modules/libgail.so
7f86f203b000-7f86f203c000 r--p 0004d000 103:05 2486388                   /usr/lib/x86_64-linux-gnu/gtk-2.0/modules/libgail.so
7f86f203c000-7f86f203e000 rw-p 0004e000 103:05 2486388                   /usr/lib/x86_64-linux-gnu/gtk-2.0/modules/libgail.so
7f86f203e000-7f86f2081000 r-xp 00000000 103:05 2359766                   /usr/lib/jvm/java-8-oracle/jre/lib/amd64/libglass.so
7f86f2081000-7f86f2281000 ---p 00043000 103:05 2359766                   /usr/lib/jvm/java-8-oracle/jre/lib/amd64/libglass.so
7f86f2281000-7f86f2283000 r--p 00043000 103:05 2359766                   /usr/lib/jvm/java-8-oracle/jre/lib/amd64/libglass.so
7f86f2283000-7f86f2284000 rw-p 00045000 103:05 2359766                   /usr/lib/jvm/java-8-oracle/jre/lib/amd64/libglass.so
7f86f2284000-7f86f2285000 rw-p 00000000 00:00 0 
7f86f2285000-7f86f228d000 r-xp 00000000 103:05 2234485                   /usr/lib/x86_64-linux-gnu/libpciaccess.so.0.11.1
7f86f228d000-7f86f248c000 ---p 00008000 103:05 2234485                   /usr/lib/x86_64-linux-gnu/libpciaccess.so.0.11.1
7f86f248c000-7f86f248d000 r--p 00007000 103:05 2234485                   /usr/lib/x86_64-linux-gnu/libpciaccess.so.0.11.1
7f86f248d000-7f86f248e000 rw-p 00008000 103:05 2234485                   /usr/lib/x86_64-linux-gnu/libpciaccess.so.0.11.1
7f86f248e000-7f86f24a5000 r-xp 00000000 103:05 1837090                   /lib/x86_64-linux-gnu/libgcc_s.so.1
7f86f24a5000-7f86f26a4000 ---p 00017000 103:05 1837090                   /lib/x86_64-linux-gnu/libgcc_s.so.1
7f86f26a4000-7f86f26a5000 r--p 00016000 103:05 1837090                   /lib/x86_64-linux-gnu/libgcc_s.so.1
7f86f26a5000-7f86f26a6000 rw-p 00017000 103:05 1837090                   /lib/x86_64-linux-gnu/libgcc_s.so.1
7f86f26a6000-7f86f2824000 r-xp 00000000 103:05 2234666                   /usr/lib/x86_64-linux-gnu/libstdc++.so.6.0.25
7f86f2824000-7f86f2a24000 ---p 0017e000 103:05 2234666                   /usr/lib/x86_64-linux-gnu/libstdc++.so.6.0.25
7f86f2a24000-7f86f2a2e000 r--p 0017e000 103:05 2234666                   /usr/lib/x86_64-linux-gnu/libstdc++.so.6.0.25
7f86f2a2e000-7f86f2a30000 rw-p 00188000 103:05 2234666                   /usr/lib/x86_64-linux-gnu/libstdc++.so.6.0.25
7f86f2a30000-7f86f2a34000 rw-p 00000000 00:00 0 
7f86f2a34000-7f86f2a3f000 r-xp 00000000 103:05 2233919                   /usr/lib/x86_64-linux-gnu/libdrm_radeon.so.1.0.1
7f86f2a3f000-7f86f2c3e000 ---p 0000b000 103:05 2233919                   /usr/lib/x86_64-linux-gnu/libdrm_radeon.so.1.0.1
7f86f2c3e000-7f86f2c3f000 r--p 0000a000 103:05 2233919                   /usr/lib/x86_64-linux-gnu/libdrm_radeon.so.1.0.1
7f86f2c3f000-7f86f2c40000 rw-p 0000b000 103:05 2233919                   /usr/lib/x86_64-linux-gnu/libdrm_radeon.so.1.0.1
7f86f2c40000-7f86f2c47000 r-xp 00000000 103:05 2233917                   /usr/lib/x86_64-linux-gnu/libdrm_nouveau.so.2.0.0
7f86f2c47000-7f86f2e46000 ---p 00007000 103:05 2233917                   /usr/lib/x86_64-linux-gnu/libdrm_nouveau.so.2.0.0
7f86f2e46000-7f86f2e47000 r--p 00006000 103:05 2233917                   /usr/lib/x86_64-linux-gnu/libdrm_nouveau.so.2.0.0
7f86f2e47000-7f86f2e48000 rw-p 00007000 103:05 2233917                   /usr/lib/x86_64-linux-gnu/libdrm_nouveau.so.2.0.0
7f86f2e48000-7f86f2e6a000 r-xp 00000000 103:05 2233915                   /usr/lib/x86_64-linux-gnu/libdrm_intel.so.1.0.0
7f86f2e6a000-7f86f3069000 ---p 00022000 103:05 2233915                   /usr/lib/x86_64-linux-gnu/libdrm_intel.so.1.0.0
7f86f3069000-7f86f306a000 r--p 00021000 103:05 2233915                   /usr/lib/x86_64-linux-gnu/libdrm_intel.so.1.0.0
7f86f306a000-7f86f306b000 rw-p 00022000 103:05 2233915                   /usr/lib/x86_64-linux-gnu/libdrm_intel.so.1.0.0
7f86f306b000-7f86f38ea000 r-xp 00000000 103:05 2359968                   /usr/lib/x86_64-linux-gnu/dri/i965_dri.so
7f86f38ea000-7f86f3aea000 ---p 0087f000 103:05 2359968                   /usr/lib/x86_64-linux-gnu/dri/i965_dri.so
7f86f3aea000-7f86f3b3a000 r--p 0087f000 103:05 2359968                   /usr/lib/x86_64-linux-gnu/dri/i965_dri.so
7f86f3b3a000-7f86f3b45000 rw-p 008cf000 103:05 2359968                   /usr/lib/x86_64-linux-gnu/dri/i965_dri.so
7f86f3b45000-7f86f3bea000 rw-p 00000000 00:00 0 
7f86f3bea000-7f86f3bfa000 r-xp 00000000 103:05 2233911                   /usr/lib/x86_64-linux-gnu/libdrm.so.2.4.0
7f86f3bfa000-7f86f3df9000 ---p 00010000 103:05 2233911                   /usr/lib/x86_64-linux-gnu/libdrm.so.2.4.0
7f86f3df9000-7f86f3dfa000 r--p 0000f000 103:05 2233911                   /usr/lib/x86_64-linux-gnu/libdrm.so.2.4.0
7f86f3dfa000-7f86f3dfb000 rw-p 00010000 103:05 2233911                   /usr/lib/x86_64-linux-gnu/libdrm.so.2.4.0
7f86f3dfb000-7f86f3dff000 r-xp 00000000 103:05 2234813                   /usr/lib/x86_64-linux-gnu/libxcb-dri2.so.0.0.0
7f86f3dff000-7f86f3ffe000 ---p 00004000 103:05 2234813                   /usr/lib/x86_64-linux-gnu/libxcb-dri2.so.0.0.0
7f86f3ffe000-7f86f3fff000 r--p 00003000 103:05 2234813                   /usr/lib/x86_64-linux-gnu/libxcb-dri2.so.0.0.0
7f86f3fff000-7f86f4000000 rw-p 00004000 103:05 2234813                   /usr/lib/x86_64-linux-gnu/libxcb-dri2.so.0.0.0
7f86f4000000-7f86f588b000 rw-p 00000000 00:00 0 
7f86f588b000-7f86f8000000 ---p 00000000 00:00 0 
7f86f80cf000-7f86f80e7000 r-xp 00000000 103:05 2234817                   /usr/lib/x86_64-linux-gnu/libxcb-glx.so.0.0.0
7f86f80e7000-7f86f82e7000 ---p 00018000 103:05 2234817                   /usr/lib/x86_64-linux-gnu/libxcb-glx.so.0.0.0
7f86f82e7000-7f86f82e9000 r--p 00018000 103:05 2234817                   /usr/lib/x86_64-linux-gnu/libxcb-glx.so.0.0.0
7f86f82e9000-7f86f82ea000 rw-p 0001a000 103:05 2234817                   /usr/lib/x86_64-linux-gnu/libxcb-glx.so.0.0.0
7f86f82ea000-7f86f82eb000 r-xp 00000000 103:05 2233639                   /usr/lib/x86_64-linux-gnu/libX11-xcb.so.1.0.0
7f86f82eb000-7f86f84ea000 ---p 00001000 103:05 2233639                   /usr/lib/x86_64-linux-gnu/libX11-xcb.so.1.0.0
7f86f84ea000-7f86f84eb000 r--p 00000000 103:05 2233639                   /usr/lib/x86_64-linux-gnu/libX11-xcb.so.1.0.0
7f86f84eb000-7f86f84ec000 rw-p 00001000 103:05 2233639                   /usr/lib/x86_64-linux-gnu/libX11-xcb.so.1.0.0
7f86f84ec000-7f86f8518000 r-xp 00000000 103:05 2234079                   /usr/lib/x86_64-linux-gnu/libglapi.so.0.0.0
7f86f8518000-7f86f8717000 ---p 0002c000 103:05 2234079                   /usr/lib/x86_64-linux-gnu/libglapi.so.0.0.0
7f86f8717000-7f86f871b000 r--p 0002b000 103:05 2234079                   /usr/lib/x86_64-linux-gnu/libglapi.so.0.0.0
7f86f871b000-7f86f871c000 rw-p 0002f000 103:05 2234079                   /usr/lib/x86_64-linux-gnu/libglapi.so.0.0.0
7f86f871c000-7f86f871d000 rw-p 00000000 00:00 0 
7f86f871d000-7f86f871e000 r-xp 00000000 103:05 2234865                   /usr/lib/x86_64-linux-gnu/libxshmfence.so.1.0.0
7f86f871e000-7f86f891d000 ---p 00001000 103:05 2234865                   /usr/lib/x86_64-linux-gnu/libxshmfence.so.1.0.0
7f86f891d000-7f86f891e000 r--p 00000000 103:05 2234865                   /usr/lib/x86_64-linux-gnu/libxshmfence.so.1.0.0
7f86f891e000-7f86f891f000 rw-p 00001000 103:05 2234865                   /usr/lib/x86_64-linux-gnu/libxshmfence.so.1.0.0
7f86f891f000-7f86f8924000 r-xp 00000000 103:05 2234839                   /usr/lib/x86_64-linux-gnu/libxcb-sync.so.1.0.0
7f86f8924000-7f86f8b24000 ---p 00005000 103:05 2234839                   /usr/lib/x86_64-linux-gnu/libxcb-sync.so.1.0.0
7f86f8b24000-7f86f8b25000 r--p 00005000 103:05 2234839                   /usr/lib/x86_64-linux-gnu/libxcb-sync.so.1.0.0
7f86f8b25000-7f86f8b26000 rw-p 00006000 103:05 2234839                   /usr/lib/x86_64-linux-gnu/libxcb-sync.so.1.0.0
7f86f8b26000-7f86f8b28000 r-xp 00000000 103:05 2234825                   /usr/lib/x86_64-linux-gnu/libxcb-present.so.0.0.0
7f86f8b28000-7f86f8d27000 ---p 00002000 103:05 2234825                   /usr/lib/x86_64-linux-gnu/libxcb-present.so.0.0.0
7f86f8d27000-7f86f8d28000 r--p 00001000 103:05 2234825                   /usr/lib/x86_64-linux-gnu/libxcb-present.so.0.0.0
7f86f8d28000-7f86f8d29000 rw-p 00002000 103:05 2234825                   /usr/lib/x86_64-linux-gnu/libxcb-present.so.0.0.0
7f86f8d29000-7f86f8d2c000 r-xp 00000000 103:05 2234815                   /usr/lib/x86_64-linux-gnu/libxcb-dri3.so.0.0.0
7f86f8d2c000-7f86f8f2b000 ---p 00003000 103:05 2234815                   /usr/lib/x86_64-linux-gnu/libxcb-dri3.so.0.0.0
7f86f8f2b000-7f86f8f2c000 r--p 00002000 103:05 2234815                   /usr/lib/x86_64-linux-gnu/libxcb-dri3.so.0.0.0
7f86f8f2c000-7f86f8f2d000 rw-p 00003000 103:05 2234815                   /usr/lib/x86_64-linux-gnu/libxcb-dri3.so.0.0.0
7f86f8f2d000-7f86f8f9d000 r-xp 00000000 103:05 2233605                   /usr/lib/x86_64-linux-gnu/libGLX_mesa.so.0.0.0
7f86f8f9d000-7f86f919c000 ---p 00070000 103:05 2233605                   /usr/lib/x86_64-linux-gnu/libGLX_mesa.so.0.0.0
7f86f919c000-7f86f919f000 r--p 0006f000 103:05 2233605                   /usr/lib/x86_64-linux-gnu/libGLX_mesa.so.0.0.0
7f86f919f000-7f86f91a0000 rw-p 00072000 103:05 2233605                   /usr/lib/x86_64-linux-gnu/libGLX_mesa.so.0.0.0
7f86f91a0000-7f86f91a1000 rw-p 00000000 00:00 0 
7f86f91a1000-7f86f91b4000 r-xp 00000000 103:05 1837049                   /lib/x86_64-linux-gnu/libbsd.so.0.8.7
7f86f91b4000-7f86f93b3000 ---p 00013000 103:05 1837049                   /lib/x86_64-linux-gnu/libbsd.so.0.8.7
7f86f93b3000-7f86f93b4000 r--p 00012000 103:05 1837049                   /lib/x86_64-linux-gnu/libbsd.so.0.8.7
7f86f93b4000-7f86f93b5000 rw-p 00013000 103:05 1837049                   /lib/x86_64-linux-gnu/libbsd.so.0.8.7
7f86f93b5000-7f86f93b6000 rw-p 00000000 00:00 0 
7f86f93b6000-7f86f93bc000 r-xp 00000000 103:05 1837221                   /lib/x86_64-linux-gnu/libuuid.so.1.3.0
7f86f93bc000-7f86f95bb000 ---p 00006000 103:05 1837221                   /lib/x86_64-linux-gnu/libuuid.so.1.3.0
7f86f95bb000-7f86f95bc000 r--p 00005000 103:05 1837221                   /lib/x86_64-linux-gnu/libuuid.so.1.3.0
7f86f95bc000-7f86f95bd000 rw-p 00006000 103:05 1837221                   /lib/x86_64-linux-gnu/libuuid.so.1.3.0
7f86f95bd000-7f86f95c3000 r-xp 00000000 103:05 2233873                   /usr/lib/x86_64-linux-gnu/libdatrie.so.1.3.3
7f86f95c3000-7f86f97c2000 ---p 00006000 103:05 2233873                   /usr/lib/x86_64-linux-gnu/libdatrie.so.1.3.3
7f86f97c2000-7f86f97c3000 r--p 00005000 103:05 2233873                   /usr/lib/x86_64-linux-gnu/libdatrie.so.1.3.3
7f86f97c3000-7f86f97c4000 rw-p 00006000 103:05 2233873                   /usr/lib/x86_64-linux-gnu/libdatrie.so.1.3.3
7f86f97c4000-7f86f97c9000 r-xp 00000000 103:05 2233656                   /usr/lib/x86_64-linux-gnu/libXdmcp.so.6.0.0
7f86f97c9000-7f86f99c8000 ---p 00005000 103:05 2233656                   /usr/lib/x86_64-linux-gnu/libXdmcp.so.6.0.0
7f86f99c8000-7f86f99c9000 r--p 00004000 103:05 2233656                   /usr/lib/x86_64-linux-gnu/libXdmcp.so.6.0.0
7f86f99c9000-7f86f99ca000 rw-p 00005000 103:05 2233656                   /usr/lib/x86_64-linux-gnu/libXdmcp.so.6.0.0
7f86f99ca000-7f86f99cc000 r-xp 00000000 103:05 2233645                   /usr/lib/x86_64-linux-gnu/libXau.so.6.0.0
7f86f99cc000-7f86f9bcc000 ---p 00002000 103:05 2233645                   /usr/lib/x86_64-linux-gnu/libXau.so.6.0.0
7f86f9bcc000-7f86f9bcd000 r--p 00002000 103:05 2233645                   /usr/lib/x86_64-linux-gnu/libXau.so.6.0.0
7f86f9bcd000-7f86f9bce000 rw-p 00003000 103:05 2233645                   /usr/lib/x86_64-linux-gnu/libXau.so.6.0.0
7f86f9bce000-7f86f9bf9000 r-xp 00000000 103:05 2234130                   /usr/lib/x86_64-linux-gnu/libgraphite2.so.3.0.1
7f86f9bf9000-7f86f9df8000 ---p 0002b000 103:05 2234130                   /usr/lib/x86_64-linux-gnu/libgraphite2.so.3.0.1
7f86f9df8000-7f86f9dfa000 r--p 0002a000 103:05 2234130                   /usr/lib/x86_64-linux-gnu/libgraphite2.so.3.0.1
7f86f9dfa000-7f86f9dfb000 rw-p 0002c000 103:05 2234130                   /usr/lib/x86_64-linux-gnu/libgraphite2.so.3.0.1
7f86f9dfb000-7f86f9e42000 r-xp 00000000 103:05 1837045                   /lib/x86_64-linux-gnu/libblkid.so.1.1.0
7f86f9e42000-7f86fa042000 ---p 00047000 103:05 1837045                   /lib/x86_64-linux-gnu/libblkid.so.1.1.0
7f86fa042000-7f86fa046000 r--p 00047000 103:05 1837045                   /lib/x86_64-linux-gnu/libblkid.so.1.1.0
7f86fa046000-7f86fa047000 rw-p 0004b000 103:05 1837045                   /lib/x86_64-linux-gnu/libblkid.so.1.1.0
7f86fa047000-7f86fa048000 rw-p 00000000 00:00 0 
7f86fa048000-7f86fa0b6000 r-xp 00000000 103:05 2233607                   /usr/lib/x86_64-linux-gnu/libGLdispatch.so.0.0.0
7f86fa0b6000-7f86fa2b5000 ---p 0006e000 103:05 2233607                   /usr/lib/x86_64-linux-gnu/libGLdispatch.so.0.0.0
7f86fa2b5000-7f86fa2dd000 r--p 0006d000 103:05 2233607                   /usr/lib/x86_64-linux-gnu/libGLdispatch.so.0.0.0
7f86fa2dd000-7f86fa2de000 rw-p 00095000 103:05 2233607                   /usr/lib/x86_64-linux-gnu/libGLdispatch.so.0.0.0
7f86fa2de000-7f86fa2fe000 rw-p 00000000 00:00 0 
7f86fa2fe000-7f86fa30e000 r-xp 00000000 103:05 2233602                   /usr/lib/x86_64-linux-gnu/libGLX.so.0.0.0
7f86fa30e000-7f86fa50d000 ---p 00010000 103:05 2233602                   /usr/lib/x86_64-linux-gnu/libGLX.so.0.0.0
7f86fa50d000-7f86fa50e000 r--p 0000f000 103:05 2233602                   /usr/lib/x86_64-linux-gnu/libGLX.so.0.0.0
7f86fa50e000-7f86fa50f000 rw-p 00010000 103:05 2233602                   /usr/lib/x86_64-linux-gnu/libGLX.so.0.0.0
7f86fa50f000-7f86fa52f000 rw-p 00000000 00:00 0 
7f86fa52f000-7f86fa59f000 r-xp 00000000 103:05 1837175                   /lib/x86_64-linux-gnu/libpcre.so.3.13.3
7f86fa59f000-7f86fa79f000 ---p 00070000 103:05 1837175                   /lib/x86_64-linux-gnu/libpcre.so.3.13.3
7f86fa79f000-7f86fa7a0000 r--p 00070000 103:05 1837175                   /lib/x86_64-linux-gnu/libpcre.so.3.13.3
7f86fa7a0000-7f86fa7a1000 rw-p 00071000 103:05 1837175                   /lib/x86_64-linux-gnu/libpcre.so.3.13.3
7f86fa7a1000-7f86fa7a8000 r-xp 00000000 103:05 2233987                   /usr/lib/x86_64-linux-gnu/libffi.so.6.0.4
7f86fa7a8000-7f86fa9a7000 ---p 00007000 103:05 2233987                   /usr/lib/x86_64-linux-gnu/libffi.so.6.0.4
7f86fa9a7000-7f86fa9a8000 r--p 00006000 103:05 2233987                   /usr/lib/x86_64-linux-gnu/libffi.so.6.0.4
7f86fa9a8000-7f86fa9a9000 rw-p 00007000 103:05 2233987                   /usr/lib/x86_64-linux-gnu/libffi.so.6.0.4
7f86fa9a9000-7f86fa9d8000 r-xp 00000000 103:05 1837083                   /lib/x86_64-linux-gnu/libexpat.so.1.6.7
7f86fa9d8000-7f86fabd8000 ---p 0002f000 103:05 1837083                   /lib/x86_64-linux-gnu/libexpat.so.1.6.7
7f86fabd8000-7f86fabda000 r--p 0002f000 103:05 1837083                   /lib/x86_64-linux-gnu/libexpat.so.1.6.7
7f86fabda000-7f86fabdb000 rw-p 00031000 103:05 1837083                   /lib/x86_64-linux-gnu/libexpat.so.1.6.7
7f86fabdb000-7f86fabe3000 r-xp 00000000 103:05 2234687                   /usr/lib/x86_64-linux-gnu/libthai.so.0.3.0
7f86fabe3000-7f86fade2000 ---p 00008000 103:05 2234687                   /usr/lib/x86_64-linux-gnu/libthai.so.0.3.0
7f86fade2000-7f86fade3000 r--p 00007000 103:05 2234687                   /usr/lib/x86_64-linux-gnu/libthai.so.0.3.0
7f86fade3000-7f86fade4000 rw-p 00008000 103:05 2234687                   /usr/lib/x86_64-linux-gnu/libthai.so.0.3.0
7f86fade4000-7f86fadf0000 r-xp 00000000 103:05 2234831                   /usr/lib/x86_64-linux-gnu/libxcb-render.so.0.0.0
7f86fadf0000-7f86fafef000 ---p 0000c000 103:05 2234831                   /usr/lib/x86_64-linux-gnu/libxcb-render.so.0.0.0
7f86fafef000-7f86faff0000 r--p 0000b000 103:05 2234831                   /usr/lib/x86_64-linux-gnu/libxcb-render.so.0.0.0
7f86faff0000-7f86faff1000 rw-p 0000c000 103:05 2234831                   /usr/lib/x86_64-linux-gnu/libxcb-render.so.0.0.0
7f86faff1000-7f86fb017000 r-xp 00000000 103:05 2234849                   /usr/lib/x86_64-linux-gnu/libxcb.so.1.1.0
7f86fb017000-7f86fb217000 ---p 00026000 103:05 2234849                   /usr/lib/x86_64-linux-gnu/libxcb.so.1.1.0
7f86fb217000-7f86fb218000 r--p 00026000 103:05 2234849                   /usr/lib/x86_64-linux-gnu/libxcb.so.1.1.0
7f86fb218000-7f86fb219000 rw-p 00027000 103:05 2234849                   /usr/lib/x86_64-linux-gnu/libxcb.so.1.1.0
7f86fb219000-7f86fb21b000 r-xp 00000000 103:05 2234837                   /usr/lib/x86_64-linux-gnu/libxcb-shm.so.0.0.0
7f86fb21b000-7f86fb41a000 ---p 00002000 103:05 2234837                   /usr/lib/x86_64-linux-gnu/libxcb-shm.so.0.0.0
7f86fb41a000-7f86fb41b000 r--p 00001000 103:05 2234837                   /usr/lib/x86_64-linux-gnu/libxcb-shm.so.0.0.0
7f86fb41b000-7f86fb41c000 rw-p 00002000 103:05 2234837                   /usr/lib/x86_64-linux-gnu/libxcb-shm.so.0.0.0
7f86fb41c000-7f86fb44d000 r-xp 00000000 103:05 2234509                   /usr/lib/x86_64-linux-gnu/libpng16.so.16.34.0
7f86fb44d000-7f86fb64c000 ---p 00031000 103:05 2234509                   /usr/lib/x86_64-linux-gnu/libpng16.so.16.34.0
7f86fb64c000-7f86fb64d000 r--p 00030000 103:05 2234509                   /usr/lib/x86_64-linux-gnu/libpng16.so.16.34.0
7f86fb64d000-7f86fb64e000 rw-p 00031000 103:05 2234509                   /usr/lib/x86_64-linux-gnu/libpng16.so.16.34.0
7f86fb64e000-7f86fb6eb000 r-xp 00000000 103:05 2234503                   /usr/lib/x86_64-linux-gnu/libpixman-1.so.0.34.0
7f86fb6eb000-7f86fb8ea000 ---p 0009d000 103:05 2234503                   /usr/lib/x86_64-linux-gnu/libpixman-1.so.0.34.0
7f86fb8ea000-7f86fb8f2000 r--p 0009c000 103:05 2234503                   /usr/lib/x86_64-linux-gnu/libpixman-1.so.0.34.0
7f86fb8f2000-7f86fb8f3000 rw-p 000a4000 103:05 2234503                   /usr/lib/x86_64-linux-gnu/libpixman-1.so.0.34.0
7f86fb8f3000-7f86fb98f000 r-xp 00000000 103:05 2234213                   /usr/lib/x86_64-linux-gnu/libharfbuzz.so.0.10702.0
7f86fb98f000-7f86fbb8f000 ---p 0009c000 103:05 2234213                   /usr/lib/x86_64-linux-gnu/libharfbuzz.so.0.10702.0
7f86fbb8f000-7f86fbb90000 r--p 0009c000 103:05 2234213                   /usr/lib/x86_64-linux-gnu/libharfbuzz.so.0.10702.0
7f86fbb90000-7f86fbb91000 rw-p 0009d000 103:05 2234213                   /usr/lib/x86_64-linux-gnu/libharfbuzz.so.0.10702.0
7f86fbb91000-7f86fbbe2000 r-xp 00000000 103:05 1837122                   /lib/x86_64-linux-gnu/libmount.so.1.1.0
7f86fbbe2000-7f86fbde1000 ---p 00051000 103:05 1837122                   /lib/x86_64-linux-gnu/libmount.so.1.1.0
7f86fbde1000-7f86fbde3000 r--p 00050000 103:05 1837122                   /lib/x86_64-linux-gnu/libmount.so.1.1.0
7f86fbde3000-7f86fbde4000 rw-p 00052000 103:05 1837122                   /lib/x86_64-linux-gnu/libmount.so.1.1.0
7f86fbde4000-7f86fbde5000 rw-p 00000000 00:00 0 
7f86fbde5000-7f86fbdfc000 r-xp 00000000 103:05 1837192                   /lib/x86_64-linux-gnu/libresolv-2.27.so
7f86fbdfc000-7f86fbffc000 ---p 00017000 103:05 1837192                   /lib/x86_64-linux-gnu/libresolv-2.27.so
7f86fbffc000-7f86fbffd000 r--p 00017000 103:05 1837192                   /lib/x86_64-linux-gnu/libresolv-2.27.so
7f86fbffd000-7f86fbffe000 rw-p 00018000 103:05 1837192                   /lib/x86_64-linux-gnu/libresolv-2.27.so
7f86fbffe000-7f86fc000000 rw-p 00000000 00:00 0 
7f86fc000000-7f86fc021000 rw-p 00000000 00:00 0 
7f86fc021000-7f8700000000 ---p 00000000 00:00 0 
7f8700000000-7f8700021000 rw-p 00000000 00:00 0 
7f8700021000-7f8704000000 ---p 00000000 00:00 0 
7f8704000000-7f870410a000 rw-p 00000000 00:00 0 
7f870410a000-7f8708000000 ---p 00000000 00:00 0 
7f8708000000-7f870820a000 rw-p 00000000 00:00 0 
7f870820a000-7f870c000000 ---p 00000000 00:00 0 
7f870c000000-7f870c190000 rw-p 00000000 00:00 0 
7f870c190000-7f8710000000 ---p 00000000 00:00 0 
7f8710000000-7f87100ca000 rw-p 00000000 00:00 0 
7f87100ca000-7f8714000000 ---p 00000000 00:00 0 
7f8714000000-7f8714021000 rw-p 00000000 00:00 0 
7f8714021000-7f8718000000 ---p 00000000 00:00 0 
7f8718000000-7f8718021000 rw-p 00000000 00:00 0 
7f8718021000-7f871c000000 ---p 00000000 00:00 0 
7f871c000000-7f871c29a000 rw-p 00000000 00:00 0 
7f871c29a000-7f8720000000 ---p 00000000 00:00 0 
7f8720000000-7f8720021000 rw-p 00000000 00:00 0 
7f8720021000-7f8724000000 ---p 00000000 00:00 0 
7f8724000000-7f8724021000 rw-p 00000000 00:00 0 
7f8724021000-7f8728000000 ---p 00000000 00:00 0 
7f8728000000-7f8728021000 rw-p 00000000 00:00 0 
7f8728021000-7f872c000000 ---p 00000000 00:00 0 
7f872c000000-7f872c021000 rw-p 00000000 00:00 0 
7f872c021000-7f8730000000 ---p 00000000 00:00 0 
7f8730000000-7f8730021000 rw-p 00000000 00:00 0 
7f8730021000-7f8734000000 ---p 00000000 00:00 0 
7f8734000000-7f8734021000 rw-p 00000000 00:00 0 
7f8734021000-7f8738000000 ---p 00000000 00:00 0 
7f87380e1000-7f87380e4000 ---p 00000000 00:00 0 
7f87380e4000-7f87381e2000 rw-p 00000000 00:00 0 
7f87381e2000-7f8738207000 r-xp 00000000 103:05 1837198                   /lib/x86_64-linux-gnu/libselinux.so.1
7f8738207000-7f8738406000 ---p 00025000 103:05 1837198                   /lib/x86_64-linux-gnu/libselinux.so.1
7f8738406000-7f8738407000 r--p 00024000 103:05 1837198                   /lib/x86_64-linux-gnu/libselinux.so.1
7f8738407000-7f8738408000 rw-p 00025000 103:05 1837198                   /lib/x86_64-linux-gnu/libselinux.so.1
7f8738408000-7f873840a000 rw-p 00000000 00:00 0 
7f873840a000-7f8738426000 r-xp 00000000 103:05 1837225                   /lib/x86_64-linux-gnu/libz.so.1.2.11
7f8738426000-7f8738625000 ---p 0001c000 103:05 1837225                   /lib/x86_64-linux-gnu/libz.so.1.2.11
7f8738625000-7f8738626000 r--p 0001b000 103:05 1837225                   /lib/x86_64-linux-gnu/libz.so.1.2.11
7f8738626000-7f8738627000 rw-p 0001c000 103:05 1837225                   /lib/x86_64-linux-gnu/libz.so.1.2.11
7f8738627000-7f8738638000 r-xp 00000000 103:05 2233658                   /usr/lib/x86_64-linux-gnu/libXext.so.6.4.0
7f8738638000-7f8738837000 ---p 00011000 103:05 2233658                   /usr/lib/x86_64-linux-gnu/libXext.so.6.4.0
7f8738837000-7f8738838000 r--p 00010000 103:05 2233658                   /usr/lib/x86_64-linux-gnu/libXext.so.6.4.0
7f8738838000-7f8738839000 rw-p 00011000 103:05 2233658                   /usr/lib/x86_64-linux-gnu/libXext.so.6.4.0
7f8738839000-7f873883b000 r-xp 00000000 103:05 2233654                   /usr/lib/x86_64-linux-gnu/libXdamage.so.1.1.0
7f873883b000-7f8738a3a000 ---p 00002000 103:05 2233654                   /usr/lib/x86_64-linux-gnu/libXdamage.so.1.1.0
7f8738a3a000-7f8738a3b000 r--p 00001000 103:05 2233654                   /usr/lib/x86_64-linux-gnu/libXdamage.so.1.1.0
7f8738a3b000-7f8738a3c000 rw-p 00002000 103:05 2233654                   /usr/lib/x86_64-linux-gnu/libXdamage.so.1.1.0
7f8738a3c000-7f8738a3e000 r-xp 00000000 103:05 2233650                   /usr/lib/x86_64-linux-gnu/libXcomposite.so.1.0.0
7f8738a3e000-7f8738c3d000 ---p 00002000 103:05 2233650                   /usr/lib/x86_64-linux-gnu/libXcomposite.so.1.0.0
7f8738c3d000-7f8738c3e000 r--p 00001000 103:05 2233650                   /usr/lib/x86_64-linux-gnu/libXcomposite.so.1.0.0
7f8738c3e000-7f8738c3f000 rw-p 00002000 103:05 2233650                   /usr/lib/x86_64-linux-gnu/libXcomposite.so.1.0.0
7f8738c3f000-7f8738c48000 r-xp 00000000 103:05 2233652                   /usr/lib/x86_64-linux-gnu/libXcursor.so.1.0.2
7f8738c48000-7f8738e47000 ---p 00009000 103:05 2233652                   /usr/lib/x86_64-linux-gnu/libXcursor.so.1.0.2
7f8738e47000-7f8738e48000 r--p 00008000 103:05 2233652                   /usr/lib/x86_64-linux-gnu/libXcursor.so.1.0.2
7f8738e48000-7f8738e49000 rw-p 00009000 103:05 2233652                   /usr/lib/x86_64-linux-gnu/libXcursor.so.1.0.2
7f8738e49000-7f8738e53000 r-xp 00000000 103:05 2233676                   /usr/lib/x86_64-linux-gnu/libXrandr.so.2.2.0
7f8738e53000-7f8739052000 ---p 0000a000 103:05 2233676                   /usr/lib/x86_64-linux-gnu/libXrandr.so.2.2.0
7f8739052000-7f8739053000 r--p 00009000 103:05 2233676                   /usr/lib/x86_64-linux-gnu/libXrandr.so.2.2.0
7f8739053000-7f8739054000 rw-p 0000a000 103:05 2233676                   /usr/lib/x86_64-linux-gnu/libXrandr.so.2.2.0
7f8739054000-7f8739063000 r-xp 00000000 103:05 2233666                   /usr/lib/x86_64-linux-gnu/libXi.so.6.1.0
7f8739063000-7f8739262000 ---p 0000f000 103:05 2233666                   /usr/lib/x86_64-linux-gnu/libXi.so.6.1.0
7f8739262000-7f8739263000 r--p 0000e000 103:05 2233666                   /usr/lib/x86_64-linux-gnu/libXi.so.6.1.0
7f8739263000-7f8739264000 rw-p 0000f000 103:05 2233666                   /usr/lib/x86_64-linux-gnu/libXi.so.6.1.0
7f8739264000-7f8739266000 r-xp 00000000 103:05 2233668                   /usr/lib/x86_64-linux-gnu/libXinerama.so.1.0.0
7f8739266000-7f8739465000 ---p 00002000 103:05 2233668                   /usr/lib/x86_64-linux-gnu/libXinerama.so.1.0.0
7f8739465000-7f8739466000 r--p 00001000 103:05 2233668                   /usr/lib/x86_64-linux-gnu/libXinerama.so.1.0.0
7f8739466000-7f8739467000 rw-p 00002000 103:05 2233668                   /usr/lib/x86_64-linux-gnu/libXinerama.so.1.0.0
7f8739467000-7f8739470000 r-xp 00000000 103:05 2233678                   /usr/lib/x86_64-linux-gnu/libXrender.so.1.3.0
7f8739470000-7f873966f000 ---p 00009000 103:05 2233678                   /usr/lib/x86_64-linux-gnu/libXrender.so.1.3.0
7f873966f000-7f8739670000 r--p 00008000 103:05 2233678                   /usr/lib/x86_64-linux-gnu/libXrender.so.1.3.0
7f8739670000-7f8739671000 rw-p 00009000 103:05 2233678                   /usr/lib/x86_64-linux-gnu/libXrender.so.1.3.0
7f8739671000-7f8739676000 r-xp 00000000 103:05 2233660                   /usr/lib/x86_64-linux-gnu/libXfixes.so.3.1.0
7f8739676000-7f8739875000 ---p 00005000 103:05 2233660                   /usr/lib/x86_64-linux-gnu/libXfixes.so.3.1.0
7f8739875000-7f8739876000 r--p 00004000 103:05 2233660                   /usr/lib/x86_64-linux-gnu/libXfixes.so.3.1.0
7f8739876000-7f8739877000 rw-p 00005000 103:05 2233660                   /usr/lib/x86_64-linux-gnu/libXfixes.so.3.1.0
7f8739877000-7f87398e8000 r-xp 00000000 103:05 2233596                   /usr/lib/x86_64-linux-gnu/libGL.so.1.0.0
7f87398e8000-7f8739ae7000 ---p 00071000 103:05 2233596                   /usr/lib/x86_64-linux-gnu/libGL.so.1.0.0
7f8739ae7000-7f8739b01000 r--p 00070000 103:05 2233596                   /usr/lib/x86_64-linux-gnu/libGL.so.1.0.0
7f8739b01000-7f8739b02000 rw-p 0008a000 103:05 2233596                   /usr/lib/x86_64-linux-gnu/libGL.so.1.0.0
7f8739b02000-7f8739b03000 rw-p 00000000 00:00 0 
7f8739b03000-7f8739b08000 r-xp 00000000 103:05 2233694                   /usr/lib/x86_64-linux-gnu/libXxf86vm.so.1.0.0
7f8739b08000-7f8739d07000 ---p 00005000 103:05 2233694                   /usr/lib/x86_64-linux-gnu/libXxf86vm.so.1.0.0
7f8739d07000-7f8739d08000 r--p 00004000 103:05 2233694                   /usr/lib/x86_64-linux-gnu/libXxf86vm.so.1.0.0
7f8739d08000-7f8739d09000 rw-p 00005000 103:05 2233694                   /usr/lib/x86_64-linux-gnu/libXxf86vm.so.1.0.0
7f8739d09000-7f8739e3d000 r-xp 00000000 103:05 2233641                   /usr/lib/x86_64-linux-gnu/libX11.so.6.3.0
7f8739e3d000-7f873a03d000 ---p 00134000 103:05 2233641                   /usr/lib/x86_64-linux-gnu/libX11.so.6.3.0
7f873a03d000-7f873a03e000 r--p 00134000 103:05 2233641                   /usr/lib/x86_64-linux-gnu/libX11.so.6.3.0
7f873a03e000-7f873a042000 rw-p 00135000 103:05 2233641                   /usr/lib/x86_64-linux-gnu/libX11.so.6.3.0
7f873a042000-7f873a047000 r-xp 00000000 103:05 2233684                   /usr/lib/x86_64-linux-gnu/libXtst.so.6.1.0
7f873a047000-7f873a246000 ---p 00005000 103:05 2233684                   /usr/lib/x86_64-linux-gnu/libXtst.so.6.1.0
7f873a246000-7f873a247000 r--p 00004000 103:05 2233684                   /usr/lib/x86_64-linux-gnu/libXtst.so.6.1.0
7f873a247000-7f873a248000 rw-p 00005000 103:05 2233684                   /usr/lib/x86_64-linux-gnu/libXtst.so.6.1.0
7f873a248000-7f873a35b000 r-xp 00000000 103:05 2234081                   /usr/lib/x86_64-linux-gnu/libglib-2.0.so.0.5600.1
7f873a35b000-7f873a55b000 ---p 00113000 103:05 2234081                   /usr/lib/x86_64-linux-gnu/libglib-2.0.so.0.5600.1
7f873a55b000-7f873a55c000 r--p 00113000 103:05 2234081                   /usr/lib/x86_64-linux-gnu/libglib-2.0.so.0.5600.1
7f873a55c000-7f873a55d000 rw-p 00114000 103:05 2234081                   /usr/lib/x86_64-linux-gnu/libglib-2.0.so.0.5600.1
7f873a55d000-7f873a55e000 rw-p 00000000 00:00 0 
7f873a55e000-7f873a55f000 r-xp 00000000 103:05 2234184                   /usr/lib/x86_64-linux-gnu/libgthread-2.0.so.0.5600.1
7f873a55f000-7f873a75e000 ---p 00001000 103:05 2234184                   /usr/lib/x86_64-linux-gnu/libgthread-2.0.so.0.5600.1
7f873a75e000-7f873a75f000 r--p 00000000 103:05 2234184                   /usr/lib/x86_64-linux-gnu/libgthread-2.0.so.0.5600.1
7f873a75f000-7f873a760000 rw-p 00001000 103:05 2234184                   /usr/lib/x86_64-linux-gnu/libgthread-2.0.so.0.5600.1
7f873a760000-7f873a763000 r-xp 00000000 103:05 2234085                   /usr/lib/x86_64-linux-gnu/libgmodule-2.0.so.0.5600.1
7f873a763000-7f873a962000 ---p 00003000 103:05 2234085                   /usr/lib/x86_64-linux-gnu/libgmodule-2.0.so.0.5600.1
7f873a962000-7f873a963000 r--p 00002000 103:05 2234085                   /usr/lib/x86_64-linux-gnu/libgmodule-2.0.so.0.5600.1
7f873a963000-7f873a964000 rw-p 00003000 103:05 2234085                   /usr/lib/x86_64-linux-gnu/libgmodule-2.0.so.0.5600.1
7f873a964000-7f873a9b6000 r-xp 00000000 103:05 2234109                   /usr/lib/x86_64-linux-gnu/libgobject-2.0.so.0.5600.1
7f873a9b6000-7f873abb6000 ---p 00052000 103:05 2234109                   /usr/lib/x86_64-linux-gnu/libgobject-2.0.so.0.5600.1
7f873abb6000-7f873abb7000 r--p 00052000 103:05 2234109                   /usr/lib/x86_64-linux-gnu/libgobject-2.0.so.0.5600.1
7f873abb7000-7f873abb8000 rw-p 00053000 103:05 2234109                   /usr/lib/x86_64-linux-gnu/libgobject-2.0.so.0.5600.1
7f873abb8000-7f873abf6000 r-xp 00000000 103:05 2234001                   /usr/lib/x86_64-linux-gnu/libfontconfig.so.1.10.1
7f873abf6000-7f873adf6000 ---p 0003e000 103:05 2234001                   /usr/lib/x86_64-linux-gnu/libfontconfig.so.1.10.1
7f873adf6000-7f873adf8000 r--p 0003e000 103:05 2234001                   /usr/lib/x86_64-linux-gnu/libfontconfig.so.1.10.1
7f873adf8000-7f873adfd000 rw-p 00040000 103:05 2234001                   /usr/lib/x86_64-linux-gnu/libfontconfig.so.1.10.1
7f873adfd000-7f873aeaa000 r-xp 00000000 103:05 2234019                   /usr/lib/x86_64-linux-gnu/libfreetype.so.6.15.0
7f873aeaa000-7f873b0a9000 ---p 000ad000 103:05 2234019                   /usr/lib/x86_64-linux-gnu/libfreetype.so.6.15.0
7f873b0a9000-7f873b0b0000 r--p 000ac000 103:05 2234019                   /usr/lib/x86_64-linux-gnu/libfreetype.so.6.15.0
7f873b0b0000-7f873b0b1000 rw-p 000b3000 103:05 2234019                   /usr/lib/x86_64-linux-gnu/libfreetype.so.6.15.0
7f873b0b1000-7f873b0fb000 r-xp 00000000 103:05 2234471                   /usr/lib/x86_64-linux-gnu/libpango-1.0.so.0.4000.14
7f873b0fb000-7f873b2fa000 ---p 0004a000 103:05 2234471                   /usr/lib/x86_64-linux-gnu/libpango-1.0.so.0.4000.14
7f873b2fa000-7f873b2fd000 r--p 00049000 103:05 2234471                   /usr/lib/x86_64-linux-gnu/libpango-1.0.so.0.4000.14
7f873b2fd000-7f873b2fe000 rw-p 0004c000 103:05 2234471                   /usr/lib/x86_64-linux-gnu/libpango-1.0.so.0.4000.14
7f873b2fe000-7f873b416000 r-xp 00000000 103:05 2233796                   /usr/lib/x86_64-linux-gnu/libcairo.so.2.11510.0
7f873b416000-7f873b615000 ---p 00118000 103:05 2233796                   /usr/lib/x86_64-linux-gnu/libcairo.so.2.11510.0
7f873b615000-7f873b618000 r--p 00117000 103:05 2233796                   /usr/lib/x86_64-linux-gnu/libcairo.so.2.11510.0
7f873b618000-7f873b61a000 rw-p 0011a000 103:05 2233796                   /usr/lib/x86_64-linux-gnu/libcairo.so.2.11510.0
7f873b61a000-7f873b61b000 rw-p 00000000 00:00 0 
7f873b61b000-7f873b627000 r-xp 00000000 103:05 2234473                   /usr/lib/x86_64-linux-gnu/libpangocairo-1.0.so.0.4000.14
7f873b627000-7f873b826000 ---p 0000c000 103:05 2234473                   /usr/lib/x86_64-linux-gnu/libpangocairo-1.0.so.0.4000.14
7f873b826000-7f873b827000 r--p 0000b000 103:05 2234473                   /usr/lib/x86_64-linux-gnu/libpangocairo-1.0.so.0.4000.14
7f873b827000-7f873b828000 rw-p 0000c000 103:05 2234473                   /usr/lib/x86_64-linux-gnu/libpangocairo-1.0.so.0.4000.14
7f873b828000-7f873b84a000 r-xp 00000000 103:05 2234057                   /usr/lib/x86_64-linux-gnu/libgdk_pixbuf-2.0.so.0.3611.0
7f873b84a000-7f873ba4a000 ---p 00022000 103:05 2234057                   /usr/lib/x86_64-linux-gnu/libgdk_pixbuf-2.0.so.0.3611.0
7f873ba4a000-7f873ba4b000 r--p 00022000 103:05 2234057                   /usr/lib/x86_64-linux-gnu/libgdk_pixbuf-2.0.so.0.3611.0
7f873ba4b000-7f873ba4c000 rw-p 00023000 103:05 2234057                   /usr/lib/x86_64-linux-gnu/libgdk_pixbuf-2.0.so.0.3611.0
7f873ba4c000-7f873ba60000 r-xp 00000000 103:05 2234475                   /usr/lib/x86_64-linux-gnu/libpangoft2-1.0.so.0.4000.14
7f873ba60000-7f873bc60000 ---p 00014000 103:05 2234475                   /usr/lib/x86_64-linux-gnu/libpangoft2-1.0.so.0.4000.14
7f873bc60000-7f873bc61000 r--p 00014000 103:05 2234475                   /usr/lib/x86_64-linux-gnu/libpangoft2-1.0.so.0.4000.14
7f873bc61000-7f873bc62000 rw-p 00015000 103:05 2234475                   /usr/lib/x86_64-linux-gnu/libpangoft2-1.0.so.0.4000.14
7f873bc62000-7f873bdf6000 r-xp 00000000 103:05 2234075                   /usr/lib/x86_64-linux-gnu/libgio-2.0.so.0.5600.1
7f873bdf6000-7f873bff6000 ---p 00194000 103:05 2234075                   /usr/lib/x86_64-linux-gnu/libgio-2.0.so.0.5600.1
7f873bff6000-7f873bffd000 r--p 00194000 103:05 2234075                   /usr/lib/x86_64-linux-gnu/libgio-2.0.so.0.5600.1
7f873bffd000-7f873bffe000 rw-p 0019b000 103:05 2234075                   /usr/lib/x86_64-linux-gnu/libgio-2.0.so.0.5600.1
7f873bffe000-7f873c000000 rw-p 00000000 00:00 0 
7f873c000000-7f873c021000 rw-p 00000000 00:00 0 
7f873c021000-7f8740000000 ---p 00000000 00:00 0 
7f8740051000-7f8740054000 ---p 00000000 00:00 0 
7f8740054000-7f8740152000 rw-p 00000000 00:00 0 
7f8740152000-7f8740174000 r-xp 00000000 103:05 2233731                   /usr/lib/x86_64-linux-gnu/libatk-1.0.so.0.22810.1
7f8740174000-7f8740374000 ---p 00022000 103:05 2233731                   /usr/lib/x86_64-linux-gnu/libatk-1.0.so.0.22810.1
7f8740374000-7f8740377000 r--p 00022000 103:05 2233731                   /usr/lib/x86_64-linux-gnu/libatk-1.0.so.0.22810.1
7f8740377000-7f8740378000 rw-p 00025000 103:05 2233731                   /usr/lib/x86_64-linux-gnu/libatk-1.0.so.0.22810.1
7f8740378000-7f8740428000 r-xp 00000000 103:05 2234055                   /usr/lib/x86_64-linux-gnu/libgdk-x11-2.0.so.0.2400.32
7f8740428000-7f8740627000 ---p 000b0000 103:05 2234055                   /usr/lib/x86_64-linux-gnu/libgdk-x11-2.0.so.0.2400.32
7f8740627000-7f874062b000 r--p 000af000 103:05 2234055                   /usr/lib/x86_64-linux-gnu/libgdk-x11-2.0.so.0.2400.32
7f874062b000-7f874062d000 rw-p 000b3000 103:05 2234055                   /usr/lib/x86_64-linux-gnu/libgdk-x11-2.0.so.0.2400.32
7f874062d000-7f8740a62000 r-xp 00000000 103:05 2234188                   /usr/lib/x86_64-linux-gnu/libgtk-x11-2.0.so.0.2400.32
7f8740a62000-7f8740c61000 ---p 00435000 103:05 2234188                   /usr/lib/x86_64-linux-gnu/libgtk-x11-2.0.so.0.2400.32
7f8740c61000-7f8740c68000 r--p 00434000 103:05 2234188                   /usr/lib/x86_64-linux-gnu/libgtk-x11-2.0.so.0.2400.32
7f8740c68000-7f8740c6c000 rw-p 0043b000 103:05 2234188                   /usr/lib/x86_64-linux-gnu/libgtk-x11-2.0.so.0.2400.32
7f8740c6c000-7f8740c6f000 rw-p 00000000 00:00 0 
7f8740c6f000-7f8740c7b000 r-xp 00000000 103:05 2359795                   /usr/lib/jvm/java-8-oracle/jre/lib/amd64/libprism_es2.so
7f8740c7b000-7f8740e7a000 ---p 0000c000 103:05 2359795                   /usr/lib/jvm/java-8-oracle/jre/lib/amd64/libprism_es2.so
7f8740e7a000-7f8740e7b000 r--p 0000b000 103:05 2359795                   /usr/lib/jvm/java-8-oracle/jre/lib/amd64/libprism_es2.so
7f8740e7b000-7f8740e7c000 rw-p 0000c000 103:05 2359795                   /usr/lib/jvm/java-8-oracle/jre/lib/amd64/libprism_es2.so
7f8740e7c000-7f8740e7f000 ---p 00000000 00:00 0 
7f8740e7f000-7f8740f7d000 rw-p 00000000 00:00 0 
7f8740f7d000-7f8741013000 r--s 0110e000 103:05 2499247                   /usr/lib/jvm/java-8-oracle/jre/lib/ext/jfxrt.jar
7f8741013000-7f8741014000 ---p 00000000 00:00 0 
7f8741014000-7f8741114000 rw-p 00000000 00:00 0 
7f8741114000-7f8741117000 ---p 00000000 00:00 0 
7f8741117000-7f8741215000 rw-p 00000000 00:00 0 
7f8741215000-7f8741216000 ---p 00000000 00:00 0 
7f8741216000-7f8741219000 ---p 00000000 00:00 0 
7f8741219000-7f8741316000 rw-p 00000000 00:00 0 
7f8741316000-7f8741317000 ---p 00000000 00:00 0 
7f8741317000-7f874131a000 ---p 00000000 00:00 0 
7f874131a000-7f8741417000 rw-p 00000000 00:00 0 
7f8741417000-7f8741418000 ---p 00000000 00:00 0 
7f8741418000-7f874141b000 ---p 00000000 00:00 0 
7f874141b000-7f8741518000 rw-p 00000000 00:00 0 
7f8741518000-7f8741519000 ---p 00000000 00:00 0 
7f8741519000-7f874151c000 ---p 00000000 00:00 0 
7f874151c000-7f8741619000 rw-p 00000000 00:00 0 
7f8741619000-7f874161c000 ---p 00000000 00:00 0 
7f874161c000-7f874171a000 rw-p 00000000 00:00 0 
7f874171a000-7f87420e9000 r--p 00000000 103:05 2230922                   /usr/lib/locale/locale-archive
7f87420e9000-7f87420ec000 ---p 00000000 00:00 0 
7f87420ec000-7f87421ea000 rw-p 00000000 00:00 0 
7f87421ea000-7f87421ed000 ---p 00000000 00:00 0 
7f87421ed000-7f87422eb000 rw-p 00000000 00:00 0 
7f87422eb000-7f87422ec000 ---p 00000000 00:00 0 
7f87422ec000-7f8744000000 rw-p 00000000 00:00 0 
7f8744000000-7f8744021000 rw-p 00000000 00:00 0 
7f8744021000-7f8748000000 ---p 00000000 00:00 0 
7f874808b000-7f874c000000 rw-p 00000000 00:00 0 
7f874c000000-7f874c021000 rw-p 00000000 00:00 0 
7f874c021000-7f8750000000 ---p 00000000 00:00 0 
7f875001e000-7f87504e8000 rw-p 00000000 00:00 0 
7f87504e8000-7f87506c2000 r--s 03d6c000 103:05 2359722                   /usr/lib/jvm/java-8-oracle/jre/lib/rt.jar
7f87506c2000-7f8750afb000 rw-p 00000000 00:00 0 
7f8750afb000-7f8750afc000 ---p 00000000 00:00 0 
7f8750afc000-7f8750bfc000 rw-p 00000000 00:00 0 
7f8750bfc000-7f8750bfd000 ---p 00000000 00:00 0 
7f8750bfd000-7f8750cfd000 rw-p 00000000 00:00 0 
7f8750cfd000-7f8750cfe000 ---p 00000000 00:00 0 
7f8750cfe000-7f8750dfe000 rw-p 00000000 00:00 0 
7f8750dfe000-7f8750dff000 ---p 00000000 00:00 0 
7f8750dff000-7f8750eff000 rw-p 00000000 00:00 0 
7f8750eff000-7f8750f00000 ---p 00000000 00:00 0 
7f8750f00000-7f8751000000 rw-p 00000000 00:00 0 
7f8751000000-7f87512f0000 rwxp 00000000 00:00 0 
7f87512f0000-7f8760000000 ---p 00000000 00:00 0 
7f8760000000-7f87603e2000 rw-p 00000000 00:00 0 
7f87603e2000-7f8764000000 ---p 00000000 00:00 0 
7f876400e000-7f876405d000 rw-p 00000000 00:00 0 
7f876405d000-7f876405e000 ---p 00000000 00:00 0 
7f876405e000-7f876415e000 rw-p 00000000 00:00 0 
7f876415e000-7f876415f000 ---p 00000000 00:00 0 
7f876415f000-7f876425f000 rw-p 00000000 00:00 0 
7f876425f000-7f8764260000 ---p 00000000 00:00 0 
7f8764260000-7f8764389000 rw-p 00000000 00:00 0 
7f8764389000-7f87645e2000 ---p 00000000 00:00 0 
7f87645e2000-7f876460b000 rw-p 00000000 00:00 0 
7f876460b000-7f8764864000 ---p 00000000 00:00 0 
7f8764864000-7f87648a5000 rw-p 00000000 00:00 0 
7f87648a5000-7f87649a5000 ---p 00000000 00:00 0 
7f87649a5000-7f87649b2000 rw-p 00000000 00:00 0 
7f87649b2000-7f8764d66000 ---p 00000000 00:00 0 
7f8764d66000-7f8764d80000 r-xp 00000000 103:05 2359787                   /usr/lib/jvm/java-8-oracle/jre/lib/amd64/libzip.so
7f8764d80000-7f8764f80000 ---p 0001a000 103:05 2359787                   /usr/lib/jvm/java-8-oracle/jre/lib/amd64/libzip.so
7f8764f80000-7f8764f81000 r--p 0001a000 103:05 2359787                   /usr/lib/jvm/java-8-oracle/jre/lib/amd64/libzip.so
7f8764f81000-7f8764f82000 rw-p 0001b000 103:05 2359787                   /usr/lib/jvm/java-8-oracle/jre/lib/amd64/libzip.so
7f8764f82000-7f8764f8d000 r-xp 00000000 103:05 1837143                   /lib/x86_64-linux-gnu/libnss_files-2.27.so
7f8764f8d000-7f876518c000 ---p 0000b000 103:05 1837143                   /lib/x86_64-linux-gnu/libnss_files-2.27.so
7f876518c000-7f876518d000 r--p 0000a000 103:05 1837143                   /lib/x86_64-linux-gnu/libnss_files-2.27.so
7f876518d000-7f876518e000 rw-p 0000b000 103:05 1837143                   /lib/x86_64-linux-gnu/libnss_files-2.27.so
7f876518e000-7f8765194000 rw-p 00000000 00:00 0 
7f8765194000-7f87651ab000 r-xp 00000000 103:05 1837137                   /lib/x86_64-linux-gnu/libnsl-2.27.so
7f87651ab000-7f87653aa000 ---p 00017000 103:05 1837137                   /lib/x86_64-linux-gnu/libnsl-2.27.so
7f87653aa000-7f87653ab000 r--p 00016000 103:05 1837137                   /lib/x86_64-linux-gnu/libnsl-2.27.so
7f87653ab000-7f87653ac000 rw-p 00017000 103:05 1837137                   /lib/x86_64-linux-gnu/libnsl-2.27.so
7f87653ac000-7f87653ae000 rw-p 00000000 00:00 0 
7f87653ae000-7f87653b9000 r-xp 00000000 103:05 1837154                   /lib/x86_64-linux-gnu/libnss_nis-2.27.so
7f87653b9000-7f87655b8000 ---p 0000b000 103:05 1837154                   /lib/x86_64-linux-gnu/libnss_nis-2.27.so
7f87655b8000-7f87655b9000 r--p 0000a000 103:05 1837154                   /lib/x86_64-linux-gnu/libnss_nis-2.27.so
7f87655b9000-7f87655ba000 rw-p 0000b000 103:05 1837154                   /lib/x86_64-linux-gnu/libnss_nis-2.27.so
7f87655ba000-7f87655c2000 r-xp 00000000 103:05 1837139                   /lib/x86_64-linux-gnu/libnss_compat-2.27.so
7f87655c2000-7f87657c2000 ---p 00008000 103:05 1837139                   /lib/x86_64-linux-gnu/libnss_compat-2.27.so
7f87657c2000-7f87657c3000 r--p 00008000 103:05 1837139                   /lib/x86_64-linux-gnu/libnss_compat-2.27.so
7f87657c3000-7f87657c4000 rw-p 00009000 103:05 1837139                   /lib/x86_64-linux-gnu/libnss_compat-2.27.so
7f87657c4000-7f87657f1000 r-xp 00000000 103:05 2359781                   /usr/lib/jvm/java-8-oracle/jre/lib/amd64/libjava.so
7f87657f1000-7f87659f0000 ---p 0002d000 103:05 2359781                   /usr/lib/jvm/java-8-oracle/jre/lib/amd64/libjava.so
7f87659f0000-7f87659f1000 r--p 0002c000 103:05 2359781                   /usr/lib/jvm/java-8-oracle/jre/lib/amd64/libjava.so
7f87659f1000-7f87659f3000 rw-p 0002d000 103:05 2359781                   /usr/lib/jvm/java-8-oracle/jre/lib/amd64/libjava.so
7f87659f3000-7f8765a00000 r-xp 00000000 103:05 2359786                   /usr/lib/jvm/java-8-oracle/jre/lib/amd64/libverify.so
7f8765a00000-7f8765bff000 ---p 0000d000 103:05 2359786                   /usr/lib/jvm/java-8-oracle/jre/lib/amd64/libverify.so
7f8765bff000-7f8765c01000 r--p 0000c000 103:05 2359786                   /usr/lib/jvm/java-8-oracle/jre/lib/amd64/libverify.so
7f8765c01000-7f8765c02000 rw-p 0000e000 103:05 2359786                   /usr/lib/jvm/java-8-oracle/jre/lib/amd64/libverify.so
7f8765c02000-7f8765c09000 r-xp 00000000 103:05 1837194                   /lib/x86_64-linux-gnu/librt-2.27.so
7f8765c09000-7f8765e08000 ---p 00007000 103:05 1837194                   /lib/x86_64-linux-gnu/librt-2.27.so
7f8765e08000-7f8765e09000 r--p 00006000 103:05 1837194                   /lib/x86_64-linux-gnu/librt-2.27.so
7f8765e09000-7f8765e0a000 rw-p 00007000 103:05 1837194                   /lib/x86_64-linux-gnu/librt-2.27.so
7f8765e0a000-7f8765fa7000 r-xp 00000000 103:05 1837116                   /lib/x86_64-linux-gnu/libm-2.27.so
7f8765fa7000-7f87661a6000 ---p 0019d000 103:05 1837116                   /lib/x86_64-linux-gnu/libm-2.27.so
7f87661a6000-7f87661a7000 r--p 0019c000 103:05 1837116                   /lib/x86_64-linux-gnu/libm-2.27.so
7f87661a7000-7f87661a8000 rw-p 0019d000 103:05 1837116                   /lib/x86_64-linux-gnu/libm-2.27.so
7f87661a8000-7f8766e8a000 r-xp 00000000 103:05 393024                    /usr/lib/jvm/java-8-oracle/jre/lib/amd64/server/libjvm.so
7f8766e8a000-7f876708a000 ---p 00ce2000 103:05 393024                    /usr/lib/jvm/java-8-oracle/jre/lib/amd64/server/libjvm.so
7f876708a000-7f8767120000 r--p 00ce2000 103:05 393024                    /usr/lib/jvm/java-8-oracle/jre/lib/amd64/server/libjvm.so
7f8767120000-7f8767151000 rw-p 00d78000 103:05 393024                    /usr/lib/jvm/java-8-oracle/jre/lib/amd64/server/libjvm.so
7f8767151000-7f876718c000 rw-p 00000000 00:00 0 
7f876718c000-7f8767373000 r-xp 00000000 103:05 1837053                   /lib/x86_64-linux-gnu/libc-2.27.so
7f8767373000-7f8767573000 ---p 001e7000 103:05 1837053                   /lib/x86_64-linux-gnu/libc-2.27.so
7f8767573000-7f8767577000 r--p 001e7000 103:05 1837053                   /lib/x86_64-linux-gnu/libc-2.27.so
7f8767577000-7f8767579000 rw-p 001eb000 103:05 1837053                   /lib/x86_64-linux-gnu/libc-2.27.so
7f8767579000-7f876757d000 rw-p 00000000 00:00 0 
7f876757d000-7f8767580000 r-xp 00000000 103:05 1837076                   /lib/x86_64-linux-gnu/libdl-2.27.so
7f8767580000-7f876777f000 ---p 00003000 103:05 1837076                   /lib/x86_64-linux-gnu/libdl-2.27.so
7f876777f000-7f8767780000 r--p 00002000 103:05 1837076                   /lib/x86_64-linux-gnu/libdl-2.27.so
7f8767780000-7f8767781000 rw-p 00003000 103:05 1837076                   /lib/x86_64-linux-gnu/libdl-2.27.so
7f8767781000-7f8767798000 r-xp 00000000 103:05 2354770                   /usr/lib/jvm/java-8-oracle/lib/amd64/jli/libjli.so
7f8767798000-7f8767997000 ---p 00017000 103:05 2354770                   /usr/lib/jvm/java-8-oracle/lib/amd64/jli/libjli.so
7f8767997000-7f8767998000 r--p 00016000 103:05 2354770                   /usr/lib/jvm/java-8-oracle/lib/amd64/jli/libjli.so
7f8767998000-7f8767999000 rw-p 00017000 103:05 2354770                   /usr/lib/jvm/java-8-oracle/lib/amd64/jli/libjli.so
7f8767999000-7f87679b3000 r-xp 00000000 103:05 1837186                   /lib/x86_64-linux-gnu/libpthread-2.27.so
7f87679b3000-7f8767bb2000 ---p 0001a000 103:05 1837186                   /lib/x86_64-linux-gnu/libpthread-2.27.so
7f8767bb2000-7f8767bb3000 r--p 00019000 103:05 1837186                   /lib/x86_64-linux-gnu/libpthread-2.27.so
7f8767bb3000-7f8767bb4000 rw-p 0001a000 103:05 1837186                   /lib/x86_64-linux-gnu/libpthread-2.27.so
7f8767bb4000-7f8767bb8000 rw-p 00000000 00:00 0 
7f8767bb8000-7f8767bdf000 r-xp 00000000 103:05 1837025                   /lib/x86_64-linux-gnu/ld-2.27.so
7f8767bdf000-7f8767be4000 rw-s 00000000 00:19 1347                       /i915 (deleted)
7f8767be4000-7f8767be8000 rw-s 00000000 00:19 1284                       /i915 (deleted)
7f8767be8000-7f8767bec000 rw-s 00000000 00:19 1281                       /i915 (deleted)
7f8767bec000-7f8767bf1000 rw-s 00000000 00:19 1280                       /i915 (deleted)
7f8767bf1000-7f8767bf6000 rw-s 00000000 00:19 880                        /i915 (deleted)
7f8767bf6000-7f8767bfa000 rw-s 00000000 00:19 820                        /i915 (deleted)
7f8767bfa000-7f8767bfe000 rw-s 00000000 00:19 809                        /i915 (deleted)
7f8767bfe000-7f8767cc8000 rw-p 00000000 00:00 0 
7f8767cc8000-7f8767cc9000 ---p 00000000 00:00 0 
7f8767cc9000-7f8767ccc000 ---p 00000000 00:00 0 
7f8767ccc000-7f8767dcd000 rw-p 00000000 00:00 0 
7f8767dce000-7f8767dcf000 rw-s 00000000 00:05 76379                      /memfd:xshmfence (deleted)
7f8767dcf000-7f8767dd0000 rwxp 00000000 00:00 0 
7f8767dd0000-7f8767dd5000 rw-s 00000000 00:19 799                        /i915 (deleted)
7f8767dd5000-7f8767ddd000 rw-s 00000000 103:05 1182727                   /tmp/hsperfdata_scp/8850
7f8767ddd000-7f8767dde000 rw-p 00000000 00:00 0 
7f8767dde000-7f8767ddf000 ---p 00000000 00:00 0 
7f8767ddf000-7f8767de0000 r--p 00027000 103:05 1837025                   /lib/x86_64-linux-gnu/ld-2.27.so
7f8767de0000-7f8767de1000 rw-p 00028000 103:05 1837025                   /lib/x86_64-linux-gnu/ld-2.27.so
7f8767de1000-7f8767de2000 rw-p 00000000 00:00 0 
7ffec2381000-7ffec23a2000 rw-p 00000000 00:00 0                          [stack]
7ffec23f6000-7ffec23f9000 r--p 00000000 00:00 0                          [vvar]
7ffec23f9000-7ffec23fb000 r-xp 00000000 00:00 0                          [vdso]
ffffffffff600000-ffffffffff601000 r-xp 00000000 00:00 0                  [vsyscall]

VM Arguments:
jvm_args: -Dfile.encoding=UTF-8 
java_command: game.frontend.GameApp
java_class_path (initial): /home/scp/candyCrush/bin
Launcher Type: SUN_STANDARD

Environment Variables:
JAVA_HOME=/usr/lib/jvm/java-8-oracle
PATH=/usr/local/sbin:/usr/local/bin:/usr/sbin:/usr/bin:/sbin:/bin:/usr/games:/usr/local/games:/snap/bin:/usr/lib/jvm/java-8-oracle/bin:/usr/lib/jvm/java-8-oracle/db/bin:/usr/lib/jvm/java-8-oracle/jre/bin
USERNAME=scp
SHELL=/bin/bash
DISPLAY=:0

Signal Handlers:
SIGSEGV: [libjvm.so+0xaced60], sa_mask[0]=11111111011111111101111111111110, sa_flags=SA_RESTART|SA_SIGINFO
SIGBUS: [libjvm.so+0xaced60], sa_mask[0]=11111111011111111101111111111110, sa_flags=SA_RESTART|SA_SIGINFO
SIGFPE: [libjvm.so+0x907ca0], sa_mask[0]=11111111011111111101111111111110, sa_flags=SA_RESTART|SA_SIGINFO
SIGPIPE: SIG_IGN, sa_mask[0]=00000000000010000000000000000000, sa_flags=SA_RESTART
SIGXFSZ: [libjvm.so+0x907ca0], sa_mask[0]=11111111011111111101111111111110, sa_flags=SA_RESTART|SA_SIGINFO
SIGILL: [libjvm.so+0x907ca0], sa_mask[0]=11111111011111111101111111111110, sa_flags=SA_RESTART|SA_SIGINFO
SIGUSR1: SIG_DFL, sa_mask[0]=00000000000000000000000000000000, sa_flags=none
SIGUSR2: [libjvm.so+0x907b70], sa_mask[0]=00100000000000000000000000000000, sa_flags=SA_RESTART|SA_SIGINFO
SIGHUP: [libjvm.so+0x908190], sa_mask[0]=11111111011111111101111111111110, sa_flags=SA_RESTART|SA_SIGINFO
SIGINT: [libjvm.so+0x908190], sa_mask[0]=11111111011111111101111111111110, sa_flags=SA_RESTART|SA_SIGINFO
SIGTERM: [libjvm.so+0x908190], sa_mask[0]=11111111011111111101111111111110, sa_flags=SA_RESTART|SA_SIGINFO
SIGQUIT: [libjvm.so+0x908190], sa_mask[0]=11111111011111111101111111111110, sa_flags=SA_RESTART|SA_SIGINFO


---------------  S Y S T E M  ---------------

OS:DISTRIB_ID=Ubuntu
DISTRIB_RELEASE=18.04
DISTRIB_CODENAME=bionic
DISTRIB_DESCRIPTION="Ubuntu 18.04.1 LTS"

uname:Linux 4.15.0-42-generic #45-Ubuntu SMP Thu Nov 15 19:32:57 UTC 2018 x86_64
libc:glibc 2.27 NPTL 2.27 
rlimit: STACK 8192k, CORE 0k, NPROC 30329, NOFILE 4096, AS infinity
load average:19,45 5,54 2,24

/proc/meminfo:
MemTotal:        7884860 kB
MemFree:          112588 kB
MemAvailable:        372 kB
Buffers:             648 kB
Cached:           140320 kB
SwapCached:        31972 kB
Active:          6653036 kB
Inactive:         845688 kB
Active(anon):    6642280 kB
Inactive(anon):   829340 kB
Active(file):      10756 kB
Inactive(file):    16348 kB
Unevictable:          96 kB
Mlocked:              96 kB
SwapTotal:       2036796 kB
SwapFree:           5248 kB
Dirty:                 0 kB
Writeback:             0 kB
AnonPages:       7327732 kB
Mapped:            23148 kB
Shmem:            113132 kB
Slab:             107764 kB
SReclaimable:      38920 kB
SUnreclaim:        68844 kB
KernelStack:       21472 kB
PageTables:        71696 kB
NFS_Unstable:          0 kB
Bounce:                0 kB
WritebackTmp:          0 kB
CommitLimit:     5979224 kB
Committed_AS:   18408584 kB
VmallocTotal:   34359738367 kB
VmallocUsed:           0 kB
VmallocChunk:          0 kB
HardwareCorrupted:     0 kB
AnonHugePages:         0 kB
ShmemHugePages:        0 kB
ShmemPmdMapped:        0 kB
CmaTotal:              0 kB
CmaFree:               0 kB
HugePages_Total:       0
HugePages_Free:        0
HugePages_Rsvd:        0
HugePages_Surp:        0
Hugepagesize:       2048 kB
DirectMap4k:      221980 kB
DirectMap2M:     5785600 kB
DirectMap1G:     3145728 kB

container (cgroup) information:
container_type: cgroupv1
cpu_cpuset_cpus: 0-7
cpu_memory_nodes: 0
active_processor_count: 8
cpu_quota: -1
cpu_period: 100000
cpu_shares: -1
memory_limit_in_bytes: -1
memory_and_swap_limit_in_bytes: -2
memory_soft_limit_in_bytes: -1
memory_usage_in_bytes: 7678234624
memory_max_usage_in_bytes: 0


CPU:total 8 (initial active 8) (4 cores per cpu, 2 threads per core) family 6 model 142 stepping 10, cmov, cx8, fxsr, mmx, sse, sse2, sse3, ssse3, sse4.1, sse4.2, popcnt, avx, avx2, aes, clmul, erms, 3dnowpref, lzcnt, ht, tsc, tscinvbit, bmi1, bmi2, adx

/proc/cpuinfo:
processor	: 0
vendor_id	: GenuineIntel
cpu family	: 6
model		: 142
model name	: Intel(R) Core(TM) i5-8250U CPU @ 1.60GHz
stepping	: 10
microcode	: 0x84
cpu MHz		: 3116.461
cache size	: 6144 KB
physical id	: 0
siblings	: 8
core id		: 0
cpu cores	: 4
apicid		: 0
initial apicid	: 0
fpu		: yes
fpu_exception	: yes
cpuid level	: 22
wp		: yes
flags		: fpu vme de pse tsc msr pae mce cx8 apic sep mtrr pge mca cmov pat pse36 clflush dts acpi mmx fxsr sse sse2 ss ht tm pbe syscall nx pdpe1gb rdtscp lm constant_tsc art arch_perfmon pebs bts rep_good nopl xtopology nonstop_tsc cpuid aperfmperf tsc_known_freq pni pclmulqdq dtes64 monitor ds_cpl vmx est tm2 ssse3 sdbg fma cx16 xtpr pdcm pcid sse4_1 sse4_2 x2apic movbe popcnt tsc_deadline_timer aes xsave avx f16c rdrand lahf_lm abm 3dnowprefetch cpuid_fault epb invpcid_single pti ibrs ibpb stibp tpr_shadow vnmi flexpriority ept vpid fsgsbase tsc_adjust bmi1 avx2 smep bmi2 erms invpcid mpx rdseed adx smap clflushopt intel_pt xsaveopt xsavec xgetbv1 xsaves dtherm ida arat pln pts hwp hwp_notify hwp_act_window hwp_epp
bugs		: cpu_meltdown spectre_v1 spectre_v2 spec_store_bypass l1tf
bogomips	: 3600.00
clflush size	: 64
cache_alignment	: 64
address sizes	: 39 bits physical, 48 bits virtual
power management:

processor	: 1
vendor_id	: GenuineIntel
cpu family	: 6
model		: 142
model name	: Intel(R) Core(TM) i5-8250U CPU @ 1.60GHz
stepping	: 10
microcode	: 0x84
cpu MHz		: 3115.683
cache size	: 6144 KB
physical id	: 0
siblings	: 8
core id		: 1
cpu cores	: 4
apicid		: 2
initial apicid	: 2
fpu		: yes
fpu_exception	: yes
cpuid level	: 22
wp		: yes
flags		: fpu vme de pse tsc msr pae mce cx8 apic sep mtrr pge mca cmov pat pse36 clflush dts acpi mmx fxsr sse sse2 ss ht tm pbe syscall nx pdpe1gb rdtscp lm constant_tsc art arch_perfmon pebs bts rep_good nopl xtopology nonstop_tsc cpuid aperfmperf tsc_known_freq pni pclmulqdq dtes64 monitor ds_cpl vmx est tm2 ssse3 sdbg fma cx16 xtpr pdcm pcid sse4_1 sse4_2 x2apic movbe popcnt tsc_deadline_timer aes xsave avx f16c rdrand lahf_lm abm 3dnowprefetch cpuid_fault epb invpcid_single pti ibrs ibpb stibp tpr_shadow vnmi flexpriority ept vpid fsgsbase tsc_adjust bmi1 avx2 smep bmi2 erms invpcid mpx rdseed adx smap clflushopt intel_pt xsaveopt xsavec xgetbv1 xsaves dtherm ida arat pln pts hwp hwp_notify hwp_act_window hwp_epp
bugs		: cpu_meltdown spectre_v1 spectre_v2 spec_store_bypass l1tf
bogomips	: 3600.00
clflush size	: 64
cache_alignment	: 64
address sizes	: 39 bits physical, 48 bits virtual
power management:

processor	: 2
vendor_id	: GenuineIntel
cpu family	: 6
model		: 142
model name	: Intel(R) Core(TM) i5-8250U CPU @ 1.60GHz
stepping	: 10
microcode	: 0x84
cpu MHz		: 3114.651
cache size	: 6144 KB
physical id	: 0
siblings	: 8
core id		: 2
cpu cores	: 4
apicid		: 4
initial apicid	: 4
fpu		: yes
fpu_exception	: yes
cpuid level	: 22
wp		: yes
flags		: fpu vme de pse tsc msr pae mce cx8 apic sep mtrr pge mca cmov pat pse36 clflush dts acpi mmx fxsr sse sse2 ss ht tm pbe syscall nx pdpe1gb rdtscp lm constant_tsc art arch_perfmon pebs bts rep_good nopl xtopology nonstop_tsc cpuid aperfmperf tsc_known_freq pni pclmulqdq dtes64 monitor ds_cpl vmx est tm2 ssse3 sdbg fma cx16 xtpr pdcm pcid sse4_1 sse4_2 x2apic movbe popcnt tsc_deadline_timer aes xsave avx f16c rdrand lahf_lm abm 3dnowprefetch cpuid_fault epb invpcid_single pti ibrs ibpb stibp tpr_shadow vnmi flexpriority ept vpid fsgsbase tsc_adjust bmi1 avx2 smep bmi2 erms invpcid mpx rdseed adx smap clflushopt intel_pt xsaveopt xsavec xgetbv1 xsaves dtherm ida arat pln pts hwp hwp_notify hwp_act_window hwp_epp
bugs		: cpu_meltdown spectre_v1 spectre_v2 spec_store_bypass l1tf
bogomips	: 3600.00
clflush size	: 64
cache_alignment	: 64
address sizes	: 39 bits physical, 48 bits virtual
power management:

processor	: 3
vendor_id	: GenuineIntel
cpu family	: 6
model		: 142
model name	: Intel(R) Core(TM) i5-8250U CPU @ 1.60GHz
stepping	: 10
microcode	: 0x84
cpu MHz		: 3113.973
cache size	: 6144 KB
physical id	: 0
siblings	: 8
core id		: 3
cpu cores	: 4
apicid		: 6
initial apicid	: 6
fpu		: yes
fpu_exception	: yes
cpuid level	: 22
wp		: yes
flags		: fpu vme de pse tsc msr pae mce cx8 apic sep mtrr pge mca cmov pat pse36 clflush dts acpi mmx fxsr sse sse2 ss ht tm pbe syscall nx pdpe1gb rdtscp lm constant_tsc art arch_perfmon pebs bts rep_good nopl xtopology nonstop_tsc cpuid aperfmperf tsc_known_freq pni pclmulqdq dtes64 monitor ds_cpl vmx est tm2 ssse3 sdbg fma cx16 xtpr pdcm pcid sse4_1 sse4_2 x2apic movbe popcnt tsc_deadline_timer aes xsave avx f16c rdrand lahf_lm abm 3dnowprefetch cpuid_fault epb invpcid_single pti ibrs ibpb stibp tpr_shadow vnmi flexpriority ept vpid fsgsbase tsc_adjust bmi1 avx2 smep bmi2 erms invpcid mpx rdseed adx smap clflushopt intel_pt xsaveopt xsavec xgetbv1 xsaves dtherm ida arat pln pts hwp hwp_notify hwp_act_window hwp_epp
bugs		: cpu_meltdown spectre_v1 spectre_v2 spec_store_bypass l1tf
bogomips	: 3600.00
clflush size	: 64
cache_alignment	: 64
address sizes	: 39 bits physical, 48 bits virtual
power management:

processor	: 4
vendor_id	: GenuineIntel
cpu family	: 6
model		: 142
model name	: Intel(R) Core(TM) i5-8250U CPU @ 1.60GHz
stepping	: 10
microcode	: 0x84
cpu MHz		: 3113.339
cache size	: 6144 KB
physical id	: 0
siblings	: 8
core id		: 0
cpu cores	: 4
apicid		: 1
initial apicid	: 1
fpu		: yes
fpu_exception	: yes
cpuid level	: 22
wp		: yes
flags		: fpu vme de pse tsc msr pae mce cx8 apic sep mtrr pge mca cmov pat pse36 clflush dts acpi mmx fxsr sse sse2 ss ht tm pbe syscall nx pdpe1gb rdtscp lm constant_tsc art arch_perfmon pebs bts rep_good nopl xtopology nonstop_tsc cpuid aperfmperf tsc_known_freq pni pclmulqdq dtes64 monitor ds_cpl vmx est tm2 ssse3 sdbg fma cx16 xtpr pdcm pcid sse4_1 sse4_2 x2apic movbe popcnt tsc_deadline_timer aes xsave avx f16c rdrand lahf_lm abm 3dnowprefetch cpuid_fault epb invpcid_single pti ibrs ibpb stibp tpr_shadow vnmi flexpriority ept vpid fsgsbase tsc_adjust bmi1 avx2 smep bmi2 erms invpcid mpx rdseed adx smap clflushopt intel_pt xsaveopt xsavec xgetbv1 xsaves dtherm ida arat pln pts hwp hwp_notify hwp_act_window hwp_epp
bugs		: cpu_meltdown spectre_v1 spectre_v2 spec_store_bypass l1tf
bogomips	: 3600.00
clflush size	: 64
cache_alignment	: 64
address sizes	: 39 bits physical, 48 bits virtual
power management:

processor	: 5
vendor_id	: GenuineIntel
cpu family	: 6
model		: 142
model name	: Intel(R) Core(TM) i5-8250U CPU @ 1.60GHz
stepping	: 10
microcode	: 0x84
cpu MHz		: 3111.969
cache size	: 6144 KB
physical id	: 0
siblings	: 8
core id		: 1
cpu cores	: 4
apicid		: 3
initial apicid	: 3
fpu		: yes
fpu_exception	: yes
cpuid level	: 22
wp		: yes
flags		: fpu vme de pse tsc msr pae mce cx8 apic sep mtrr pge mca cmov pat pse36 clflush dts acpi mmx fxsr sse sse2 ss ht tm pbe syscall nx pdpe1gb rdtscp lm constant_tsc art arch_perfmon pebs bts rep_good nopl xtopology nonstop_tsc cpuid aperfmperf tsc_known_freq pni pclmulqdq dtes64 monitor ds_cpl vmx est tm2 ssse3 sdbg fma cx16 xtpr pdcm pcid sse4_1 sse4_2 x2apic movbe popcnt tsc_deadline_timer aes xsave avx f16c rdrand lahf_lm abm 3dnowprefetch cpuid_fault epb invpcid_single pti ibrs ibpb stibp tpr_shadow vnmi flexpriority ept vpid fsgsbase tsc_adjust bmi1 avx2 smep bmi2 erms invpcid mpx rdseed adx smap clflushopt intel_pt xsaveopt xsavec xgetbv1 xsaves dtherm ida arat pln pts hwp hwp_notify hwp_act_window hwp_epp
bugs		: cpu_meltdown spectre_v1 spectre_v2 spec_store_bypass l1tf
bogomips	: 3600.00
clflush size	: 64
cache_alignment	: 64
address sizes	: 39 bits physical, 48 bits virtual
power management:

processor	: 6
vendor_id	: GenuineIntel
cpu family	: 6
model		: 142
model name	: Intel(R) Core(TM) i5-8250U CPU @ 1.60GHz
stepping	: 10
microcode	: 0x84
cpu MHz		: 3111.301
cache size	: 6144 KB
physical id	: 0
siblings	: 8
core id		: 2
cpu cores	: 4
apicid		: 5
initial apicid	: 5
fpu		: yes
fpu_exception	: yes
cpuid level	: 22
wp		: yes
flags		: fpu vme de pse tsc msr pae mce cx8 apic sep mtrr pge mca cmov pat pse36 clflush dts acpi mmx fxsr sse sse2 ss ht tm pbe syscall nx pdpe1gb rdtscp lm constant_tsc art arch_perfmon pebs bts rep_good nopl xtopology nonstop_tsc cpuid aperfmperf tsc_known_freq pni pclmulqdq dtes64 monitor ds_cpl vmx est tm2 ssse3 sdbg fma cx16 xtpr pdcm pcid sse4_1 sse4_2 x2apic movbe popcnt tsc_deadline_timer aes xsave avx f16c rdrand lahf_lm abm 3dnowprefetch cpuid_fault epb invpcid_single pti ibrs ibpb stibp tpr_shadow vnmi flexpriority ept vpid fsgsbase tsc_adjust bmi1 avx2 smep bmi2 erms invpcid mpx rdseed adx smap clflushopt intel_pt xsaveopt xsavec xgetbv1 xsaves dtherm ida arat pln pts hwp hwp_notify hwp_act_window hwp_epp
bugs		: cpu_meltdown spectre_v1 spectre_v2 spec_store_bypass l1tf
bogomips	: 3600.00
clflush size	: 64
cache_alignment	: 64
address sizes	: 39 bits physical, 48 bits virtual
power management:

processor	: 7
vendor_id	: GenuineIntel
cpu family	: 6
model		: 142
model name	: Intel(R) Core(TM) i5-8250U CPU @ 1.60GHz
stepping	: 10
microcode	: 0x84
cpu MHz		: 3110.707
cache size	: 6144 KB
physical id	: 0
siblings	: 8
core id		: 3
cpu cores	: 4
apicid		: 7
initial apicid	: 7
fpu		: yes
fpu_exception	: yes
cpuid level	: 22
wp		: yes
flags		: fpu vme de pse tsc msr pae mce cx8 apic sep mtrr pge mca cmov pat pse36 clflush dts acpi mmx fxsr sse sse2 ss ht tm pbe syscall nx pdpe1gb rdtscp lm constant_tsc art arch_perfmon pebs bts rep_good nopl xtopology nonstop_tsc cpuid aperfmperf tsc_known_freq pni pclmulqdq dtes64 monitor ds_cpl vmx est tm2 ssse3 sdbg fma cx16 xtpr pdcm pcid sse4_1 sse4_2 x2apic movbe popcnt tsc_deadline_timer aes xsave avx f16c rdrand lahf_lm abm 3dnowprefetch cpuid_fault epb invpcid_single pti ibrs ibpb stibp tpr_shadow vnmi flexpriority ept vpid fsgsbase tsc_adjust bmi1 avx2 smep bmi2 erms invpcid mpx rdseed adx smap clflushopt intel_pt xsaveopt xsavec xgetbv1 xsaves dtherm ida arat pln pts hwp hwp_notify hwp_act_window hwp_epp
bugs		: cpu_meltdown spectre_v1 spectre_v2 spec_store_bypass l1tf
bogomips	: 3600.00
clflush size	: 64
cache_alignment	: 64
address sizes	: 39 bits physical, 48 bits virtual
power management:



Memory: 4k page, physical 7884860k(111044k free), swap 2036796k(4020k free)

vm_info: Java HotSpot(TM) 64-Bit Server VM (25.191-b12) for linux-amd64 JRE (1.8.0_191-b12), built on Oct  6 2018 05:43:09 by "java_re" with gcc 7.3.0

time: Sat Dec  8 15:26:29 2018
elapsed time: 12 seconds (0d 0h 0m 12s)

